  INFO root [0x00002e50] [2017-05-02 17:55:31,593] - -----------------------------------------------------------------------------------------


  INFO root [0x00002e50] [2017-05-02 17:55:31,640] - NetworkInterface::recreateListeningSocket(INTERNAL): bound to all interfaces with default route interface on 192.168.99.104 ( 192.168.99.104:57275 )
  INFO root [0x00002e50] [2017-05-02 17:55:31,640] - NetworkInterface::recreateListeningSocket(INTERNAL): address 192.168.99.104:57275, SOMAXCONN=5.
 DEBUG root [0x00002e50] [2017-05-02 17:55:31,671] - Script::install_py_dlls(): PyInit_pyexpat
 DEBUG root [0x00002e50] [2017-05-02 17:55:31,671] - Script::install_py_dlls(): PyInit__socket
 DEBUG root [0x00002e50] [2017-05-02 17:55:31,671] - Script::install_py_dlls(): PyInit__hashlib
 DEBUG root [0x00002e50] [2017-05-02 17:55:31,671] - Script::install_py_dlls(): PyInit_select
 DEBUG root [0x00002e50] [2017-05-02 17:55:31,671] - Script::install_py_dlls(): PyInit__ctypes
 DEBUG root [0x00002e50] [2017-05-02 17:55:31,671] - Script::install_py_dlls(): PyInit__elementtree
 DEBUG root [0x00002e50] [2017-05-02 17:55:31,702] - Script::install_py_dlls(): PyInit_unicodedata
  INFO root [0x00002e50] [2017-05-02 17:55:31,718] - Script::install(): is successfully, Python=(3.4.2 (default, Mar 28 2017, 21:11:54) [MSC v.1800 32 bit (Intel)])!
  INFO root [0x00002e50] [2017-05-02 17:55:31,718] - Script::install(): KBExtra is successfully!
  INFO root [0x00002e50] [2017-05-02 17:55:31,734] - ---- bots Version: 0.9.12. ScriptVersion: 0.1.0. Protocol: 0A0C7DE03C7917F592D391CAD7A54761. Config: Debug. Built: 21:12:03 Mar 28 2017. AppID: 6415473958166986752. UID: 29585. PID: 15400 ----
  INFO root [0x00002e50] [2017-05-02 17:55:31,734] - Server : Intel(R) Xeon(R) CPU E3-1230 v3 @ 3.30GHz with 4194303kB RAM
  INFO root [0x00002e50] [2017-05-02 17:55:31,734] - ThreadPool::createThreadPool: creating  threadpool...
  INFO root [0x00002e50] [2017-05-02 17:55:31,734] - ThreadPool::createThreadPool: successfully(1), newThreadCount=1, normalMaxThreadCount=1, maxThreadCount=4
 DEBUG root [0x00002e50] [2017-05-02 17:55:31,843] - loaded script:Account(1).
  INFO root [0x00002e50] [2017-05-02 17:55:31,843] - TelnetServer server is running on port 51000
 S_DBG root [0x00002e50] [2017-05-02 17:55:31,843] - onInit::isReload:0
  INFO root [0x00002e50] [2017-05-02 17:55:31,843] - ---- bots is running ----
 DEBUG root [0x00002e50] [2017-05-02 17:55:31,843] - Components::process(): Request for the process of identity...
 DEBUG root [0x00002e50] [2017-05-02 17:55:38,426] - KBEBlowfish::KBEBlowfish(): Using Blowfish key: CB 4B 55 CC 45 BA B7 46 A3 DD B9 2A 50 24 17 E0
  WARN root [0x00002e50] [2017-05-02 17:55:38,426] - bots.cpp:284: Profile updateBots took 0.35 seconds
  INFO root [0x00002e50] [2017-05-02 17:55:38,426] - ClientObjectBase::onHelloCB: verInfo=0.9.12, scriptVerInfo=0.1.0, protocolMD5=68AB0B61C4A3C03CD0C0349737585262, entityDefMD5=F7C6ED928DA2B54855D4E9E1C12FD81B, addr:127.0.0.1:20013/0/0/0
  INFO root [0x00002e50] [2017-05-02 17:55:38,644] - ClientObject::onCreateAccountResult: bot_6415473958166986752_6530421227889198752 create is successfully!
  INFO root [0x00002e50] [2017-05-02 17:55:38,956] - ClientObject::onLoginSuccessfully: bot_6415473958166986752_6530421227889198752 addr=192.168.99.104:20015!
 DEBUG root [0x00002e50] [2017-05-02 17:55:38,956] - KBEBlowfish::KBEBlowfish(): Using Blowfish key: D8 5F 52 29 83 37 43 B4 28 48 3E 65 10 31 78 11
  INFO root [0x00002e50] [2017-05-02 17:55:39,050] - ClientObjectBase::onHelloCB: verInfo=0.9.12, scriptVerInfo=0.1.0, protocolMD5=04DE5A563B306FEA37F19432189DFE1B, entityDefMD5=F7C6ED928DA2B54855D4E9E1C12FD81B, addr:192.168.99.104:20015/0/0/0
  INFO root [0x00002e50] [2017-05-02 17:55:39,346] - ClientObject::onCreatedProxies(bot_6415473958166986752_6530421227889198752): rndUUID=6415473992421277696 eid=11 entityType=Account!
 S_DBG root [0x00002e50] [2017-05-02 17:55:39,346] - Account::__init__:{}.
  INFO root [0x00002e50] [2017-05-02 17:55:39,346] - ClientObjectBase::createEntity: new Account (11)
  INFO root [0x00002e50] [2017-05-02 17:55:39,456] - Components::findComponents: find logger(1)...
  INFO root [0x00002e50] [2017-05-02 17:55:39,549] - Components::findComponents: found logger, addr:192.168.99.104:57100
  INFO root [0x00002e50] [2017-05-02 17:55:39,549] - Components::addComponent: reset orderLog, uid=29585!
  INFO root [0x00002e50] [2017-05-02 17:55:39,549] - Components::addComponent[logger], uid=29585, componentID=2000, globalorderid=1, grouporderid=1, totalcount=1
  INFO root [0x00002e50] [2017-05-02 17:55:39,596] - Components::process(): Found all the components!
 DEBUG root [0x00002e50] [2017-05-02 17:55:39,643] - ClientObjectBase::onPlayerEnterWorld: Account(11), isOnGround(0), appID(2).
 DEBUG root [0x00002e50] [2017-05-02 17:55:39,643] - ClientObjectBase::initSpaceData: spaceID(1), datasize=0.
 DEBUG root [0x00002e50] [2017-05-02 17:55:39,643] - ClientObjectBase::onEntityEnterSpace: PlayerAccount(11).
