  INFO root [0x000039c4] [2017-05-02 16:08:40,727] - -----------------------------------------------------------------------------------------


  INFO root [0x000039c4] [2017-05-02 16:08:40,774] - NetworkInterface::recreateListeningSocket(INTERNAL): bound to all interfaces with default route interface on 192.168.99.104 ( 192.168.99.104:54363 )
  INFO root [0x000039c4] [2017-05-02 16:08:40,774] - NetworkInterface::recreateListeningSocket(INTERNAL): address 192.168.99.104:54363, SOMAXCONN=5.
 DEBUG root [0x000039c4] [2017-05-02 16:08:40,805] - Script::install_py_dlls(): PyInit_pyexpat
 DEBUG root [0x000039c4] [2017-05-02 16:08:40,805] - Script::install_py_dlls(): PyInit__socket
 DEBUG root [0x000039c4] [2017-05-02 16:08:40,805] - Script::install_py_dlls(): PyInit__hashlib
 DEBUG root [0x000039c4] [2017-05-02 16:08:40,805] - Script::install_py_dlls(): PyInit_select
 DEBUG root [0x000039c4] [2017-05-02 16:08:40,805] - Script::install_py_dlls(): PyInit__ctypes
 DEBUG root [0x000039c4] [2017-05-02 16:08:40,805] - Script::install_py_dlls(): PyInit__elementtree
 DEBUG root [0x000039c4] [2017-05-02 16:08:40,821] - Script::install_py_dlls(): PyInit_unicodedata
  INFO root [0x000039c4] [2017-05-02 16:08:40,852] - Script::install(): is successfully, Python=(3.4.2 (default, Mar 28 2017, 21:11:54) [MSC v.1800 32 bit (Intel)])!
  INFO root [0x000039c4] [2017-05-02 16:08:40,852] - Script::install(): KBExtra is successfully!
  INFO root [0x000039c4] [2017-05-02 16:08:40,852] - ---- bots Version: 0.9.12. ScriptVersion: 0.1.0. Protocol: 0A0C7DE03C7917F592D391CAD7A54761. Config: Debug. Built: 21:12:03 Mar 28 2017. AppID: 6415446423362928640. UID: 29585. PID: 14248 ----
  INFO root [0x000039c4] [2017-05-02 16:08:40,852] - Server : Intel(R) Xeon(R) CPU E3-1230 v3 @ 3.30GHz with 4194303kB RAM
  INFO root [0x000039c4] [2017-05-02 16:08:40,852] - ThreadPool::createThreadPool: creating  threadpool...
  INFO root [0x000039c4] [2017-05-02 16:08:40,852] - ThreadPool::createThreadPool: successfully(1), newThreadCount=1, normalMaxThreadCount=1, maxThreadCount=4
 DEBUG root [0x000039c4] [2017-05-02 16:08:40,961] - loaded script:Account(1).
  INFO root [0x000039c4] [2017-05-02 16:08:40,961] - TelnetServer server is running on port 51000
 S_DBG root [0x000039c4] [2017-05-02 16:08:40,961] - onInit::isReload:0
  INFO root [0x000039c4] [2017-05-02 16:08:40,961] - ---- bots is running ----
 DEBUG root [0x000039c4] [2017-05-02 16:08:40,961] - Components::process(): Request for the process of identity...
 DEBUG root [0x000039c4] [2017-05-02 16:08:47,532] - KBEBlowfish::KBEBlowfish(): Using Blowfish key: 97 21 EB 47 E4 E4 93 BB 69 3D E5 7A 5D E4 00 76
  WARN root [0x000039c4] [2017-05-02 16:08:47,532] - bots.cpp:284: Profile updateBots took 0.36 seconds
  INFO root [0x000039c4] [2017-05-02 16:08:47,532] - ClientObjectBase::onHelloCB: verInfo=0.9.12, scriptVerInfo=0.1.0, protocolMD5=68AB0B61C4A3C03CD0C0349737585262, entityDefMD5=F7C6ED928DA2B54855D4E9E1C12FD81B, addr:127.0.0.1:20013/0/0/0
  INFO root [0x000039c4] [2017-05-02 16:08:47,766] - ClientObject::onCreateAccountResult: bot_6415446423362928640_3776940822077998752 create is successfully!
  INFO root [0x000039c4] [2017-05-02 16:08:48,062] - ClientObject::onLoginSuccessfully: bot_6415446423362928640_3776940822077998752 addr=192.168.99.104:20015!
 DEBUG root [0x000039c4] [2017-05-02 16:08:48,062] - KBEBlowfish::KBEBlowfish(): Using Blowfish key: 9B A3 0F A1 20 11 12 2B E4 0D 7C AF D5 2A 24 33
  INFO root [0x000039c4] [2017-05-02 16:08:48,171] - ClientObjectBase::onHelloCB: verInfo=0.9.12, scriptVerInfo=0.1.0, protocolMD5=04DE5A563B306FEA37F19432189DFE1B, entityDefMD5=F7C6ED928DA2B54855D4E9E1C12FD81B, addr:192.168.99.104:20015/0/0/0
  INFO root [0x000039c4] [2017-05-02 16:08:48,468] - ClientObject::onCreatedProxies(bot_6415446423362928640_3776940822077998752): rndUUID=6415446457385943040 eid=1035 entityType=Account!
 S_DBG root [0x000039c4] [2017-05-02 16:08:48,468] - Account::__init__:{}.
  INFO root [0x000039c4] [2017-05-02 16:08:48,468] - ClientObjectBase::createEntity: new Account (1035)
  INFO root [0x000039c4] [2017-05-02 16:08:48,561] - Components::findComponents: find logger(1)...
  INFO root [0x000039c4] [2017-05-02 16:08:48,608] - Components::findComponents: found logger, addr:192.168.99.104:54326
  INFO root [0x000039c4] [2017-05-02 16:08:48,608] - Components::addComponent: reset orderLog, uid=29585!
  INFO root [0x000039c4] [2017-05-02 16:08:48,608] - Components::addComponent[logger], uid=29585, componentID=2000, globalorderid=1, grouporderid=1, totalcount=1
  INFO root [0x000039c4] [2017-05-02 16:08:48,639] - Components::process(): Found all the components!
 DEBUG root [0x000039c4] [2017-05-02 16:08:48,670] - ClientObjectBase::onPlayerEnterWorld: Account(1035), isOnGround(0), appID(2).
 DEBUG root [0x000039c4] [2017-05-02 16:08:48,670] - ClientObjectBase::initSpaceData: spaceID(1), datasize=0.
 DEBUG root [0x000039c4] [2017-05-02 16:08:48,670] - ClientObjectBase::onEntityEnterSpace: PlayerAccount(1035).
  INFO root [0x000039c4] [2017-05-02 16:09:48,613] - ClientApp::onChannelTimeOut: Channel 192.168.99.104:54326/0/0/0 timed out.
  INFO root [0x000039c4] [2017-05-02 16:10:40,366] - ClientObjectBase::onKicked: code=11
 DEBUG root [0x000039c4] [2017-05-02 16:10:40,366] - ClientObjectBase::tickSend: serverCloased!
  WARN root [0x000039c4] [2017-05-02 16:10:40,600] - TCPPacketReceiver::processPendingEvents: Throwing REASON_GENERAL_NETWORK - WSAECONNRESET
  WARN root [0x000039c4] [2017-05-02 16:10:40,600] - TCPPacketReceiver::processPendingEvents: Throwing REASON_GENERAL_NETWORK - WSAECONNRESET
  WARN root [0x000039c4] [2017-05-02 16:10:40,600] - TCPPacketReceiver::processPendingEvents: Throwing REASON_GENERAL_NETWORK - WSAECONNRESET
  WARN root [0x000039c4] [2017-05-02 16:10:40,600] - TCPPacketReceiver::processPendingEvents: Throwing REASON_GENERAL_NETWORK - WSAECONNRESET
  WARN root [0x000039c4] [2017-05-02 16:10:40,600] - TCPPacketReceiver::processPendingEvents: Throwing REASON_GENERAL_NETWORK - WSAECONNRESET
  WARN root [0x000039c4] [2017-05-02 16:10:40,600] - TCPPacketReceiver::processPendingEvents: Throwing REASON_GENERAL_NETWORK - WSAECONNRESET
  WARN root [0x000039c4] [2017-05-02 16:10:40,600] - TCPPacketReceiver::processPendingEvents: Throwing REASON_GENERAL_NETWORK - WSAECONNRESET
  WARN root [0x000039c4] [2017-05-02 16:10:40,600] - TCPPacketReceiver::processPendingEvents: Throwing REASON_GENERAL_NETWORK - WSAECONNRESET
  WARN root [0x000039c4] [2017-05-02 16:10:40,600] - TCPPacketReceiver::processPendingEvents: Throwing REASON_GENERAL_NETWORK - WSAECONNRESET
  WARN root [0x000039c4] [2017-05-02 16:10:40,600] - TCPPacketReceiver::processPendingEvents: Throwing REASON_GENERAL_NETWORK - WSAECONNRESET
  WARN root [0x000039c4] [2017-05-02 16:10:40,600] - TCPPacketReceiver::processPendingEvents: Throwing REASON_GENERAL_NETWORK - WSAECONNRESET
  WARN root [0x000039c4] [2017-05-02 16:10:40,600] - TCPPacketReceiver::processPendingEvents: Throwing REASON_GENERAL_NETWORK - WSAECONNRESET
  WARN root [0x000039c4] [2017-05-02 16:10:40,600] - TCPPacketReceiver::processPendingEvents: Throwing REASON_GENERAL_NETWORK - WSAECONNRESET
  WARN root [0x000039c4] [2017-05-02 16:10:40,600] - TCPPacketReceiver::processPendingEvents: Throwing REASON_GENERAL_NETWORK - WSAECONNRESET
  WARN root [0x000039c4] [2017-05-02 16:10:40,600] - TCPPacketReceiver::processPendingEvents: Throwing REASON_GENERAL_NETWORK - WSAECONNRESET
  WARN root [0x000039c4] [2017-05-02 16:10:40,600] - TCPPacketReceiver::processPendingEvents: Throwing REASON_GENERAL_NETWORK - WSAECONNRESET
  WARN root [0x000039c4] [2017-05-02 16:10:40,600] - TCPPacketReceiver::processPendingEvents: Throwing REASON_GENERAL_NETWORK - WSAECONNRESET
  WARN root [0x000039c4] [2017-05-02 16:10:40,600] - TCPPacketReceiver::processPendingEvents: Throwing REASON_GENERAL_NETWORK - WSAECONNRESET
  WARN root [0x000039c4] [2017-05-02 16:10:40,616] - TCPPacketReceiver::processPendingEvents: Throwing REASON_GENERAL_NETWORK - WSAECONNRESET
  WARN root [0x000039c4] [2017-05-02 16:10:40,616] - TCPPacketReceiver::processPendingEvents: Throwing REASON_GENERAL_NETWORK - WSAECONNRESET
  WARN root [0x000039c4] [2017-05-02 16:10:40,616] - TCPPacketReceiver::processPendingEvents: Throwing REASON_GENERAL_NETWORK - WSAECONNRESET
  WARN root [0x000039c4] [2017-05-02 16:10:40,616] - TCPPacketReceiver::processPendingEvents: Throwing REASON_GENERAL_NETWORK - WSAECONNRESET
  WARN root [0x000039c4] [2017-05-02 16:10:40,616] - TCPPacketReceiver::processPendingEvents: Throwing REASON_GENERAL_NETWORK - WSAECONNRESET
  WARN root [0x000039c4] [2017-05-02 16:10:40,616] - TCPPacketReceiver::processPendingEvents: Throwing REASON_GENERAL_NETWORK - WSAECONNRESET
  WARN root [0x000039c4] [2017-05-02 16:10:40,616] - TCPPacketReceiver::processPendingEvents: Throwing REASON_GENERAL_NETWORK - WSAECONNRESET
  WARN root [0x000039c4] [2017-05-02 16:10:40,616] - TCPPacketReceiver::processPendingEvents: Throwing REASON_GENERAL_NETWORK - WSAECONNRESET
  WARN root [0x000039c4] [2017-05-02 16:10:40,616] - TCPPacketReceiver::processPendingEvents: Throwing REASON_GENERAL_NETWORK - WSAECONNRESET
  WARN root [0x000039c4] [2017-05-02 16:10:40,616] - TCPPacketReceiver::processPendingEvents: Throwing REASON_GENERAL_NETWORK - WSAECONNRESET
  WARN root [0x000039c4] [2017-05-02 16:10:40,616] - TCPPacketReceiver::processPendingEvents: Throwing REASON_GENERAL_NETWORK - WSAECONNRESET
  WARN root [0x000039c4] [2017-05-02 16:10:40,616] - TCPPacketReceiver::processPendingEvents: Throwing REASON_GENERAL_NETWORK - WSAECONNRESET
  WARN root [0x000039c4] [2017-05-02 16:10:40,616] - TCPPacketReceiver::processPendingEvents: Throwing REASON_GENERAL_NETWORK - WSAECONNRESET
  WARN root [0x000039c4] [2017-05-02 16:10:40,616] - TCPPacketReceiver::processPendingEvents: Throwing REASON_GENERAL_NETWORK - WSAECONNRESET
  WARN root [0x000039c4] [2017-05-02 16:10:40,616] - TCPPacketReceiver::processPendingEvents: Throwing REASON_GENERAL_NETWORK - WSAECONNRESET
  WARN root [0x000039c4] [2017-05-02 16:10:40,616] - TCPPacketReceiver::processPendingEvents: Throwing REASON_GENERAL_NETWORK - WSAECONNRESET
  WARN root [0x000039c4] [2017-05-02 16:10:40,616] - TCPPacketReceiver::processPendingEvents: Throwing REASON_GENERAL_NETWORK - WSAECONNRESET
  WARN root [0x000039c4] [2017-05-02 16:10:40,616] - TCPPacketReceiver::processPendingEvents: Throwing REASON_GENERAL_NETWORK - WSAECONNRESET
  WARN root [0x000039c4] [2017-05-02 16:10:40,616] - TCPPacketReceiver::processPendingEvents: Throwing REASON_GENERAL_NETWORK - WSAECONNRESET
  WARN root [0x000039c4] [2017-05-02 16:10:40,616] - TCPPacketReceiver::processPendingEvents: Throwing REASON_GENERAL_NETWORK - WSAECONNRESET
  WARN root [0x000039c4] [2017-05-02 16:10:40,616] - TCPPacketReceiver::processPendingEvents: Throwing REASON_GENERAL_NETWORK - WSAECONNRESET
  WARN root [0x000039c4] [2017-05-02 16:10:40,616] - TCPPacketReceiver::processPendingEvents: Throwing REASON_GENERAL_NETWORK - WSAECONNRESET
  WARN root [0x000039c4] [2017-05-02 16:10:40,616] - TCPPacketReceiver::processPendingEvents: Throwing REASON_GENERAL_NETWORK - WSAECONNRESET
  WARN root [0x000039c4] [2017-05-02 16:10:40,616] - TCPPacketReceiver::processPendingEvents: Throwing REASON_GENERAL_NETWORK - WSAECONNRESET
  WARN root [0x000039c4] [2017-05-02 16:10:40,616] - TCPPacketReceiver::processPendingEvents: Throwing REASON_GENERAL_NETWORK - WSAECONNRESET
  WARN root [0x000039c4] [2017-05-02 16:10:40,616] - TCPPacketReceiver::processPendingEvents: Throwing REASON_GENERAL_NETWORK - WSAECONNRESET
  WARN root [0x000039c4] [2017-05-02 16:10:40,616] - TCPPacketReceiver::processPendingEvents: Throwing REASON_GENERAL_NETWORK - WSAECONNRESET
  WARN root [0x000039c4] [2017-05-02 16:10:40,616] - TCPPacketReceiver::processPendingEvents: Throwing REASON_GENERAL_NETWORK - WSAECONNRESET
  WARN root [0x000039c4] [2017-05-02 16:10:40,616] - TCPPacketReceiver::processPendingEvents: Throwing REASON_GENERAL_NETWORK - WSAECONNRESET
  WARN root [0x000039c4] [2017-05-02 16:10:40,616] - TCPPacketReceiver::processPendingEvents: Throwing REASON_GENERAL_NETWORK - WSAECONNRESET
  WARN root [0x000039c4] [2017-05-02 16:10:40,616] - TCPPacketReceiver::processPendingEvents: Throwing REASON_GENERAL_NETWORK - WSAECONNRESET
  WARN root [0x000039c4] [2017-05-02 16:10:40,616] - TCPPacketReceiver::processPendingEvents: Throwing REASON_GENERAL_NETWORK - WSAECONNRESET
  WARN root [0x000039c4] [2017-05-02 16:10:40,616] - TCPPacketReceiver::processPendingEvents: Throwing REASON_GENERAL_NETWORK - WSAECONNRESET
  WARN root [0x000039c4] [2017-05-02 16:10:40,616] - TCPPacketReceiver::processPendingEvents: Throwing REASON_GENERAL_NETWORK - WSAECONNRESET
  WARN root [0x000039c4] [2017-05-02 16:10:40,616] - TCPPacketReceiver::processPendingEvents: Throwing REASON_GENERAL_NETWORK - WSAECONNRESET
  WARN root [0x000039c4] [2017-05-02 16:10:40,616] - TCPPacketReceiver::processPendingEvents: Throwing REASON_GENERAL_NETWORK - WSAECONNRESET
  WARN root [0x000039c4] [2017-05-02 16:10:40,616] - TCPPacketReceiver::processPendingEvents: Throwing REASON_GENERAL_NETWORK - WSAECONNRESET
  WARN root [0x000039c4] [2017-05-02 16:10:40,616] - TCPPacketReceiver::processPendingEvents: Throwing REASON_GENERAL_NETWORK - WSAECONNRESET
  WARN root [0x000039c4] [2017-05-02 16:10:40,616] - TCPPacketReceiver::processPendingEvents: Throwing REASON_GENERAL_NETWORK - WSAECONNRESET
  WARN root [0x000039c4] [2017-05-02 16:10:40,616] - TCPPacketReceiver::processPendingEvents: Throwing REASON_GENERAL_NETWORK - WSAECONNRESET
  WARN root [0x000039c4] [2017-05-02 16:10:40,616] - TCPPacketReceiver::processPendingEvents: Throwing REASON_GENERAL_NETWORK - WSAECONNRESET
  WARN root [0x000039c4] [2017-05-02 16:10:40,616] - TCPPacketReceiver::processPendingEvents: Throwing REASON_GENERAL_NETWORK - WSAECONNRESET
  WARN root [0x000039c4] [2017-05-02 16:10:40,616] - TCPPacketReceiver::processPendingEvents: Throwing REASON_GENERAL_NETWORK - WSAECONNRESET
  WARN root [0x000039c4] [2017-05-02 16:10:40,616] - TCPPacketReceiver::processPendingEvents: Throwing REASON_GENERAL_NETWORK - WSAECONNRESET
  WARN root [0x000039c4] [2017-05-02 16:10:40,616] - TCPPacketReceiver::processPendingEvents: Throwing REASON_GENERAL_NETWORK - WSAECONNRESET
  WARN root [0x000039c4] [2017-05-02 16:10:40,616] - TCPPacketReceiver::processPendingEvents: Throwing REASON_GENERAL_NETWORK - WSAECONNRESET
  WARN root [0x000039c4] [2017-05-02 16:10:40,616] - TCPPacketReceiver::processPendingEvents: Throwing REASON_GENERAL_NETWORK - WSAECONNRESET
  WARN root [0x000039c4] [2017-05-02 16:10:40,616] - TCPPacketReceiver::processPendingEvents: Throwing REASON_GENERAL_NETWORK - WSAECONNRESET
  WARN root [0x000039c4] [2017-05-02 16:10:40,616] - TCPPacketReceiver::processPendingEvents: Throwing REASON_GENERAL_NETWORK - WSAECONNRESET
  WARN root [0x000039c4] [2017-05-02 16:10:40,616] - TCPPacketReceiver::processPendingEvents: Throwing REASON_GENERAL_NETWORK - WSAECONNRESET
  WARN root [0x000039c4] [2017-05-02 16:10:40,616] - TCPPacketReceiver::processPendingEvents: Throwing REASON_GENERAL_NETWORK - WSAECONNRESET
  WARN root [0x000039c4] [2017-05-02 16:10:40,616] - TCPPacketReceiver::processPendingEvents: Throwing REASON_GENERAL_NETWORK - WSAECONNRESET
  WARN root [0x000039c4] [2017-05-02 16:10:40,616] - TCPPacketReceiver::processPendingEvents: Throwing REASON_GENERAL_NETWORK - WSAECONNRESET
  WARN root [0x000039c4] [2017-05-02 16:10:40,616] - TCPPacketReceiver::processPendingEvents: Throwing REASON_GENERAL_NETWORK - WSAECONNRESET
  WARN root [0x000039c4] [2017-05-02 16:10:40,616] - TCPPacketReceiver::processPendingEvents: Throwing REASON_GENERAL_NETWORK - WSAECONNRESET
  WARN root [0x000039c4] [2017-05-02 16:10:40,616] - TCPPacketReceiver::processPendingEvents: Throwing REASON_GENERAL_NETWORK - WSAECONNRESET
  WARN root [0x000039c4] [2017-05-02 16:10:40,616] - TCPPacketReceiver::processPendingEvents: Throwing REASON_GENERAL_NETWORK - WSAECONNRESET
  WARN root [0x000039c4] [2017-05-02 16:10:40,616] - TCPPacketReceiver::processPendingEvents: Throwing REASON_GENERAL_NETWORK - WSAECONNRESET
  WARN root [0x000039c4] [2017-05-02 16:10:40,616] - TCPPacketReceiver::processPendingEvents: Throwing REASON_GENERAL_NETWORK - WSAECONNRESET
  WARN root [0x000039c4] [2017-05-02 16:10:40,616] - TCPPacketReceiver::processPendingEvents: Throwing REASON_GENERAL_NETWORK - WSAECONNRESET
  WARN root [0x000039c4] [2017-05-02 16:10:40,616] - TCPPacketReceiver::processPendingEvents: Throwing REASON_GENERAL_NETWORK - WSAECONNRESET
  WARN root [0x000039c4] [2017-05-02 16:10:40,616] - TCPPacketReceiver::processPendingEvents: Throwing REASON_GENERAL_NETWORK - WSAECONNRESET
  WARN root [0x000039c4] [2017-05-02 16:10:40,616] - TCPPacketReceiver::processPendingEvents: Throwing REASON_GENERAL_NETWORK - WSAECONNRESET
  WARN root [0x000039c4] [2017-05-02 16:10:40,616] - TCPPacketReceiver::processPendingEvents: Throwing REASON_GENERAL_NETWORK - WSAECONNRESET
  WARN root [0x000039c4] [2017-05-02 16:10:40,616] - TCPPacketReceiver::processPendingEvents: Throwing REASON_GENERAL_NETWORK - WSAECONNRESET
  WARN root [0x000039c4] [2017-05-02 16:10:40,616] - TCPPacketReceiver::processPendingEvents: Throwing REASON_GENERAL_NETWORK - WSAECONNRESET
  WARN root [0x000039c4] [2017-05-02 16:10:40,616] - TCPPacketReceiver::processPendingEvents: Throwing REASON_GENERAL_NETWORK - WSAECONNRESET
  WARN root [0x000039c4] [2017-05-02 16:10:40,616] - TCPPacketReceiver::processPendingEvents: Throwing REASON_GENERAL_NETWORK - WSAECONNRESET
  WARN root [0x000039c4] [2017-05-02 16:10:40,616] - TCPPacketReceiver::processPendingEvents: Throwing REASON_GENERAL_NETWORK - WSAECONNRESET
  WARN root [0x000039c4] [2017-05-02 16:10:40,616] - TCPPacketReceiver::processPendingEvents: Throwing REASON_GENERAL_NETWORK - WSAECONNRESET
  WARN root [0x000039c4] [2017-05-02 16:10:40,616] - TCPPacketReceiver::processPendingEvents: Throwing REASON_GENERAL_NETWORK - WSAECONNRESET
  WARN root [0x000039c4] [2017-05-02 16:10:40,616] - TCPPacketReceiver::processPendingEvents: Throwing REASON_GENERAL_NETWORK - WSAECONNRESET
  WARN root [0x000039c4] [2017-05-02 16:10:40,616] - TCPPacketReceiver::processPendingEvents: Throwing REASON_GENERAL_NETWORK - WSAECONNRESET
  WARN root [0x000039c4] [2017-05-02 16:10:40,616] - TCPPacketReceiver::processPendingEvents: Throwing REASON_GENERAL_NETWORK - WSAECONNRESET
  WARN root [0x000039c4] [2017-05-02 16:10:40,616] - TCPPacketReceiver::processPendingEvents: Throwing REASON_GENERAL_NETWORK - WSAECONNRESET
  WARN root [0x000039c4] [2017-05-02 16:10:40,616] - TCPPacketReceiver::processPendingEvents: Throwing REASON_GENERAL_NETWORK - WSAECONNRESET
  WARN root [0x000039c4] [2017-05-02 16:10:40,616] - TCPPacketReceiver::processPendingEvents: Throwing REASON_GENERAL_NETWORK - WSAECONNRESET
  WARN root [0x000039c4] [2017-05-02 16:10:40,616] - TCPPacketReceiver::processPendingEvents: Throwing REASON_GENERAL_NETWORK - WSAECONNRESET
  WARN root [0x000039c4] [2017-05-02 16:10:40,616] - TCPPacketReceiver::processPendingEvents: Throwing REASON_GENERAL_NETWORK - WSAECONNRESET
  WARN root [0x000039c4] [2017-05-02 16:10:40,616] - TCPPacketReceiver::processPendingEvents: Throwing REASON_GENERAL_NETWORK - WSAECONNRESET
  WARN root [0x000039c4] [2017-05-02 16:10:40,616] - TCPPacketReceiver::processPendingEvents: Throwing REASON_GENERAL_NETWORK - WSAECONNRESET
  WARN root [0x000039c4] [2017-05-02 16:10:40,616] - TCPPacketReceiver::processPendingEvents: Throwing REASON_GENERAL_NETWORK - WSAECONNRESET
  WARN root [0x000039c4] [2017-05-02 16:10:40,616] - TCPPacketReceiver::processPendingEvents: Throwing REASON_GENERAL_NETWORK - WSAECONNRESET
  WARN root [0x000039c4] [2017-05-02 16:10:40,616] - TCPPacketReceiver::processPendingEvents: Throwing REASON_GENERAL_NETWORK - WSAECONNRESET
  WARN root [0x000039c4] [2017-05-02 16:10:40,616] - TCPPacketReceiver::processPendingEvents: Throwing REASON_GENERAL_NETWORK - WSAECONNRESET
  WARN root [0x000039c4] [2017-05-02 16:10:40,616] - TCPPacketReceiver::processPendingEvents: Throwing REASON_GENERAL_NETWORK - WSAECONNRESET
  WARN root [0x000039c4] [2017-05-02 16:10:40,616] - TCPPacketReceiver::processPendingEvents: Throwing REASON_GENERAL_NETWORK - WSAECONNRESET
  WARN root [0x000039c4] [2017-05-02 16:10:40,616] - TCPPacketReceiver::processPendingEvents: Throwing REASON_GENERAL_NETWORK - WSAECONNRESET
  WARN root [0x000039c4] [2017-05-02 16:10:40,631] - TCPPacketReceiver::processPendingEvents: Throwing REASON_GENERAL_NETWORK - WSAECONNRESET
  WARN root [0x000039c4] [2017-05-02 16:10:40,631] - TCPPacketReceiver::processPendingEvents: Throwing REASON_GENERAL_NETWORK - WSAECONNRESET
  WARN root [0x000039c4] [2017-05-02 16:10:40,631] - TCPPacketReceiver::processPendingEvents: Throwing REASON_GENERAL_NETWORK - WSAECONNRESET
  WARN root [0x000039c4] [2017-05-02 16:10:40,631] - TCPPacketReceiver::processPendingEvents: Throwing REASON_GENERAL_NETWORK - WSAECONNRESET
  WARN root [0x000039c4] [2017-05-02 16:10:40,631] - TCPPacketReceiver::processPendingEvents: Throwing REASON_GENERAL_NETWORK - WSAECONNRESET
  WARN root [0x000039c4] [2017-05-02 16:10:40,631] - TCPPacketReceiver::processPendingEvents: Throwing REASON_GENERAL_NETWORK - WSAECONNRESET
  WARN root [0x000039c4] [2017-05-02 16:10:40,631] - TCPPacketReceiver::processPendingEvents: Throwing REASON_GENERAL_NETWORK - WSAECONNRESET
  WARN root [0x000039c4] [2017-05-02 16:10:40,631] - TCPPacketReceiver::processPendingEvents: Throwing REASON_GENERAL_NETWORK - WSAECONNRESET
  WARN root [0x000039c4] [2017-05-02 16:10:40,631] - TCPPacketReceiver::processPendingEvents: Throwing REASON_GENERAL_NETWORK - WSAECONNRESET
  WARN root [0x000039c4] [2017-05-02 16:10:40,631] - TCPPacketReceiver::processPendingEvents: Throwing REASON_GENERAL_NETWORK - WSAECONNRESET
  WARN root [0x000039c4] [2017-05-02 16:10:40,631] - TCPPacketReceiver::processPendingEvents: Throwing REASON_GENERAL_NETWORK - WSAECONNRESET
  WARN root [0x000039c4] [2017-05-02 16:10:40,631] - TCPPacketReceiver::processPendingEvents: Throwing REASON_GENERAL_NETWORK - WSAECONNRESET
  WARN root [0x000039c4] [2017-05-02 16:10:40,631] - TCPPacketReceiver::processPendingEvents: Throwing REASON_GENERAL_NETWORK - WSAECONNRESET
  WARN root [0x000039c4] [2017-05-02 16:10:40,631] - TCPPacketReceiver::processPendingEvents: Throwing REASON_GENERAL_NETWORK - WSAECONNRESET
  WARN root [0x000039c4] [2017-05-02 16:10:40,631] - TCPPacketReceiver::processPendingEvents: Throwing REASON_GENERAL_NETWORK - WSAECONNRESET
  WARN root [0x000039c4] [2017-05-02 16:10:40,631] - TCPPacketReceiver::processPendingEvents: Throwing REASON_GENERAL_NETWORK - WSAECONNRESET
  WARN root [0x000039c4] [2017-05-02 16:10:40,631] - TCPPacketReceiver::processPendingEvents: Throwing REASON_GENERAL_NETWORK - WSAECONNRESET
  WARN root [0x000039c4] [2017-05-02 16:10:40,631] - TCPPacketReceiver::processPendingEvents: Throwing REASON_GENERAL_NETWORK - WSAECONNRESET
  WARN root [0x000039c4] [2017-05-02 16:10:40,631] - TCPPacketReceiver::processPendingEvents: Throwing REASON_GENERAL_NETWORK - WSAECONNRESET
  WARN root [0x000039c4] [2017-05-02 16:10:40,631] - TCPPacketReceiver::processPendingEvents: Throwing REASON_GENERAL_NETWORK - WSAECONNRESET
  WARN root [0x000039c4] [2017-05-02 16:10:40,631] - TCPPacketReceiver::processPendingEvents: Throwing REASON_GENERAL_NETWORK - WSAECONNRESET
  WARN root [0x000039c4] [2017-05-02 16:10:40,631] - TCPPacketReceiver::processPendingEvents: Throwing REASON_GENERAL_NETWORK - WSAECONNRESET
  WARN root [0x000039c4] [2017-05-02 16:10:40,631] - TCPPacketReceiver::processPendingEvents: Throwing REASON_GENERAL_NETWORK - WSAECONNRESET
  WARN root [0x000039c4] [2017-05-02 16:10:40,631] - TCPPacketReceiver::processPendingEvents: Throwing REASON_GENERAL_NETWORK - WSAECONNRESET
  WARN root [0x000039c4] [2017-05-02 16:10:40,631] - TCPPacketReceiver::processPendingEvents: Throwing REASON_GENERAL_NETWORK - WSAECONNRESET
  WARN root [0x000039c4] [2017-05-02 16:10:40,631] - TCPPacketReceiver::processPendingEvents: Throwing REASON_GENERAL_NETWORK - WSAECONNRESET
  WARN root [0x000039c4] [2017-05-02 16:10:40,631] - TCPPacketReceiver::processPendingEvents: Throwing REASON_GENERAL_NETWORK - WSAECONNRESET
  WARN root [0x000039c4] [2017-05-02 16:10:40,631] - TCPPacketReceiver::processPendingEvents: Throwing REASON_GENERAL_NETWORK - WSAECONNRESET
  WARN root [0x000039c4] [2017-05-02 16:10:40,631] - TCPPacketReceiver::processPendingEvents: Throwing REASON_GENERAL_NETWORK - WSAECONNRESET
  WARN root [0x000039c4] [2017-05-02 16:10:40,631] - TCPPacketReceiver::processPendingEvents: Throwing REASON_GENERAL_NETWORK - WSAECONNRESET
  WARN root [0x000039c4] [2017-05-02 16:10:40,631] - TCPPacketReceiver::processPendingEvents: Throwing REASON_GENERAL_NETWORK - WSAECONNRESET
  WARN root [0x000039c4] [2017-05-02 16:10:40,631] - TCPPacketReceiver::processPendingEvents: Throwing REASON_GENERAL_NETWORK - WSAECONNRESET
  WARN root [0x000039c4] [2017-05-02 16:10:40,631] - TCPPacketReceiver::processPendingEvents: Throwing REASON_GENERAL_NETWORK - WSAECONNRESET
  WARN root [0x000039c4] [2017-05-02 16:10:40,631] - TCPPacketReceiver::processPendingEvents: Throwing REASON_GENERAL_NETWORK - WSAECONNRESET
  WARN root [0x000039c4] [2017-05-02 16:10:40,631] - TCPPacketReceiver::processPendingEvents: Throwing REASON_GENERAL_NETWORK - WSAECONNRESET
  WARN root [0x000039c4] [2017-05-02 16:10:40,631] - TCPPacketReceiver::processPendingEvents: Throwing REASON_GENERAL_NETWORK - WSAECONNRESET
  WARN root [0x000039c4] [2017-05-02 16:10:40,631] - TCPPacketReceiver::processPendingEvents: Throwing REASON_GENERAL_NETWORK - WSAECONNRESET
  WARN root [0x000039c4] [2017-05-02 16:10:40,631] - TCPPacketReceiver::processPendingEvents: Throwing REASON_GENERAL_NETWORK - WSAECONNRESET
  WARN root [0x000039c4] [2017-05-02 16:10:40,631] - TCPPacketReceiver::processPendingEvents: Throwing REASON_GENERAL_NETWORK - WSAECONNRESET
  WARN root [0x000039c4] [2017-05-02 16:10:40,631] - TCPPacketReceiver::processPendingEvents: Throwing REASON_GENERAL_NETWORK - WSAECONNRESET
  WARN root [0x000039c4] [2017-05-02 16:10:40,631] - TCPPacketReceiver::processPendingEvents: Throwing REASON_GENERAL_NETWORK - WSAECONNRESET
  WARN root [0x000039c4] [2017-05-02 16:10:40,631] - TCPPacketReceiver::processPendingEvents: Throwing REASON_GENERAL_NETWORK - WSAECONNRESET
  WARN root [0x000039c4] [2017-05-02 16:10:40,631] - TCPPacketReceiver::processPendingEvents: Throwing REASON_GENERAL_NETWORK - WSAECONNRESET
  WARN root [0x000039c4] [2017-05-02 16:10:40,631] - TCPPacketReceiver::processPendingEvents: Throwing REASON_GENERAL_NETWORK - WSAECONNRESET
  WARN root [0x000039c4] [2017-05-02 16:10:40,631] - TCPPacketReceiver::processPendingEvents: Throwing REASON_GENERAL_NETWORK - WSAECONNRESET
  WARN root [0x000039c4] [2017-05-02 16:10:40,631] - TCPPacketReceiver::processPendingEvents: Throwing REASON_GENERAL_NETWORK - WSAECONNRESET
  WARN root [0x000039c4] [2017-05-02 16:10:40,631] - TCPPacketReceiver::processPendingEvents: Throwing REASON_GENERAL_NETWORK - WSAECONNRESET
  WARN root [0x000039c4] [2017-05-02 16:10:40,631] - TCPPacketReceiver::processPendingEvents: Throwing REASON_GENERAL_NETWORK - WSAECONNRESET
  WARN root [0x000039c4] [2017-05-02 16:10:40,631] - TCPPacketReceiver::processPendingEvents: Throwing REASON_GENERAL_NETWORK - WSAECONNRESET
  WARN root [0x000039c4] [2017-05-02 16:10:40,631] - TCPPacketReceiver::processPendingEvents: Throwing REASON_GENERAL_NETWORK - WSAECONNRESET
  WARN root [0x000039c4] [2017-05-02 16:10:40,631] - TCPPacketReceiver::processPendingEvents: Throwing REASON_GENERAL_NETWORK - WSAECONNRESET
  WARN root [0x000039c4] [2017-05-02 16:10:40,631] - TCPPacketReceiver::processPendingEvents: Throwing REASON_GENERAL_NETWORK - WSAECONNRESET
  WARN root [0x000039c4] [2017-05-02 16:10:40,631] - TCPPacketReceiver::processPendingEvents: Throwing REASON_GENERAL_NETWORK - WSAECONNRESET
  WARN root [0x000039c4] [2017-05-02 16:10:40,631] - TCPPacketReceiver::processPendingEvents: Throwing REASON_GENERAL_NETWORK - WSAECONNRESET
  WARN root [0x000039c4] [2017-05-02 16:10:40,631] - TCPPacketReceiver::processPendingEvents: Throwing REASON_GENERAL_NETWORK - WSAECONNRESET
  WARN root [0x000039c4] [2017-05-02 16:10:40,631] - TCPPacketReceiver::processPendingEvents: Throwing REASON_GENERAL_NETWORK - WSAECONNRESET
  WARN root [0x000039c4] [2017-05-02 16:10:40,631] - TCPPacketReceiver::processPendingEvents: Throwing REASON_GENERAL_NETWORK - WSAECONNRESET
  WARN root [0x000039c4] [2017-05-02 16:10:40,631] - TCPPacketReceiver::processPendingEvents: Throwing REASON_GENERAL_NETWORK - WSAECONNRESET
  WARN root [0x000039c4] [2017-05-02 16:10:40,631] - TCPPacketReceiver::processPendingEvents: Throwing REASON_GENERAL_NETWORK - WSAECONNRESET
  WARN root [0x000039c4] [2017-05-02 16:10:40,631] - TCPPacketReceiver::processPendingEvents: Throwing REASON_GENERAL_NETWORK - WSAECONNRESET
  WARN root [0x000039c4] [2017-05-02 16:10:40,631] - TCPPacketReceiver::processPendingEvents: Throwing REASON_GENERAL_NETWORK - WSAECONNRESET
  WARN root [0x000039c4] [2017-05-02 16:10:40,631] - TCPPacketReceiver::processPendingEvents: Throwing REASON_GENERAL_NETWORK - WSAECONNRESET
  WARN root [0x000039c4] [2017-05-02 16:10:40,631] - TCPPacketReceiver::processPendingEvents: Throwing REASON_GENERAL_NETWORK - WSAECONNRESET
  WARN root [0x000039c4] [2017-05-02 16:10:40,631] - TCPPacketReceiver::processPendingEvents: Throwing REASON_GENERAL_NETWORK - WSAECONNRESET
  WARN root [0x000039c4] [2017-05-02 16:10:40,631] - TCPPacketReceiver::processPendingEvents: Throwing REASON_GENERAL_NETWORK - WSAECONNRESET
  WARN root [0x000039c4] [2017-05-02 16:10:40,631] - TCPPacketReceiver::processPendingEvents: Throwing REASON_GENERAL_NETWORK - WSAECONNRESET
  WARN root [0x000039c4] [2017-05-02 16:10:40,631] - TCPPacketReceiver::processPendingEvents: Throwing REASON_GENERAL_NETWORK - WSAECONNRESET
  WARN root [0x000039c4] [2017-05-02 16:10:40,631] - TCPPacketReceiver::processPendingEvents: Throwing REASON_GENERAL_NETWORK - WSAECONNRESET
  WARN root [0x000039c4] [2017-05-02 16:10:40,631] - TCPPacketReceiver::processPendingEvents: Throwing REASON_GENERAL_NETWORK - WSAECONNRESET
  WARN root [0x000039c4] [2017-05-02 16:10:40,631] - TCPPacketReceiver::processPendingEvents: Throwing REASON_GENERAL_NETWORK - WSAECONNRESET
  WARN root [0x000039c4] [2017-05-02 16:10:40,631] - TCPPacketReceiver::processPendingEvents: Throwing REASON_GENERAL_NETWORK - WSAECONNRESET
  WARN root [0x000039c4] [2017-05-02 16:10:40,631] - TCPPacketReceiver::processPendingEvents: Throwing REASON_GENERAL_NETWORK - WSAECONNRESET
  WARN root [0x000039c4] [2017-05-02 16:10:40,631] - TCPPacketReceiver::processPendingEvents: Throwing REASON_GENERAL_NETWORK - WSAECONNRESET
  WARN root [0x000039c4] [2017-05-02 16:10:40,631] - TCPPacketReceiver::processPendingEvents: Throwing REASON_GENERAL_NETWORK - WSAECONNRESET
  WARN root [0x000039c4] [2017-05-02 16:10:40,631] - TCPPacketReceiver::processPendingEvents: Throwing REASON_GENERAL_NETWORK - WSAECONNRESET
  WARN root [0x000039c4] [2017-05-02 16:10:40,631] - TCPPacketReceiver::processPendingEvents: Throwing REASON_GENERAL_NETWORK - WSAECONNRESET
  WARN root [0x000039c4] [2017-05-02 16:10:40,631] - TCPPacketReceiver::processPendingEvents: Throwing REASON_GENERAL_NETWORK - WSAECONNRESET
  WARN root [0x000039c4] [2017-05-02 16:10:40,631] - TCPPacketReceiver::processPendingEvents: Throwing REASON_GENERAL_NETWORK - WSAECONNRESET
  WARN root [0x000039c4] [2017-05-02 16:10:40,631] - TCPPacketReceiver::processPendingEvents: Throwing REASON_GENERAL_NETWORK - WSAECONNRESET
  WARN root [0x000039c4] [2017-05-02 16:10:40,631] - TCPPacketReceiver::processPendingEvents: Throwing REASON_GENERAL_NETWORK - WSAECONNRESET
  WARN root [0x000039c4] [2017-05-02 16:10:40,631] - TCPPacketReceiver::processPendingEvents: Throwing REASON_GENERAL_NETWORK - WSAECONNRESET
  WARN root [0x000039c4] [2017-05-02 16:10:40,631] - TCPPacketReceiver::processPendingEvents: Throwing REASON_GENERAL_NETWORK - WSAECONNRESET
  WARN root [0x000039c4] [2017-05-02 16:10:40,631] - TCPPacketReceiver::processPendingEvents: Throwing REASON_GENERAL_NETWORK - WSAECONNRESET
  WARN root [0x000039c4] [2017-05-02 16:10:40,631] - TCPPacketReceiver::processPendingEvents: Throwing REASON_GENERAL_NETWORK - WSAECONNRESET
  WARN root [0x000039c4] [2017-05-02 16:10:40,631] - TCPPacketReceiver::processPendingEvents: Throwing REASON_GENERAL_NETWORK - WSAECONNRESET
  WARN root [0x000039c4] [2017-05-02 16:10:40,631] - TCPPacketReceiver::processPendingEvents: Throwing REASON_GENERAL_NETWORK - WSAECONNRESET
  WARN root [0x000039c4] [2017-05-02 16:10:40,631] - TCPPacketReceiver::processPendingEvents: Throwing REASON_GENERAL_NETWORK - WSAECONNRESET
  WARN root [0x000039c4] [2017-05-02 16:10:40,631] - TCPPacketReceiver::processPendingEvents: Throwing REASON_GENERAL_NETWORK - WSAECONNRESET
  WARN root [0x000039c4] [2017-05-02 16:10:40,631] - TCPPacketReceiver::processPendingEvents: Throwing REASON_GENERAL_NETWORK - WSAECONNRESET
  WARN root [0x000039c4] [2017-05-02 16:10:40,631] - TCPPacketReceiver::processPendingEvents: Throwing REASON_GENERAL_NETWORK - WSAECONNRESET
  WARN root [0x000039c4] [2017-05-02 16:10:40,647] - TCPPacketReceiver::processPendingEvents: Throwing REASON_GENERAL_NETWORK - WSAECONNRESET
  WARN root [0x000039c4] [2017-05-02 16:10:40,647] - TCPPacketReceiver::processPendingEvents: Throwing REASON_GENERAL_NETWORK - WSAECONNRESET
  WARN root [0x000039c4] [2017-05-02 16:10:40,647] - TCPPacketReceiver::processPendingEvents: Throwing REASON_GENERAL_NETWORK - WSAECONNRESET
  WARN root [0x000039c4] [2017-05-02 16:10:40,647] - TCPPacketReceiver::processPendingEvents: Throwing REASON_GENERAL_NETWORK - WSAECONNRESET
  WARN root [0x000039c4] [2017-05-02 16:10:40,647] - TCPPacketReceiver::processPendingEvents: Throwing REASON_GENERAL_NETWORK - WSAECONNRESET
  WARN root [0x000039c4] [2017-05-02 16:10:40,647] - TCPPacketReceiver::processPendingEvents: Throwing REASON_GENERAL_NETWORK - WSAECONNRESET
  WARN root [0x000039c4] [2017-05-02 16:10:40,647] - TCPPacketReceiver::processPendingEvents: Throwing REASON_GENERAL_NETWORK - WSAECONNRESET
  WARN root [0x000039c4] [2017-05-02 16:10:40,647] - TCPPacketReceiver::processPendingEvents: Throwing REASON_GENERAL_NETWORK - WSAECONNRESET
  WARN root [0x000039c4] [2017-05-02 16:10:40,647] - TCPPacketReceiver::processPendingEvents: Throwing REASON_GENERAL_NETWORK - WSAECONNRESET
  WARN root [0x000039c4] [2017-05-02 16:10:40,647] - TCPPacketReceiver::processPendingEvents: Throwing REASON_GENERAL_NETWORK - WSAECONNRESET
  WARN root [0x000039c4] [2017-05-02 16:10:40,647] - TCPPacketReceiver::processPendingEvents: Throwing REASON_GENERAL_NETWORK - WSAECONNRESET
  WARN root [0x000039c4] [2017-05-02 16:10:40,647] - TCPPacketReceiver::processPendingEvents: Throwing REASON_GENERAL_NETWORK - WSAECONNRESET
  WARN root [0x000039c4] [2017-05-02 16:10:40,647] - TCPPacketReceiver::processPendingEvents: Throwing REASON_GENERAL_NETWORK - WSAECONNRESET
  WARN root [0x000039c4] [2017-05-02 16:10:40,647] - TCPPacketReceiver::processPendingEvents: Throwing REASON_GENERAL_NETWORK - WSAECONNRESET
  WARN root [0x000039c4] [2017-05-02 16:10:40,647] - TCPPacketReceiver::processPendingEvents: Throwing REASON_GENERAL_NETWORK - WSAECONNRESET
  WARN root [0x000039c4] [2017-05-02 16:10:40,647] - TCPPacketReceiver::processPendingEvents: Throwing REASON_GENERAL_NETWORK - WSAECONNRESET
  WARN root [0x000039c4] [2017-05-02 16:10:40,647] - TCPPacketReceiver::processPendingEvents: Throwing REASON_GENERAL_NETWORK - WSAECONNRESET
  WARN root [0x000039c4] [2017-05-02 16:10:40,647] - TCPPacketReceiver::processPendingEvents: Throwing REASON_GENERAL_NETWORK - WSAECONNRESET
  WARN root [0x000039c4] [2017-05-02 16:10:40,647] - TCPPacketReceiver::processPendingEvents: Throwing REASON_GENERAL_NETWORK - WSAECONNRESET
  WARN root [0x000039c4] [2017-05-02 16:10:40,647] - TCPPacketReceiver::processPendingEvents: Throwing REASON_GENERAL_NETWORK - WSAECONNRESET
  WARN root [0x000039c4] [2017-05-02 16:10:40,647] - TCPPacketReceiver::processPendingEvents: Throwing REASON_GENERAL_NETWORK - WSAECONNRESET
  WARN root [0x000039c4] [2017-05-02 16:10:40,647] - TCPPacketReceiver::processPendingEvents: Throwing REASON_GENERAL_NETWORK - WSAECONNRESET
  WARN root [0x000039c4] [2017-05-02 16:10:40,647] - TCPPacketReceiver::processPendingEvents: Throwing REASON_GENERAL_NETWORK - WSAECONNRESET
  WARN root [0x000039c4] [2017-05-02 16:10:40,647] - TCPPacketReceiver::processPendingEvents: Throwing REASON_GENERAL_NETWORK - WSAECONNRESET
  WARN root [0x000039c4] [2017-05-02 16:10:40,647] - TCPPacketReceiver::processPendingEvents: Throwing REASON_GENERAL_NETWORK - WSAECONNRESET
  WARN root [0x000039c4] [2017-05-02 16:10:40,647] - TCPPacketReceiver::processPendingEvents: Throwing REASON_GENERAL_NETWORK - WSAECONNRESET
  WARN root [0x000039c4] [2017-05-02 16:10:40,647] - TCPPacketReceiver::processPendingEvents: Throwing REASON_GENERAL_NETWORK - WSAECONNRESET
  WARN root [0x000039c4] [2017-05-02 16:10:40,647] - TCPPacketReceiver::processPendingEvents: Throwing REASON_GENERAL_NETWORK - WSAECONNRESET
  WARN root [0x000039c4] [2017-05-02 16:10:40,647] - TCPPacketReceiver::processPendingEvents: Throwing REASON_GENERAL_NETWORK - WSAECONNRESET
  WARN root [0x000039c4] [2017-05-02 16:10:40,647] - TCPPacketReceiver::processPendingEvents: Throwing REASON_GENERAL_NETWORK - WSAECONNRESET
  WARN root [0x000039c4] [2017-05-02 16:10:40,647] - TCPPacketReceiver::processPendingEvents: Throwing REASON_GENERAL_NETWORK - WSAECONNRESET
  WARN root [0x000039c4] [2017-05-02 16:10:40,647] - TCPPacketReceiver::processPendingEvents: Throwing REASON_GENERAL_NETWORK - WSAECONNRESET
  WARN root [0x000039c4] [2017-05-02 16:10:40,647] - TCPPacketReceiver::processPendingEvents: Throwing REASON_GENERAL_NETWORK - WSAECONNRESET
  WARN root [0x000039c4] [2017-05-02 16:10:40,647] - TCPPacketReceiver::processPendingEvents: Throwing REASON_GENERAL_NETWORK - WSAECONNRESET
  WARN root [0x000039c4] [2017-05-02 16:10:40,647] - TCPPacketReceiver::processPendingEvents: Throwing REASON_GENERAL_NETWORK - WSAECONNRESET
  WARN root [0x000039c4] [2017-05-02 16:10:40,647] - TCPPacketReceiver::processPendingEvents: Throwing REASON_GENERAL_NETWORK - WSAECONNRESET
  WARN root [0x000039c4] [2017-05-02 16:10:40,647] - TCPPacketReceiver::processPendingEvents: Throwing REASON_GENERAL_NETWORK - WSAECONNRESET
  WARN root [0x000039c4] [2017-05-02 16:10:40,647] - TCPPacketReceiver::processPendingEvents: Throwing REASON_GENERAL_NETWORK - WSAECONNRESET
  WARN root [0x000039c4] [2017-05-02 16:10:40,647] - TCPPacketReceiver::processPendingEvents: Throwing REASON_GENERAL_NETWORK - WSAECONNRESET
  WARN root [0x000039c4] [2017-05-02 16:10:40,647] - TCPPacketReceiver::processPendingEvents: Throwing REASON_GENERAL_NETWORK - WSAECONNRESET
  WARN root [0x000039c4] [2017-05-02 16:10:40,647] - TCPPacketReceiver::processPendingEvents: Throwing REASON_GENERAL_NETWORK - WSAECONNRESET
  WARN root [0x000039c4] [2017-05-02 16:10:40,647] - TCPPacketReceiver::processPendingEvents: Throwing REASON_GENERAL_NETWORK - WSAECONNRESET
  WARN root [0x000039c4] [2017-05-02 16:10:40,647] - TCPPacketReceiver::processPendingEvents: Throwing REASON_GENERAL_NETWORK - WSAECONNRESET
  WARN root [0x000039c4] [2017-05-02 16:10:40,647] - TCPPacketReceiver::processPendingEvents: Throwing REASON_GENERAL_NETWORK - WSAECONNRESET
  WARN root [0x000039c4] [2017-05-02 16:10:40,647] - TCPPacketReceiver::processPendingEvents: Throwing REASON_GENERAL_NETWORK - WSAECONNRESET
  WARN root [0x000039c4] [2017-05-02 16:10:40,647] - TCPPacketReceiver::processPendingEvents: Throwing REASON_GENERAL_NETWORK - WSAECONNRESET
  WARN root [0x000039c4] [2017-05-02 16:10:40,647] - TCPPacketReceiver::processPendingEvents: Throwing REASON_GENERAL_NETWORK - WSAECONNRESET
  WARN root [0x000039c4] [2017-05-02 16:10:40,647] - TCPPacketReceiver::processPendingEvents: Throwing REASON_GENERAL_NETWORK - WSAECONNRESET
  WARN root [0x000039c4] [2017-05-02 16:10:40,647] - TCPPacketReceiver::processPendingEvents: Throwing REASON_GENERAL_NETWORK - WSAECONNRESET
  WARN root [0x000039c4] [2017-05-02 16:10:40,647] - TCPPacketReceiver::processPendingEvents: Throwing REASON_GENERAL_NETWORK - WSAECONNRESET
  WARN root [0x000039c4] [2017-05-02 16:10:40,647] - TCPPacketReceiver::processPendingEvents: Throwing REASON_GENERAL_NETWORK - WSAECONNRESET
  WARN root [0x000039c4] [2017-05-02 16:10:40,647] - TCPPacketReceiver::processPendingEvents: Throwing REASON_GENERAL_NETWORK - WSAECONNRESET
  WARN root [0x000039c4] [2017-05-02 16:10:40,647] - TCPPacketReceiver::processPendingEvents: Throwing REASON_GENERAL_NETWORK - WSAECONNRESET
  WARN root [0x000039c4] [2017-05-02 16:10:40,647] - TCPPacketReceiver::processPendingEvents: Throwing REASON_GENERAL_NETWORK - WSAECONNRESET
  WARN root [0x000039c4] [2017-05-02 16:10:40,647] - TCPPacketReceiver::processPendingEvents: Throwing REASON_GENERAL_NETWORK - WSAECONNRESET
  WARN root [0x000039c4] [2017-05-02 16:10:40,647] - TCPPacketReceiver::processPendingEvents: Throwing REASON_GENERAL_NETWORK - WSAECONNRESET
  WARN root [0x000039c4] [2017-05-02 16:10:40,647] - TCPPacketReceiver::processPendingEvents: Throwing REASON_GENERAL_NETWORK - WSAECONNRESET
  WARN root [0x000039c4] [2017-05-02 16:10:40,647] - TCPPacketReceiver::processPendingEvents: Throwing REASON_GENERAL_NETWORK - WSAECONNRESET
  WARN root [0x000039c4] [2017-05-02 16:10:40,647] - TCPPacketReceiver::processPendingEvents: Throwing REASON_GENERAL_NETWORK - WSAECONNRESET
  WARN root [0x000039c4] [2017-05-02 16:10:40,647] - TCPPacketReceiver::processPendingEvents: Throwing REASON_GENERAL_NETWORK - WSAECONNRESET
  WARN root [0x000039c4] [2017-05-02 16:10:40,647] - TCPPacketReceiver::processPendingEvents: Throwing REASON_GENERAL_NETWORK - WSAECONNRESET
  WARN root [0x000039c4] [2017-05-02 16:10:40,647] - TCPPacketReceiver::processPendingEvents: Throwing REASON_GENERAL_NETWORK - WSAECONNRESET
  WARN root [0x000039c4] [2017-05-02 16:10:40,647] - TCPPacketReceiver::processPendingEvents: Throwing REASON_GENERAL_NETWORK - WSAECONNRESET
  WARN root [0x000039c4] [2017-05-02 16:10:40,647] - TCPPacketReceiver::processPendingEvents: Throwing REASON_GENERAL_NETWORK - WSAECONNRESET
  WARN root [0x000039c4] [2017-05-02 16:10:40,647] - TCPPacketReceiver::processPendingEvents: Throwing REASON_GENERAL_NETWORK - WSAECONNRESET
  WARN root [0x000039c4] [2017-05-02 16:10:40,647] - TCPPacketReceiver::processPendingEvents: Throwing REASON_GENERAL_NETWORK - WSAECONNRESET
  WARN root [0x000039c4] [2017-05-02 16:10:40,647] - TCPPacketReceiver::processPendingEvents: Throwing REASON_GENERAL_NETWORK - WSAECONNRESET
  WARN root [0x000039c4] [2017-05-02 16:10:40,647] - TCPPacketReceiver::processPendingEvents: Throwing REASON_GENERAL_NETWORK - WSAECONNRESET
  WARN root [0x000039c4] [2017-05-02 16:10:40,647] - TCPPacketReceiver::processPendingEvents: Throwing REASON_GENERAL_NETWORK - WSAECONNRESET
  WARN root [0x000039c4] [2017-05-02 16:10:40,647] - TCPPacketReceiver::processPendingEvents: Throwing REASON_GENERAL_NETWORK - WSAECONNRESET
  WARN root [0x000039c4] [2017-05-02 16:10:40,647] - TCPPacketReceiver::processPendingEvents: Throwing REASON_GENERAL_NETWORK - WSAECONNRESET
  WARN root [0x000039c4] [2017-05-02 16:10:40,647] - TCPPacketReceiver::processPendingEvents: Throwing REASON_GENERAL_NETWORK - WSAECONNRESET
  WARN root [0x000039c4] [2017-05-02 16:10:40,647] - TCPPacketReceiver::processPendingEvents: Throwing REASON_GENERAL_NETWORK - WSAECONNRESET
  WARN root [0x000039c4] [2017-05-02 16:10:40,647] - TCPPacketReceiver::processPendingEvents: Throwing REASON_GENERAL_NETWORK - WSAECONNRESET
  WARN root [0x000039c4] [2017-05-02 16:10:40,647] - TCPPacketReceiver::processPendingEvents: Throwing REASON_GENERAL_NETWORK - WSAECONNRESET
  WARN root [0x000039c4] [2017-05-02 16:10:40,647] - TCPPacketReceiver::processPendingEvents: Throwing REASON_GENERAL_NETWORK - WSAECONNRESET
  WARN root [0x000039c4] [2017-05-02 16:10:40,647] - TCPPacketReceiver::processPendingEvents: Throwing REASON_GENERAL_NETWORK - WSAECONNRESET
  WARN root [0x000039c4] [2017-05-02 16:10:40,647] - TCPPacketReceiver::processPendingEvents: Throwing REASON_GENERAL_NETWORK - WSAECONNRESET
  WARN root [0x000039c4] [2017-05-02 16:10:40,647] - TCPPacketReceiver::processPendingEvents: Throwing REASON_GENERAL_NETWORK - WSAECONNRESET
  WARN root [0x000039c4] [2017-05-02 16:10:40,647] - TCPPacketReceiver::processPendingEvents: Throwing REASON_GENERAL_NETWORK - WSAECONNRESET
  WARN root [0x000039c4] [2017-05-02 16:10:40,647] - TCPPacketReceiver::processPendingEvents: Throwing REASON_GENERAL_NETWORK - WSAECONNRESET
  WARN root [0x000039c4] [2017-05-02 16:10:40,647] - TCPPacketReceiver::processPendingEvents: Throwing REASON_GENERAL_NETWORK - WSAECONNRESET
  WARN root [0x000039c4] [2017-05-02 16:10:40,647] - TCPPacketReceiver::processPendingEvents: Throwing REASON_GENERAL_NETWORK - WSAECONNRESET
  WARN root [0x000039c4] [2017-05-02 16:10:40,647] - TCPPacketReceiver::processPendingEvents: Throwing REASON_GENERAL_NETWORK - WSAECONNRESET
  WARN root [0x000039c4] [2017-05-02 16:10:40,647] - TCPPacketReceiver::processPendingEvents: Throwing REASON_GENERAL_NETWORK - WSAECONNRESET
  WARN root [0x000039c4] [2017-05-02 16:10:40,647] - TCPPacketReceiver::processPendingEvents: Throwing REASON_GENERAL_NETWORK - WSAECONNRESET
  WARN root [0x000039c4] [2017-05-02 16:10:40,647] - TCPPacketReceiver::processPendingEvents: Throwing REASON_GENERAL_NETWORK - WSAECONNRESET
  WARN root [0x000039c4] [2017-05-02 16:10:40,647] - TCPPacketReceiver::processPendingEvents: Throwing REASON_GENERAL_NETWORK - WSAECONNRESET
 DEBUG root [0x000039c4] [2017-05-02 16:10:40,647] - PlayerAccount::~PlayerAccount(): 1035
