  INFO root [0x00004428] [2017-05-02 16:07:24,220] - -----------------------------------------------------------------------------------------


  INFO root [0x00004428] [2017-05-02 16:07:24,266] - NetworkInterface::recreateListeningSocket(INTERNAL): bound to all interfaces with default route interface on 192.168.99.104 ( 192.168.99.104:54309 )
  INFO root [0x00004428] [2017-05-02 16:07:24,266] - NetworkInterface::recreateListeningSocket(INTERNAL): address 192.168.99.104:54309, SOMAXCONN=5.
 DEBUG root [0x00004428] [2017-05-02 16:07:24,298] - Script::install_py_dlls(): PyInit_pyexpat
 DEBUG root [0x00004428] [2017-05-02 16:07:24,298] - Script::install_py_dlls(): PyInit__socket
 DEBUG root [0x00004428] [2017-05-02 16:07:24,298] - Script::install_py_dlls(): PyInit__hashlib
 DEBUG root [0x00004428] [2017-05-02 16:07:24,298] - Script::install_py_dlls(): PyInit_select
 DEBUG root [0x00004428] [2017-05-02 16:07:24,298] - Script::install_py_dlls(): PyInit__ctypes
 DEBUG root [0x00004428] [2017-05-02 16:07:24,298] - Script::install_py_dlls(): PyInit__elementtree
 DEBUG root [0x00004428] [2017-05-02 16:07:24,313] - Script::install_py_dlls(): PyInit_unicodedata
  INFO root [0x00004428] [2017-05-02 16:07:24,344] - Script::install(): is successfully, Python=(3.4.2 (default, Mar 28 2017, 21:11:54) [MSC v.1800 32 bit (Intel)])!
  INFO root [0x00004428] [2017-05-02 16:07:24,344] - Script::install(): KBExtra is successfully!
  INFO root [0x00004428] [2017-05-02 16:07:24,344] - ---- bots Version: 0.9.12. ScriptVersion: 0.1.0. Protocol: 0A0C7DE03C7917F592D391CAD7A54761. Config: Debug. Built: 21:12:03 Mar 28 2017. AppID: 6415446097752621056. UID: 29585. PID: 4800 ----
  INFO root [0x00004428] [2017-05-02 16:07:24,344] - Server : Intel(R) Xeon(R) CPU E3-1230 v3 @ 3.30GHz with 4194303kB RAM
  INFO root [0x00004428] [2017-05-02 16:07:24,344] - ThreadPool::createThreadPool: creating  threadpool...
  INFO root [0x00004428] [2017-05-02 16:07:24,344] - ThreadPool::createThreadPool: successfully(1), newThreadCount=1, normalMaxThreadCount=1, maxThreadCount=4
 DEBUG root [0x00004428] [2017-05-02 16:07:24,454] - loaded script:Account(1).
  INFO root [0x00004428] [2017-05-02 16:07:24,469] - TelnetServer server is running on port 51000
 S_DBG root [0x00004428] [2017-05-02 16:07:24,469] - onInit::isReload:0
  INFO root [0x00004428] [2017-05-02 16:07:24,469] - ---- bots is running ----
 DEBUG root [0x00004428] [2017-05-02 16:07:24,469] - Components::process(): Request for the process of identity...
 DEBUG root [0x00004428] [2017-05-02 16:07:31,039] - KBEBlowfish::KBEBlowfish(): Using Blowfish key: 5B 48 4D 99 87 42 DA 33 62 11 28 C3 98 65 4E 3B
  WARN root [0x00004428] [2017-05-02 16:07:31,039] - bots.cpp:284: Profile updateBots took 0.36 seconds
  INFO root [0x00004428] [2017-05-02 16:07:31,164] - ClientObjectBase::onHelloCB: verInfo=0.9.12, scriptVerInfo=0.1.0, protocolMD5=68AB0B61C4A3C03CD0C0349737585262, entityDefMD5=F7C6ED928DA2B54855D4E9E1C12FD81B, addr:127.0.0.1:20013/0/0/0
  INFO root [0x00004428] [2017-05-02 16:07:31,460] - ClientObject::onCreateAccountResult: bot_6415446097752621056_3744379791319598752 create is successfully!
  INFO root [0x00004428] [2017-05-02 16:07:31,866] - ClientObject::onLoginSuccessfully: bot_6415446097752621056_3744379791319598752 addr=192.168.99.104:20015!
 DEBUG root [0x00004428] [2017-05-02 16:07:31,866] - KBEBlowfish::KBEBlowfish(): Using Blowfish key: 67 97 66 33 4F 55 0B 9A D2 B4 1F 54 CB A2 D2 98
  INFO root [0x00004428] [2017-05-02 16:07:31,959] - ClientObjectBase::onHelloCB: verInfo=0.9.12, scriptVerInfo=0.1.0, protocolMD5=04DE5A563B306FEA37F19432189DFE1B, entityDefMD5=F7C6ED928DA2B54855D4E9E1C12FD81B, addr:192.168.99.104:20015/0/0/0
  INFO root [0x00004428] [2017-05-02 16:07:32,068] - Components::findComponents: find logger(1)...
  INFO root [0x00004428] [2017-05-02 16:07:32,131] - Components::findComponents: found logger, addr:192.168.99.104:54197
  INFO root [0x00004428] [2017-05-02 16:07:32,131] - Components::addComponent: reset orderLog, uid=29585!
  INFO root [0x00004428] [2017-05-02 16:07:32,131] - Components::addComponent[logger], uid=29585, componentID=2000, globalorderid=1, grouporderid=1, totalcount=1
  INFO root [0x00004428] [2017-05-02 16:07:32,224] - Components::process(): Found all the components!
  INFO root [0x00004428] [2017-05-02 16:07:32,365] - ClientObject::onCreatedProxies(bot_6415446097752621056_3744379791319598752): rndUUID=6415446130968428544 eid=1036 entityType=Account!
 S_DBG root [0x00004428] [2017-05-02 16:07:32,365] - Account::__init__:{}.
  INFO root [0x00004428] [2017-05-02 16:07:32,365] - ClientObjectBase::createEntity: new Account (1036)
 DEBUG root [0x00004428] [2017-05-02 16:07:32,568] - ClientObjectBase::onPlayerEnterWorld: Account(1036), isOnGround(0), appID(2).
 DEBUG root [0x00004428] [2017-05-02 16:07:32,568] - ClientObjectBase::initSpaceData: spaceID(1), datasize=0.
 DEBUG root [0x00004428] [2017-05-02 16:07:32,568] - ClientObjectBase::onEntityEnterSpace: PlayerAccount(1036).
  INFO root [0x00004428] [2017-05-02 16:07:32,568] - ClientObjectBase::createEntity: new Account (1035)
 S_DBG root [0x00004428] [2017-05-02 16:07:32,568] - Account::__init__:{}.
 S_ERR root [0x00004428] [2017-05-02 16:07:32,568] - Traceback (most recent call last):
  File "F:/Server_Study/kbengine/assets/scripts/bots\Account.py", line 12, in __init__
    self.base.reqEnterRoom(1)
 S_ERR root [0x00004428] [2017-05-02 16:07:32,568] - AttributeError: 'NoneType' object has no attribute 'reqEnterRoom'
 DEBUG root [0x00004428] [2017-05-02 16:07:32,568] - ClientObjectBase::onEntityEnterWorld: Account(1035), isOnGround(0), appID(2).
