  INFO root [0x00002250] [2017-05-02 16:13:34,532] - -----------------------------------------------------------------------------------------


  INFO root [0x00002250] [2017-05-02 16:13:34,579] - NetworkInterface::recreateListeningSocket(INTERNAL): bound to all interfaces with default route interface on 192.168.99.104 ( 192.168.99.104:54488 )
  INFO root [0x00002250] [2017-05-02 16:13:34,579] - NetworkInterface::recreateListeningSocket(INTERNAL): address 192.168.99.104:54488, SOMAXCONN=5.
 DEBUG root [0x00002250] [2017-05-02 16:13:34,594] - Script::install_py_dlls(): PyInit_pyexpat
 DEBUG root [0x00002250] [2017-05-02 16:13:34,610] - Script::install_py_dlls(): PyInit__socket
 DEBUG root [0x00002250] [2017-05-02 16:13:34,610] - Script::install_py_dlls(): PyInit__hashlib
 DEBUG root [0x00002250] [2017-05-02 16:13:34,610] - Script::install_py_dlls(): PyInit_select
 DEBUG root [0x00002250] [2017-05-02 16:13:34,610] - Script::install_py_dlls(): PyInit__ctypes
 DEBUG root [0x00002250] [2017-05-02 16:13:34,610] - Script::install_py_dlls(): PyInit__elementtree
 DEBUG root [0x00002250] [2017-05-02 16:13:34,625] - Script::install_py_dlls(): PyInit_unicodedata
  INFO root [0x00002250] [2017-05-02 16:13:34,657] - Script::install(): is successfully, Python=(3.4.2 (default, Mar 28 2017, 21:11:54) [MSC v.1800 32 bit (Intel)])!
  INFO root [0x00002250] [2017-05-02 16:13:34,657] - Script::install(): KBExtra is successfully!
  INFO root [0x00002250] [2017-05-02 16:13:34,657] - ---- bots Version: 0.9.12. ScriptVersion: 0.1.0. Protocol: 0A0C7DE03C7917F592D391CAD7A54761. Config: Debug. Built: 21:12:03 Mar 28 2017. AppID: 6415447686685851648. UID: 29585. PID: 11528 ----
  INFO root [0x00002250] [2017-05-02 16:13:34,657] - Server : Intel(R) Xeon(R) CPU E3-1230 v3 @ 3.30GHz with 4194303kB RAM
  INFO root [0x00002250] [2017-05-02 16:13:34,672] - ThreadPool::createThreadPool: creating  threadpool...
  INFO root [0x00002250] [2017-05-02 16:13:34,672] - ThreadPool::createThreadPool: successfully(1), newThreadCount=1, normalMaxThreadCount=1, maxThreadCount=4
 DEBUG root [0x00002250] [2017-05-02 16:13:34,781] - loaded script:Account(1).
  INFO root [0x00002250] [2017-05-02 16:13:34,797] - TelnetServer server is running on port 51000
 S_DBG root [0x00002250] [2017-05-02 16:13:34,797] - onInit::isReload:0
  INFO root [0x00002250] [2017-05-02 16:13:34,797] - ---- bots is running ----
 DEBUG root [0x00002250] [2017-05-02 16:13:34,797] - Components::process(): Request for the process of identity...
 DEBUG root [0x00002250] [2017-05-02 16:13:41,380] - KBEBlowfish::KBEBlowfish(): Using Blowfish key: 0C D9 54 62 C9 A7 B8 95 E4 46 3B D4 46 6E 80 73
  WARN root [0x00002250] [2017-05-02 16:13:41,380] - bots.cpp:284: Profile updateBots took 0.36 seconds
  INFO root [0x00002250] [2017-05-02 16:13:41,489] - ClientObjectBase::onHelloCB: verInfo=0.9.12, scriptVerInfo=0.1.0, protocolMD5=68AB0B61C4A3C03CD0C0349737585262, entityDefMD5=F7C6ED928DA2B54855D4E9E1C12FD81B, addr:127.0.0.1:20013/0/0/0
  INFO root [0x00002250] [2017-05-02 16:13:41,692] - ClientObject::onCreateAccountResult: bot_6415447686685851648_3903273114378798752 create is successfully!
  INFO root [0x00002250] [2017-05-02 16:13:42,082] - ClientObject::onLoginSuccessfully: bot_6415447686685851648_3903273114378798752 addr=192.168.99.104:20015!
 DEBUG root [0x00002250] [2017-05-02 16:13:42,082] - KBEBlowfish::KBEBlowfish(): Using Blowfish key: 1B 22 89 7B F7 E9 5E 74 0D E7 B4 34 CA A5 0F 70
  INFO root [0x00002250] [2017-05-02 16:13:42,191] - ClientObjectBase::onHelloCB: verInfo=0.9.12, scriptVerInfo=0.1.0, protocolMD5=04DE5A563B306FEA37F19432189DFE1B, entityDefMD5=F7C6ED928DA2B54855D4E9E1C12FD81B, addr:192.168.99.104:20015/0/0/0
  INFO root [0x00002250] [2017-05-02 16:13:42,394] - Components::findComponents: find logger(1)...
  INFO root [0x00002250] [2017-05-02 16:13:42,457] - Components::findComponents: found logger, addr:192.168.99.104:54453
  INFO root [0x00002250] [2017-05-02 16:13:42,457] - Components::addComponent: reset orderLog, uid=29585!
  INFO root [0x00002250] [2017-05-02 16:13:42,457] - Components::addComponent[logger], uid=29585, componentID=2000, globalorderid=1, grouporderid=1, totalcount=1
  INFO root [0x00002250] [2017-05-02 16:13:42,488] - Components::process(): Found all the components!
  INFO root [0x00002250] [2017-05-02 16:13:42,581] - ClientObject::onCreatedProxies(bot_6415447686685851648_3903273114378798752): rndUUID=6415447720106328064 eid=11 entityType=Account!
 S_DBG root [0x00002250] [2017-05-02 16:13:42,581] - Account::__init__:{}.
  INFO root [0x00002250] [2017-05-02 16:13:42,581] - ClientObjectBase::createEntity: new Account (11)
 DEBUG root [0x00002250] [2017-05-02 16:13:42,893] - ClientObjectBase::onPlayerEnterWorld: Account(11), isOnGround(0), appID(2).
 DEBUG root [0x00002250] [2017-05-02 16:13:42,893] - ClientObjectBase::initSpaceData: spaceID(1), datasize=0.
 DEBUG root [0x00002250] [2017-05-02 16:13:42,893] - ClientObjectBase::onEntityEnterSpace: PlayerAccount(11).
  INFO root [0x00002250] [2017-05-02 16:14:42,465] - ClientApp::onChannelTimeOut: Channel 192.168.99.104:54453/0/0/0 timed out.
  INFO root [0x00002250] [2017-05-02 16:15:28,589] - ClientObjectBase::onKicked: code=11
 DEBUG root [0x00002250] [2017-05-02 16:15:28,589] - ClientObjectBase::tickSend: serverCloased!
  WARN root [0x00002250] [2017-05-02 16:15:28,776] - TCPPacketReceiver::processPendingEvents: Throwing REASON_GENERAL_NETWORK - WSAECONNRESET
  WARN root [0x00002250] [2017-05-02 16:15:28,776] - TCPPacketReceiver::processPendingEvents: Throwing REASON_GENERAL_NETWORK - WSAECONNRESET
 DEBUG root [0x00002250] [2017-05-02 16:15:28,776] - PlayerAccount::~PlayerAccount(): 11
 DEBUG root [0x00002250] [2017-05-02 16:15:28,885] - KBEBlowfish::KBEBlowfish(): Using Blowfish key: CC 38 FB 1F E8 F8 BB 8A ED D8 AD 36 ED D0 69 CD
  WARN root [0x00002250] [2017-05-02 16:15:28,963] - TCPPacketReceiver::processPendingEvents: Throwing REASON_GENERAL_NETWORK - WSAECONNRESET
  WARN root [0x00002250] [2017-05-02 16:15:28,963] - TCPPacketReceiver::processPendingEvents: Throwing REASON_GENERAL_NETWORK - WSAECONNRESET
  WARN root [0x00002250] [2017-05-02 16:15:28,963] - TCPPacketReceiver::processPendingEvents: Throwing REASON_GENERAL_NETWORK - WSAECONNRESET
  WARN root [0x00002250] [2017-05-02 16:15:28,963] - TCPPacketReceiver::processPendingEvents: Throwing REASON_GENERAL_NETWORK - WSAECONNRESET
  WARN root [0x00002250] [2017-05-02 16:15:28,963] - TCPPacketReceiver::processPendingEvents: Throwing REASON_GENERAL_NETWORK - WSAECONNRESET
  WARN root [0x00002250] [2017-05-02 16:15:28,963] - TCPPacketReceiver::processPendingEvents: Throwing REASON_GENERAL_NETWORK - WSAECONNRESET
  WARN root [0x00002250] [2017-05-02 16:15:28,963] - TCPPacketReceiver::processPendingEvents: Throwing REASON_GENERAL_NETWORK - WSAECONNRESET
  WARN root [0x00002250] [2017-05-02 16:15:28,963] - TCPPacketReceiver::processPendingEvents: Throwing REASON_GENERAL_NETWORK - WSAECONNRESET
  WARN root [0x00002250] [2017-05-02 16:15:28,963] - TCPPacketReceiver::processPendingEvents: Throwing REASON_GENERAL_NETWORK - WSAECONNRESET
  WARN root [0x00002250] [2017-05-02 16:15:28,963] - TCPPacketReceiver::processPendingEvents: Throwing REASON_GENERAL_NETWORK - WSAECONNRESET
  WARN root [0x00002250] [2017-05-02 16:15:28,963] - TCPPacketReceiver::processPendingEvents: Throwing REASON_GENERAL_NETWORK - WSAECONNRESET
  WARN root [0x00002250] [2017-05-02 16:15:28,963] - TCPPacketReceiver::processPendingEvents: Throwing REASON_GENERAL_NETWORK - WSAECONNRESET
  WARN root [0x00002250] [2017-05-02 16:15:28,963] - TCPPacketReceiver::processPendingEvents: Throwing REASON_GENERAL_NETWORK - WSAECONNRESET
  WARN root [0x00002250] [2017-05-02 16:15:28,963] - TCPPacketReceiver::processPendingEvents: Throwing REASON_GENERAL_NETWORK - WSAECONNRESET
  WARN root [0x00002250] [2017-05-02 16:15:28,963] - TCPPacketReceiver::processPendingEvents: Throwing REASON_GENERAL_NETWORK - WSAECONNRESET
  WARN root [0x00002250] [2017-05-02 16:15:28,963] - TCPPacketReceiver::processPendingEvents: Throwing REASON_GENERAL_NETWORK - WSAECONNRESET
  WARN root [0x00002250] [2017-05-02 16:15:28,963] - TCPPacketReceiver::processPendingEvents: Throwing REASON_GENERAL_NETWORK - WSAECONNRESET
  WARN root [0x00002250] [2017-05-02 16:15:28,963] - TCPPacketReceiver::processPendingEvents: Throwing REASON_GENERAL_NETWORK - WSAECONNRESET
  WARN root [0x00002250] [2017-05-02 16:15:28,963] - TCPPacketReceiver::processPendingEvents: Throwing REASON_GENERAL_NETWORK - WSAECONNRESET
  WARN root [0x00002250] [2017-05-02 16:15:28,963] - TCPPacketReceiver::processPendingEvents: Throwing REASON_GENERAL_NETWORK - WSAECONNRESET
  WARN root [0x00002250] [2017-05-02 16:15:28,963] - TCPPacketReceiver::processPendingEvents: Throwing REASON_GENERAL_NETWORK - WSAECONNRESET
  WARN root [0x00002250] [2017-05-02 16:15:28,963] - TCPPacketReceiver::processPendingEvents: Throwing REASON_GENERAL_NETWORK - WSAECONNRESET
  WARN root [0x00002250] [2017-05-02 16:15:28,963] - TCPPacketReceiver::processPendingEvents: Throwing REASON_GENERAL_NETWORK - WSAECONNRESET
  WARN root [0x00002250] [2017-05-02 16:15:28,963] - TCPPacketReceiver::processPendingEvents: Throwing REASON_GENERAL_NETWORK - WSAECONNRESET
  WARN root [0x00002250] [2017-05-02 16:15:28,963] - TCPPacketReceiver::processPendingEvents: Throwing REASON_GENERAL_NETWORK - WSAECONNRESET
  WARN root [0x00002250] [2017-05-02 16:15:28,963] - TCPPacketReceiver::processPendingEvents: Throwing REASON_GENERAL_NETWORK - WSAECONNRESET
  WARN root [0x00002250] [2017-05-02 16:15:28,963] - TCPPacketReceiver::processPendingEvents: Throwing REASON_GENERAL_NETWORK - WSAECONNRESET
  WARN root [0x00002250] [2017-05-02 16:15:28,963] - TCPPacketReceiver::processPendingEvents: Throwing REASON_GENERAL_NETWORK - WSAECONNRESET
  WARN root [0x00002250] [2017-05-02 16:15:28,963] - TCPPacketReceiver::processPendingEvents: Throwing REASON_GENERAL_NETWORK - WSAECONNRESET
  WARN root [0x00002250] [2017-05-02 16:15:28,963] - TCPPacketReceiver::processPendingEvents: Throwing REASON_GENERAL_NETWORK - WSAECONNRESET
  WARN root [0x00002250] [2017-05-02 16:15:28,963] - TCPPacketReceiver::processPendingEvents: Throwing REASON_GENERAL_NETWORK - WSAECONNRESET
  WARN root [0x00002250] [2017-05-02 16:15:28,963] - TCPPacketReceiver::processPendingEvents: Throwing REASON_GENERAL_NETWORK - WSAECONNRESET
  WARN root [0x00002250] [2017-05-02 16:15:28,963] - TCPPacketReceiver::processPendingEvents: Throwing REASON_GENERAL_NETWORK - WSAECONNRESET
  WARN root [0x00002250] [2017-05-02 16:15:28,963] - TCPPacketReceiver::processPendingEvents: Throwing REASON_GENERAL_NETWORK - WSAECONNRESET
  WARN root [0x00002250] [2017-05-02 16:15:28,963] - TCPPacketReceiver::processPendingEvents: Throwing REASON_GENERAL_NETWORK - WSAECONNRESET
  WARN root [0x00002250] [2017-05-02 16:15:28,963] - TCPPacketReceiver::processPendingEvents: Throwing REASON_GENERAL_NETWORK - WSAECONNRESET
  WARN root [0x00002250] [2017-05-02 16:15:28,963] - TCPPacketReceiver::processPendingEvents: Throwing REASON_GENERAL_NETWORK - WSAECONNRESET
  WARN root [0x00002250] [2017-05-02 16:15:28,963] - TCPPacketReceiver::processPendingEvents: Throwing REASON_GENERAL_NETWORK - WSAECONNRESET
  WARN root [0x00002250] [2017-05-02 16:15:28,963] - TCPPacketReceiver::processPendingEvents: Throwing REASON_GENERAL_NETWORK - WSAECONNRESET
  WARN root [0x00002250] [2017-05-02 16:15:28,963] - TCPPacketReceiver::processPendingEvents: Throwing REASON_GENERAL_NETWORK - WSAECONNRESET
  WARN root [0x00002250] [2017-05-02 16:15:28,963] - TCPPacketReceiver::processPendingEvents: Throwing REASON_GENERAL_NETWORK - WSAECONNRESET
  WARN root [0x00002250] [2017-05-02 16:15:28,963] - TCPPacketReceiver::processPendingEvents: Throwing REASON_GENERAL_NETWORK - WSAECONNRESET
  WARN root [0x00002250] [2017-05-02 16:15:28,963] - TCPPacketReceiver::processPendingEvents: Throwing REASON_GENERAL_NETWORK - WSAECONNRESET
  WARN root [0x00002250] [2017-05-02 16:15:28,963] - TCPPacketReceiver::processPendingEvents: Throwing REASON_GENERAL_NETWORK - WSAECONNRESET
  WARN root [0x00002250] [2017-05-02 16:15:28,963] - TCPPacketReceiver::processPendingEvents: Throwing REASON_GENERAL_NETWORK - WSAECONNRESET
  WARN root [0x00002250] [2017-05-02 16:15:28,963] - TCPPacketReceiver::processPendingEvents: Throwing REASON_GENERAL_NETWORK - WSAECONNRESET
  WARN root [0x00002250] [2017-05-02 16:15:28,963] - TCPPacketReceiver::processPendingEvents: Throwing REASON_GENERAL_NETWORK - WSAECONNRESET
  WARN root [0x00002250] [2017-05-02 16:15:28,963] - TCPPacketReceiver::processPendingEvents: Throwing REASON_GENERAL_NETWORK - WSAECONNRESET
  WARN root [0x00002250] [2017-05-02 16:15:28,963] - TCPPacketReceiver::processPendingEvents: Throwing REASON_GENERAL_NETWORK - WSAECONNRESET
  WARN root [0x00002250] [2017-05-02 16:15:28,963] - TCPPacketReceiver::processPendingEvents: Throwing REASON_GENERAL_NETWORK - WSAECONNRESET
  WARN root [0x00002250] [2017-05-02 16:15:28,963] - TCPPacketReceiver::processPendingEvents: Throwing REASON_GENERAL_NETWORK - WSAECONNRESET
  WARN root [0x00002250] [2017-05-02 16:15:28,963] - TCPPacketReceiver::processPendingEvents: Throwing REASON_GENERAL_NETWORK - WSAECONNRESET
  WARN root [0x00002250] [2017-05-02 16:15:28,963] - TCPPacketReceiver::processPendingEvents: Throwing REASON_GENERAL_NETWORK - WSAECONNRESET
  WARN root [0x00002250] [2017-05-02 16:15:28,963] - TCPPacketReceiver::processPendingEvents: Throwing REASON_GENERAL_NETWORK - WSAECONNRESET
  WARN root [0x00002250] [2017-05-02 16:15:28,963] - TCPPacketReceiver::processPendingEvents: Throwing REASON_GENERAL_NETWORK - WSAECONNRESET
  WARN root [0x00002250] [2017-05-02 16:15:28,963] - TCPPacketReceiver::processPendingEvents: Throwing REASON_GENERAL_NETWORK - WSAECONNRESET
  WARN root [0x00002250] [2017-05-02 16:15:28,963] - TCPPacketReceiver::processPendingEvents: Throwing REASON_GENERAL_NETWORK - WSAECONNRESET
  WARN root [0x00002250] [2017-05-02 16:15:28,963] - TCPPacketReceiver::processPendingEvents: Throwing REASON_GENERAL_NETWORK - WSAECONNRESET
  WARN root [0x00002250] [2017-05-02 16:15:28,963] - TCPPacketReceiver::processPendingEvents: Throwing REASON_GENERAL_NETWORK - WSAECONNRESET
  WARN root [0x00002250] [2017-05-02 16:15:28,963] - TCPPacketReceiver::processPendingEvents: Throwing REASON_GENERAL_NETWORK - WSAECONNRESET
  WARN root [0x00002250] [2017-05-02 16:15:28,963] - TCPPacketReceiver::processPendingEvents: Throwing REASON_GENERAL_NETWORK - WSAECONNRESET
  WARN root [0x00002250] [2017-05-02 16:15:28,963] - TCPPacketReceiver::processPendingEvents: Throwing REASON_GENERAL_NETWORK - WSAECONNRESET
  WARN root [0x00002250] [2017-05-02 16:15:28,963] - TCPPacketReceiver::processPendingEvents: Throwing REASON_GENERAL_NETWORK - WSAECONNRESET
  WARN root [0x00002250] [2017-05-02 16:15:28,963] - TCPPacketReceiver::processPendingEvents: Throwing REASON_GENERAL_NETWORK - WSAECONNRESET
  WARN root [0x00002250] [2017-05-02 16:15:28,963] - TCPPacketReceiver::processPendingEvents: Throwing REASON_GENERAL_NETWORK - WSAECONNRESET
  WARN root [0x00002250] [2017-05-02 16:15:28,963] - TCPPacketReceiver::processPendingEvents: Throwing REASON_GENERAL_NETWORK - WSAECONNRESET
  WARN root [0x00002250] [2017-05-02 16:15:28,963] - TCPPacketReceiver::processPendingEvents: Throwing REASON_GENERAL_NETWORK - WSAECONNRESET
  WARN root [0x00002250] [2017-05-02 16:15:28,963] - TCPPacketReceiver::processPendingEvents: Throwing REASON_GENERAL_NETWORK - WSAECONNRESET
  WARN root [0x00002250] [2017-05-02 16:15:28,963] - TCPPacketReceiver::processPendingEvents: Throwing REASON_GENERAL_NETWORK - WSAECONNRESET
  WARN root [0x00002250] [2017-05-02 16:15:28,963] - TCPPacketReceiver::processPendingEvents: Throwing REASON_GENERAL_NETWORK - WSAECONNRESET
  WARN root [0x00002250] [2017-05-02 16:15:28,963] - TCPPacketReceiver::processPendingEvents: Throwing REASON_GENERAL_NETWORK - WSAECONNRESET
  WARN root [0x00002250] [2017-05-02 16:15:28,963] - TCPPacketReceiver::processPendingEvents: Throwing REASON_GENERAL_NETWORK - WSAECONNRESET
  WARN root [0x00002250] [2017-05-02 16:15:28,963] - TCPPacketReceiver::processPendingEvents: Throwing REASON_GENERAL_NETWORK - WSAECONNRESET
  WARN root [0x00002250] [2017-05-02 16:15:28,963] - TCPPacketReceiver::processPendingEvents: Throwing REASON_GENERAL_NETWORK - WSAECONNRESET
  WARN root [0x00002250] [2017-05-02 16:15:28,963] - TCPPacketReceiver::processPendingEvents: Throwing REASON_GENERAL_NETWORK - WSAECONNRESET
  WARN root [0x00002250] [2017-05-02 16:15:28,963] - TCPPacketReceiver::processPendingEvents: Throwing REASON_GENERAL_NETWORK - WSAECONNRESET
  WARN root [0x00002250] [2017-05-02 16:15:28,963] - TCPPacketReceiver::processPendingEvents: Throwing REASON_GENERAL_NETWORK - WSAECONNRESET
  WARN root [0x00002250] [2017-05-02 16:15:28,963] - TCPPacketReceiver::processPendingEvents: Throwing REASON_GENERAL_NETWORK - WSAECONNRESET
  WARN root [0x00002250] [2017-05-02 16:15:28,963] - TCPPacketReceiver::processPendingEvents: Throwing REASON_GENERAL_NETWORK - WSAECONNRESET
  WARN root [0x00002250] [2017-05-02 16:15:28,963] - TCPPacketReceiver::processPendingEvents: Throwing REASON_GENERAL_NETWORK - WSAECONNRESET
  WARN root [0x00002250] [2017-05-02 16:15:28,963] - TCPPacketReceiver::processPendingEvents: Throwing REASON_GENERAL_NETWORK - WSAECONNRESET
  WARN root [0x00002250] [2017-05-02 16:15:28,963] - TCPPacketReceiver::processPendingEvents: Throwing REASON_GENERAL_NETWORK - WSAECONNRESET
  WARN root [0x00002250] [2017-05-02 16:15:28,963] - TCPPacketReceiver::processPendingEvents: Throwing REASON_GENERAL_NETWORK - WSAECONNRESET
  WARN root [0x00002250] [2017-05-02 16:15:28,963] - TCPPacketReceiver::processPendingEvents: Throwing REASON_GENERAL_NETWORK - WSAECONNRESET
  WARN root [0x00002250] [2017-05-02 16:15:28,963] - TCPPacketReceiver::processPendingEvents: Throwing REASON_GENERAL_NETWORK - WSAECONNRESET
  WARN root [0x00002250] [2017-05-02 16:15:28,963] - TCPPacketReceiver::processPendingEvents: Throwing REASON_GENERAL_NETWORK - WSAECONNRESET
  WARN root [0x00002250] [2017-05-02 16:15:28,979] - TCPPacketReceiver::processPendingEvents: Throwing REASON_GENERAL_NETWORK - WSAECONNRESET
  WARN root [0x00002250] [2017-05-02 16:15:28,979] - TCPPacketReceiver::processPendingEvents: Throwing REASON_GENERAL_NETWORK - WSAECONNRESET
  WARN root [0x00002250] [2017-05-02 16:15:28,979] - TCPPacketReceiver::processPendingEvents: Throwing REASON_GENERAL_NETWORK - WSAECONNRESET
  WARN root [0x00002250] [2017-05-02 16:15:28,979] - TCPPacketReceiver::processPendingEvents: Throwing REASON_GENERAL_NETWORK - WSAECONNRESET
  WARN root [0x00002250] [2017-05-02 16:15:28,979] - TCPPacketReceiver::processPendingEvents: Throwing REASON_GENERAL_NETWORK - WSAECONNRESET
  WARN root [0x00002250] [2017-05-02 16:15:28,979] - TCPPacketReceiver::processPendingEvents: Throwing REASON_GENERAL_NETWORK - WSAECONNRESET
  WARN root [0x00002250] [2017-05-02 16:15:28,979] - TCPPacketReceiver::processPendingEvents: Throwing REASON_GENERAL_NETWORK - WSAECONNRESET
  WARN root [0x00002250] [2017-05-02 16:15:28,979] - TCPPacketReceiver::processPendingEvents: Throwing REASON_GENERAL_NETWORK - WSAECONNRESET
  WARN root [0x00002250] [2017-05-02 16:15:28,979] - TCPPacketReceiver::processPendingEvents: Throwing REASON_GENERAL_NETWORK - WSAECONNRESET
  WARN root [0x00002250] [2017-05-02 16:15:28,979] - TCPPacketReceiver::processPendingEvents: Throwing REASON_GENERAL_NETWORK - WSAECONNRESET
  WARN root [0x00002250] [2017-05-02 16:15:28,979] - TCPPacketReceiver::processPendingEvents: Throwing REASON_GENERAL_NETWORK - WSAECONNRESET
  WARN root [0x00002250] [2017-05-02 16:15:28,979] - TCPPacketReceiver::processPendingEvents: Throwing REASON_GENERAL_NETWORK - WSAECONNRESET
  WARN root [0x00002250] [2017-05-02 16:15:28,979] - TCPPacketReceiver::processPendingEvents: Throwing REASON_GENERAL_NETWORK - WSAECONNRESET
  WARN root [0x00002250] [2017-05-02 16:15:28,979] - TCPPacketReceiver::processPendingEvents: Throwing REASON_GENERAL_NETWORK - WSAECONNRESET
  WARN root [0x00002250] [2017-05-02 16:15:28,979] - TCPPacketReceiver::processPendingEvents: Throwing REASON_GENERAL_NETWORK - WSAECONNRESET
  WARN root [0x00002250] [2017-05-02 16:15:28,979] - TCPPacketReceiver::processPendingEvents: Throwing REASON_GENERAL_NETWORK - WSAECONNRESET
  WARN root [0x00002250] [2017-05-02 16:15:28,979] - TCPPacketReceiver::processPendingEvents: Throwing REASON_GENERAL_NETWORK - WSAECONNRESET
  WARN root [0x00002250] [2017-05-02 16:15:28,979] - TCPPacketReceiver::processPendingEvents: Throwing REASON_GENERAL_NETWORK - WSAECONNRESET
