  INFO root [0x00001afc] [2017-05-03 10:12:27,320] - -----------------------------------------------------------------------------------------


  INFO root [0x00001afc] [2017-05-03 10:12:27,367] - NetworkInterface::recreateListeningSocket(INTERNAL): bound to all interfaces with default route interface on 192.168.99.104 ( 192.168.99.104:51418 )
  INFO root [0x00001afc] [2017-05-03 10:12:27,367] - NetworkInterface::recreateListeningSocket(INTERNAL): address 192.168.99.104:51418, SOMAXCONN=5.
 DEBUG root [0x00001afc] [2017-05-03 10:12:27,383] - Script::install_py_dlls(): PyInit_pyexpat
 DEBUG root [0x00001afc] [2017-05-03 10:12:27,398] - Script::install_py_dlls(): PyInit__socket
 DEBUG root [0x00001afc] [2017-05-03 10:12:27,398] - Script::install_py_dlls(): PyInit__hashlib
 DEBUG root [0x00001afc] [2017-05-03 10:12:27,398] - Script::install_py_dlls(): PyInit_select
 DEBUG root [0x00001afc] [2017-05-03 10:12:27,398] - Script::install_py_dlls(): PyInit__ctypes
 DEBUG root [0x00001afc] [2017-05-03 10:12:27,398] - Script::install_py_dlls(): PyInit__elementtree
 DEBUG root [0x00001afc] [2017-05-03 10:12:27,414] - Script::install_py_dlls(): PyInit_unicodedata
  INFO root [0x00001afc] [2017-05-03 10:12:27,445] - Script::install(): is successfully, Python=(3.4.2 (default, Mar 28 2017, 21:11:54) [MSC v.1800 32 bit (Intel)])!
  INFO root [0x00001afc] [2017-05-03 10:12:27,445] - Script::install(): KBExtra is successfully!
  INFO root [0x00001afc] [2017-05-03 10:12:27,445] - ---- bots Version: 0.9.12. ScriptVersion: 0.1.0. Protocol: 0A0C7DE03C7917F592D391CAD7A54761. Config: Debug. Built: 21:12:03 Mar 28 2017. AppID: 6415725712153837568. UID: 29585. PID: 6960 ----
  INFO root [0x00001afc] [2017-05-03 10:12:27,445] - Server : Intel(R) Xeon(R) CPU E3-1230 v3 @ 3.30GHz with 4194303kB RAM
  INFO root [0x00001afc] [2017-05-03 10:12:27,445] - ThreadPool::createThreadPool: creating  threadpool...
  INFO root [0x00001afc] [2017-05-03 10:12:27,445] - ThreadPool::createThreadPool: successfully(1), newThreadCount=1, normalMaxThreadCount=1, maxThreadCount=4
 DEBUG root [0x00001afc] [2017-05-03 10:12:27,554] - loaded script:Account(1).
  INFO root [0x00001afc] [2017-05-03 10:12:27,554] - TelnetServer server is running on port 51000
 S_DBG root [0x00001afc] [2017-05-03 10:12:27,554] - onInit::isReload:0
  INFO root [0x00001afc] [2017-05-03 10:12:27,554] - ---- bots is running ----
 DEBUG root [0x00001afc] [2017-05-03 10:12:27,554] - Components::process(): Request for the process of identity...
 DEBUG root [0x00001afc] [2017-05-03 10:12:34,122] - KBEBlowfish::KBEBlowfish(): Using Blowfish key: 77 32 3F 2B 0B 13 08 B5 F7 6C F1 3B 1B 4A 5F D1
  WARN root [0x00001afc] [2017-05-03 10:12:34,122] - bots.cpp:284: Profile updateBots took 0.35 seconds
  INFO root [0x00001afc] [2017-05-03 10:12:34,122] - ClientObjectBase::onHelloCB: verInfo=0.9.12, scriptVerInfo=0.1.0, protocolMD5=68AB0B61C4A3C03CD0C0349737585262, entityDefMD5=F7C6ED928DA2B54855D4E9E1C12FD81B, addr:127.0.0.1:20013/0/0/0
  INFO root [0x00001afc] [2017-05-03 10:12:34,356] - ClientObject::onCreateAccountResult: bot_6415725712153837568_13259075839261247136 create is successfully!
  INFO root [0x00001afc] [2017-05-03 10:12:34,668] - ClientObject::onLoginSuccessfully: bot_6415725712153837568_13259075839261247136 addr=192.168.99.104:20015!
 DEBUG root [0x00001afc] [2017-05-03 10:12:34,668] - KBEBlowfish::KBEBlowfish(): Using Blowfish key: 76 42 0D AE D5 E1 58 CC C1 3A C9 90 3C F4 88 C6
  INFO root [0x00001afc] [2017-05-03 10:12:34,762] - ClientObjectBase::onHelloCB: verInfo=0.9.12, scriptVerInfo=0.1.0, protocolMD5=04DE5A563B306FEA37F19432189DFE1B, entityDefMD5=F7C6ED928DA2B54855D4E9E1C12FD81B, addr:192.168.99.104:20015/0/0/0
  INFO root [0x00001afc] [2017-05-03 10:12:35,058] - ClientObject::onCreatedProxies(bot_6415725712153837568_13259075839261247136): rndUUID=6415725741929332736 eid=3 entityType=Account!
 S_DBG root [0x00001afc] [2017-05-03 10:12:35,058] - Account::__init__:{}.
  INFO root [0x00001afc] [2017-05-03 10:12:35,058] - ClientObjectBase::createEntity: new Account (3)
  INFO root [0x00001afc] [2017-05-03 10:12:35,136] - Components::findComponents: find logger(1)...
  INFO root [0x00001afc] [2017-05-03 10:12:35,214] - Components::findComponents: found logger, addr:192.168.99.104:51353
  INFO root [0x00001afc] [2017-05-03 10:12:35,214] - Components::addComponent: reset orderLog, uid=29585!
  INFO root [0x00001afc] [2017-05-03 10:12:35,214] - Components::addComponent[logger], uid=29585, componentID=2000, globalorderid=1, grouporderid=1, totalcount=1
  INFO root [0x00001afc] [2017-05-03 10:12:35,230] - Components::process(): Found all the components!
 DEBUG root [0x00001afc] [2017-05-03 10:12:35,261] - ClientObjectBase::onPlayerEnterWorld: Account(3), isOnGround(0), appID(2).
 DEBUG root [0x00001afc] [2017-05-03 10:12:35,261] - ClientObjectBase::initSpaceData: spaceID(1), datasize=0.
 DEBUG root [0x00001afc] [2017-05-03 10:12:35,261] - ClientObjectBase::onEntityEnterSpace: PlayerAccount(3).
  INFO root [0x00001afc] [2017-05-03 10:13:35,230] - ClientApp::onChannelTimeOut: Channel 192.168.99.104:51353/0/0/0 timed out.
  INFO root [0x00001afc] [2017-05-03 10:14:32,265] - ClientObjectBase::onKicked: code=11
 DEBUG root [0x00001afc] [2017-05-03 10:14:32,265] - ClientObjectBase::tickSend: serverCloased!
  WARN root [0x00001afc] [2017-05-03 10:14:32,405] - TCPPacketReceiver::processPendingEvents: Throwing REASON_GENERAL_NETWORK - WSAECONNRESET
  WARN root [0x00001afc] [2017-05-03 10:14:32,405] - TCPPacketReceiver::processPendingEvents: Throwing REASON_GENERAL_NETWORK - WSAECONNRESET
  WARN root [0x00001afc] [2017-05-03 10:14:32,405] - TCPPacketReceiver::processPendingEvents: Throwing REASON_GENERAL_NETWORK - WSAECONNRESET
  WARN root [0x00001afc] [2017-05-03 10:14:32,405] - TCPPacketReceiver::processPendingEvents: Throwing REASON_GENERAL_NETWORK - WSAECONNRESET
  WARN root [0x00001afc] [2017-05-03 10:14:32,405] - TCPPacketReceiver::processPendingEvents: Throwing REASON_GENERAL_NETWORK - WSAECONNRESET
  WARN root [0x00001afc] [2017-05-03 10:14:32,405] - TCPPacketReceiver::processPendingEvents: Throwing REASON_GENERAL_NETWORK - WSAECONNRESET
  WARN root [0x00001afc] [2017-05-03 10:14:32,405] - TCPPacketReceiver::processPendingEvents: Throwing REASON_GENERAL_NETWORK - WSAECONNRESET
  WARN root [0x00001afc] [2017-05-03 10:14:32,405] - TCPPacketReceiver::processPendingEvents: Throwing REASON_GENERAL_NETWORK - WSAECONNRESET
  WARN root [0x00001afc] [2017-05-03 10:14:32,405] - TCPPacketReceiver::processPendingEvents: Throwing REASON_GENERAL_NETWORK - WSAECONNRESET
  WARN root [0x00001afc] [2017-05-03 10:14:32,405] - TCPPacketReceiver::processPendingEvents: Throwing REASON_GENERAL_NETWORK - WSAECONNRESET
  WARN root [0x00001afc] [2017-05-03 10:14:32,405] - TCPPacketReceiver::processPendingEvents: Throwing REASON_GENERAL_NETWORK - WSAECONNRESET
  WARN root [0x00001afc] [2017-05-03 10:14:32,405] - TCPPacketReceiver::processPendingEvents: Throwing REASON_GENERAL_NETWORK - WSAECONNRESET
  WARN root [0x00001afc] [2017-05-03 10:14:32,405] - TCPPacketReceiver::processPendingEvents: Throwing REASON_GENERAL_NETWORK - WSAECONNRESET
  WARN root [0x00001afc] [2017-05-03 10:14:32,405] - TCPPacketReceiver::processPendingEvents: Throwing REASON_GENERAL_NETWORK - WSAECONNRESET
  WARN root [0x00001afc] [2017-05-03 10:14:32,405] - TCPPacketReceiver::processPendingEvents: Throwing REASON_GENERAL_NETWORK - WSAECONNRESET
  WARN root [0x00001afc] [2017-05-03 10:14:32,405] - TCPPacketReceiver::processPendingEvents: Throwing REASON_GENERAL_NETWORK - WSAECONNRESET
  WARN root [0x00001afc] [2017-05-03 10:14:32,405] - TCPPacketReceiver::processPendingEvents: Throwing REASON_GENERAL_NETWORK - WSAECONNRESET
  WARN root [0x00001afc] [2017-05-03 10:14:32,405] - TCPPacketReceiver::processPendingEvents: Throwing REASON_GENERAL_NETWORK - WSAECONNRESET
  WARN root [0x00001afc] [2017-05-03 10:14:32,405] - TCPPacketReceiver::processPendingEvents: Throwing REASON_GENERAL_NETWORK - WSAECONNRESET
  WARN root [0x00001afc] [2017-05-03 10:14:32,405] - TCPPacketReceiver::processPendingEvents: Throwing REASON_GENERAL_NETWORK - WSAECONNRESET
  WARN root [0x00001afc] [2017-05-03 10:14:32,405] - TCPPacketReceiver::processPendingEvents: Throwing REASON_GENERAL_NETWORK - WSAECONNRESET
  WARN root [0x00001afc] [2017-05-03 10:14:32,405] - TCPPacketReceiver::processPendingEvents: Throwing REASON_GENERAL_NETWORK - WSAECONNRESET
  WARN root [0x00001afc] [2017-05-03 10:14:32,405] - TCPPacketReceiver::processPendingEvents: Throwing REASON_GENERAL_NETWORK - WSAECONNRESET
  WARN root [0x00001afc] [2017-05-03 10:14:32,405] - TCPPacketReceiver::processPendingEvents: Throwing REASON_GENERAL_NETWORK - WSAECONNRESET
  WARN root [0x00001afc] [2017-05-03 10:14:32,405] - TCPPacketReceiver::processPendingEvents: Throwing REASON_GENERAL_NETWORK - WSAECONNRESET
  WARN root [0x00001afc] [2017-05-03 10:14:32,405] - TCPPacketReceiver::processPendingEvents: Throwing REASON_GENERAL_NETWORK - WSAECONNRESET
  WARN root [0x00001afc] [2017-05-03 10:14:32,405] - TCPPacketReceiver::processPendingEvents: Throwing REASON_GENERAL_NETWORK - WSAECONNRESET
  WARN root [0x00001afc] [2017-05-03 10:14:32,405] - TCPPacketReceiver::processPendingEvents: Throwing REASON_GENERAL_NETWORK - WSAECONNRESET
  WARN root [0x00001afc] [2017-05-03 10:14:32,405] - TCPPacketReceiver::processPendingEvents: Throwing REASON_GENERAL_NETWORK - WSAECONNRESET
  WARN root [0x00001afc] [2017-05-03 10:14:32,405] - TCPPacketReceiver::processPendingEvents: Throwing REASON_GENERAL_NETWORK - WSAECONNRESET
  WARN root [0x00001afc] [2017-05-03 10:14:32,405] - TCPPacketReceiver::processPendingEvents: Throwing REASON_GENERAL_NETWORK - WSAECONNRESET
  WARN root [0x00001afc] [2017-05-03 10:14:32,405] - TCPPacketReceiver::processPendingEvents: Throwing REASON_GENERAL_NETWORK - WSAECONNRESET
  WARN root [0x00001afc] [2017-05-03 10:14:32,405] - TCPPacketReceiver::processPendingEvents: Throwing REASON_GENERAL_NETWORK - WSAECONNRESET
  WARN root [0x00001afc] [2017-05-03 10:14:32,405] - TCPPacketReceiver::processPendingEvents: Throwing REASON_GENERAL_NETWORK - WSAECONNRESET
  WARN root [0x00001afc] [2017-05-03 10:14:32,405] - TCPPacketReceiver::processPendingEvents: Throwing REASON_GENERAL_NETWORK - WSAECONNRESET
  WARN root [0x00001afc] [2017-05-03 10:14:32,405] - TCPPacketReceiver::processPendingEvents: Throwing REASON_GENERAL_NETWORK - WSAECONNRESET
  WARN root [0x00001afc] [2017-05-03 10:14:32,405] - TCPPacketReceiver::processPendingEvents: Throwing REASON_GENERAL_NETWORK - WSAECONNRESET
  WARN root [0x00001afc] [2017-05-03 10:14:32,405] - TCPPacketReceiver::processPendingEvents: Throwing REASON_GENERAL_NETWORK - WSAECONNRESET
  WARN root [0x00001afc] [2017-05-03 10:14:32,405] - TCPPacketReceiver::processPendingEvents: Throwing REASON_GENERAL_NETWORK - WSAECONNRESET
  WARN root [0x00001afc] [2017-05-03 10:14:32,405] - TCPPacketReceiver::processPendingEvents: Throwing REASON_GENERAL_NETWORK - WSAECONNRESET
  WARN root [0x00001afc] [2017-05-03 10:14:32,405] - TCPPacketReceiver::processPendingEvents: Throwing REASON_GENERAL_NETWORK - WSAECONNRESET
  WARN root [0x00001afc] [2017-05-03 10:14:32,405] - TCPPacketReceiver::processPendingEvents: Throwing REASON_GENERAL_NETWORK - WSAECONNRESET
  WARN root [0x00001afc] [2017-05-03 10:14:32,405] - TCPPacketReceiver::processPendingEvents: Throwing REASON_GENERAL_NETWORK - WSAECONNRESET
  WARN root [0x00001afc] [2017-05-03 10:14:32,405] - TCPPacketReceiver::processPendingEvents: Throwing REASON_GENERAL_NETWORK - WSAECONNRESET
  WARN root [0x00001afc] [2017-05-03 10:14:32,405] - TCPPacketReceiver::processPendingEvents: Throwing REASON_GENERAL_NETWORK - WSAECONNRESET
  WARN root [0x00001afc] [2017-05-03 10:14:32,405] - TCPPacketReceiver::processPendingEvents: Throwing REASON_GENERAL_NETWORK - WSAECONNRESET
  WARN root [0x00001afc] [2017-05-03 10:14:32,405] - TCPPacketReceiver::processPendingEvents: Throwing REASON_GENERAL_NETWORK - WSAECONNRESET
  WARN root [0x00001afc] [2017-05-03 10:14:32,405] - TCPPacketReceiver::processPendingEvents: Throwing REASON_GENERAL_NETWORK - WSAECONNRESET
  WARN root [0x00001afc] [2017-05-03 10:14:32,405] - TCPPacketReceiver::processPendingEvents: Throwing REASON_GENERAL_NETWORK - WSAECONNRESET
  WARN root [0x00001afc] [2017-05-03 10:14:32,405] - TCPPacketReceiver::processPendingEvents: Throwing REASON_GENERAL_NETWORK - WSAECONNRESET
  WARN root [0x00001afc] [2017-05-03 10:14:32,405] - TCPPacketReceiver::processPendingEvents: Throwing REASON_GENERAL_NETWORK - WSAECONNRESET
  WARN root [0x00001afc] [2017-05-03 10:14:32,405] - TCPPacketReceiver::processPendingEvents: Throwing REASON_GENERAL_NETWORK - WSAECONNRESET
  WARN root [0x00001afc] [2017-05-03 10:14:32,405] - TCPPacketReceiver::processPendingEvents: Throwing REASON_GENERAL_NETWORK - WSAECONNRESET
  WARN root [0x00001afc] [2017-05-03 10:14:32,405] - TCPPacketReceiver::processPendingEvents: Throwing REASON_GENERAL_NETWORK - WSAECONNRESET
  WARN root [0x00001afc] [2017-05-03 10:14:32,405] - TCPPacketReceiver::processPendingEvents: Throwing REASON_GENERAL_NETWORK - WSAECONNRESET
  WARN root [0x00001afc] [2017-05-03 10:14:32,405] - TCPPacketReceiver::processPendingEvents: Throwing REASON_GENERAL_NETWORK - WSAECONNRESET
  WARN root [0x00001afc] [2017-05-03 10:14:32,405] - TCPPacketReceiver::processPendingEvents: Throwing REASON_GENERAL_NETWORK - WSAECONNRESET
  WARN root [0x00001afc] [2017-05-03 10:14:32,405] - TCPPacketReceiver::processPendingEvents: Throwing REASON_GENERAL_NETWORK - WSAECONNRESET
  WARN root [0x00001afc] [2017-05-03 10:14:32,405] - TCPPacketReceiver::processPendingEvents: Throwing REASON_GENERAL_NETWORK - WSAECONNRESET
  WARN root [0x00001afc] [2017-05-03 10:14:32,405] - TCPPacketReceiver::processPendingEvents: Throwing REASON_GENERAL_NETWORK - WSAECONNRESET
  WARN root [0x00001afc] [2017-05-03 10:14:32,405] - TCPPacketReceiver::processPendingEvents: Throwing REASON_GENERAL_NETWORK - WSAECONNRESET
  WARN root [0x00001afc] [2017-05-03 10:14:32,405] - TCPPacketReceiver::processPendingEvents: Throwing REASON_GENERAL_NETWORK - WSAECONNRESET
  WARN root [0x00001afc] [2017-05-03 10:14:32,405] - TCPPacketReceiver::processPendingEvents: Throwing REASON_GENERAL_NETWORK - WSAECONNRESET
  WARN root [0x00001afc] [2017-05-03 10:14:32,421] - TCPPacketReceiver::processPendingEvents: Throwing REASON_GENERAL_NETWORK - WSAECONNRESET
  WARN root [0x00001afc] [2017-05-03 10:14:32,421] - TCPPacketReceiver::processPendingEvents: Throwing REASON_GENERAL_NETWORK - WSAECONNRESET
  WARN root [0x00001afc] [2017-05-03 10:14:32,421] - TCPPacketReceiver::processPendingEvents: Throwing REASON_GENERAL_NETWORK - WSAECONNRESET
  WARN root [0x00001afc] [2017-05-03 10:14:32,421] - TCPPacketReceiver::processPendingEvents: Throwing REASON_GENERAL_NETWORK - WSAECONNRESET
  WARN root [0x00001afc] [2017-05-03 10:14:32,421] - TCPPacketReceiver::processPendingEvents: Throwing REASON_GENERAL_NETWORK - WSAECONNRESET
  WARN root [0x00001afc] [2017-05-03 10:14:32,421] - TCPPacketReceiver::processPendingEvents: Throwing REASON_GENERAL_NETWORK - WSAECONNRESET
  WARN root [0x00001afc] [2017-05-03 10:14:32,421] - TCPPacketReceiver::processPendingEvents: Throwing REASON_GENERAL_NETWORK - WSAECONNRESET
  WARN root [0x00001afc] [2017-05-03 10:14:32,421] - TCPPacketReceiver::processPendingEvents: Throwing REASON_GENERAL_NETWORK - WSAECONNRESET
  WARN root [0x00001afc] [2017-05-03 10:14:32,421] - TCPPacketReceiver::processPendingEvents: Throwing REASON_GENERAL_NETWORK - WSAECONNRESET
  WARN root [0x00001afc] [2017-05-03 10:14:32,421] - TCPPacketReceiver::processPendingEvents: Throwing REASON_GENERAL_NETWORK - WSAECONNRESET
  WARN root [0x00001afc] [2017-05-03 10:14:32,421] - TCPPacketReceiver::processPendingEvents: Throwing REASON_GENERAL_NETWORK - WSAECONNRESET
  WARN root [0x00001afc] [2017-05-03 10:14:32,421] - TCPPacketReceiver::processPendingEvents: Throwing REASON_GENERAL_NETWORK - WSAECONNRESET
  WARN root [0x00001afc] [2017-05-03 10:14:32,421] - TCPPacketReceiver::processPendingEvents: Throwing REASON_GENERAL_NETWORK - WSAECONNRESET
  WARN root [0x00001afc] [2017-05-03 10:14:32,421] - TCPPacketReceiver::processPendingEvents: Throwing REASON_GENERAL_NETWORK - WSAECONNRESET
  WARN root [0x00001afc] [2017-05-03 10:14:32,421] - TCPPacketReceiver::processPendingEvents: Throwing REASON_GENERAL_NETWORK - WSAECONNRESET
  WARN root [0x00001afc] [2017-05-03 10:14:32,421] - TCPPacketReceiver::processPendingEvents: Throwing REASON_GENERAL_NETWORK - WSAECONNRESET
  WARN root [0x00001afc] [2017-05-03 10:14:32,421] - TCPPacketReceiver::processPendingEvents: Throwing REASON_GENERAL_NETWORK - WSAECONNRESET
  WARN root [0x00001afc] [2017-05-03 10:14:32,421] - TCPPacketReceiver::processPendingEvents: Throwing REASON_GENERAL_NETWORK - WSAECONNRESET
  WARN root [0x00001afc] [2017-05-03 10:14:32,421] - TCPPacketReceiver::processPendingEvents: Throwing REASON_GENERAL_NETWORK - WSAECONNRESET
  WARN root [0x00001afc] [2017-05-03 10:14:32,421] - TCPPacketReceiver::processPendingEvents: Throwing REASON_GENERAL_NETWORK - WSAECONNRESET
  WARN root [0x00001afc] [2017-05-03 10:14:32,421] - TCPPacketReceiver::processPendingEvents: Throwing REASON_GENERAL_NETWORK - WSAECONNRESET
  WARN root [0x00001afc] [2017-05-03 10:14:32,421] - TCPPacketReceiver::processPendingEvents: Throwing REASON_GENERAL_NETWORK - WSAECONNRESET
  WARN root [0x00001afc] [2017-05-03 10:14:32,421] - TCPPacketReceiver::processPendingEvents: Throwing REASON_GENERAL_NETWORK - WSAECONNRESET
  WARN root [0x00001afc] [2017-05-03 10:14:32,421] - TCPPacketReceiver::processPendingEvents: Throwing REASON_GENERAL_NETWORK - WSAECONNRESET
  WARN root [0x00001afc] [2017-05-03 10:14:32,421] - TCPPacketReceiver::processPendingEvents: Throwing REASON_GENERAL_NETWORK - WSAECONNRESET
  WARN root [0x00001afc] [2017-05-03 10:14:32,421] - TCPPacketReceiver::processPendingEvents: Throwing REASON_GENERAL_NETWORK - WSAECONNRESET
  WARN root [0x00001afc] [2017-05-03 10:14:32,421] - TCPPacketReceiver::processPendingEvents: Throwing REASON_GENERAL_NETWORK - WSAECONNRESET
  WARN root [0x00001afc] [2017-05-03 10:14:32,421] - TCPPacketReceiver::processPendingEvents: Throwing REASON_GENERAL_NETWORK - WSAECONNRESET
  WARN root [0x00001afc] [2017-05-03 10:14:32,421] - TCPPacketReceiver::processPendingEvents: Throwing REASON_GENERAL_NETWORK - WSAECONNRESET
  WARN root [0x00001afc] [2017-05-03 10:14:32,421] - TCPPacketReceiver::processPendingEvents: Throwing REASON_GENERAL_NETWORK - WSAECONNRESET
  WARN root [0x00001afc] [2017-05-03 10:14:32,421] - TCPPacketReceiver::processPendingEvents: Throwing REASON_GENERAL_NETWORK - WSAECONNRESET
  WARN root [0x00001afc] [2017-05-03 10:14:32,421] - TCPPacketReceiver::processPendingEvents: Throwing REASON_GENERAL_NETWORK - WSAECONNRESET
  WARN root [0x00001afc] [2017-05-03 10:14:32,421] - TCPPacketReceiver::processPendingEvents: Throwing REASON_GENERAL_NETWORK - WSAECONNRESET
  WARN root [0x00001afc] [2017-05-03 10:14:32,421] - TCPPacketReceiver::processPendingEvents: Throwing REASON_GENERAL_NETWORK - WSAECONNRESET
  WARN root [0x00001afc] [2017-05-03 10:14:32,421] - TCPPacketReceiver::processPendingEvents: Throwing REASON_GENERAL_NETWORK - WSAECONNRESET
  WARN root [0x00001afc] [2017-05-03 10:14:32,421] - TCPPacketReceiver::processPendingEvents: Throwing REASON_GENERAL_NETWORK - WSAECONNRESET
  WARN root [0x00001afc] [2017-05-03 10:14:32,421] - TCPPacketReceiver::processPendingEvents: Throwing REASON_GENERAL_NETWORK - WSAECONNRESET
  WARN root [0x00001afc] [2017-05-03 10:14:32,421] - TCPPacketReceiver::processPendingEvents: Throwing REASON_GENERAL_NETWORK - WSAECONNRESET
  WARN root [0x00001afc] [2017-05-03 10:14:32,421] - TCPPacketReceiver::processPendingEvents: Throwing REASON_GENERAL_NETWORK - WSAECONNRESET
  WARN root [0x00001afc] [2017-05-03 10:14:32,421] - TCPPacketReceiver::processPendingEvents: Throwing REASON_GENERAL_NETWORK - WSAECONNRESET
  WARN root [0x00001afc] [2017-05-03 10:14:32,421] - TCPPacketReceiver::processPendingEvents: Throwing REASON_GENERAL_NETWORK - WSAECONNRESET
  WARN root [0x00001afc] [2017-05-03 10:14:32,421] - TCPPacketReceiver::processPendingEvents: Throwing REASON_GENERAL_NETWORK - WSAECONNRESET
  WARN root [0x00001afc] [2017-05-03 10:14:32,421] - TCPPacketReceiver::processPendingEvents: Throwing REASON_GENERAL_NETWORK - WSAECONNRESET
  WARN root [0x00001afc] [2017-05-03 10:14:32,421] - TCPPacketReceiver::processPendingEvents: Throwing REASON_GENERAL_NETWORK - WSAECONNRESET
  WARN root [0x00001afc] [2017-05-03 10:14:32,421] - TCPPacketReceiver::processPendingEvents: Throwing REASON_GENERAL_NETWORK - WSAECONNRESET
  WARN root [0x00001afc] [2017-05-03 10:14:32,421] - TCPPacketReceiver::processPendingEvents: Throwing REASON_GENERAL_NETWORK - WSAECONNRESET
  WARN root [0x00001afc] [2017-05-03 10:14:32,421] - TCPPacketReceiver::processPendingEvents: Throwing REASON_GENERAL_NETWORK - WSAECONNRESET
  WARN root [0x00001afc] [2017-05-03 10:14:32,421] - TCPPacketReceiver::processPendingEvents: Throwing REASON_GENERAL_NETWORK - WSAECONNRESET
  WARN root [0x00001afc] [2017-05-03 10:14:32,421] - TCPPacketReceiver::processPendingEvents: Throwing REASON_GENERAL_NETWORK - WSAECONNRESET
  WARN root [0x00001afc] [2017-05-03 10:14:32,421] - TCPPacketReceiver::processPendingEvents: Throwing REASON_GENERAL_NETWORK - WSAECONNRESET
  WARN root [0x00001afc] [2017-05-03 10:14:32,421] - TCPPacketReceiver::processPendingEvents: Throwing REASON_GENERAL_NETWORK - WSAECONNRESET
  WARN root [0x00001afc] [2017-05-03 10:14:32,421] - TCPPacketReceiver::processPendingEvents: Throwing REASON_GENERAL_NETWORK - WSAECONNRESET
  WARN root [0x00001afc] [2017-05-03 10:14:32,421] - TCPPacketReceiver::processPendingEvents: Throwing REASON_GENERAL_NETWORK - WSAECONNRESET
  WARN root [0x00001afc] [2017-05-03 10:14:32,421] - TCPPacketReceiver::processPendingEvents: Throwing REASON_GENERAL_NETWORK - WSAECONNRESET
  WARN root [0x00001afc] [2017-05-03 10:14:32,421] - TCPPacketReceiver::processPendingEvents: Throwing REASON_GENERAL_NETWORK - WSAECONNRESET
  WARN root [0x00001afc] [2017-05-03 10:14:32,421] - TCPPacketReceiver::processPendingEvents: Throwing REASON_GENERAL_NETWORK - WSAECONNRESET
  WARN root [0x00001afc] [2017-05-03 10:14:32,421] - TCPPacketReceiver::processPendingEvents: Throwing REASON_GENERAL_NETWORK - WSAECONNRESET
  WARN root [0x00001afc] [2017-05-03 10:14:32,421] - TCPPacketReceiver::processPendingEvents: Throwing REASON_GENERAL_NETWORK - WSAECONNRESET
  WARN root [0x00001afc] [2017-05-03 10:14:32,421] - TCPPacketReceiver::processPendingEvents: Throwing REASON_GENERAL_NETWORK - WSAECONNRESET
  WARN root [0x00001afc] [2017-05-03 10:14:32,421] - TCPPacketReceiver::processPendingEvents: Throwing REASON_GENERAL_NETWORK - WSAECONNRESET
  WARN root [0x00001afc] [2017-05-03 10:14:32,421] - TCPPacketReceiver::processPendingEvents: Throwing REASON_GENERAL_NETWORK - WSAECONNRESET
  WARN root [0x00001afc] [2017-05-03 10:14:32,421] - TCPPacketReceiver::processPendingEvents: Throwing REASON_GENERAL_NETWORK - WSAECONNRESET
  WARN root [0x00001afc] [2017-05-03 10:14:32,421] - TCPPacketReceiver::processPendingEvents: Throwing REASON_GENERAL_NETWORK - WSAECONNRESET
  WARN root [0x00001afc] [2017-05-03 10:14:32,421] - TCPPacketReceiver::processPendingEvents: Throwing REASON_GENERAL_NETWORK - WSAECONNRESET
  WARN root [0x00001afc] [2017-05-03 10:14:32,421] - TCPPacketReceiver::processPendingEvents: Throwing REASON_GENERAL_NETWORK - WSAECONNRESET
  WARN root [0x00001afc] [2017-05-03 10:14:32,421] - TCPPacketReceiver::processPendingEvents: Throwing REASON_GENERAL_NETWORK - WSAECONNRESET
  WARN root [0x00001afc] [2017-05-03 10:14:32,421] - TCPPacketReceiver::processPendingEvents: Throwing REASON_GENERAL_NETWORK - WSAECONNRESET
  WARN root [0x00001afc] [2017-05-03 10:14:32,421] - TCPPacketReceiver::processPendingEvents: Throwing REASON_GENERAL_NETWORK - WSAECONNRESET
  WARN root [0x00001afc] [2017-05-03 10:14:32,421] - TCPPacketReceiver::processPendingEvents: Throwing REASON_GENERAL_NETWORK - WSAECONNRESET
  WARN root [0x00001afc] [2017-05-03 10:14:32,421] - TCPPacketReceiver::processPendingEvents: Throwing REASON_GENERAL_NETWORK - WSAECONNRESET
  WARN root [0x00001afc] [2017-05-03 10:14:32,421] - TCPPacketReceiver::processPendingEvents: Throwing REASON_GENERAL_NETWORK - WSAECONNRESET
  WARN root [0x00001afc] [2017-05-03 10:14:32,421] - TCPPacketReceiver::processPendingEvents: Throwing REASON_GENERAL_NETWORK - WSAECONNRESET
  WARN root [0x00001afc] [2017-05-03 10:14:32,421] - TCPPacketReceiver::processPendingEvents: Throwing REASON_GENERAL_NETWORK - WSAECONNRESET
  WARN root [0x00001afc] [2017-05-03 10:14:32,421] - TCPPacketReceiver::processPendingEvents: Throwing REASON_GENERAL_NETWORK - WSAECONNRESET
  WARN root [0x00001afc] [2017-05-03 10:14:32,421] - TCPPacketReceiver::processPendingEvents: Throwing REASON_GENERAL_NETWORK - WSAECONNRESET
  WARN root [0x00001afc] [2017-05-03 10:14:32,421] - TCPPacketReceiver::processPendingEvents: Throwing REASON_GENERAL_NETWORK - WSAECONNRESET
  WARN root [0x00001afc] [2017-05-03 10:14:32,421] - TCPPacketReceiver::processPendingEvents: Throwing REASON_GENERAL_NETWORK - WSAECONNRESET
  WARN root [0x00001afc] [2017-05-03 10:14:32,421] - TCPPacketReceiver::processPendingEvents: Throwing REASON_GENERAL_NETWORK - WSAECONNRESET
  WARN root [0x00001afc] [2017-05-03 10:14:32,421] - TCPPacketReceiver::processPendingEvents: Throwing REASON_GENERAL_NETWORK - WSAECONNRESET
  WARN root [0x00001afc] [2017-05-03 10:14:32,421] - TCPPacketReceiver::processPendingEvents: Throwing REASON_GENERAL_NETWORK - WSAECONNRESET
  WARN root [0x00001afc] [2017-05-03 10:14:32,421] - TCPPacketReceiver::processPendingEvents: Throwing REASON_GENERAL_NETWORK - WSAECONNRESET
  WARN root [0x00001afc] [2017-05-03 10:14:32,421] - TCPPacketReceiver::processPendingEvents: Throwing REASON_GENERAL_NETWORK - WSAECONNRESET
  WARN root [0x00001afc] [2017-05-03 10:14:32,421] - TCPPacketReceiver::processPendingEvents: Throwing REASON_GENERAL_NETWORK - WSAECONNRESET
  WARN root [0x00001afc] [2017-05-03 10:14:32,421] - TCPPacketReceiver::processPendingEvents: Throwing REASON_GENERAL_NETWORK - WSAECONNRESET
  WARN root [0x00001afc] [2017-05-03 10:14:32,421] - TCPPacketReceiver::processPendingEvents: Throwing REASON_GENERAL_NETWORK - WSAECONNRESET
  WARN root [0x00001afc] [2017-05-03 10:14:32,421] - TCPPacketReceiver::processPendingEvents: Throwing REASON_GENERAL_NETWORK - WSAECONNRESET
  WARN root [0x00001afc] [2017-05-03 10:14:32,421] - TCPPacketReceiver::processPendingEvents: Throwing REASON_GENERAL_NETWORK - WSAECONNRESET
  WARN root [0x00001afc] [2017-05-03 10:14:32,421] - TCPPacketReceiver::processPendingEvents: Throwing REASON_GENERAL_NETWORK - WSAECONNRESET
  WARN root [0x00001afc] [2017-05-03 10:14:32,421] - TCPPacketReceiver::processPendingEvents: Throwing REASON_GENERAL_NETWORK - WSAECONNRESET
  WARN root [0x00001afc] [2017-05-03 10:14:32,421] - TCPPacketReceiver::processPendingEvents: Throwing REASON_GENERAL_NETWORK - WSAECONNRESET
  WARN root [0x00001afc] [2017-05-03 10:14:32,421] - TCPPacketReceiver::processPendingEvents: Throwing REASON_GENERAL_NETWORK - WSAECONNRESET
  WARN root [0x00001afc] [2017-05-03 10:14:32,421] - TCPPacketReceiver::processPendingEvents: Throwing REASON_GENERAL_NETWORK - WSAECONNRESET
  WARN root [0x00001afc] [2017-05-03 10:14:32,421] - TCPPacketReceiver::processPendingEvents: Throwing REASON_GENERAL_NETWORK - WSAECONNRESET
  WARN root [0x00001afc] [2017-05-03 10:14:32,421] - TCPPacketReceiver::processPendingEvents: Throwing REASON_GENERAL_NETWORK - WSAECONNRESET
  WARN root [0x00001afc] [2017-05-03 10:14:32,421] - TCPPacketReceiver::processPendingEvents: Throwing REASON_GENERAL_NETWORK - WSAECONNRESET
  WARN root [0x00001afc] [2017-05-03 10:14:32,421] - TCPPacketReceiver::processPendingEvents: Throwing REASON_GENERAL_NETWORK - WSAECONNRESET
  WARN root [0x00001afc] [2017-05-03 10:14:32,421] - TCPPacketReceiver::processPendingEvents: Throwing REASON_GENERAL_NETWORK - WSAECONNRESET
  WARN root [0x00001afc] [2017-05-03 10:14:32,421] - TCPPacketReceiver::processPendingEvents: Throwing REASON_GENERAL_NETWORK - WSAECONNRESET
  WARN root [0x00001afc] [2017-05-03 10:14:32,421] - TCPPacketReceiver::processPendingEvents: Throwing REASON_GENERAL_NETWORK - WSAECONNRESET
  WARN root [0x00001afc] [2017-05-03 10:14:32,421] - TCPPacketReceiver::processPendingEvents: Throwing REASON_GENERAL_NETWORK - WSAECONNRESET
  WARN root [0x00001afc] [2017-05-03 10:14:32,421] - TCPPacketReceiver::processPendingEvents: Throwing REASON_GENERAL_NETWORK - WSAECONNRESET
  WARN root [0x00001afc] [2017-05-03 10:14:32,421] - TCPPacketReceiver::processPendingEvents: Throwing REASON_GENERAL_NETWORK - WSAECONNRESET
  WARN root [0x00001afc] [2017-05-03 10:14:32,421] - TCPPacketReceiver::processPendingEvents: Throwing REASON_GENERAL_NETWORK - WSAECONNRESET
  WARN root [0x00001afc] [2017-05-03 10:14:32,436] - TCPPacketReceiver::processPendingEvents: Throwing REASON_GENERAL_NETWORK - WSAECONNRESET
  WARN root [0x00001afc] [2017-05-03 10:14:32,436] - TCPPacketReceiver::processPendingEvents: Throwing REASON_GENERAL_NETWORK - WSAECONNRESET
  WARN root [0x00001afc] [2017-05-03 10:14:32,436] - TCPPacketReceiver::processPendingEvents: Throwing REASON_GENERAL_NETWORK - WSAECONNRESET
  WARN root [0x00001afc] [2017-05-03 10:14:32,436] - TCPPacketReceiver::processPendingEvents: Throwing REASON_GENERAL_NETWORK - WSAECONNRESET
  WARN root [0x00001afc] [2017-05-03 10:14:32,436] - TCPPacketReceiver::processPendingEvents: Throwing REASON_GENERAL_NETWORK - WSAECONNRESET
  WARN root [0x00001afc] [2017-05-03 10:14:32,436] - TCPPacketReceiver::processPendingEvents: Throwing REASON_GENERAL_NETWORK - WSAECONNRESET
  WARN root [0x00001afc] [2017-05-03 10:14:32,436] - TCPPacketReceiver::processPendingEvents: Throwing REASON_GENERAL_NETWORK - WSAECONNRESET
  WARN root [0x00001afc] [2017-05-03 10:14:32,436] - TCPPacketReceiver::processPendingEvents: Throwing REASON_GENERAL_NETWORK - WSAECONNRESET
  WARN root [0x00001afc] [2017-05-03 10:14:32,436] - TCPPacketReceiver::processPendingEvents: Throwing REASON_GENERAL_NETWORK - WSAECONNRESET
  WARN root [0x00001afc] [2017-05-03 10:14:32,436] - TCPPacketReceiver::processPendingEvents: Throwing REASON_GENERAL_NETWORK - WSAECONNRESET
  WARN root [0x00001afc] [2017-05-03 10:14:32,436] - TCPPacketReceiver::processPendingEvents: Throwing REASON_GENERAL_NETWORK - WSAECONNRESET
  WARN root [0x00001afc] [2017-05-03 10:14:32,436] - TCPPacketReceiver::processPendingEvents: Throwing REASON_GENERAL_NETWORK - WSAECONNRESET
  WARN root [0x00001afc] [2017-05-03 10:14:32,436] - TCPPacketReceiver::processPendingEvents: Throwing REASON_GENERAL_NETWORK - WSAECONNRESET
  WARN root [0x00001afc] [2017-05-03 10:14:32,436] - TCPPacketReceiver::processPendingEvents: Throwing REASON_GENERAL_NETWORK - WSAECONNRESET
  WARN root [0x00001afc] [2017-05-03 10:14:32,436] - TCPPacketReceiver::processPendingEvents: Throwing REASON_GENERAL_NETWORK - WSAECONNRESET
  WARN root [0x00001afc] [2017-05-03 10:14:32,436] - TCPPacketReceiver::processPendingEvents: Throwing REASON_GENERAL_NETWORK - WSAECONNRESET
  WARN root [0x00001afc] [2017-05-03 10:14:32,436] - TCPPacketReceiver::processPendingEvents: Throwing REASON_GENERAL_NETWORK - WSAECONNRESET
  WARN root [0x00001afc] [2017-05-03 10:14:32,436] - TCPPacketReceiver::processPendingEvents: Throwing REASON_GENERAL_NETWORK - WSAECONNRESET
  WARN root [0x00001afc] [2017-05-03 10:14:32,436] - TCPPacketReceiver::processPendingEvents: Throwing REASON_GENERAL_NETWORK - WSAECONNRESET
  WARN root [0x00001afc] [2017-05-03 10:14:32,436] - TCPPacketReceiver::processPendingEvents: Throwing REASON_GENERAL_NETWORK - WSAECONNRESET
  WARN root [0x00001afc] [2017-05-03 10:14:32,436] - TCPPacketReceiver::processPendingEvents: Throwing REASON_GENERAL_NETWORK - WSAECONNRESET
  WARN root [0x00001afc] [2017-05-03 10:14:32,436] - TCPPacketReceiver::processPendingEvents: Throwing REASON_GENERAL_NETWORK - WSAECONNRESET
  WARN root [0x00001afc] [2017-05-03 10:14:32,436] - TCPPacketReceiver::processPendingEvents: Throwing REASON_GENERAL_NETWORK - WSAECONNRESET
  WARN root [0x00001afc] [2017-05-03 10:14:32,436] - TCPPacketReceiver::processPendingEvents: Throwing REASON_GENERAL_NETWORK - WSAECONNRESET
  WARN root [0x00001afc] [2017-05-03 10:14:32,436] - TCPPacketReceiver::processPendingEvents: Throwing REASON_GENERAL_NETWORK - WSAECONNRESET
  WARN root [0x00001afc] [2017-05-03 10:14:32,436] - TCPPacketReceiver::processPendingEvents: Throwing REASON_GENERAL_NETWORK - WSAECONNRESET
  WARN root [0x00001afc] [2017-05-03 10:14:32,436] - TCPPacketReceiver::processPendingEvents: Throwing REASON_GENERAL_NETWORK - WSAECONNRESET
  WARN root [0x00001afc] [2017-05-03 10:14:32,436] - TCPPacketReceiver::processPendingEvents: Throwing REASON_GENERAL_NETWORK - WSAECONNRESET
  WARN root [0x00001afc] [2017-05-03 10:14:32,436] - TCPPacketReceiver::processPendingEvents: Throwing REASON_GENERAL_NETWORK - WSAECONNRESET
  WARN root [0x00001afc] [2017-05-03 10:14:32,436] - TCPPacketReceiver::processPendingEvents: Throwing REASON_GENERAL_NETWORK - WSAECONNRESET
  WARN root [0x00001afc] [2017-05-03 10:14:32,436] - TCPPacketReceiver::processPendingEvents: Throwing REASON_GENERAL_NETWORK - WSAECONNRESET
  WARN root [0x00001afc] [2017-05-03 10:14:32,436] - TCPPacketReceiver::processPendingEvents: Throwing REASON_GENERAL_NETWORK - WSAECONNRESET
  WARN root [0x00001afc] [2017-05-03 10:14:32,436] - TCPPacketReceiver::processPendingEvents: Throwing REASON_GENERAL_NETWORK - WSAECONNRESET
  WARN root [0x00001afc] [2017-05-03 10:14:32,436] - TCPPacketReceiver::processPendingEvents: Throwing REASON_GENERAL_NETWORK - WSAECONNRESET
  WARN root [0x00001afc] [2017-05-03 10:14:32,436] - TCPPacketReceiver::processPendingEvents: Throwing REASON_GENERAL_NETWORK - WSAECONNRESET
  WARN root [0x00001afc] [2017-05-03 10:14:32,436] - TCPPacketReceiver::processPendingEvents: Throwing REASON_GENERAL_NETWORK - WSAECONNRESET
  WARN root [0x00001afc] [2017-05-03 10:14:32,436] - TCPPacketReceiver::processPendingEvents: Throwing REASON_GENERAL_NETWORK - WSAECONNRESET
  WARN root [0x00001afc] [2017-05-03 10:14:32,436] - TCPPacketReceiver::processPendingEvents: Throwing REASON_GENERAL_NETWORK - WSAECONNRESET
  WARN root [0x00001afc] [2017-05-03 10:14:32,436] - TCPPacketReceiver::processPendingEvents: Throwing REASON_GENERAL_NETWORK - WSAECONNRESET
  WARN root [0x00001afc] [2017-05-03 10:14:32,436] - TCPPacketReceiver::processPendingEvents: Throwing REASON_GENERAL_NETWORK - WSAECONNRESET
  WARN root [0x00001afc] [2017-05-03 10:14:32,436] - TCPPacketReceiver::processPendingEvents: Throwing REASON_GENERAL_NETWORK - WSAECONNRESET
  WARN root [0x00001afc] [2017-05-03 10:14:32,436] - TCPPacketReceiver::processPendingEvents: Throwing REASON_GENERAL_NETWORK - WSAECONNRESET
  WARN root [0x00001afc] [2017-05-03 10:14:32,436] - TCPPacketReceiver::processPendingEvents: Throwing REASON_GENERAL_NETWORK - WSAECONNRESET
  WARN root [0x00001afc] [2017-05-03 10:14:32,436] - TCPPacketReceiver::processPendingEvents: Throwing REASON_GENERAL_NETWORK - WSAECONNRESET
  WARN root [0x00001afc] [2017-05-03 10:14:32,436] - TCPPacketReceiver::processPendingEvents: Throwing REASON_GENERAL_NETWORK - WSAECONNRESET
  WARN root [0x00001afc] [2017-05-03 10:14:32,436] - TCPPacketReceiver::processPendingEvents: Throwing REASON_GENERAL_NETWORK - WSAECONNRESET
  WARN root [0x00001afc] [2017-05-03 10:14:32,436] - TCPPacketReceiver::processPendingEvents: Throwing REASON_GENERAL_NETWORK - WSAECONNRESET
  WARN root [0x00001afc] [2017-05-03 10:14:32,436] - TCPPacketReceiver::processPendingEvents: Throwing REASON_GENERAL_NETWORK - WSAECONNRESET
  WARN root [0x00001afc] [2017-05-03 10:14:32,436] - TCPPacketReceiver::processPendingEvents: Throwing REASON_GENERAL_NETWORK - WSAECONNRESET
  WARN root [0x00001afc] [2017-05-03 10:14:32,436] - TCPPacketReceiver::processPendingEvents: Throwing REASON_GENERAL_NETWORK - WSAECONNRESET
  WARN root [0x00001afc] [2017-05-03 10:14:32,436] - TCPPacketReceiver::processPendingEvents: Throwing REASON_GENERAL_NETWORK - WSAECONNRESET
  WARN root [0x00001afc] [2017-05-03 10:14:32,436] - TCPPacketReceiver::processPendingEvents: Throwing REASON_GENERAL_NETWORK - WSAECONNRESET
  WARN root [0x00001afc] [2017-05-03 10:14:32,436] - TCPPacketReceiver::processPendingEvents: Throwing REASON_GENERAL_NETWORK - WSAECONNRESET
  WARN root [0x00001afc] [2017-05-03 10:14:32,436] - TCPPacketReceiver::processPendingEvents: Throwing REASON_GENERAL_NETWORK - WSAECONNRESET
  WARN root [0x00001afc] [2017-05-03 10:14:32,436] - TCPPacketReceiver::processPendingEvents: Throwing REASON_GENERAL_NETWORK - WSAECONNRESET
  WARN root [0x00001afc] [2017-05-03 10:14:32,436] - TCPPacketReceiver::processPendingEvents: Throwing REASON_GENERAL_NETWORK - WSAECONNRESET
  WARN root [0x00001afc] [2017-05-03 10:14:32,436] - TCPPacketReceiver::processPendingEvents: Throwing REASON_GENERAL_NETWORK - WSAECONNRESET
  WARN root [0x00001afc] [2017-05-03 10:14:32,436] - TCPPacketReceiver::processPendingEvents: Throwing REASON_GENERAL_NETWORK - WSAECONNRESET
  WARN root [0x00001afc] [2017-05-03 10:14:32,436] - TCPPacketReceiver::processPendingEvents: Throwing REASON_GENERAL_NETWORK - WSAECONNRESET
  WARN root [0x00001afc] [2017-05-03 10:14:32,436] - TCPPacketReceiver::processPendingEvents: Throwing REASON_GENERAL_NETWORK - WSAECONNRESET
  WARN root [0x00001afc] [2017-05-03 10:14:32,436] - TCPPacketReceiver::processPendingEvents: Throwing REASON_GENERAL_NETWORK - WSAECONNRESET
  WARN root [0x00001afc] [2017-05-03 10:14:32,436] - TCPPacketReceiver::processPendingEvents: Throwing REASON_GENERAL_NETWORK - WSAECONNRESET
  WARN root [0x00001afc] [2017-05-03 10:14:32,436] - TCPPacketReceiver::processPendingEvents: Throwing REASON_GENERAL_NETWORK - WSAECONNRESET
  WARN root [0x00001afc] [2017-05-03 10:14:32,436] - TCPPacketReceiver::processPendingEvents: Throwing REASON_GENERAL_NETWORK - WSAECONNRESET
  WARN root [0x00001afc] [2017-05-03 10:14:32,436] - TCPPacketReceiver::processPendingEvents: Throwing REASON_GENERAL_NETWORK - WSAECONNRESET
  WARN root [0x00001afc] [2017-05-03 10:14:32,436] - TCPPacketReceiver::processPendingEvents: Throwing REASON_GENERAL_NETWORK - WSAECONNRESET
  WARN root [0x00001afc] [2017-05-03 10:14:32,436] - TCPPacketReceiver::processPendingEvents: Throwing REASON_GENERAL_NETWORK - WSAECONNRESET
  WARN root [0x00001afc] [2017-05-03 10:14:32,436] - TCPPacketReceiver::processPendingEvents: Throwing REASON_GENERAL_NETWORK - WSAECONNRESET
  WARN root [0x00001afc] [2017-05-03 10:14:32,436] - TCPPacketReceiver::processPendingEvents: Throwing REASON_GENERAL_NETWORK - WSAECONNRESET
  WARN root [0x00001afc] [2017-05-03 10:14:32,436] - TCPPacketReceiver::processPendingEvents: Throwing REASON_GENERAL_NETWORK - WSAECONNRESET
  WARN root [0x00001afc] [2017-05-03 10:14:32,436] - TCPPacketReceiver::processPendingEvents: Throwing REASON_GENERAL_NETWORK - WSAECONNRESET
  WARN root [0x00001afc] [2017-05-03 10:14:32,436] - TCPPacketReceiver::processPendingEvents: Throwing REASON_GENERAL_NETWORK - WSAECONNRESET
  WARN root [0x00001afc] [2017-05-03 10:14:32,436] - TCPPacketReceiver::processPendingEvents: Throwing REASON_GENERAL_NETWORK - WSAECONNRESET
  WARN root [0x00001afc] [2017-05-03 10:14:32,436] - TCPPacketReceiver::processPendingEvents: Throwing REASON_GENERAL_NETWORK - WSAECONNRESET
  WARN root [0x00001afc] [2017-05-03 10:14:32,436] - TCPPacketReceiver::processPendingEvents: Throwing REASON_GENERAL_NETWORK - WSAECONNRESET
  WARN root [0x00001afc] [2017-05-03 10:14:32,436] - TCPPacketReceiver::processPendingEvents: Throwing REASON_GENERAL_NETWORK - WSAECONNRESET
  WARN root [0x00001afc] [2017-05-03 10:14:32,436] - TCPPacketReceiver::processPendingEvents: Throwing REASON_GENERAL_NETWORK - WSAECONNRESET
  WARN root [0x00001afc] [2017-05-03 10:14:32,436] - TCPPacketReceiver::processPendingEvents: Throwing REASON_GENERAL_NETWORK - WSAECONNRESET
  WARN root [0x00001afc] [2017-05-03 10:14:32,436] - TCPPacketReceiver::processPendingEvents: Throwing REASON_GENERAL_NETWORK - WSAECONNRESET
  WARN root [0x00001afc] [2017-05-03 10:14:32,436] - TCPPacketReceiver::processPendingEvents: Throwing REASON_GENERAL_NETWORK - WSAECONNRESET
  WARN root [0x00001afc] [2017-05-03 10:14:32,436] - TCPPacketReceiver::processPendingEvents: Throwing REASON_GENERAL_NETWORK - WSAECONNRESET
  WARN root [0x00001afc] [2017-05-03 10:14:32,436] - TCPPacketReceiver::processPendingEvents: Throwing REASON_GENERAL_NETWORK - WSAECONNRESET
  WARN root [0x00001afc] [2017-05-03 10:14:32,436] - TCPPacketReceiver::processPendingEvents: Throwing REASON_GENERAL_NETWORK - WSAECONNRESET
  WARN root [0x00001afc] [2017-05-03 10:14:32,436] - TCPPacketReceiver::processPendingEvents: Throwing REASON_GENERAL_NETWORK - WSAECONNRESET
  WARN root [0x00001afc] [2017-05-03 10:14:32,436] - TCPPacketReceiver::processPendingEvents: Throwing REASON_GENERAL_NETWORK - WSAECONNRESET
  WARN root [0x00001afc] [2017-05-03 10:14:32,436] - TCPPacketReceiver::processPendingEvents: Throwing REASON_GENERAL_NETWORK - WSAECONNRESET
  WARN root [0x00001afc] [2017-05-03 10:14:32,436] - TCPPacketReceiver::processPendingEvents: Throwing REASON_GENERAL_NETWORK - WSAECONNRESET
  WARN root [0x00001afc] [2017-05-03 10:14:32,436] - TCPPacketReceiver::processPendingEvents: Throwing REASON_GENERAL_NETWORK - WSAECONNRESET
  WARN root [0x00001afc] [2017-05-03 10:14:32,436] - TCPPacketReceiver::processPendingEvents: Throwing REASON_GENERAL_NETWORK - WSAECONNRESET
  WARN root [0x00001afc] [2017-05-03 10:14:32,436] - TCPPacketReceiver::processPendingEvents: Throwing REASON_GENERAL_NETWORK - WSAECONNRESET
  WARN root [0x00001afc] [2017-05-03 10:14:32,436] - TCPPacketReceiver::processPendingEvents: Throwing REASON_GENERAL_NETWORK - WSAECONNRESET
  WARN root [0x00001afc] [2017-05-03 10:14:32,436] - TCPPacketReceiver::processPendingEvents: Throwing REASON_GENERAL_NETWORK - WSAECONNRESET
  WARN root [0x00001afc] [2017-05-03 10:14:32,436] - TCPPacketReceiver::processPendingEvents: Throwing REASON_GENERAL_NETWORK - WSAECONNRESET
  WARN root [0x00001afc] [2017-05-03 10:14:32,436] - TCPPacketReceiver::processPendingEvents: Throwing REASON_GENERAL_NETWORK - WSAECONNRESET
  WARN root [0x00001afc] [2017-05-03 10:14:32,436] - TCPPacketReceiver::processPendingEvents: Throwing REASON_GENERAL_NETWORK - WSAECONNRESET
  WARN root [0x00001afc] [2017-05-03 10:14:32,436] - TCPPacketReceiver::processPendingEvents: Throwing REASON_GENERAL_NETWORK - WSAECONNRESET
  WARN root [0x00001afc] [2017-05-03 10:14:32,436] - TCPPacketReceiver::processPendingEvents: Throwing REASON_GENERAL_NETWORK - WSAECONNRESET
  WARN root [0x00001afc] [2017-05-03 10:14:32,436] - TCPPacketReceiver::processPendingEvents: Throwing REASON_GENERAL_NETWORK - WSAECONNRESET
  WARN root [0x00001afc] [2017-05-03 10:14:32,436] - TCPPacketReceiver::processPendingEvents: Throwing REASON_GENERAL_NETWORK - WSAECONNRESET
  WARN root [0x00001afc] [2017-05-03 10:14:32,452] - TCPPacketReceiver::processPendingEvents: Throwing REASON_GENERAL_NETWORK - WSAECONNRESET
  WARN root [0x00001afc] [2017-05-03 10:14:32,452] - TCPPacketReceiver::processPendingEvents: Throwing REASON_GENERAL_NETWORK - WSAECONNRESET
  WARN root [0x00001afc] [2017-05-03 10:14:32,452] - TCPPacketReceiver::processPendingEvents: Throwing REASON_GENERAL_NETWORK - WSAECONNRESET
  WARN root [0x00001afc] [2017-05-03 10:14:32,452] - TCPPacketReceiver::processPendingEvents: Throwing REASON_GENERAL_NETWORK - WSAECONNRESET
  WARN root [0x00001afc] [2017-05-03 10:14:32,452] - TCPPacketReceiver::processPendingEvents: Throwing REASON_GENERAL_NETWORK - WSAECONNRESET
  WARN root [0x00001afc] [2017-05-03 10:14:32,452] - TCPPacketReceiver::processPendingEvents: Throwing REASON_GENERAL_NETWORK - WSAECONNRESET
  WARN root [0x00001afc] [2017-05-03 10:14:32,452] - TCPPacketReceiver::processPendingEvents: Throwing REASON_GENERAL_NETWORK - WSAECONNRESET
  WARN root [0x00001afc] [2017-05-03 10:14:32,452] - TCPPacketReceiver::processPendingEvents: Throwing REASON_GENERAL_NETWORK - WSAECONNRESET
  WARN root [0x00001afc] [2017-05-03 10:14:32,452] - TCPPacketReceiver::processPendingEvents: Throwing REASON_GENERAL_NETWORK - WSAECONNRESET
  WARN root [0x00001afc] [2017-05-03 10:14:32,452] - TCPPacketReceiver::processPendingEvents: Throwing REASON_GENERAL_NETWORK - WSAECONNRESET
  WARN root [0x00001afc] [2017-05-03 10:14:32,452] - TCPPacketReceiver::processPendingEvents: Throwing REASON_GENERAL_NETWORK - WSAECONNRESET
  WARN root [0x00001afc] [2017-05-03 10:14:32,452] - TCPPacketReceiver::processPendingEvents: Throwing REASON_GENERAL_NETWORK - WSAECONNRESET
  WARN root [0x00001afc] [2017-05-03 10:14:32,452] - TCPPacketReceiver::processPendingEvents: Throwing REASON_GENERAL_NETWORK - WSAECONNRESET
  WARN root [0x00001afc] [2017-05-03 10:14:32,452] - TCPPacketReceiver::processPendingEvents: Throwing REASON_GENERAL_NETWORK - WSAECONNRESET
  WARN root [0x00001afc] [2017-05-03 10:14:32,452] - TCPPacketReceiver::processPendingEvents: Throwing REASON_GENERAL_NETWORK - WSAECONNRESET
  WARN root [0x00001afc] [2017-05-03 10:14:32,452] - TCPPacketReceiver::processPendingEvents: Throwing REASON_GENERAL_NETWORK - WSAECONNRESET
  WARN root [0x00001afc] [2017-05-03 10:14:32,452] - TCPPacketReceiver::processPendingEvents: Throwing REASON_GENERAL_NETWORK - WSAECONNRESET
  WARN root [0x00001afc] [2017-05-03 10:14:32,452] - TCPPacketReceiver::processPendingEvents: Throwing REASON_GENERAL_NETWORK - WSAECONNRESET
  WARN root [0x00001afc] [2017-05-03 10:14:32,452] - TCPPacketReceiver::processPendingEvents: Throwing REASON_GENERAL_NETWORK - WSAECONNRESET
  WARN root [0x00001afc] [2017-05-03 10:14:32,452] - TCPPacketReceiver::processPendingEvents: Throwing REASON_GENERAL_NETWORK - WSAECONNRESET
  WARN root [0x00001afc] [2017-05-03 10:14:32,452] - TCPPacketReceiver::processPendingEvents: Throwing REASON_GENERAL_NETWORK - WSAECONNRESET
  WARN root [0x00001afc] [2017-05-03 10:14:32,452] - TCPPacketReceiver::processPendingEvents: Throwing REASON_GENERAL_NETWORK - WSAECONNRESET
  WARN root [0x00001afc] [2017-05-03 10:14:32,452] - TCPPacketReceiver::processPendingEvents: Throwing REASON_GENERAL_NETWORK - WSAECONNRESET
  WARN root [0x00001afc] [2017-05-03 10:14:32,452] - TCPPacketReceiver::processPendingEvents: Throwing REASON_GENERAL_NETWORK - WSAECONNRESET
  WARN root [0x00001afc] [2017-05-03 10:14:32,452] - TCPPacketReceiver::processPendingEvents: Throwing REASON_GENERAL_NETWORK - WSAECONNRESET
  WARN root [0x00001afc] [2017-05-03 10:14:32,452] - TCPPacketReceiver::processPendingEvents: Throwing REASON_GENERAL_NETWORK - WSAECONNRESET
 DEBUG root [0x00001afc] [2017-05-03 10:14:32,452] - PlayerAccount::~PlayerAccount(): 3
