  INFO root [0x00001c7c] [2017-05-02 17:36:27,160] - -----------------------------------------------------------------------------------------


  INFO root [0x00001c7c] [2017-05-02 17:36:27,207] - NetworkInterface::recreateListeningSocket(INTERNAL): bound to all interfaces with default route interface on 192.168.99.104 ( 192.168.99.104:56563 )
  INFO root [0x00001c7c] [2017-05-02 17:36:27,207] - NetworkInterface::recreateListeningSocket(INTERNAL): address 192.168.99.104:56563, SOMAXCONN=5.
 DEBUG root [0x00001c7c] [2017-05-02 17:36:27,238] - Script::install_py_dlls(): PyInit_pyexpat
 DEBUG root [0x00001c7c] [2017-05-02 17:36:27,238] - Script::install_py_dlls(): PyInit__socket
 DEBUG root [0x00001c7c] [2017-05-02 17:36:27,238] - Script::install_py_dlls(): PyInit__hashlib
 DEBUG root [0x00001c7c] [2017-05-02 17:36:27,238] - Script::install_py_dlls(): PyInit_select
 DEBUG root [0x00001c7c] [2017-05-02 17:36:27,238] - Script::install_py_dlls(): PyInit__ctypes
 DEBUG root [0x00001c7c] [2017-05-02 17:36:27,238] - Script::install_py_dlls(): PyInit__elementtree
 DEBUG root [0x00001c7c] [2017-05-02 17:36:27,269] - Script::install_py_dlls(): PyInit_unicodedata
  INFO root [0x00001c7c] [2017-05-02 17:36:27,300] - Script::install(): is successfully, Python=(3.4.2 (default, Mar 28 2017, 21:11:54) [MSC v.1800 32 bit (Intel)])!
  INFO root [0x00001c7c] [2017-05-02 17:36:27,300] - Script::install(): KBExtra is successfully!
  INFO root [0x00001c7c] [2017-05-02 17:36:27,300] - ---- bots Version: 0.9.12. ScriptVersion: 0.1.0. Protocol: 0A0C7DE03C7917F592D391CAD7A54761. Config: Debug. Built: 21:12:03 Mar 28 2017. AppID: 6415469046760210432. UID: 29585. PID: 8644 ----
  INFO root [0x00001c7c] [2017-05-02 17:36:27,300] - Server : Intel(R) Xeon(R) CPU E3-1230 v3 @ 3.30GHz with 4194303kB RAM
  INFO root [0x00001c7c] [2017-05-02 17:36:27,300] - ThreadPool::createThreadPool: creating  threadpool...
  INFO root [0x00001c7c] [2017-05-02 17:36:27,300] - ThreadPool::createThreadPool: successfully(1), newThreadCount=1, normalMaxThreadCount=1, maxThreadCount=4
 DEBUG root [0x00001c7c] [2017-05-02 17:36:27,409] - loaded script:Account(1).
  INFO root [0x00001c7c] [2017-05-02 17:36:27,409] - TelnetServer server is running on port 51000
 S_DBG root [0x00001c7c] [2017-05-02 17:36:27,409] - onInit::isReload:0
  INFO root [0x00001c7c] [2017-05-02 17:36:27,409] - ---- bots is running ----
 DEBUG root [0x00001c7c] [2017-05-02 17:36:27,409] - Components::process(): Request for the process of identity...
 DEBUG root [0x00001c7c] [2017-05-02 17:36:33,994] - KBEBlowfish::KBEBlowfish(): Using Blowfish key: 03 57 D5 CF B9 CC 2E 15 B8 96 0F 3D EE 21 33 98
  WARN root [0x00001c7c] [2017-05-02 17:36:34,009] - bots.cpp:284: Profile updateBots took 0.37 seconds
  INFO root [0x00001c7c] [2017-05-02 17:36:34,118] - ClientObjectBase::onHelloCB: verInfo=0.9.12, scriptVerInfo=0.1.0, protocolMD5=68AB0B61C4A3C03CD0C0349737585262, entityDefMD5=F7C6ED928DA2B54855D4E9E1C12FD81B, addr:127.0.0.1:20013/0/0/0
  INFO root [0x00001c7c] [2017-05-02 17:36:34,321] - ClientObject::onCreateAccountResult: bot_6415469046760210432_6039280550257198752 create is successfully!
  INFO root [0x00001c7c] [2017-05-02 17:36:34,618] - ClientObject::onLoginSuccessfully: bot_6415469046760210432_6039280550257198752 addr=192.168.99.104:20015!
 DEBUG root [0x00001c7c] [2017-05-02 17:36:34,618] - KBEBlowfish::KBEBlowfish(): Using Blowfish key: 3F 40 66 ED 71 64 99 EE 91 01 39 7A 71 AF CB A5
  INFO root [0x00001c7c] [2017-05-02 17:36:34,711] - ClientObjectBase::onHelloCB: verInfo=0.9.12, scriptVerInfo=0.1.0, protocolMD5=04DE5A563B306FEA37F19432189DFE1B, entityDefMD5=F7C6ED928DA2B54855D4E9E1C12FD81B, addr:192.168.99.104:20015/0/0/0
  INFO root [0x00001c7c] [2017-05-02 17:36:35,023] - Components::findComponents: find logger(1)...
  INFO root [0x00001c7c] [2017-05-02 17:36:35,054] - Components::findComponents: found logger, addr:192.168.99.104:56489
  INFO root [0x00001c7c] [2017-05-02 17:36:35,054] - Components::addComponent: reset orderLog, uid=29585!
  INFO root [0x00001c7c] [2017-05-02 17:36:35,054] - Components::addComponent[logger], uid=29585, componentID=2000, globalorderid=1, grouporderid=1, totalcount=1
  INFO root [0x00001c7c] [2017-05-02 17:36:35,054] - ClientObject::onCreatedProxies(bot_6415469046760210432_6039280550257198752): rndUUID=6415469074683723776 eid=11 entityType=Account!
 S_DBG root [0x00001c7c] [2017-05-02 17:36:35,054] - Account::__init__:{}.
  INFO root [0x00001c7c] [2017-05-02 17:36:35,054] - ClientObjectBase::createEntity: new Account (11)
  INFO root [0x00001c7c] [2017-05-02 17:36:35,117] - Components::process(): Found all the components!
 DEBUG root [0x00001c7c] [2017-05-02 17:36:35,320] - ClientObjectBase::onPlayerEnterWorld: Account(11), isOnGround(0), appID(2).
 DEBUG root [0x00001c7c] [2017-05-02 17:36:35,320] - ClientObjectBase::initSpaceData: spaceID(1), datasize=0.
 DEBUG root [0x00001c7c] [2017-05-02 17:36:35,320] - ClientObjectBase::onEntityEnterSpace: PlayerAccount(11).
  INFO root [0x00001c7c] [2017-05-02 17:37:35,069] - ClientApp::onChannelTimeOut: Channel 192.168.99.104:56489/0/0/0 timed out.
  INFO root [0x00001c7c] [2017-05-02 17:43:37,126] - ClientObjectBase::onKicked: code=11
 DEBUG root [0x00001c7c] [2017-05-02 17:43:37,126] - ClientObjectBase::tickSend: serverCloased!
  WARN root [0x00001c7c] [2017-05-02 17:43:37,328] - TCPPacketReceiver::processPendingEvents: Throwing REASON_GENERAL_NETWORK - WSAECONNRESET
  WARN root [0x00001c7c] [2017-05-02 17:43:37,328] - TCPPacketReceiver::processPendingEvents: Throwing REASON_GENERAL_NETWORK - WSAECONNRESET
  WARN root [0x00001c7c] [2017-05-02 17:43:37,328] - TCPPacketReceiver::processPendingEvents: Throwing REASON_GENERAL_NETWORK - WSAECONNRESET
  WARN root [0x00001c7c] [2017-05-02 17:43:37,328] - TCPPacketReceiver::processPendingEvents: Throwing REASON_GENERAL_NETWORK - WSAECONNRESET
  WARN root [0x00001c7c] [2017-05-02 17:43:37,328] - TCPPacketReceiver::processPendingEvents: Throwing REASON_GENERAL_NETWORK - WSAECONNRESET
  WARN root [0x00001c7c] [2017-05-02 17:43:37,328] - TCPPacketReceiver::processPendingEvents: Throwing REASON_GENERAL_NETWORK - WSAECONNRESET
  WARN root [0x00001c7c] [2017-05-02 17:43:37,328] - TCPPacketReceiver::processPendingEvents: Throwing REASON_GENERAL_NETWORK - WSAECONNRESET
  WARN root [0x00001c7c] [2017-05-02 17:43:37,328] - TCPPacketReceiver::processPendingEvents: Throwing REASON_GENERAL_NETWORK - WSAECONNRESET
  WARN root [0x00001c7c] [2017-05-02 17:43:37,328] - TCPPacketReceiver::processPendingEvents: Throwing REASON_GENERAL_NETWORK - WSAECONNRESET
  WARN root [0x00001c7c] [2017-05-02 17:43:37,328] - TCPPacketReceiver::processPendingEvents: Throwing REASON_GENERAL_NETWORK - WSAECONNRESET
  WARN root [0x00001c7c] [2017-05-02 17:43:37,328] - TCPPacketReceiver::processPendingEvents: Throwing REASON_GENERAL_NETWORK - WSAECONNRESET
  WARN root [0x00001c7c] [2017-05-02 17:43:37,328] - TCPPacketReceiver::processPendingEvents: Throwing REASON_GENERAL_NETWORK - WSAECONNRESET
  WARN root [0x00001c7c] [2017-05-02 17:43:37,328] - TCPPacketReceiver::processPendingEvents: Throwing REASON_GENERAL_NETWORK - WSAECONNRESET
  WARN root [0x00001c7c] [2017-05-02 17:43:37,328] - TCPPacketReceiver::processPendingEvents: Throwing REASON_GENERAL_NETWORK - WSAECONNRESET
  WARN root [0x00001c7c] [2017-05-02 17:43:37,328] - TCPPacketReceiver::processPendingEvents: Throwing REASON_GENERAL_NETWORK - WSAECONNRESET
  WARN root [0x00001c7c] [2017-05-02 17:43:37,328] - TCPPacketReceiver::processPendingEvents: Throwing REASON_GENERAL_NETWORK - WSAECONNRESET
  WARN root [0x00001c7c] [2017-05-02 17:43:37,328] - TCPPacketReceiver::processPendingEvents: Throwing REASON_GENERAL_NETWORK - WSAECONNRESET
  WARN root [0x00001c7c] [2017-05-02 17:43:37,328] - TCPPacketReceiver::processPendingEvents: Throwing REASON_GENERAL_NETWORK - WSAECONNRESET
  WARN root [0x00001c7c] [2017-05-02 17:43:37,328] - TCPPacketReceiver::processPendingEvents: Throwing REASON_GENERAL_NETWORK - WSAECONNRESET
  WARN root [0x00001c7c] [2017-05-02 17:43:37,328] - TCPPacketReceiver::processPendingEvents: Throwing REASON_GENERAL_NETWORK - WSAECONNRESET
  WARN root [0x00001c7c] [2017-05-02 17:43:37,328] - TCPPacketReceiver::processPendingEvents: Throwing REASON_GENERAL_NETWORK - WSAECONNRESET
  WARN root [0x00001c7c] [2017-05-02 17:43:37,344] - TCPPacketReceiver::processPendingEvents: Throwing REASON_GENERAL_NETWORK - WSAECONNRESET
  WARN root [0x00001c7c] [2017-05-02 17:43:37,344] - TCPPacketReceiver::processPendingEvents: Throwing REASON_GENERAL_NETWORK - WSAECONNRESET
  WARN root [0x00001c7c] [2017-05-02 17:43:37,344] - TCPPacketReceiver::processPendingEvents: Throwing REASON_GENERAL_NETWORK - WSAECONNRESET
  WARN root [0x00001c7c] [2017-05-02 17:43:37,360] - TCPPacketReceiver::processPendingEvents: Throwing REASON_GENERAL_NETWORK - WSAECONNRESET
  WARN root [0x00001c7c] [2017-05-02 17:43:37,360] - TCPPacketReceiver::processPendingEvents: Throwing REASON_GENERAL_NETWORK - WSAECONNRESET
  WARN root [0x00001c7c] [2017-05-02 17:43:37,360] - TCPPacketReceiver::processPendingEvents: Throwing REASON_GENERAL_NETWORK - WSAECONNRESET
  WARN root [0x00001c7c] [2017-05-02 17:43:37,360] - TCPPacketReceiver::processPendingEvents: Throwing REASON_GENERAL_NETWORK - WSAECONNRESET
  WARN root [0x00001c7c] [2017-05-02 17:43:37,360] - TCPPacketReceiver::processPendingEvents: Throwing REASON_GENERAL_NETWORK - WSAECONNRESET
  WARN root [0x00001c7c] [2017-05-02 17:43:37,360] - TCPPacketReceiver::processPendingEvents: Throwing REASON_GENERAL_NETWORK - WSAECONNRESET
  WARN root [0x00001c7c] [2017-05-02 17:43:37,360] - TCPPacketReceiver::processPendingEvents: Throwing REASON_GENERAL_NETWORK - WSAECONNRESET
  WARN root [0x00001c7c] [2017-05-02 17:43:37,360] - TCPPacketReceiver::processPendingEvents: Throwing REASON_GENERAL_NETWORK - WSAECONNRESET
  WARN root [0x00001c7c] [2017-05-02 17:43:37,360] - TCPPacketReceiver::processPendingEvents: Throwing REASON_GENERAL_NETWORK - WSAECONNRESET
  WARN root [0x00001c7c] [2017-05-02 17:43:37,360] - TCPPacketReceiver::processPendingEvents: Throwing REASON_GENERAL_NETWORK - WSAECONNRESET
  WARN root [0x00001c7c] [2017-05-02 17:43:37,360] - TCPPacketReceiver::processPendingEvents: Throwing REASON_GENERAL_NETWORK - WSAECONNRESET
  WARN root [0x00001c7c] [2017-05-02 17:43:37,360] - TCPPacketReceiver::processPendingEvents: Throwing REASON_GENERAL_NETWORK - WSAECONNRESET
  WARN root [0x00001c7c] [2017-05-02 17:43:37,360] - TCPPacketReceiver::processPendingEvents: Throwing REASON_GENERAL_NETWORK - WSAECONNRESET
  WARN root [0x00001c7c] [2017-05-02 17:43:37,360] - TCPPacketReceiver::processPendingEvents: Throwing REASON_GENERAL_NETWORK - WSAECONNRESET
  WARN root [0x00001c7c] [2017-05-02 17:43:37,360] - TCPPacketReceiver::processPendingEvents: Throwing REASON_GENERAL_NETWORK - WSAECONNRESET
  WARN root [0x00001c7c] [2017-05-02 17:43:37,360] - TCPPacketReceiver::processPendingEvents: Throwing REASON_GENERAL_NETWORK - WSAECONNRESET
  WARN root [0x00001c7c] [2017-05-02 17:43:37,360] - TCPPacketReceiver::processPendingEvents: Throwing REASON_GENERAL_NETWORK - WSAECONNRESET
  WARN root [0x00001c7c] [2017-05-02 17:43:37,360] - TCPPacketReceiver::processPendingEvents: Throwing REASON_GENERAL_NETWORK - WSAECONNRESET
  WARN root [0x00001c7c] [2017-05-02 17:43:37,360] - TCPPacketReceiver::processPendingEvents: Throwing REASON_GENERAL_NETWORK - WSAECONNRESET
  WARN root [0x00001c7c] [2017-05-02 17:43:37,360] - TCPPacketReceiver::processPendingEvents: Throwing REASON_GENERAL_NETWORK - WSAECONNRESET
  WARN root [0x00001c7c] [2017-05-02 17:43:37,360] - TCPPacketReceiver::processPendingEvents: Throwing REASON_GENERAL_NETWORK - WSAECONNRESET
  WARN root [0x00001c7c] [2017-05-02 17:43:37,360] - TCPPacketReceiver::processPendingEvents: Throwing REASON_GENERAL_NETWORK - WSAECONNRESET
  WARN root [0x00001c7c] [2017-05-02 17:43:37,360] - TCPPacketReceiver::processPendingEvents: Throwing REASON_GENERAL_NETWORK - WSAECONNRESET
  WARN root [0x00001c7c] [2017-05-02 17:43:37,360] - TCPPacketReceiver::processPendingEvents: Throwing REASON_GENERAL_NETWORK - WSAECONNRESET
  WARN root [0x00001c7c] [2017-05-02 17:43:37,360] - TCPPacketReceiver::processPendingEvents: Throwing REASON_GENERAL_NETWORK - WSAECONNRESET
  WARN root [0x00001c7c] [2017-05-02 17:43:37,360] - TCPPacketReceiver::processPendingEvents: Throwing REASON_GENERAL_NETWORK - WSAECONNRESET
  WARN root [0x00001c7c] [2017-05-02 17:43:37,360] - TCPPacketReceiver::processPendingEvents: Throwing REASON_GENERAL_NETWORK - WSAECONNRESET
  WARN root [0x00001c7c] [2017-05-02 17:43:37,360] - TCPPacketReceiver::processPendingEvents: Throwing REASON_GENERAL_NETWORK - WSAECONNRESET
  WARN root [0x00001c7c] [2017-05-02 17:43:37,360] - TCPPacketReceiver::processPendingEvents: Throwing REASON_GENERAL_NETWORK - WSAECONNRESET
  WARN root [0x00001c7c] [2017-05-02 17:43:37,360] - TCPPacketReceiver::processPendingEvents: Throwing REASON_GENERAL_NETWORK - WSAECONNRESET
  WARN root [0x00001c7c] [2017-05-02 17:43:37,360] - TCPPacketReceiver::processPendingEvents: Throwing REASON_GENERAL_NETWORK - WSAECONNRESET
  WARN root [0x00001c7c] [2017-05-02 17:43:37,360] - TCPPacketReceiver::processPendingEvents: Throwing REASON_GENERAL_NETWORK - WSAECONNRESET
  WARN root [0x00001c7c] [2017-05-02 17:43:37,360] - TCPPacketReceiver::processPendingEvents: Throwing REASON_GENERAL_NETWORK - WSAECONNRESET
  WARN root [0x00001c7c] [2017-05-02 17:43:37,360] - TCPPacketReceiver::processPendingEvents: Throwing REASON_GENERAL_NETWORK - WSAECONNRESET
  WARN root [0x00001c7c] [2017-05-02 17:43:37,360] - TCPPacketReceiver::processPendingEvents: Throwing REASON_GENERAL_NETWORK - WSAECONNRESET
  WARN root [0x00001c7c] [2017-05-02 17:43:37,360] - TCPPacketReceiver::processPendingEvents: Throwing REASON_GENERAL_NETWORK - WSAECONNRESET
  WARN root [0x00001c7c] [2017-05-02 17:43:37,360] - TCPPacketReceiver::processPendingEvents: Throwing REASON_GENERAL_NETWORK - WSAECONNRESET
  WARN root [0x00001c7c] [2017-05-02 17:43:37,360] - TCPPacketReceiver::processPendingEvents: Throwing REASON_GENERAL_NETWORK - WSAECONNRESET
  WARN root [0x00001c7c] [2017-05-02 17:43:37,360] - TCPPacketReceiver::processPendingEvents: Throwing REASON_GENERAL_NETWORK - WSAECONNRESET
  WARN root [0x00001c7c] [2017-05-02 17:43:37,360] - TCPPacketReceiver::processPendingEvents: Throwing REASON_GENERAL_NETWORK - WSAECONNRESET
  WARN root [0x00001c7c] [2017-05-02 17:43:37,360] - TCPPacketReceiver::processPendingEvents: Throwing REASON_GENERAL_NETWORK - WSAECONNRESET
  WARN root [0x00001c7c] [2017-05-02 17:43:37,360] - TCPPacketReceiver::processPendingEvents: Throwing REASON_GENERAL_NETWORK - WSAECONNRESET
  WARN root [0x00001c7c] [2017-05-02 17:43:37,360] - TCPPacketReceiver::processPendingEvents: Throwing REASON_GENERAL_NETWORK - WSAECONNRESET
  WARN root [0x00001c7c] [2017-05-02 17:43:37,360] - TCPPacketReceiver::processPendingEvents: Throwing REASON_GENERAL_NETWORK - WSAECONNRESET
  WARN root [0x00001c7c] [2017-05-02 17:43:37,360] - TCPPacketReceiver::processPendingEvents: Throwing REASON_GENERAL_NETWORK - WSAECONNRESET
  WARN root [0x00001c7c] [2017-05-02 17:43:37,360] - TCPPacketReceiver::processPendingEvents: Throwing REASON_GENERAL_NETWORK - WSAECONNRESET
  WARN root [0x00001c7c] [2017-05-02 17:43:37,360] - TCPPacketReceiver::processPendingEvents: Throwing REASON_GENERAL_NETWORK - WSAECONNRESET
  WARN root [0x00001c7c] [2017-05-02 17:43:37,360] - TCPPacketReceiver::processPendingEvents: Throwing REASON_GENERAL_NETWORK - WSAECONNRESET
  WARN root [0x00001c7c] [2017-05-02 17:43:37,360] - TCPPacketReceiver::processPendingEvents: Throwing REASON_GENERAL_NETWORK - WSAECONNRESET
  WARN root [0x00001c7c] [2017-05-02 17:43:37,360] - TCPPacketReceiver::processPendingEvents: Throwing REASON_GENERAL_NETWORK - WSAECONNRESET
  WARN root [0x00001c7c] [2017-05-02 17:43:37,360] - TCPPacketReceiver::processPendingEvents: Throwing REASON_GENERAL_NETWORK - WSAECONNRESET
  WARN root [0x00001c7c] [2017-05-02 17:43:37,360] - TCPPacketReceiver::processPendingEvents: Throwing REASON_GENERAL_NETWORK - WSAECONNRESET
  WARN root [0x00001c7c] [2017-05-02 17:43:37,360] - TCPPacketReceiver::processPendingEvents: Throwing REASON_GENERAL_NETWORK - WSAECONNRESET
  WARN root [0x00001c7c] [2017-05-02 17:43:37,360] - TCPPacketReceiver::processPendingEvents: Throwing REASON_GENERAL_NETWORK - WSAECONNRESET
  WARN root [0x00001c7c] [2017-05-02 17:43:37,360] - TCPPacketReceiver::processPendingEvents: Throwing REASON_GENERAL_NETWORK - WSAECONNRESET
  WARN root [0x00001c7c] [2017-05-02 17:43:37,360] - TCPPacketReceiver::processPendingEvents: Throwing REASON_GENERAL_NETWORK - WSAECONNRESET
  WARN root [0x00001c7c] [2017-05-02 17:43:37,360] - TCPPacketReceiver::processPendingEvents: Throwing REASON_GENERAL_NETWORK - WSAECONNRESET
  WARN root [0x00001c7c] [2017-05-02 17:43:37,360] - TCPPacketReceiver::processPendingEvents: Throwing REASON_GENERAL_NETWORK - WSAECONNRESET
  WARN root [0x00001c7c] [2017-05-02 17:43:37,360] - TCPPacketReceiver::processPendingEvents: Throwing REASON_GENERAL_NETWORK - WSAECONNRESET
  WARN root [0x00001c7c] [2017-05-02 17:43:37,360] - TCPPacketReceiver::processPendingEvents: Throwing REASON_GENERAL_NETWORK - WSAECONNRESET
  WARN root [0x00001c7c] [2017-05-02 17:43:37,360] - TCPPacketReceiver::processPendingEvents: Throwing REASON_GENERAL_NETWORK - WSAECONNRESET
  WARN root [0x00001c7c] [2017-05-02 17:43:37,360] - TCPPacketReceiver::processPendingEvents: Throwing REASON_GENERAL_NETWORK - WSAECONNRESET
  WARN root [0x00001c7c] [2017-05-02 17:43:37,360] - TCPPacketReceiver::processPendingEvents: Throwing REASON_GENERAL_NETWORK - WSAECONNRESET
  WARN root [0x00001c7c] [2017-05-02 17:43:37,360] - TCPPacketReceiver::processPendingEvents: Throwing REASON_GENERAL_NETWORK - WSAECONNRESET
  WARN root [0x00001c7c] [2017-05-02 17:43:37,360] - TCPPacketReceiver::processPendingEvents: Throwing REASON_GENERAL_NETWORK - WSAECONNRESET
  WARN root [0x00001c7c] [2017-05-02 17:43:37,360] - TCPPacketReceiver::processPendingEvents: Throwing REASON_GENERAL_NETWORK - WSAECONNRESET
  WARN root [0x00001c7c] [2017-05-02 17:43:37,360] - TCPPacketReceiver::processPendingEvents: Throwing REASON_GENERAL_NETWORK - WSAECONNRESET
  WARN root [0x00001c7c] [2017-05-02 17:43:37,360] - TCPPacketReceiver::processPendingEvents: Throwing REASON_GENERAL_NETWORK - WSAECONNRESET
  WARN root [0x00001c7c] [2017-05-02 17:43:37,360] - TCPPacketReceiver::processPendingEvents: Throwing REASON_GENERAL_NETWORK - WSAECONNRESET
  WARN root [0x00001c7c] [2017-05-02 17:43:37,360] - TCPPacketReceiver::processPendingEvents: Throwing REASON_GENERAL_NETWORK - WSAECONNRESET
  WARN root [0x00001c7c] [2017-05-02 17:43:37,360] - TCPPacketReceiver::processPendingEvents: Throwing REASON_GENERAL_NETWORK - WSAECONNRESET
  WARN root [0x00001c7c] [2017-05-02 17:43:37,360] - TCPPacketReceiver::processPendingEvents: Throwing REASON_GENERAL_NETWORK - WSAECONNRESET
  WARN root [0x00001c7c] [2017-05-02 17:43:37,360] - TCPPacketReceiver::processPendingEvents: Throwing REASON_GENERAL_NETWORK - WSAECONNRESET
  WARN root [0x00001c7c] [2017-05-02 17:43:37,360] - TCPPacketReceiver::processPendingEvents: Throwing REASON_GENERAL_NETWORK - WSAECONNRESET
  WARN root [0x00001c7c] [2017-05-02 17:43:37,360] - TCPPacketReceiver::processPendingEvents: Throwing REASON_GENERAL_NETWORK - WSAECONNRESET
  WARN root [0x00001c7c] [2017-05-02 17:43:37,360] - TCPPacketReceiver::processPendingEvents: Throwing REASON_GENERAL_NETWORK - WSAECONNRESET
  WARN root [0x00001c7c] [2017-05-02 17:43:37,360] - TCPPacketReceiver::processPendingEvents: Throwing REASON_GENERAL_NETWORK - WSAECONNRESET
  WARN root [0x00001c7c] [2017-05-02 17:43:37,360] - TCPPacketReceiver::processPendingEvents: Throwing REASON_GENERAL_NETWORK - WSAECONNRESET
  WARN root [0x00001c7c] [2017-05-02 17:43:37,360] - TCPPacketReceiver::processPendingEvents: Throwing REASON_GENERAL_NETWORK - WSAECONNRESET
  WARN root [0x00001c7c] [2017-05-02 17:43:37,360] - TCPPacketReceiver::processPendingEvents: Throwing REASON_GENERAL_NETWORK - WSAECONNRESET
  WARN root [0x00001c7c] [2017-05-02 17:43:37,360] - TCPPacketReceiver::processPendingEvents: Throwing REASON_GENERAL_NETWORK - WSAECONNRESET
  WARN root [0x00001c7c] [2017-05-02 17:43:37,360] - TCPPacketReceiver::processPendingEvents: Throwing REASON_GENERAL_NETWORK - WSAECONNRESET
  WARN root [0x00001c7c] [2017-05-02 17:43:37,360] - TCPPacketReceiver::processPendingEvents: Throwing REASON_GENERAL_NETWORK - WSAECONNRESET
  WARN root [0x00001c7c] [2017-05-02 17:43:37,360] - TCPPacketReceiver::processPendingEvents: Throwing REASON_GENERAL_NETWORK - WSAECONNRESET
  WARN root [0x00001c7c] [2017-05-02 17:43:37,360] - TCPPacketReceiver::processPendingEvents: Throwing REASON_GENERAL_NETWORK - WSAECONNRESET
  WARN root [0x00001c7c] [2017-05-02 17:43:37,360] - TCPPacketReceiver::processPendingEvents: Throwing REASON_GENERAL_NETWORK - WSAECONNRESET
  WARN root [0x00001c7c] [2017-05-02 17:43:37,360] - TCPPacketReceiver::processPendingEvents: Throwing REASON_GENERAL_NETWORK - WSAECONNRESET
  WARN root [0x00001c7c] [2017-05-02 17:43:37,360] - TCPPacketReceiver::processPendingEvents: Throwing REASON_GENERAL_NETWORK - WSAECONNRESET
  WARN root [0x00001c7c] [2017-05-02 17:43:37,360] - TCPPacketReceiver::processPendingEvents: Throwing REASON_GENERAL_NETWORK - WSAECONNRESET
  WARN root [0x00001c7c] [2017-05-02 17:43:37,360] - TCPPacketReceiver::processPendingEvents: Throwing REASON_GENERAL_NETWORK - WSAECONNRESET
  WARN root [0x00001c7c] [2017-05-02 17:43:37,360] - TCPPacketReceiver::processPendingEvents: Throwing REASON_GENERAL_NETWORK - WSAECONNRESET
  WARN root [0x00001c7c] [2017-05-02 17:43:37,360] - TCPPacketReceiver::processPendingEvents: Throwing REASON_GENERAL_NETWORK - WSAECONNRESET
  WARN root [0x00001c7c] [2017-05-02 17:43:37,360] - TCPPacketReceiver::processPendingEvents: Throwing REASON_GENERAL_NETWORK - WSAECONNRESET
  WARN root [0x00001c7c] [2017-05-02 17:43:37,360] - TCPPacketReceiver::processPendingEvents: Throwing REASON_GENERAL_NETWORK - WSAECONNRESET
  WARN root [0x00001c7c] [2017-05-02 17:43:37,360] - TCPPacketReceiver::processPendingEvents: Throwing REASON_GENERAL_NETWORK - WSAECONNRESET
  WARN root [0x00001c7c] [2017-05-02 17:43:37,375] - TCPPacketReceiver::processPendingEvents: Throwing REASON_GENERAL_NETWORK - WSAECONNRESET
  WARN root [0x00001c7c] [2017-05-02 17:43:37,375] - TCPPacketReceiver::processPendingEvents: Throwing REASON_GENERAL_NETWORK - WSAECONNRESET
  WARN root [0x00001c7c] [2017-05-02 17:43:37,375] - TCPPacketReceiver::processPendingEvents: Throwing REASON_GENERAL_NETWORK - WSAECONNRESET
  WARN root [0x00001c7c] [2017-05-02 17:43:37,375] - TCPPacketReceiver::processPendingEvents: Throwing REASON_GENERAL_NETWORK - WSAECONNRESET
  WARN root [0x00001c7c] [2017-05-02 17:43:37,375] - TCPPacketReceiver::processPendingEvents: Throwing REASON_GENERAL_NETWORK - WSAECONNRESET
  WARN root [0x00001c7c] [2017-05-02 17:43:37,375] - TCPPacketReceiver::processPendingEvents: Throwing REASON_GENERAL_NETWORK - WSAECONNRESET
  WARN root [0x00001c7c] [2017-05-02 17:43:37,375] - TCPPacketReceiver::processPendingEvents: Throwing REASON_GENERAL_NETWORK - WSAECONNRESET
  WARN root [0x00001c7c] [2017-05-02 17:43:37,375] - TCPPacketReceiver::processPendingEvents: Throwing REASON_GENERAL_NETWORK - WSAECONNRESET
  WARN root [0x00001c7c] [2017-05-02 17:43:37,375] - TCPPacketReceiver::processPendingEvents: Throwing REASON_GENERAL_NETWORK - WSAECONNRESET
  WARN root [0x00001c7c] [2017-05-02 17:43:37,375] - TCPPacketReceiver::processPendingEvents: Throwing REASON_GENERAL_NETWORK - WSAECONNRESET
  WARN root [0x00001c7c] [2017-05-02 17:43:37,375] - TCPPacketReceiver::processPendingEvents: Throwing REASON_GENERAL_NETWORK - WSAECONNRESET
  WARN root [0x00001c7c] [2017-05-02 17:43:37,375] - TCPPacketReceiver::processPendingEvents: Throwing REASON_GENERAL_NETWORK - WSAECONNRESET
  WARN root [0x00001c7c] [2017-05-02 17:43:37,375] - TCPPacketReceiver::processPendingEvents: Throwing REASON_GENERAL_NETWORK - WSAECONNRESET
  WARN root [0x00001c7c] [2017-05-02 17:43:37,375] - TCPPacketReceiver::processPendingEvents: Throwing REASON_GENERAL_NETWORK - WSAECONNRESET
  WARN root [0x00001c7c] [2017-05-02 17:43:37,375] - TCPPacketReceiver::processPendingEvents: Throwing REASON_GENERAL_NETWORK - WSAECONNRESET
  WARN root [0x00001c7c] [2017-05-02 17:43:37,375] - TCPPacketReceiver::processPendingEvents: Throwing REASON_GENERAL_NETWORK - WSAECONNRESET
  WARN root [0x00001c7c] [2017-05-02 17:43:37,375] - TCPPacketReceiver::processPendingEvents: Throwing REASON_GENERAL_NETWORK - WSAECONNRESET
  WARN root [0x00001c7c] [2017-05-02 17:43:37,375] - TCPPacketReceiver::processPendingEvents: Throwing REASON_GENERAL_NETWORK - WSAECONNRESET
  WARN root [0x00001c7c] [2017-05-02 17:43:37,375] - TCPPacketReceiver::processPendingEvents: Throwing REASON_GENERAL_NETWORK - WSAECONNRESET
  WARN root [0x00001c7c] [2017-05-02 17:43:37,375] - TCPPacketReceiver::processPendingEvents: Throwing REASON_GENERAL_NETWORK - WSAECONNRESET
  WARN root [0x00001c7c] [2017-05-02 17:43:37,375] - TCPPacketReceiver::processPendingEvents: Throwing REASON_GENERAL_NETWORK - WSAECONNRESET
  WARN root [0x00001c7c] [2017-05-02 17:43:37,375] - TCPPacketReceiver::processPendingEvents: Throwing REASON_GENERAL_NETWORK - WSAECONNRESET
  WARN root [0x00001c7c] [2017-05-02 17:43:37,375] - TCPPacketReceiver::processPendingEvents: Throwing REASON_GENERAL_NETWORK - WSAECONNRESET
  WARN root [0x00001c7c] [2017-05-02 17:43:37,375] - TCPPacketReceiver::processPendingEvents: Throwing REASON_GENERAL_NETWORK - WSAECONNRESET
  WARN root [0x00001c7c] [2017-05-02 17:43:37,375] - TCPPacketReceiver::processPendingEvents: Throwing REASON_GENERAL_NETWORK - WSAECONNRESET
  WARN root [0x00001c7c] [2017-05-02 17:43:37,375] - TCPPacketReceiver::processPendingEvents: Throwing REASON_GENERAL_NETWORK - WSAECONNRESET
  WARN root [0x00001c7c] [2017-05-02 17:43:37,375] - TCPPacketReceiver::processPendingEvents: Throwing REASON_GENERAL_NETWORK - WSAECONNRESET
  WARN root [0x00001c7c] [2017-05-02 17:43:37,375] - TCPPacketReceiver::processPendingEvents: Throwing REASON_GENERAL_NETWORK - WSAECONNRESET
  WARN root [0x00001c7c] [2017-05-02 17:43:37,375] - TCPPacketReceiver::processPendingEvents: Throwing REASON_GENERAL_NETWORK - WSAECONNRESET
  WARN root [0x00001c7c] [2017-05-02 17:43:37,375] - TCPPacketReceiver::processPendingEvents: Throwing REASON_GENERAL_NETWORK - WSAECONNRESET
  WARN root [0x00001c7c] [2017-05-02 17:43:37,375] - TCPPacketReceiver::processPendingEvents: Throwing REASON_GENERAL_NETWORK - WSAECONNRESET
  WARN root [0x00001c7c] [2017-05-02 17:43:37,375] - TCPPacketReceiver::processPendingEvents: Throwing REASON_GENERAL_NETWORK - WSAECONNRESET
  WARN root [0x00001c7c] [2017-05-02 17:43:37,375] - TCPPacketReceiver::processPendingEvents: Throwing REASON_GENERAL_NETWORK - WSAECONNRESET
  WARN root [0x00001c7c] [2017-05-02 17:43:37,375] - TCPPacketReceiver::processPendingEvents: Throwing REASON_GENERAL_NETWORK - WSAECONNRESET
  WARN root [0x00001c7c] [2017-05-02 17:43:37,375] - TCPPacketReceiver::processPendingEvents: Throwing REASON_GENERAL_NETWORK - WSAECONNRESET
  WARN root [0x00001c7c] [2017-05-02 17:43:37,375] - TCPPacketReceiver::processPendingEvents: Throwing REASON_GENERAL_NETWORK - WSAECONNRESET
  WARN root [0x00001c7c] [2017-05-02 17:43:37,375] - TCPPacketReceiver::processPendingEvents: Throwing REASON_GENERAL_NETWORK - WSAECONNRESET
  WARN root [0x00001c7c] [2017-05-02 17:43:37,375] - TCPPacketReceiver::processPendingEvents: Throwing REASON_GENERAL_NETWORK - WSAECONNRESET
  WARN root [0x00001c7c] [2017-05-02 17:43:37,375] - TCPPacketReceiver::processPendingEvents: Throwing REASON_GENERAL_NETWORK - WSAECONNRESET
  WARN root [0x00001c7c] [2017-05-02 17:43:37,375] - TCPPacketReceiver::processPendingEvents: Throwing REASON_GENERAL_NETWORK - WSAECONNRESET
  WARN root [0x00001c7c] [2017-05-02 17:43:37,375] - TCPPacketReceiver::processPendingEvents: Throwing REASON_GENERAL_NETWORK - WSAECONNRESET
  WARN root [0x00001c7c] [2017-05-02 17:43:37,375] - TCPPacketReceiver::processPendingEvents: Throwing REASON_GENERAL_NETWORK - WSAECONNRESET
  WARN root [0x00001c7c] [2017-05-02 17:43:37,375] - TCPPacketReceiver::processPendingEvents: Throwing REASON_GENERAL_NETWORK - WSAECONNRESET
  WARN root [0x00001c7c] [2017-05-02 17:43:37,375] - TCPPacketReceiver::processPendingEvents: Throwing REASON_GENERAL_NETWORK - WSAECONNRESET
  WARN root [0x00001c7c] [2017-05-02 17:43:37,375] - TCPPacketReceiver::processPendingEvents: Throwing REASON_GENERAL_NETWORK - WSAECONNRESET
  WARN root [0x00001c7c] [2017-05-02 17:43:37,375] - TCPPacketReceiver::processPendingEvents: Throwing REASON_GENERAL_NETWORK - WSAECONNRESET
  WARN root [0x00001c7c] [2017-05-02 17:43:37,375] - TCPPacketReceiver::processPendingEvents: Throwing REASON_GENERAL_NETWORK - WSAECONNRESET
  WARN root [0x00001c7c] [2017-05-02 17:43:37,375] - TCPPacketReceiver::processPendingEvents: Throwing REASON_GENERAL_NETWORK - WSAECONNRESET
  WARN root [0x00001c7c] [2017-05-02 17:43:37,375] - TCPPacketReceiver::processPendingEvents: Throwing REASON_GENERAL_NETWORK - WSAECONNRESET
  WARN root [0x00001c7c] [2017-05-02 17:43:37,375] - TCPPacketReceiver::processPendingEvents: Throwing REASON_GENERAL_NETWORK - WSAECONNRESET
  WARN root [0x00001c7c] [2017-05-02 17:43:37,375] - TCPPacketReceiver::processPendingEvents: Throwing REASON_GENERAL_NETWORK - WSAECONNRESET
  WARN root [0x00001c7c] [2017-05-02 17:43:37,375] - TCPPacketReceiver::processPendingEvents: Throwing REASON_GENERAL_NETWORK - WSAECONNRESET
  WARN root [0x00001c7c] [2017-05-02 17:43:37,375] - TCPPacketReceiver::processPendingEvents: Throwing REASON_GENERAL_NETWORK - WSAECONNRESET
  WARN root [0x00001c7c] [2017-05-02 17:43:37,375] - TCPPacketReceiver::processPendingEvents: Throwing REASON_GENERAL_NETWORK - WSAECONNRESET
  WARN root [0x00001c7c] [2017-05-02 17:43:37,375] - TCPPacketReceiver::processPendingEvents: Throwing REASON_GENERAL_NETWORK - WSAECONNRESET
  WARN root [0x00001c7c] [2017-05-02 17:43:37,375] - TCPPacketReceiver::processPendingEvents: Throwing REASON_GENERAL_NETWORK - WSAECONNRESET
  WARN root [0x00001c7c] [2017-05-02 17:43:37,375] - TCPPacketReceiver::processPendingEvents: Throwing REASON_GENERAL_NETWORK - WSAECONNRESET
  WARN root [0x00001c7c] [2017-05-02 17:43:37,375] - TCPPacketReceiver::processPendingEvents: Throwing REASON_GENERAL_NETWORK - WSAECONNRESET
  WARN root [0x00001c7c] [2017-05-02 17:43:37,375] - TCPPacketReceiver::processPendingEvents: Throwing REASON_GENERAL_NETWORK - WSAECONNRESET
  WARN root [0x00001c7c] [2017-05-02 17:43:37,375] - TCPPacketReceiver::processPendingEvents: Throwing REASON_GENERAL_NETWORK - WSAECONNRESET
  WARN root [0x00001c7c] [2017-05-02 17:43:37,375] - TCPPacketReceiver::processPendingEvents: Throwing REASON_GENERAL_NETWORK - WSAECONNRESET
  WARN root [0x00001c7c] [2017-05-02 17:43:37,375] - TCPPacketReceiver::processPendingEvents: Throwing REASON_GENERAL_NETWORK - WSAECONNRESET
  WARN root [0x00001c7c] [2017-05-02 17:43:37,375] - TCPPacketReceiver::processPendingEvents: Throwing REASON_GENERAL_NETWORK - WSAECONNRESET
  WARN root [0x00001c7c] [2017-05-02 17:43:37,375] - TCPPacketReceiver::processPendingEvents: Throwing REASON_GENERAL_NETWORK - WSAECONNRESET
  WARN root [0x00001c7c] [2017-05-02 17:43:37,375] - TCPPacketReceiver::processPendingEvents: Throwing REASON_GENERAL_NETWORK - WSAECONNRESET
  WARN root [0x00001c7c] [2017-05-02 17:43:37,375] - TCPPacketReceiver::processPendingEvents: Throwing REASON_GENERAL_NETWORK - WSAECONNRESET
  WARN root [0x00001c7c] [2017-05-02 17:43:37,375] - TCPPacketReceiver::processPendingEvents: Throwing REASON_GENERAL_NETWORK - WSAECONNRESET
  WARN root [0x00001c7c] [2017-05-02 17:43:37,375] - TCPPacketReceiver::processPendingEvents: Throwing REASON_GENERAL_NETWORK - WSAECONNRESET
  WARN root [0x00001c7c] [2017-05-02 17:43:37,375] - TCPPacketReceiver::processPendingEvents: Throwing REASON_GENERAL_NETWORK - WSAECONNRESET
  WARN root [0x00001c7c] [2017-05-02 17:43:37,375] - TCPPacketReceiver::processPendingEvents: Throwing REASON_GENERAL_NETWORK - WSAECONNRESET
  WARN root [0x00001c7c] [2017-05-02 17:43:37,375] - TCPPacketReceiver::processPendingEvents: Throwing REASON_GENERAL_NETWORK - WSAECONNRESET
  WARN root [0x00001c7c] [2017-05-02 17:43:37,375] - TCPPacketReceiver::processPendingEvents: Throwing REASON_GENERAL_NETWORK - WSAECONNRESET
  WARN root [0x00001c7c] [2017-05-02 17:43:37,375] - TCPPacketReceiver::processPendingEvents: Throwing REASON_GENERAL_NETWORK - WSAECONNRESET
  WARN root [0x00001c7c] [2017-05-02 17:43:37,375] - TCPPacketReceiver::processPendingEvents: Throwing REASON_GENERAL_NETWORK - WSAECONNRESET
  WARN root [0x00001c7c] [2017-05-02 17:43:37,375] - TCPPacketReceiver::processPendingEvents: Throwing REASON_GENERAL_NETWORK - WSAECONNRESET
  WARN root [0x00001c7c] [2017-05-02 17:43:37,375] - TCPPacketReceiver::processPendingEvents: Throwing REASON_GENERAL_NETWORK - WSAECONNRESET
  WARN root [0x00001c7c] [2017-05-02 17:43:37,375] - TCPPacketReceiver::processPendingEvents: Throwing REASON_GENERAL_NETWORK - WSAECONNRESET
  WARN root [0x00001c7c] [2017-05-02 17:43:37,375] - TCPPacketReceiver::processPendingEvents: Throwing REASON_GENERAL_NETWORK - WSAECONNRESET
  WARN root [0x00001c7c] [2017-05-02 17:43:37,375] - TCPPacketReceiver::processPendingEvents: Throwing REASON_GENERAL_NETWORK - WSAECONNRESET
  WARN root [0x00001c7c] [2017-05-02 17:43:37,375] - TCPPacketReceiver::processPendingEvents: Throwing REASON_GENERAL_NETWORK - WSAECONNRESET
  WARN root [0x00001c7c] [2017-05-02 17:43:37,375] - TCPPacketReceiver::processPendingEvents: Throwing REASON_GENERAL_NETWORK - WSAECONNRESET
  WARN root [0x00001c7c] [2017-05-02 17:43:37,375] - TCPPacketReceiver::processPendingEvents: Throwing REASON_GENERAL_NETWORK - WSAECONNRESET
  WARN root [0x00001c7c] [2017-05-02 17:43:37,375] - TCPPacketReceiver::processPendingEvents: Throwing REASON_GENERAL_NETWORK - WSAECONNRESET
  WARN root [0x00001c7c] [2017-05-02 17:43:37,375] - TCPPacketReceiver::processPendingEvents: Throwing REASON_GENERAL_NETWORK - WSAECONNRESET
  WARN root [0x00001c7c] [2017-05-02 17:43:37,375] - TCPPacketReceiver::processPendingEvents: Throwing REASON_GENERAL_NETWORK - WSAECONNRESET
  WARN root [0x00001c7c] [2017-05-02 17:43:37,375] - TCPPacketReceiver::processPendingEvents: Throwing REASON_GENERAL_NETWORK - WSAECONNRESET
  WARN root [0x00001c7c] [2017-05-02 17:43:37,375] - TCPPacketReceiver::processPendingEvents: Throwing REASON_GENERAL_NETWORK - WSAECONNRESET
  WARN root [0x00001c7c] [2017-05-02 17:43:37,375] - TCPPacketReceiver::processPendingEvents: Throwing REASON_GENERAL_NETWORK - WSAECONNRESET
  WARN root [0x00001c7c] [2017-05-02 17:43:37,375] - TCPPacketReceiver::processPendingEvents: Throwing REASON_GENERAL_NETWORK - WSAECONNRESET
  WARN root [0x00001c7c] [2017-05-02 17:43:37,375] - TCPPacketReceiver::processPendingEvents: Throwing REASON_GENERAL_NETWORK - WSAECONNRESET
  WARN root [0x00001c7c] [2017-05-02 17:43:37,375] - TCPPacketReceiver::processPendingEvents: Throwing REASON_GENERAL_NETWORK - WSAECONNRESET
  WARN root [0x00001c7c] [2017-05-02 17:43:37,375] - TCPPacketReceiver::processPendingEvents: Throwing REASON_GENERAL_NETWORK - WSAECONNRESET
  WARN root [0x00001c7c] [2017-05-02 17:43:37,375] - TCPPacketReceiver::processPendingEvents: Throwing REASON_GENERAL_NETWORK - WSAECONNRESET
  WARN root [0x00001c7c] [2017-05-02 17:43:37,375] - TCPPacketReceiver::processPendingEvents: Throwing REASON_GENERAL_NETWORK - WSAECONNRESET
  WARN root [0x00001c7c] [2017-05-02 17:43:37,375] - TCPPacketReceiver::processPendingEvents: Throwing REASON_GENERAL_NETWORK - WSAECONNRESET
  WARN root [0x00001c7c] [2017-05-02 17:43:37,375] - TCPPacketReceiver::processPendingEvents: Throwing REASON_GENERAL_NETWORK - WSAECONNRESET
  WARN root [0x00001c7c] [2017-05-02 17:43:37,375] - TCPPacketReceiver::processPendingEvents: Throwing REASON_GENERAL_NETWORK - WSAECONNRESET
  WARN root [0x00001c7c] [2017-05-02 17:43:37,375] - TCPPacketReceiver::processPendingEvents: Throwing REASON_GENERAL_NETWORK - WSAECONNRESET
  WARN root [0x00001c7c] [2017-05-02 17:43:37,391] - TCPPacketReceiver::processPendingEvents: Throwing REASON_GENERAL_NETWORK - WSAECONNRESET
  WARN root [0x00001c7c] [2017-05-02 17:43:37,391] - TCPPacketReceiver::processPendingEvents: Throwing REASON_GENERAL_NETWORK - WSAECONNRESET
  WARN root [0x00001c7c] [2017-05-02 17:43:37,391] - TCPPacketReceiver::processPendingEvents: Throwing REASON_GENERAL_NETWORK - WSAECONNRESET
  WARN root [0x00001c7c] [2017-05-02 17:43:37,391] - TCPPacketReceiver::processPendingEvents: Throwing REASON_GENERAL_NETWORK - WSAECONNRESET
  WARN root [0x00001c7c] [2017-05-02 17:43:37,391] - TCPPacketReceiver::processPendingEvents: Throwing REASON_GENERAL_NETWORK - WSAECONNRESET
  WARN root [0x00001c7c] [2017-05-02 17:43:37,391] - TCPPacketReceiver::processPendingEvents: Throwing REASON_GENERAL_NETWORK - WSAECONNRESET
  WARN root [0x00001c7c] [2017-05-02 17:43:37,391] - TCPPacketReceiver::processPendingEvents: Throwing REASON_GENERAL_NETWORK - WSAECONNRESET
  WARN root [0x00001c7c] [2017-05-02 17:43:37,391] - TCPPacketReceiver::processPendingEvents: Throwing REASON_GENERAL_NETWORK - WSAECONNRESET
  WARN root [0x00001c7c] [2017-05-02 17:43:37,391] - TCPPacketReceiver::processPendingEvents: Throwing REASON_GENERAL_NETWORK - WSAECONNRESET
  WARN root [0x00001c7c] [2017-05-02 17:43:37,391] - TCPPacketReceiver::processPendingEvents: Throwing REASON_GENERAL_NETWORK - WSAECONNRESET
  WARN root [0x00001c7c] [2017-05-02 17:43:37,391] - TCPPacketReceiver::processPendingEvents: Throwing REASON_GENERAL_NETWORK - WSAECONNRESET
  WARN root [0x00001c7c] [2017-05-02 17:43:37,391] - TCPPacketReceiver::processPendingEvents: Throwing REASON_GENERAL_NETWORK - WSAECONNRESET
  WARN root [0x00001c7c] [2017-05-02 17:43:37,391] - TCPPacketReceiver::processPendingEvents: Throwing REASON_GENERAL_NETWORK - WSAECONNRESET
  WARN root [0x00001c7c] [2017-05-02 17:43:37,391] - TCPPacketReceiver::processPendingEvents: Throwing REASON_GENERAL_NETWORK - WSAECONNRESET
  WARN root [0x00001c7c] [2017-05-02 17:43:37,391] - TCPPacketReceiver::processPendingEvents: Throwing REASON_GENERAL_NETWORK - WSAECONNRESET
  WARN root [0x00001c7c] [2017-05-02 17:43:37,391] - TCPPacketReceiver::processPendingEvents: Throwing REASON_GENERAL_NETWORK - WSAECONNRESET
  WARN root [0x00001c7c] [2017-05-02 17:43:37,391] - TCPPacketReceiver::processPendingEvents: Throwing REASON_GENERAL_NETWORK - WSAECONNRESET
  WARN root [0x00001c7c] [2017-05-02 17:43:37,391] - TCPPacketReceiver::processPendingEvents: Throwing REASON_GENERAL_NETWORK - WSAECONNRESET
  WARN root [0x00001c7c] [2017-05-02 17:43:37,391] - TCPPacketReceiver::processPendingEvents: Throwing REASON_GENERAL_NETWORK - WSAECONNRESET
  WARN root [0x00001c7c] [2017-05-02 17:43:37,391] - TCPPacketReceiver::processPendingEvents: Throwing REASON_GENERAL_NETWORK - WSAECONNRESET
  WARN root [0x00001c7c] [2017-05-02 17:43:37,391] - TCPPacketReceiver::processPendingEvents: Throwing REASON_GENERAL_NETWORK - WSAECONNRESET
  WARN root [0x00001c7c] [2017-05-02 17:43:37,391] - TCPPacketReceiver::processPendingEvents: Throwing REASON_GENERAL_NETWORK - WSAECONNRESET
  WARN root [0x00001c7c] [2017-05-02 17:43:37,391] - TCPPacketReceiver::processPendingEvents: Throwing REASON_GENERAL_NETWORK - WSAECONNRESET
  WARN root [0x00001c7c] [2017-05-02 17:43:37,391] - TCPPacketReceiver::processPendingEvents: Throwing REASON_GENERAL_NETWORK - WSAECONNRESET
  WARN root [0x00001c7c] [2017-05-02 17:43:37,391] - TCPPacketReceiver::processPendingEvents: Throwing REASON_GENERAL_NETWORK - WSAECONNRESET
  WARN root [0x00001c7c] [2017-05-02 17:43:37,391] - TCPPacketReceiver::processPendingEvents: Throwing REASON_GENERAL_NETWORK - WSAECONNRESET
  WARN root [0x00001c7c] [2017-05-02 17:43:37,391] - TCPPacketReceiver::processPendingEvents: Throwing REASON_GENERAL_NETWORK - WSAECONNRESET
  WARN root [0x00001c7c] [2017-05-02 17:43:37,391] - TCPPacketReceiver::processPendingEvents: Throwing REASON_GENERAL_NETWORK - WSAECONNRESET
  WARN root [0x00001c7c] [2017-05-02 17:43:37,391] - TCPPacketReceiver::processPendingEvents: Throwing REASON_GENERAL_NETWORK - WSAECONNRESET
  WARN root [0x00001c7c] [2017-05-02 17:43:37,391] - TCPPacketReceiver::processPendingEvents: Throwing REASON_GENERAL_NETWORK - WSAECONNRESET
  WARN root [0x00001c7c] [2017-05-02 17:43:37,391] - TCPPacketReceiver::processPendingEvents: Throwing REASON_GENERAL_NETWORK - WSAECONNRESET
  WARN root [0x00001c7c] [2017-05-02 17:43:37,391] - TCPPacketReceiver::processPendingEvents: Throwing REASON_GENERAL_NETWORK - WSAECONNRESET
  WARN root [0x00001c7c] [2017-05-02 17:43:37,391] - TCPPacketReceiver::processPendingEvents: Throwing REASON_GENERAL_NETWORK - WSAECONNRESET
  WARN root [0x00001c7c] [2017-05-02 17:43:37,391] - TCPPacketReceiver::processPendingEvents: Throwing REASON_GENERAL_NETWORK - WSAECONNRESET
  WARN root [0x00001c7c] [2017-05-02 17:43:37,391] - TCPPacketReceiver::processPendingEvents: Throwing REASON_GENERAL_NETWORK - WSAECONNRESET
  WARN root [0x00001c7c] [2017-05-02 17:43:37,391] - TCPPacketReceiver::processPendingEvents: Throwing REASON_GENERAL_NETWORK - WSAECONNRESET
  WARN root [0x00001c7c] [2017-05-02 17:43:37,391] - TCPPacketReceiver::processPendingEvents: Throwing REASON_GENERAL_NETWORK - WSAECONNRESET
  WARN root [0x00001c7c] [2017-05-02 17:43:37,391] - TCPPacketReceiver::processPendingEvents: Throwing REASON_GENERAL_NETWORK - WSAECONNRESET
  WARN root [0x00001c7c] [2017-05-02 17:43:37,391] - TCPPacketReceiver::processPendingEvents: Throwing REASON_GENERAL_NETWORK - WSAECONNRESET
  WARN root [0x00001c7c] [2017-05-02 17:43:37,391] - TCPPacketReceiver::processPendingEvents: Throwing REASON_GENERAL_NETWORK - WSAECONNRESET
  WARN root [0x00001c7c] [2017-05-02 17:43:37,391] - TCPPacketReceiver::processPendingEvents: Throwing REASON_GENERAL_NETWORK - WSAECONNRESET
  WARN root [0x00001c7c] [2017-05-02 17:43:37,391] - TCPPacketReceiver::processPendingEvents: Throwing REASON_GENERAL_NETWORK - WSAECONNRESET
  WARN root [0x00001c7c] [2017-05-02 17:43:37,391] - TCPPacketReceiver::processPendingEvents: Throwing REASON_GENERAL_NETWORK - WSAECONNRESET
  WARN root [0x00001c7c] [2017-05-02 17:43:37,391] - TCPPacketReceiver::processPendingEvents: Throwing REASON_GENERAL_NETWORK - WSAECONNRESET
  WARN root [0x00001c7c] [2017-05-02 17:43:37,391] - TCPPacketReceiver::processPendingEvents: Throwing REASON_GENERAL_NETWORK - WSAECONNRESET
  WARN root [0x00001c7c] [2017-05-02 17:43:37,391] - TCPPacketReceiver::processPendingEvents: Throwing REASON_GENERAL_NETWORK - WSAECONNRESET
  WARN root [0x00001c7c] [2017-05-02 17:43:37,391] - TCPPacketReceiver::processPendingEvents: Throwing REASON_GENERAL_NETWORK - WSAECONNRESET
  WARN root [0x00001c7c] [2017-05-02 17:43:37,391] - TCPPacketReceiver::processPendingEvents: Throwing REASON_GENERAL_NETWORK - WSAECONNRESET
  WARN root [0x00001c7c] [2017-05-02 17:43:37,391] - TCPPacketReceiver::processPendingEvents: Throwing REASON_GENERAL_NETWORK - WSAECONNRESET
  WARN root [0x00001c7c] [2017-05-02 17:43:37,391] - TCPPacketReceiver::processPendingEvents: Throwing REASON_GENERAL_NETWORK - WSAECONNRESET
  WARN root [0x00001c7c] [2017-05-02 17:43:37,391] - TCPPacketReceiver::processPendingEvents: Throwing REASON_GENERAL_NETWORK - WSAECONNRESET
  WARN root [0x00001c7c] [2017-05-02 17:43:37,391] - TCPPacketReceiver::processPendingEvents: Throwing REASON_GENERAL_NETWORK - WSAECONNRESET
  WARN root [0x00001c7c] [2017-05-02 17:43:37,391] - TCPPacketReceiver::processPendingEvents: Throwing REASON_GENERAL_NETWORK - WSAECONNRESET
  WARN root [0x00001c7c] [2017-05-02 17:43:37,391] - TCPPacketReceiver::processPendingEvents: Throwing REASON_GENERAL_NETWORK - WSAECONNRESET
  WARN root [0x00001c7c] [2017-05-02 17:43:37,391] - TCPPacketReceiver::processPendingEvents: Throwing REASON_GENERAL_NETWORK - WSAECONNRESET
  WARN root [0x00001c7c] [2017-05-02 17:43:37,391] - TCPPacketReceiver::processPendingEvents: Throwing REASON_GENERAL_NETWORK - WSAECONNRESET
  WARN root [0x00001c7c] [2017-05-02 17:43:37,391] - TCPPacketReceiver::processPendingEvents: Throwing REASON_GENERAL_NETWORK - WSAECONNRESET
  WARN root [0x00001c7c] [2017-05-02 17:43:37,391] - TCPPacketReceiver::processPendingEvents: Throwing REASON_GENERAL_NETWORK - WSAECONNRESET
  WARN root [0x00001c7c] [2017-05-02 17:43:37,391] - TCPPacketReceiver::processPendingEvents: Throwing REASON_GENERAL_NETWORK - WSAECONNRESET
  WARN root [0x00001c7c] [2017-05-02 17:43:37,391] - TCPPacketReceiver::processPendingEvents: Throwing REASON_GENERAL_NETWORK - WSAECONNRESET
  WARN root [0x00001c7c] [2017-05-02 17:43:37,391] - TCPPacketReceiver::processPendingEvents: Throwing REASON_GENERAL_NETWORK - WSAECONNRESET
  WARN root [0x00001c7c] [2017-05-02 17:43:37,391] - TCPPacketReceiver::processPendingEvents: Throwing REASON_GENERAL_NETWORK - WSAECONNRESET
  WARN root [0x00001c7c] [2017-05-02 17:43:37,391] - TCPPacketReceiver::processPendingEvents: Throwing REASON_GENERAL_NETWORK - WSAECONNRESET
  WARN root [0x00001c7c] [2017-05-02 17:43:37,391] - TCPPacketReceiver::processPendingEvents: Throwing REASON_GENERAL_NETWORK - WSAECONNRESET
  WARN root [0x00001c7c] [2017-05-02 17:43:37,391] - TCPPacketReceiver::processPendingEvents: Throwing REASON_GENERAL_NETWORK - WSAECONNRESET
  WARN root [0x00001c7c] [2017-05-02 17:43:37,391] - TCPPacketReceiver::processPendingEvents: Throwing REASON_GENERAL_NETWORK - WSAECONNRESET
  WARN root [0x00001c7c] [2017-05-02 17:43:37,391] - TCPPacketReceiver::processPendingEvents: Throwing REASON_GENERAL_NETWORK - WSAECONNRESET
  WARN root [0x00001c7c] [2017-05-02 17:43:37,391] - TCPPacketReceiver::processPendingEvents: Throwing REASON_GENERAL_NETWORK - WSAECONNRESET
  WARN root [0x00001c7c] [2017-05-02 17:43:37,391] - TCPPacketReceiver::processPendingEvents: Throwing REASON_GENERAL_NETWORK - WSAECONNRESET
  WARN root [0x00001c7c] [2017-05-02 17:43:37,391] - TCPPacketReceiver::processPendingEvents: Throwing REASON_GENERAL_NETWORK - WSAECONNRESET
  WARN root [0x00001c7c] [2017-05-02 17:43:37,391] - TCPPacketReceiver::processPendingEvents: Throwing REASON_GENERAL_NETWORK - WSAECONNRESET
  WARN root [0x00001c7c] [2017-05-02 17:43:37,391] - TCPPacketReceiver::processPendingEvents: Throwing REASON_GENERAL_NETWORK - WSAECONNRESET
  WARN root [0x00001c7c] [2017-05-02 17:43:37,391] - TCPPacketReceiver::processPendingEvents: Throwing REASON_GENERAL_NETWORK - WSAECONNRESET
  WARN root [0x00001c7c] [2017-05-02 17:43:37,391] - TCPPacketReceiver::processPendingEvents: Throwing REASON_GENERAL_NETWORK - WSAECONNRESET
  WARN root [0x00001c7c] [2017-05-02 17:43:37,391] - TCPPacketReceiver::processPendingEvents: Throwing REASON_GENERAL_NETWORK - WSAECONNRESET
  WARN root [0x00001c7c] [2017-05-02 17:43:37,391] - TCPPacketReceiver::processPendingEvents: Throwing REASON_GENERAL_NETWORK - WSAECONNRESET
  WARN root [0x00001c7c] [2017-05-02 17:43:37,391] - TCPPacketReceiver::processPendingEvents: Throwing REASON_GENERAL_NETWORK - WSAECONNRESET
  WARN root [0x00001c7c] [2017-05-02 17:43:37,391] - TCPPacketReceiver::processPendingEvents: Throwing REASON_GENERAL_NETWORK - WSAECONNRESET
  WARN root [0x00001c7c] [2017-05-02 17:43:37,391] - TCPPacketReceiver::processPendingEvents: Throwing REASON_GENERAL_NETWORK - WSAECONNRESET
  WARN root [0x00001c7c] [2017-05-02 17:43:37,391] - TCPPacketReceiver::processPendingEvents: Throwing REASON_GENERAL_NETWORK - WSAECONNRESET
  WARN root [0x00001c7c] [2017-05-02 17:43:37,391] - TCPPacketReceiver::processPendingEvents: Throwing REASON_GENERAL_NETWORK - WSAECONNRESET
  WARN root [0x00001c7c] [2017-05-02 17:43:37,391] - TCPPacketReceiver::processPendingEvents: Throwing REASON_GENERAL_NETWORK - WSAECONNRESET
  WARN root [0x00001c7c] [2017-05-02 17:43:37,391] - TCPPacketReceiver::processPendingEvents: Throwing REASON_GENERAL_NETWORK - WSAECONNRESET
  WARN root [0x00001c7c] [2017-05-02 17:43:37,391] - TCPPacketReceiver::processPendingEvents: Throwing REASON_GENERAL_NETWORK - WSAECONNRESET
  WARN root [0x00001c7c] [2017-05-02 17:43:37,391] - TCPPacketReceiver::processPendingEvents: Throwing REASON_GENERAL_NETWORK - WSAECONNRESET
  WARN root [0x00001c7c] [2017-05-02 17:43:37,391] - TCPPacketReceiver::processPendingEvents: Throwing REASON_GENERAL_NETWORK - WSAECONNRESET
  WARN root [0x00001c7c] [2017-05-02 17:43:37,391] - TCPPacketReceiver::processPendingEvents: Throwing REASON_GENERAL_NETWORK - WSAECONNRESET
  WARN root [0x00001c7c] [2017-05-02 17:43:37,391] - TCPPacketReceiver::processPendingEvents: Throwing REASON_GENERAL_NETWORK - WSAECONNRESET
  WARN root [0x00001c7c] [2017-05-02 17:43:37,391] - TCPPacketReceiver::processPendingEvents: Throwing REASON_GENERAL_NETWORK - WSAECONNRESET
  WARN root [0x00001c7c] [2017-05-02 17:43:37,391] - TCPPacketReceiver::processPendingEvents: Throwing REASON_GENERAL_NETWORK - WSAECONNRESET
  WARN root [0x00001c7c] [2017-05-02 17:43:37,391] - TCPPacketReceiver::processPendingEvents: Throwing REASON_GENERAL_NETWORK - WSAECONNRESET
  WARN root [0x00001c7c] [2017-05-02 17:43:37,391] - TCPPacketReceiver::processPendingEvents: Throwing REASON_GENERAL_NETWORK - WSAECONNRESET
  WARN root [0x00001c7c] [2017-05-02 17:43:37,391] - TCPPacketReceiver::processPendingEvents: Throwing REASON_GENERAL_NETWORK - WSAECONNRESET
  WARN root [0x00001c7c] [2017-05-02 17:43:37,391] - TCPPacketReceiver::processPendingEvents: Throwing REASON_GENERAL_NETWORK - WSAECONNRESET
  WARN root [0x00001c7c] [2017-05-02 17:43:37,391] - TCPPacketReceiver::processPendingEvents: Throwing REASON_GENERAL_NETWORK - WSAECONNRESET
  WARN root [0x00001c7c] [2017-05-02 17:43:37,391] - TCPPacketReceiver::processPendingEvents: Throwing REASON_GENERAL_NETWORK - WSAECONNRESET
  WARN root [0x00001c7c] [2017-05-02 17:43:37,391] - TCPPacketReceiver::processPendingEvents: Throwing REASON_GENERAL_NETWORK - WSAECONNRESET
  WARN root [0x00001c7c] [2017-05-02 17:43:37,391] - TCPPacketReceiver::processPendingEvents: Throwing REASON_GENERAL_NETWORK - WSAECONNRESET
  WARN root [0x00001c7c] [2017-05-02 17:43:37,406] - TCPPacketReceiver::processPendingEvents: Throwing REASON_GENERAL_NETWORK - WSAECONNRESET
  WARN root [0x00001c7c] [2017-05-02 17:43:37,406] - TCPPacketReceiver::processPendingEvents: Throwing REASON_GENERAL_NETWORK - WSAECONNRESET
  WARN root [0x00001c7c] [2017-05-02 17:43:37,406] - TCPPacketReceiver::processPendingEvents: Throwing REASON_GENERAL_NETWORK - WSAECONNRESET
  WARN root [0x00001c7c] [2017-05-02 17:43:37,406] - TCPPacketReceiver::processPendingEvents: Throwing REASON_GENERAL_NETWORK - WSAECONNRESET
  WARN root [0x00001c7c] [2017-05-02 17:43:37,406] - TCPPacketReceiver::processPendingEvents: Throwing REASON_GENERAL_NETWORK - WSAECONNRESET
  WARN root [0x00001c7c] [2017-05-02 17:43:37,406] - TCPPacketReceiver::processPendingEvents: Throwing REASON_GENERAL_NETWORK - WSAECONNRESET
  WARN root [0x00001c7c] [2017-05-02 17:43:37,406] - TCPPacketReceiver::processPendingEvents: Throwing REASON_GENERAL_NETWORK - WSAECONNRESET
  WARN root [0x00001c7c] [2017-05-02 17:43:37,406] - TCPPacketReceiver::processPendingEvents: Throwing REASON_GENERAL_NETWORK - WSAECONNRESET
  WARN root [0x00001c7c] [2017-05-02 17:43:37,406] - TCPPacketReceiver::processPendingEvents: Throwing REASON_GENERAL_NETWORK - WSAECONNRESET
  WARN root [0x00001c7c] [2017-05-02 17:43:37,406] - TCPPacketReceiver::processPendingEvents: Throwing REASON_GENERAL_NETWORK - WSAECONNRESET
  WARN root [0x00001c7c] [2017-05-02 17:43:37,406] - TCPPacketReceiver::processPendingEvents: Throwing REASON_GENERAL_NETWORK - WSAECONNRESET
  WARN root [0x00001c7c] [2017-05-02 17:43:37,406] - TCPPacketReceiver::processPendingEvents: Throwing REASON_GENERAL_NETWORK - WSAECONNRESET
  WARN root [0x00001c7c] [2017-05-02 17:43:37,406] - TCPPacketReceiver::processPendingEvents: Throwing REASON_GENERAL_NETWORK - WSAECONNRESET
  WARN root [0x00001c7c] [2017-05-02 17:43:37,406] - TCPPacketReceiver::processPendingEvents: Throwing REASON_GENERAL_NETWORK - WSAECONNRESET
  WARN root [0x00001c7c] [2017-05-02 17:43:37,406] - TCPPacketReceiver::processPendingEvents: Throwing REASON_GENERAL_NETWORK - WSAECONNRESET
  WARN root [0x00001c7c] [2017-05-02 17:43:37,406] - TCPPacketReceiver::processPendingEvents: Throwing REASON_GENERAL_NETWORK - WSAECONNRESET
  WARN root [0x00001c7c] [2017-05-02 17:43:37,406] - TCPPacketReceiver::processPendingEvents: Throwing REASON_GENERAL_NETWORK - WSAECONNRESET
  WARN root [0x00001c7c] [2017-05-02 17:43:37,406] - TCPPacketReceiver::processPendingEvents: Throwing REASON_GENERAL_NETWORK - WSAECONNRESET
  WARN root [0x00001c7c] [2017-05-02 17:43:37,406] - TCPPacketReceiver::processPendingEvents: Throwing REASON_GENERAL_NETWORK - WSAECONNRESET
  WARN root [0x00001c7c] [2017-05-02 17:43:37,406] - TCPPacketReceiver::processPendingEvents: Throwing REASON_GENERAL_NETWORK - WSAECONNRESET
  WARN root [0x00001c7c] [2017-05-02 17:43:37,406] - TCPPacketReceiver::processPendingEvents: Throwing REASON_GENERAL_NETWORK - WSAECONNRESET
  WARN root [0x00001c7c] [2017-05-02 17:43:37,406] - TCPPacketReceiver::processPendingEvents: Throwing REASON_GENERAL_NETWORK - WSAECONNRESET
  WARN root [0x00001c7c] [2017-05-02 17:43:37,406] - TCPPacketReceiver::processPendingEvents: Throwing REASON_GENERAL_NETWORK - WSAECONNRESET
  WARN root [0x00001c7c] [2017-05-02 17:43:37,406] - TCPPacketReceiver::processPendingEvents: Throwing REASON_GENERAL_NETWORK - WSAECONNRESET
  WARN root [0x00001c7c] [2017-05-02 17:43:37,406] - TCPPacketReceiver::processPendingEvents: Throwing REASON_GENERAL_NETWORK - WSAECONNRESET
  WARN root [0x00001c7c] [2017-05-02 17:43:37,406] - TCPPacketReceiver::processPendingEvents: Throwing REASON_GENERAL_NETWORK - WSAECONNRESET
  WARN root [0x00001c7c] [2017-05-02 17:43:37,406] - TCPPacketReceiver::processPendingEvents: Throwing REASON_GENERAL_NETWORK - WSAECONNRESET
  WARN root [0x00001c7c] [2017-05-02 17:43:37,406] - TCPPacketReceiver::processPendingEvents: Throwing REASON_GENERAL_NETWORK - WSAECONNRESET
  WARN root [0x00001c7c] [2017-05-02 17:43:37,406] - TCPPacketReceiver::processPendingEvents: Throwing REASON_GENERAL_NETWORK - WSAECONNRESET
 DEBUG root [0x00001c7c] [2017-05-02 17:43:37,406] - PlayerAccount::~PlayerAccount(): 11
