  INFO root [0x000019a0] [2017-05-03 09:48:39,693] - -----------------------------------------------------------------------------------------


  INFO root [0x000019a0] [2017-05-03 09:48:39,743] - NetworkInterface::recreateListeningSocket(INTERNAL): bound to all interfaces with default route interface on 192.168.99.104 ( 192.168.99.104:50652 )
  INFO root [0x000019a0] [2017-05-03 09:48:39,743] - NetworkInterface::recreateListeningSocket(INTERNAL): address 192.168.99.104:50652, SOMAXCONN=5.
 DEBUG root [0x000019a0] [2017-05-03 09:48:39,773] - Script::install_py_dlls(): PyInit_pyexpat
 DEBUG root [0x000019a0] [2017-05-03 09:48:39,773] - Script::install_py_dlls(): PyInit__socket
 DEBUG root [0x000019a0] [2017-05-03 09:48:39,773] - Script::install_py_dlls(): PyInit__hashlib
 DEBUG root [0x000019a0] [2017-05-03 09:48:39,773] - Script::install_py_dlls(): PyInit_select
 DEBUG root [0x000019a0] [2017-05-03 09:48:39,773] - Script::install_py_dlls(): PyInit__ctypes
 DEBUG root [0x000019a0] [2017-05-03 09:48:39,773] - Script::install_py_dlls(): PyInit__elementtree
 DEBUG root [0x000019a0] [2017-05-03 09:48:39,803] - Script::install_py_dlls(): PyInit_unicodedata
  INFO root [0x000019a0] [2017-05-03 09:48:39,833] - Script::install(): is successfully, Python=(3.4.2 (default, Mar 28 2017, 21:11:54) [MSC v.1800 32 bit (Intel)])!
  INFO root [0x000019a0] [2017-05-03 09:48:39,833] - Script::install(): KBExtra is successfully!
  INFO root [0x000019a0] [2017-05-03 09:48:39,833] - ---- bots Version: 0.9.12. ScriptVersion: 0.1.0. Protocol: 0A0C7DE03C7917F592D391CAD7A54761. Config: Debug. Built: 21:12:03 Mar 28 2017. AppID: 6415719580496560128. UID: 29585. PID: 6264 ----
  INFO root [0x000019a0] [2017-05-03 09:48:39,833] - Server : Intel(R) Xeon(R) CPU E3-1230 v3 @ 3.30GHz with 4194303kB RAM
  INFO root [0x000019a0] [2017-05-03 09:48:39,833] - ThreadPool::createThreadPool: creating  threadpool...
  INFO root [0x000019a0] [2017-05-03 09:48:39,833] - ThreadPool::createThreadPool: successfully(1), newThreadCount=1, normalMaxThreadCount=1, maxThreadCount=4
 DEBUG root [0x000019a0] [2017-05-03 09:48:39,933] - loaded script:Account(1).
  INFO root [0x000019a0] [2017-05-03 09:48:39,933] - TelnetServer server is running on port 51000
 S_DBG root [0x000019a0] [2017-05-03 09:48:39,933] - onInit::isReload:0
  INFO root [0x000019a0] [2017-05-03 09:48:39,933] - ---- bots is running ----
 DEBUG root [0x000019a0] [2017-05-03 09:48:39,943] - Components::process(): Request for the process of identity...
 DEBUG root [0x000019a0] [2017-05-03 09:48:46,502] - KBEBlowfish::KBEBlowfish(): Using Blowfish key: 6D FE 39 7B 3F 42 B5 B5 25 2D FB EB 5E A7 60 44
  WARN root [0x000019a0] [2017-05-03 09:48:46,502] - bots.cpp:284: Profile updateBots took 0.34 seconds
  INFO root [0x000019a0] [2017-05-03 09:48:46,534] - ClientObjectBase::onHelloCB: verInfo=0.9.12, scriptVerInfo=0.1.0, protocolMD5=68AB0B61C4A3C03CD0C0349737585262, entityDefMD5=F7C6ED928DA2B54855D4E9E1C12FD81B, addr:127.0.0.1:20013/0/0/0
  INFO root [0x000019a0] [2017-05-03 09:48:46,736] - ClientObject::onCreateAccountResult: bot_6415719580496560128_12645910111517247136 create is successfully!
  INFO root [0x000019a0] [2017-05-03 09:48:47,033] - ClientObject::onLoginSuccessfully: bot_6415719580496560128_12645910111517247136 addr=192.168.99.104:20015!
 DEBUG root [0x000019a0] [2017-05-03 09:48:47,033] - KBEBlowfish::KBEBlowfish(): Using Blowfish key: D9 D3 8B 73 65 0E 59 AA D8 B3 67 9A 53 B2 3C 65
  INFO root [0x000019a0] [2017-05-03 09:48:47,142] - ClientObjectBase::onHelloCB: verInfo=0.9.12, scriptVerInfo=0.1.0, protocolMD5=04DE5A563B306FEA37F19432189DFE1B, entityDefMD5=F7C6ED928DA2B54855D4E9E1C12FD81B, addr:192.168.99.104:20015/0/0/0
  INFO root [0x000019a0] [2017-05-03 09:48:47,438] - ClientObject::onCreatedProxies(bot_6415719580496560128_12645910111517247136): rndUUID=6415719613011001344 eid=3 entityType=Account!
 S_DBG root [0x000019a0] [2017-05-03 09:48:47,438] - Account::__init__:{}.
  INFO root [0x000019a0] [2017-05-03 09:48:47,438] - ClientObjectBase::createEntity: new Account (3)
  INFO root [0x000019a0] [2017-05-03 09:48:47,548] - Components::findComponents: find logger(1)...
  INFO root [0x000019a0] [2017-05-03 09:48:47,563] - Components::findComponents: found logger, addr:192.168.99.104:50581
  INFO root [0x000019a0] [2017-05-03 09:48:47,563] - Components::addComponent: reset orderLog, uid=29585!
  INFO root [0x000019a0] [2017-05-03 09:48:47,563] - Components::addComponent[logger], uid=29585, componentID=2000, globalorderid=1, grouporderid=1, totalcount=1
  INFO root [0x000019a0] [2017-05-03 09:48:47,610] - Components::process(): Found all the components!
 DEBUG root [0x000019a0] [2017-05-03 09:48:47,641] - ClientObjectBase::onPlayerEnterWorld: Account(3), isOnGround(0), appID(2).
 DEBUG root [0x000019a0] [2017-05-03 09:48:47,641] - ClientObjectBase::initSpaceData: spaceID(1), datasize=0.
 DEBUG root [0x000019a0] [2017-05-03 09:48:47,641] - ClientObjectBase::onEntityEnterSpace: PlayerAccount(3).
  INFO root [0x000019a0] [2017-05-03 09:49:47,574] - ClientApp::onChannelTimeOut: Channel 192.168.99.104:50581/0/0/0 timed out.
  INFO root [0x000019a0] [2017-05-03 10:09:54,456] - ClientObjectBase::onKicked: code=11
 DEBUG root [0x000019a0] [2017-05-03 10:09:54,456] - ClientObjectBase::tickSend: serverCloased!
  WARN root [0x000019a0] [2017-05-03 10:09:54,581] - TCPPacketReceiver::processPendingEvents: Throwing REASON_GENERAL_NETWORK - WSAECONNRESET
  WARN root [0x000019a0] [2017-05-03 10:09:54,581] - TCPPacketReceiver::processPendingEvents: Throwing REASON_GENERAL_NETWORK - WSAECONNRESET
  WARN root [0x000019a0] [2017-05-03 10:09:54,581] - TCPPacketReceiver::processPendingEvents: Throwing REASON_GENERAL_NETWORK - WSAECONNRESET
  WARN root [0x000019a0] [2017-05-03 10:09:54,581] - TCPPacketReceiver::processPendingEvents: Throwing REASON_GENERAL_NETWORK - WSAECONNRESET
  WARN root [0x000019a0] [2017-05-03 10:09:54,581] - TCPPacketReceiver::processPendingEvents: Throwing REASON_GENERAL_NETWORK - WSAECONNRESET
  WARN root [0x000019a0] [2017-05-03 10:09:54,581] - TCPPacketReceiver::processPendingEvents: Throwing REASON_GENERAL_NETWORK - WSAECONNRESET
  WARN root [0x000019a0] [2017-05-03 10:09:54,581] - TCPPacketReceiver::processPendingEvents: Throwing REASON_GENERAL_NETWORK - WSAECONNRESET
  WARN root [0x000019a0] [2017-05-03 10:09:54,581] - TCPPacketReceiver::processPendingEvents: Throwing REASON_GENERAL_NETWORK - WSAECONNRESET
  WARN root [0x000019a0] [2017-05-03 10:09:54,581] - TCPPacketReceiver::processPendingEvents: Throwing REASON_GENERAL_NETWORK - WSAECONNRESET
  WARN root [0x000019a0] [2017-05-03 10:09:54,596] - TCPPacketReceiver::processPendingEvents: Throwing REASON_GENERAL_NETWORK - WSAECONNRESET
  WARN root [0x000019a0] [2017-05-03 10:09:54,596] - TCPPacketReceiver::processPendingEvents: Throwing REASON_GENERAL_NETWORK - WSAECONNRESET
  WARN root [0x000019a0] [2017-05-03 10:09:54,596] - TCPPacketReceiver::processPendingEvents: Throwing REASON_GENERAL_NETWORK - WSAECONNRESET
  WARN root [0x000019a0] [2017-05-03 10:09:54,596] - TCPPacketReceiver::processPendingEvents: Throwing REASON_GENERAL_NETWORK - WSAECONNRESET
  WARN root [0x000019a0] [2017-05-03 10:09:54,596] - TCPPacketReceiver::processPendingEvents: Throwing REASON_GENERAL_NETWORK - WSAECONNRESET
  WARN root [0x000019a0] [2017-05-03 10:09:54,596] - TCPPacketReceiver::processPendingEvents: Throwing REASON_GENERAL_NETWORK - WSAECONNRESET
  WARN root [0x000019a0] [2017-05-03 10:09:54,596] - TCPPacketReceiver::processPendingEvents: Throwing REASON_GENERAL_NETWORK - WSAECONNRESET
  WARN root [0x000019a0] [2017-05-03 10:09:54,596] - TCPPacketReceiver::processPendingEvents: Throwing REASON_GENERAL_NETWORK - WSAECONNRESET
  WARN root [0x000019a0] [2017-05-03 10:09:54,596] - TCPPacketReceiver::processPendingEvents: Throwing REASON_GENERAL_NETWORK - WSAECONNRESET
  WARN root [0x000019a0] [2017-05-03 10:09:54,596] - TCPPacketReceiver::processPendingEvents: Throwing REASON_GENERAL_NETWORK - WSAECONNRESET
  WARN root [0x000019a0] [2017-05-03 10:09:54,596] - TCPPacketReceiver::processPendingEvents: Throwing REASON_GENERAL_NETWORK - WSAECONNRESET
  WARN root [0x000019a0] [2017-05-03 10:09:54,596] - TCPPacketReceiver::processPendingEvents: Throwing REASON_GENERAL_NETWORK - WSAECONNRESET
  WARN root [0x000019a0] [2017-05-03 10:09:54,596] - TCPPacketReceiver::processPendingEvents: Throwing REASON_GENERAL_NETWORK - WSAECONNRESET
  WARN root [0x000019a0] [2017-05-03 10:09:54,596] - TCPPacketReceiver::processPendingEvents: Throwing REASON_GENERAL_NETWORK - WSAECONNRESET
  WARN root [0x000019a0] [2017-05-03 10:09:54,596] - TCPPacketReceiver::processPendingEvents: Throwing REASON_GENERAL_NETWORK - WSAECONNRESET
  WARN root [0x000019a0] [2017-05-03 10:09:54,596] - TCPPacketReceiver::processPendingEvents: Throwing REASON_GENERAL_NETWORK - WSAECONNRESET
  WARN root [0x000019a0] [2017-05-03 10:09:54,596] - TCPPacketReceiver::processPendingEvents: Throwing REASON_GENERAL_NETWORK - WSAECONNRESET
  WARN root [0x000019a0] [2017-05-03 10:09:54,596] - TCPPacketReceiver::processPendingEvents: Throwing REASON_GENERAL_NETWORK - WSAECONNRESET
  WARN root [0x000019a0] [2017-05-03 10:09:54,596] - TCPPacketReceiver::processPendingEvents: Throwing REASON_GENERAL_NETWORK - WSAECONNRESET
  WARN root [0x000019a0] [2017-05-03 10:09:54,596] - TCPPacketReceiver::processPendingEvents: Throwing REASON_GENERAL_NETWORK - WSAECONNRESET
  WARN root [0x000019a0] [2017-05-03 10:09:54,596] - TCPPacketReceiver::processPendingEvents: Throwing REASON_GENERAL_NETWORK - WSAECONNRESET
  WARN root [0x000019a0] [2017-05-03 10:09:54,596] - TCPPacketReceiver::processPendingEvents: Throwing REASON_GENERAL_NETWORK - WSAECONNRESET
  WARN root [0x000019a0] [2017-05-03 10:09:54,596] - TCPPacketReceiver::processPendingEvents: Throwing REASON_GENERAL_NETWORK - WSAECONNRESET
  WARN root [0x000019a0] [2017-05-03 10:09:54,596] - TCPPacketReceiver::processPendingEvents: Throwing REASON_GENERAL_NETWORK - WSAECONNRESET
  WARN root [0x000019a0] [2017-05-03 10:09:54,596] - TCPPacketReceiver::processPendingEvents: Throwing REASON_GENERAL_NETWORK - WSAECONNRESET
  WARN root [0x000019a0] [2017-05-03 10:09:54,596] - TCPPacketReceiver::processPendingEvents: Throwing REASON_GENERAL_NETWORK - WSAECONNRESET
  WARN root [0x000019a0] [2017-05-03 10:09:54,596] - TCPPacketReceiver::processPendingEvents: Throwing REASON_GENERAL_NETWORK - WSAECONNRESET
  WARN root [0x000019a0] [2017-05-03 10:09:54,596] - TCPPacketReceiver::processPendingEvents: Throwing REASON_GENERAL_NETWORK - WSAECONNRESET
  WARN root [0x000019a0] [2017-05-03 10:09:54,596] - TCPPacketReceiver::processPendingEvents: Throwing REASON_GENERAL_NETWORK - WSAECONNRESET
  WARN root [0x000019a0] [2017-05-03 10:09:54,596] - TCPPacketReceiver::processPendingEvents: Throwing REASON_GENERAL_NETWORK - WSAECONNRESET
  WARN root [0x000019a0] [2017-05-03 10:09:54,596] - TCPPacketReceiver::processPendingEvents: Throwing REASON_GENERAL_NETWORK - WSAECONNRESET
  WARN root [0x000019a0] [2017-05-03 10:09:54,596] - TCPPacketReceiver::processPendingEvents: Throwing REASON_GENERAL_NETWORK - WSAECONNRESET
  WARN root [0x000019a0] [2017-05-03 10:09:54,596] - TCPPacketReceiver::processPendingEvents: Throwing REASON_GENERAL_NETWORK - WSAECONNRESET
  WARN root [0x000019a0] [2017-05-03 10:09:54,596] - TCPPacketReceiver::processPendingEvents: Throwing REASON_GENERAL_NETWORK - WSAECONNRESET
  WARN root [0x000019a0] [2017-05-03 10:09:54,596] - TCPPacketReceiver::processPendingEvents: Throwing REASON_GENERAL_NETWORK - WSAECONNRESET
  WARN root [0x000019a0] [2017-05-03 10:09:54,596] - TCPPacketReceiver::processPendingEvents: Throwing REASON_GENERAL_NETWORK - WSAECONNRESET
  WARN root [0x000019a0] [2017-05-03 10:09:54,596] - TCPPacketReceiver::processPendingEvents: Throwing REASON_GENERAL_NETWORK - WSAECONNRESET
  WARN root [0x000019a0] [2017-05-03 10:09:54,596] - TCPPacketReceiver::processPendingEvents: Throwing REASON_GENERAL_NETWORK - WSAECONNRESET
  WARN root [0x000019a0] [2017-05-03 10:09:54,596] - TCPPacketReceiver::processPendingEvents: Throwing REASON_GENERAL_NETWORK - WSAECONNRESET
  WARN root [0x000019a0] [2017-05-03 10:09:54,596] - TCPPacketReceiver::processPendingEvents: Throwing REASON_GENERAL_NETWORK - WSAECONNRESET
  WARN root [0x000019a0] [2017-05-03 10:09:54,596] - TCPPacketReceiver::processPendingEvents: Throwing REASON_GENERAL_NETWORK - WSAECONNRESET
  WARN root [0x000019a0] [2017-05-03 10:09:54,596] - TCPPacketReceiver::processPendingEvents: Throwing REASON_GENERAL_NETWORK - WSAECONNRESET
  WARN root [0x000019a0] [2017-05-03 10:09:54,596] - TCPPacketReceiver::processPendingEvents: Throwing REASON_GENERAL_NETWORK - WSAECONNRESET
  WARN root [0x000019a0] [2017-05-03 10:09:54,596] - TCPPacketReceiver::processPendingEvents: Throwing REASON_GENERAL_NETWORK - WSAECONNRESET
  WARN root [0x000019a0] [2017-05-03 10:09:54,596] - TCPPacketReceiver::processPendingEvents: Throwing REASON_GENERAL_NETWORK - WSAECONNRESET
  WARN root [0x000019a0] [2017-05-03 10:09:54,596] - TCPPacketReceiver::processPendingEvents: Throwing REASON_GENERAL_NETWORK - WSAECONNRESET
  WARN root [0x000019a0] [2017-05-03 10:09:54,596] - TCPPacketReceiver::processPendingEvents: Throwing REASON_GENERAL_NETWORK - WSAECONNRESET
  WARN root [0x000019a0] [2017-05-03 10:09:54,596] - TCPPacketReceiver::processPendingEvents: Throwing REASON_GENERAL_NETWORK - WSAECONNRESET
  WARN root [0x000019a0] [2017-05-03 10:09:54,596] - TCPPacketReceiver::processPendingEvents: Throwing REASON_GENERAL_NETWORK - WSAECONNRESET
  WARN root [0x000019a0] [2017-05-03 10:09:54,596] - TCPPacketReceiver::processPendingEvents: Throwing REASON_GENERAL_NETWORK - WSAECONNRESET
  WARN root [0x000019a0] [2017-05-03 10:09:54,596] - TCPPacketReceiver::processPendingEvents: Throwing REASON_GENERAL_NETWORK - WSAECONNRESET
  WARN root [0x000019a0] [2017-05-03 10:09:54,596] - TCPPacketReceiver::processPendingEvents: Throwing REASON_GENERAL_NETWORK - WSAECONNRESET
  WARN root [0x000019a0] [2017-05-03 10:09:54,596] - TCPPacketReceiver::processPendingEvents: Throwing REASON_GENERAL_NETWORK - WSAECONNRESET
  WARN root [0x000019a0] [2017-05-03 10:09:54,596] - TCPPacketReceiver::processPendingEvents: Throwing REASON_GENERAL_NETWORK - WSAECONNRESET
  WARN root [0x000019a0] [2017-05-03 10:09:54,596] - TCPPacketReceiver::processPendingEvents: Throwing REASON_GENERAL_NETWORK - WSAECONNRESET
  WARN root [0x000019a0] [2017-05-03 10:09:54,596] - TCPPacketReceiver::processPendingEvents: Throwing REASON_GENERAL_NETWORK - WSAECONNRESET
  WARN root [0x000019a0] [2017-05-03 10:09:54,596] - TCPPacketReceiver::processPendingEvents: Throwing REASON_GENERAL_NETWORK - WSAECONNRESET
  WARN root [0x000019a0] [2017-05-03 10:09:54,596] - TCPPacketReceiver::processPendingEvents: Throwing REASON_GENERAL_NETWORK - WSAECONNRESET
  WARN root [0x000019a0] [2017-05-03 10:09:54,596] - TCPPacketReceiver::processPendingEvents: Throwing REASON_GENERAL_NETWORK - WSAECONNRESET
  WARN root [0x000019a0] [2017-05-03 10:09:54,596] - TCPPacketReceiver::processPendingEvents: Throwing REASON_GENERAL_NETWORK - WSAECONNRESET
  WARN root [0x000019a0] [2017-05-03 10:09:54,596] - TCPPacketReceiver::processPendingEvents: Throwing REASON_GENERAL_NETWORK - WSAECONNRESET
  WARN root [0x000019a0] [2017-05-03 10:09:54,596] - TCPPacketReceiver::processPendingEvents: Throwing REASON_GENERAL_NETWORK - WSAECONNRESET
  WARN root [0x000019a0] [2017-05-03 10:09:54,596] - TCPPacketReceiver::processPendingEvents: Throwing REASON_GENERAL_NETWORK - WSAECONNRESET
  WARN root [0x000019a0] [2017-05-03 10:09:54,596] - TCPPacketReceiver::processPendingEvents: Throwing REASON_GENERAL_NETWORK - WSAECONNRESET
  WARN root [0x000019a0] [2017-05-03 10:09:54,596] - TCPPacketReceiver::processPendingEvents: Throwing REASON_GENERAL_NETWORK - WSAECONNRESET
  WARN root [0x000019a0] [2017-05-03 10:09:54,596] - TCPPacketReceiver::processPendingEvents: Throwing REASON_GENERAL_NETWORK - WSAECONNRESET
  WARN root [0x000019a0] [2017-05-03 10:09:54,596] - TCPPacketReceiver::processPendingEvents: Throwing REASON_GENERAL_NETWORK - WSAECONNRESET
  WARN root [0x000019a0] [2017-05-03 10:09:54,596] - TCPPacketReceiver::processPendingEvents: Throwing REASON_GENERAL_NETWORK - WSAECONNRESET
  WARN root [0x000019a0] [2017-05-03 10:09:54,596] - TCPPacketReceiver::processPendingEvents: Throwing REASON_GENERAL_NETWORK - WSAECONNRESET
  WARN root [0x000019a0] [2017-05-03 10:09:54,596] - TCPPacketReceiver::processPendingEvents: Throwing REASON_GENERAL_NETWORK - WSAECONNRESET
  WARN root [0x000019a0] [2017-05-03 10:09:54,596] - TCPPacketReceiver::processPendingEvents: Throwing REASON_GENERAL_NETWORK - WSAECONNRESET
  WARN root [0x000019a0] [2017-05-03 10:09:54,596] - TCPPacketReceiver::processPendingEvents: Throwing REASON_GENERAL_NETWORK - WSAECONNRESET
  WARN root [0x000019a0] [2017-05-03 10:09:54,596] - TCPPacketReceiver::processPendingEvents: Throwing REASON_GENERAL_NETWORK - WSAECONNRESET
  WARN root [0x000019a0] [2017-05-03 10:09:54,596] - TCPPacketReceiver::processPendingEvents: Throwing REASON_GENERAL_NETWORK - WSAECONNRESET
  WARN root [0x000019a0] [2017-05-03 10:09:54,596] - TCPPacketReceiver::processPendingEvents: Throwing REASON_GENERAL_NETWORK - WSAECONNRESET
  WARN root [0x000019a0] [2017-05-03 10:09:54,596] - TCPPacketReceiver::processPendingEvents: Throwing REASON_GENERAL_NETWORK - WSAECONNRESET
  WARN root [0x000019a0] [2017-05-03 10:09:54,596] - TCPPacketReceiver::processPendingEvents: Throwing REASON_GENERAL_NETWORK - WSAECONNRESET
  WARN root [0x000019a0] [2017-05-03 10:09:54,596] - TCPPacketReceiver::processPendingEvents: Throwing REASON_GENERAL_NETWORK - WSAECONNRESET
  WARN root [0x000019a0] [2017-05-03 10:09:54,596] - TCPPacketReceiver::processPendingEvents: Throwing REASON_GENERAL_NETWORK - WSAECONNRESET
  WARN root [0x000019a0] [2017-05-03 10:09:54,596] - TCPPacketReceiver::processPendingEvents: Throwing REASON_GENERAL_NETWORK - WSAECONNRESET
  WARN root [0x000019a0] [2017-05-03 10:09:54,596] - TCPPacketReceiver::processPendingEvents: Throwing REASON_GENERAL_NETWORK - WSAECONNRESET
  WARN root [0x000019a0] [2017-05-03 10:09:54,596] - TCPPacketReceiver::processPendingEvents: Throwing REASON_GENERAL_NETWORK - WSAECONNRESET
  WARN root [0x000019a0] [2017-05-03 10:09:54,596] - TCPPacketReceiver::processPendingEvents: Throwing REASON_GENERAL_NETWORK - WSAECONNRESET
  WARN root [0x000019a0] [2017-05-03 10:09:54,596] - TCPPacketReceiver::processPendingEvents: Throwing REASON_GENERAL_NETWORK - WSAECONNRESET
  WARN root [0x000019a0] [2017-05-03 10:09:54,596] - TCPPacketReceiver::processPendingEvents: Throwing REASON_GENERAL_NETWORK - WSAECONNRESET
  WARN root [0x000019a0] [2017-05-03 10:09:54,596] - TCPPacketReceiver::processPendingEvents: Throwing REASON_GENERAL_NETWORK - WSAECONNRESET
  WARN root [0x000019a0] [2017-05-03 10:09:54,596] - TCPPacketReceiver::processPendingEvents: Throwing REASON_GENERAL_NETWORK - WSAECONNRESET
  WARN root [0x000019a0] [2017-05-03 10:09:54,596] - TCPPacketReceiver::processPendingEvents: Throwing REASON_GENERAL_NETWORK - WSAECONNRESET
  WARN root [0x000019a0] [2017-05-03 10:09:54,596] - TCPPacketReceiver::processPendingEvents: Throwing REASON_GENERAL_NETWORK - WSAECONNRESET
  WARN root [0x000019a0] [2017-05-03 10:09:54,596] - TCPPacketReceiver::processPendingEvents: Throwing REASON_GENERAL_NETWORK - WSAECONNRESET
  WARN root [0x000019a0] [2017-05-03 10:09:54,596] - TCPPacketReceiver::processPendingEvents: Throwing REASON_GENERAL_NETWORK - WSAECONNRESET
  WARN root [0x000019a0] [2017-05-03 10:09:54,596] - TCPPacketReceiver::processPendingEvents: Throwing REASON_GENERAL_NETWORK - WSAECONNRESET
  WARN root [0x000019a0] [2017-05-03 10:09:54,596] - TCPPacketReceiver::processPendingEvents: Throwing REASON_GENERAL_NETWORK - WSAECONNRESET
  WARN root [0x000019a0] [2017-05-03 10:09:54,596] - TCPPacketReceiver::processPendingEvents: Throwing REASON_GENERAL_NETWORK - WSAECONNRESET
  WARN root [0x000019a0] [2017-05-03 10:09:54,596] - TCPPacketReceiver::processPendingEvents: Throwing REASON_GENERAL_NETWORK - WSAECONNRESET
  WARN root [0x000019a0] [2017-05-03 10:09:54,596] - TCPPacketReceiver::processPendingEvents: Throwing REASON_GENERAL_NETWORK - WSAECONNRESET
  WARN root [0x000019a0] [2017-05-03 10:09:54,596] - TCPPacketReceiver::processPendingEvents: Throwing REASON_GENERAL_NETWORK - WSAECONNRESET
  WARN root [0x000019a0] [2017-05-03 10:09:54,612] - TCPPacketReceiver::processPendingEvents: Throwing REASON_GENERAL_NETWORK - WSAECONNRESET
  WARN root [0x000019a0] [2017-05-03 10:09:54,612] - TCPPacketReceiver::processPendingEvents: Throwing REASON_GENERAL_NETWORK - WSAECONNRESET
  WARN root [0x000019a0] [2017-05-03 10:09:54,612] - TCPPacketReceiver::processPendingEvents: Throwing REASON_GENERAL_NETWORK - WSAECONNRESET
  WARN root [0x000019a0] [2017-05-03 10:09:54,612] - TCPPacketReceiver::processPendingEvents: Throwing REASON_GENERAL_NETWORK - WSAECONNRESET
  WARN root [0x000019a0] [2017-05-03 10:09:54,612] - TCPPacketReceiver::processPendingEvents: Throwing REASON_GENERAL_NETWORK - WSAECONNRESET
  WARN root [0x000019a0] [2017-05-03 10:09:54,612] - TCPPacketReceiver::processPendingEvents: Throwing REASON_GENERAL_NETWORK - WSAECONNRESET
  WARN root [0x000019a0] [2017-05-03 10:09:54,612] - TCPPacketReceiver::processPendingEvents: Throwing REASON_GENERAL_NETWORK - WSAECONNRESET
  WARN root [0x000019a0] [2017-05-03 10:09:54,612] - TCPPacketReceiver::processPendingEvents: Throwing REASON_GENERAL_NETWORK - WSAECONNRESET
  WARN root [0x000019a0] [2017-05-03 10:09:54,612] - TCPPacketReceiver::processPendingEvents: Throwing REASON_GENERAL_NETWORK - WSAECONNRESET
  WARN root [0x000019a0] [2017-05-03 10:09:54,612] - TCPPacketReceiver::processPendingEvents: Throwing REASON_GENERAL_NETWORK - WSAECONNRESET
  WARN root [0x000019a0] [2017-05-03 10:09:54,612] - TCPPacketReceiver::processPendingEvents: Throwing REASON_GENERAL_NETWORK - WSAECONNRESET
  WARN root [0x000019a0] [2017-05-03 10:09:54,612] - TCPPacketReceiver::processPendingEvents: Throwing REASON_GENERAL_NETWORK - WSAECONNRESET
  WARN root [0x000019a0] [2017-05-03 10:09:54,612] - TCPPacketReceiver::processPendingEvents: Throwing REASON_GENERAL_NETWORK - WSAECONNRESET
  WARN root [0x000019a0] [2017-05-03 10:09:54,612] - TCPPacketReceiver::processPendingEvents: Throwing REASON_GENERAL_NETWORK - WSAECONNRESET
  WARN root [0x000019a0] [2017-05-03 10:09:54,612] - TCPPacketReceiver::processPendingEvents: Throwing REASON_GENERAL_NETWORK - WSAECONNRESET
  WARN root [0x000019a0] [2017-05-03 10:09:54,612] - TCPPacketReceiver::processPendingEvents: Throwing REASON_GENERAL_NETWORK - WSAECONNRESET
  WARN root [0x000019a0] [2017-05-03 10:09:54,612] - TCPPacketReceiver::processPendingEvents: Throwing REASON_GENERAL_NETWORK - WSAECONNRESET
  WARN root [0x000019a0] [2017-05-03 10:09:54,612] - TCPPacketReceiver::processPendingEvents: Throwing REASON_GENERAL_NETWORK - WSAECONNRESET
  WARN root [0x000019a0] [2017-05-03 10:09:54,612] - TCPPacketReceiver::processPendingEvents: Throwing REASON_GENERAL_NETWORK - WSAECONNRESET
  WARN root [0x000019a0] [2017-05-03 10:09:54,612] - TCPPacketReceiver::processPendingEvents: Throwing REASON_GENERAL_NETWORK - WSAECONNRESET
  WARN root [0x000019a0] [2017-05-03 10:09:54,612] - TCPPacketReceiver::processPendingEvents: Throwing REASON_GENERAL_NETWORK - WSAECONNRESET
  WARN root [0x000019a0] [2017-05-03 10:09:54,612] - TCPPacketReceiver::processPendingEvents: Throwing REASON_GENERAL_NETWORK - WSAECONNRESET
  WARN root [0x000019a0] [2017-05-03 10:09:54,612] - TCPPacketReceiver::processPendingEvents: Throwing REASON_GENERAL_NETWORK - WSAECONNRESET
  WARN root [0x000019a0] [2017-05-03 10:09:54,612] - TCPPacketReceiver::processPendingEvents: Throwing REASON_GENERAL_NETWORK - WSAECONNRESET
  WARN root [0x000019a0] [2017-05-03 10:09:54,612] - TCPPacketReceiver::processPendingEvents: Throwing REASON_GENERAL_NETWORK - WSAECONNRESET
  WARN root [0x000019a0] [2017-05-03 10:09:54,612] - TCPPacketReceiver::processPendingEvents: Throwing REASON_GENERAL_NETWORK - WSAECONNRESET
  WARN root [0x000019a0] [2017-05-03 10:09:54,612] - TCPPacketReceiver::processPendingEvents: Throwing REASON_GENERAL_NETWORK - WSAECONNRESET
  WARN root [0x000019a0] [2017-05-03 10:09:54,612] - TCPPacketReceiver::processPendingEvents: Throwing REASON_GENERAL_NETWORK - WSAECONNRESET
  WARN root [0x000019a0] [2017-05-03 10:09:54,612] - TCPPacketReceiver::processPendingEvents: Throwing REASON_GENERAL_NETWORK - WSAECONNRESET
  WARN root [0x000019a0] [2017-05-03 10:09:54,612] - TCPPacketReceiver::processPendingEvents: Throwing REASON_GENERAL_NETWORK - WSAECONNRESET
  WARN root [0x000019a0] [2017-05-03 10:09:54,612] - TCPPacketReceiver::processPendingEvents: Throwing REASON_GENERAL_NETWORK - WSAECONNRESET
  WARN root [0x000019a0] [2017-05-03 10:09:54,612] - TCPPacketReceiver::processPendingEvents: Throwing REASON_GENERAL_NETWORK - WSAECONNRESET
  WARN root [0x000019a0] [2017-05-03 10:09:54,612] - TCPPacketReceiver::processPendingEvents: Throwing REASON_GENERAL_NETWORK - WSAECONNRESET
  WARN root [0x000019a0] [2017-05-03 10:09:54,612] - TCPPacketReceiver::processPendingEvents: Throwing REASON_GENERAL_NETWORK - WSAECONNRESET
  WARN root [0x000019a0] [2017-05-03 10:09:54,612] - TCPPacketReceiver::processPendingEvents: Throwing REASON_GENERAL_NETWORK - WSAECONNRESET
  WARN root [0x000019a0] [2017-05-03 10:09:54,612] - TCPPacketReceiver::processPendingEvents: Throwing REASON_GENERAL_NETWORK - WSAECONNRESET
  WARN root [0x000019a0] [2017-05-03 10:09:54,612] - TCPPacketReceiver::processPendingEvents: Throwing REASON_GENERAL_NETWORK - WSAECONNRESET
  WARN root [0x000019a0] [2017-05-03 10:09:54,612] - TCPPacketReceiver::processPendingEvents: Throwing REASON_GENERAL_NETWORK - WSAECONNRESET
  WARN root [0x000019a0] [2017-05-03 10:09:54,612] - TCPPacketReceiver::processPendingEvents: Throwing REASON_GENERAL_NETWORK - WSAECONNRESET
  WARN root [0x000019a0] [2017-05-03 10:09:54,612] - TCPPacketReceiver::processPendingEvents: Throwing REASON_GENERAL_NETWORK - WSAECONNRESET
  WARN root [0x000019a0] [2017-05-03 10:09:54,612] - TCPPacketReceiver::processPendingEvents: Throwing REASON_GENERAL_NETWORK - WSAECONNRESET
  WARN root [0x000019a0] [2017-05-03 10:09:54,612] - TCPPacketReceiver::processPendingEvents: Throwing REASON_GENERAL_NETWORK - WSAECONNRESET
  WARN root [0x000019a0] [2017-05-03 10:09:54,612] - TCPPacketReceiver::processPendingEvents: Throwing REASON_GENERAL_NETWORK - WSAECONNRESET
  WARN root [0x000019a0] [2017-05-03 10:09:54,612] - TCPPacketReceiver::processPendingEvents: Throwing REASON_GENERAL_NETWORK - WSAECONNRESET
  WARN root [0x000019a0] [2017-05-03 10:09:54,612] - TCPPacketReceiver::processPendingEvents: Throwing REASON_GENERAL_NETWORK - WSAECONNRESET
  WARN root [0x000019a0] [2017-05-03 10:09:54,612] - TCPPacketReceiver::processPendingEvents: Throwing REASON_GENERAL_NETWORK - WSAECONNRESET
  WARN root [0x000019a0] [2017-05-03 10:09:54,612] - TCPPacketReceiver::processPendingEvents: Throwing REASON_GENERAL_NETWORK - WSAECONNRESET
  WARN root [0x000019a0] [2017-05-03 10:09:54,612] - TCPPacketReceiver::processPendingEvents: Throwing REASON_GENERAL_NETWORK - WSAECONNRESET
  WARN root [0x000019a0] [2017-05-03 10:09:54,612] - TCPPacketReceiver::processPendingEvents: Throwing REASON_GENERAL_NETWORK - WSAECONNRESET
  WARN root [0x000019a0] [2017-05-03 10:09:54,612] - TCPPacketReceiver::processPendingEvents: Throwing REASON_GENERAL_NETWORK - WSAECONNRESET
  WARN root [0x000019a0] [2017-05-03 10:09:54,612] - TCPPacketReceiver::processPendingEvents: Throwing REASON_GENERAL_NETWORK - WSAECONNRESET
  WARN root [0x000019a0] [2017-05-03 10:09:54,612] - TCPPacketReceiver::processPendingEvents: Throwing REASON_GENERAL_NETWORK - WSAECONNRESET
  WARN root [0x000019a0] [2017-05-03 10:09:54,612] - TCPPacketReceiver::processPendingEvents: Throwing REASON_GENERAL_NETWORK - WSAECONNRESET
  WARN root [0x000019a0] [2017-05-03 10:09:54,612] - TCPPacketReceiver::processPendingEvents: Throwing REASON_GENERAL_NETWORK - WSAECONNRESET
  WARN root [0x000019a0] [2017-05-03 10:09:54,612] - TCPPacketReceiver::processPendingEvents: Throwing REASON_GENERAL_NETWORK - WSAECONNRESET
  WARN root [0x000019a0] [2017-05-03 10:09:54,612] - TCPPacketReceiver::processPendingEvents: Throwing REASON_GENERAL_NETWORK - WSAECONNRESET
  WARN root [0x000019a0] [2017-05-03 10:09:54,612] - TCPPacketReceiver::processPendingEvents: Throwing REASON_GENERAL_NETWORK - WSAECONNRESET
  WARN root [0x000019a0] [2017-05-03 10:09:54,612] - TCPPacketReceiver::processPendingEvents: Throwing REASON_GENERAL_NETWORK - WSAECONNRESET
  WARN root [0x000019a0] [2017-05-03 10:09:54,612] - TCPPacketReceiver::processPendingEvents: Throwing REASON_GENERAL_NETWORK - WSAECONNRESET
  WARN root [0x000019a0] [2017-05-03 10:09:54,612] - TCPPacketReceiver::processPendingEvents: Throwing REASON_GENERAL_NETWORK - WSAECONNRESET
  WARN root [0x000019a0] [2017-05-03 10:09:54,612] - TCPPacketReceiver::processPendingEvents: Throwing REASON_GENERAL_NETWORK - WSAECONNRESET
  WARN root [0x000019a0] [2017-05-03 10:09:54,612] - TCPPacketReceiver::processPendingEvents: Throwing REASON_GENERAL_NETWORK - WSAECONNRESET
  WARN root [0x000019a0] [2017-05-03 10:09:54,612] - TCPPacketReceiver::processPendingEvents: Throwing REASON_GENERAL_NETWORK - WSAECONNRESET
  WARN root [0x000019a0] [2017-05-03 10:09:54,612] - TCPPacketReceiver::processPendingEvents: Throwing REASON_GENERAL_NETWORK - WSAECONNRESET
  WARN root [0x000019a0] [2017-05-03 10:09:54,612] - TCPPacketReceiver::processPendingEvents: Throwing REASON_GENERAL_NETWORK - WSAECONNRESET
  WARN root [0x000019a0] [2017-05-03 10:09:54,612] - TCPPacketReceiver::processPendingEvents: Throwing REASON_GENERAL_NETWORK - WSAECONNRESET
  WARN root [0x000019a0] [2017-05-03 10:09:54,612] - TCPPacketReceiver::processPendingEvents: Throwing REASON_GENERAL_NETWORK - WSAECONNRESET
  WARN root [0x000019a0] [2017-05-03 10:09:54,612] - TCPPacketReceiver::processPendingEvents: Throwing REASON_GENERAL_NETWORK - WSAECONNRESET
  WARN root [0x000019a0] [2017-05-03 10:09:54,612] - TCPPacketReceiver::processPendingEvents: Throwing REASON_GENERAL_NETWORK - WSAECONNRESET
  WARN root [0x000019a0] [2017-05-03 10:09:54,612] - TCPPacketReceiver::processPendingEvents: Throwing REASON_GENERAL_NETWORK - WSAECONNRESET
  WARN root [0x000019a0] [2017-05-03 10:09:54,612] - TCPPacketReceiver::processPendingEvents: Throwing REASON_GENERAL_NETWORK - WSAECONNRESET
  WARN root [0x000019a0] [2017-05-03 10:09:54,612] - TCPPacketReceiver::processPendingEvents: Throwing REASON_GENERAL_NETWORK - WSAECONNRESET
  WARN root [0x000019a0] [2017-05-03 10:09:54,612] - TCPPacketReceiver::processPendingEvents: Throwing REASON_GENERAL_NETWORK - WSAECONNRESET
  WARN root [0x000019a0] [2017-05-03 10:09:54,612] - TCPPacketReceiver::processPendingEvents: Throwing REASON_GENERAL_NETWORK - WSAECONNRESET
  WARN root [0x000019a0] [2017-05-03 10:09:54,612] - TCPPacketReceiver::processPendingEvents: Throwing REASON_GENERAL_NETWORK - WSAECONNRESET
  WARN root [0x000019a0] [2017-05-03 10:09:54,612] - TCPPacketReceiver::processPendingEvents: Throwing REASON_GENERAL_NETWORK - WSAECONNRESET
  WARN root [0x000019a0] [2017-05-03 10:09:54,612] - TCPPacketReceiver::processPendingEvents: Throwing REASON_GENERAL_NETWORK - WSAECONNRESET
  WARN root [0x000019a0] [2017-05-03 10:09:54,612] - TCPPacketReceiver::processPendingEvents: Throwing REASON_GENERAL_NETWORK - WSAECONNRESET
  WARN root [0x000019a0] [2017-05-03 10:09:54,612] - TCPPacketReceiver::processPendingEvents: Throwing REASON_GENERAL_NETWORK - WSAECONNRESET
  WARN root [0x000019a0] [2017-05-03 10:09:54,612] - TCPPacketReceiver::processPendingEvents: Throwing REASON_GENERAL_NETWORK - WSAECONNRESET
  WARN root [0x000019a0] [2017-05-03 10:09:54,612] - TCPPacketReceiver::processPendingEvents: Throwing REASON_GENERAL_NETWORK - WSAECONNRESET
  WARN root [0x000019a0] [2017-05-03 10:09:54,612] - TCPPacketReceiver::processPendingEvents: Throwing REASON_GENERAL_NETWORK - WSAECONNRESET
  WARN root [0x000019a0] [2017-05-03 10:09:54,612] - TCPPacketReceiver::processPendingEvents: Throwing REASON_GENERAL_NETWORK - WSAECONNRESET
  WARN root [0x000019a0] [2017-05-03 10:09:54,612] - TCPPacketReceiver::processPendingEvents: Throwing REASON_GENERAL_NETWORK - WSAECONNRESET
  WARN root [0x000019a0] [2017-05-03 10:09:54,612] - TCPPacketReceiver::processPendingEvents: Throwing REASON_GENERAL_NETWORK - WSAECONNRESET
  WARN root [0x000019a0] [2017-05-03 10:09:54,612] - TCPPacketReceiver::processPendingEvents: Throwing REASON_GENERAL_NETWORK - WSAECONNRESET
  WARN root [0x000019a0] [2017-05-03 10:09:54,612] - TCPPacketReceiver::processPendingEvents: Throwing REASON_GENERAL_NETWORK - WSAECONNRESET
  WARN root [0x000019a0] [2017-05-03 10:09:54,612] - TCPPacketReceiver::processPendingEvents: Throwing REASON_GENERAL_NETWORK - WSAECONNRESET
  WARN root [0x000019a0] [2017-05-03 10:09:54,612] - TCPPacketReceiver::processPendingEvents: Throwing REASON_GENERAL_NETWORK - WSAECONNRESET
  WARN root [0x000019a0] [2017-05-03 10:09:54,612] - TCPPacketReceiver::processPendingEvents: Throwing REASON_GENERAL_NETWORK - WSAECONNRESET
  WARN root [0x000019a0] [2017-05-03 10:09:54,612] - TCPPacketReceiver::processPendingEvents: Throwing REASON_GENERAL_NETWORK - WSAECONNRESET
  WARN root [0x000019a0] [2017-05-03 10:09:54,612] - TCPPacketReceiver::processPendingEvents: Throwing REASON_GENERAL_NETWORK - WSAECONNRESET
  WARN root [0x000019a0] [2017-05-03 10:09:54,612] - TCPPacketReceiver::processPendingEvents: Throwing REASON_GENERAL_NETWORK - WSAECONNRESET
  WARN root [0x000019a0] [2017-05-03 10:09:54,612] - TCPPacketReceiver::processPendingEvents: Throwing REASON_GENERAL_NETWORK - WSAECONNRESET
  WARN root [0x000019a0] [2017-05-03 10:09:54,612] - TCPPacketReceiver::processPendingEvents: Throwing REASON_GENERAL_NETWORK - WSAECONNRESET
  WARN root [0x000019a0] [2017-05-03 10:09:54,612] - TCPPacketReceiver::processPendingEvents: Throwing REASON_GENERAL_NETWORK - WSAECONNRESET
  WARN root [0x000019a0] [2017-05-03 10:09:54,612] - TCPPacketReceiver::processPendingEvents: Throwing REASON_GENERAL_NETWORK - WSAECONNRESET
  WARN root [0x000019a0] [2017-05-03 10:09:54,612] - TCPPacketReceiver::processPendingEvents: Throwing REASON_GENERAL_NETWORK - WSAECONNRESET
  WARN root [0x000019a0] [2017-05-03 10:09:54,612] - TCPPacketReceiver::processPendingEvents: Throwing REASON_GENERAL_NETWORK - WSAECONNRESET
  WARN root [0x000019a0] [2017-05-03 10:09:54,612] - TCPPacketReceiver::processPendingEvents: Throwing REASON_GENERAL_NETWORK - WSAECONNRESET
  WARN root [0x000019a0] [2017-05-03 10:09:54,612] - TCPPacketReceiver::processPendingEvents: Throwing REASON_GENERAL_NETWORK - WSAECONNRESET
  WARN root [0x000019a0] [2017-05-03 10:09:54,612] - TCPPacketReceiver::processPendingEvents: Throwing REASON_GENERAL_NETWORK - WSAECONNRESET
  WARN root [0x000019a0] [2017-05-03 10:09:54,612] - TCPPacketReceiver::processPendingEvents: Throwing REASON_GENERAL_NETWORK - WSAECONNRESET
  WARN root [0x000019a0] [2017-05-03 10:09:54,612] - TCPPacketReceiver::processPendingEvents: Throwing REASON_GENERAL_NETWORK - WSAECONNRESET
  WARN root [0x000019a0] [2017-05-03 10:09:54,612] - TCPPacketReceiver::processPendingEvents: Throwing REASON_GENERAL_NETWORK - WSAECONNRESET
  WARN root [0x000019a0] [2017-05-03 10:09:54,612] - TCPPacketReceiver::processPendingEvents: Throwing REASON_GENERAL_NETWORK - WSAECONNRESET
  WARN root [0x000019a0] [2017-05-03 10:09:54,627] - TCPPacketReceiver::processPendingEvents: Throwing REASON_GENERAL_NETWORK - WSAECONNRESET
  WARN root [0x000019a0] [2017-05-03 10:09:54,627] - TCPPacketReceiver::processPendingEvents: Throwing REASON_GENERAL_NETWORK - WSAECONNRESET
  WARN root [0x000019a0] [2017-05-03 10:09:54,627] - TCPPacketReceiver::processPendingEvents: Throwing REASON_GENERAL_NETWORK - WSAECONNRESET
  WARN root [0x000019a0] [2017-05-03 10:09:54,627] - TCPPacketReceiver::processPendingEvents: Throwing REASON_GENERAL_NETWORK - WSAECONNRESET
  WARN root [0x000019a0] [2017-05-03 10:09:54,627] - TCPPacketReceiver::processPendingEvents: Throwing REASON_GENERAL_NETWORK - WSAECONNRESET
  WARN root [0x000019a0] [2017-05-03 10:09:54,627] - TCPPacketReceiver::processPendingEvents: Throwing REASON_GENERAL_NETWORK - WSAECONNRESET
  WARN root [0x000019a0] [2017-05-03 10:09:54,627] - TCPPacketReceiver::processPendingEvents: Throwing REASON_GENERAL_NETWORK - WSAECONNRESET
  WARN root [0x000019a0] [2017-05-03 10:09:54,627] - TCPPacketReceiver::processPendingEvents: Throwing REASON_GENERAL_NETWORK - WSAECONNRESET
  WARN root [0x000019a0] [2017-05-03 10:09:54,627] - TCPPacketReceiver::processPendingEvents: Throwing REASON_GENERAL_NETWORK - WSAECONNRESET
  WARN root [0x000019a0] [2017-05-03 10:09:54,627] - TCPPacketReceiver::processPendingEvents: Throwing REASON_GENERAL_NETWORK - WSAECONNRESET
  WARN root [0x000019a0] [2017-05-03 10:09:54,627] - TCPPacketReceiver::processPendingEvents: Throwing REASON_GENERAL_NETWORK - WSAECONNRESET
  WARN root [0x000019a0] [2017-05-03 10:09:54,627] - TCPPacketReceiver::processPendingEvents: Throwing REASON_GENERAL_NETWORK - WSAECONNRESET
  WARN root [0x000019a0] [2017-05-03 10:09:54,627] - TCPPacketReceiver::processPendingEvents: Throwing REASON_GENERAL_NETWORK - WSAECONNRESET
  WARN root [0x000019a0] [2017-05-03 10:09:54,627] - TCPPacketReceiver::processPendingEvents: Throwing REASON_GENERAL_NETWORK - WSAECONNRESET
  WARN root [0x000019a0] [2017-05-03 10:09:54,627] - TCPPacketReceiver::processPendingEvents: Throwing REASON_GENERAL_NETWORK - WSAECONNRESET
  WARN root [0x000019a0] [2017-05-03 10:09:54,627] - TCPPacketReceiver::processPendingEvents: Throwing REASON_GENERAL_NETWORK - WSAECONNRESET
  WARN root [0x000019a0] [2017-05-03 10:09:54,627] - TCPPacketReceiver::processPendingEvents: Throwing REASON_GENERAL_NETWORK - WSAECONNRESET
  WARN root [0x000019a0] [2017-05-03 10:09:54,627] - TCPPacketReceiver::processPendingEvents: Throwing REASON_GENERAL_NETWORK - WSAECONNRESET
  WARN root [0x000019a0] [2017-05-03 10:09:54,627] - TCPPacketReceiver::processPendingEvents: Throwing REASON_GENERAL_NETWORK - WSAECONNRESET
  WARN root [0x000019a0] [2017-05-03 10:09:54,627] - TCPPacketReceiver::processPendingEvents: Throwing REASON_GENERAL_NETWORK - WSAECONNRESET
  WARN root [0x000019a0] [2017-05-03 10:09:54,627] - TCPPacketReceiver::processPendingEvents: Throwing REASON_GENERAL_NETWORK - WSAECONNRESET
  WARN root [0x000019a0] [2017-05-03 10:09:54,627] - TCPPacketReceiver::processPendingEvents: Throwing REASON_GENERAL_NETWORK - WSAECONNRESET
  WARN root [0x000019a0] [2017-05-03 10:09:54,627] - TCPPacketReceiver::processPendingEvents: Throwing REASON_GENERAL_NETWORK - WSAECONNRESET
  WARN root [0x000019a0] [2017-05-03 10:09:54,627] - TCPPacketReceiver::processPendingEvents: Throwing REASON_GENERAL_NETWORK - WSAECONNRESET
  WARN root [0x000019a0] [2017-05-03 10:09:54,627] - TCPPacketReceiver::processPendingEvents: Throwing REASON_GENERAL_NETWORK - WSAECONNRESET
  WARN root [0x000019a0] [2017-05-03 10:09:54,627] - TCPPacketReceiver::processPendingEvents: Throwing REASON_GENERAL_NETWORK - WSAECONNRESET
  WARN root [0x000019a0] [2017-05-03 10:09:54,627] - TCPPacketReceiver::processPendingEvents: Throwing REASON_GENERAL_NETWORK - WSAECONNRESET
  WARN root [0x000019a0] [2017-05-03 10:09:54,627] - TCPPacketReceiver::processPendingEvents: Throwing REASON_GENERAL_NETWORK - WSAECONNRESET
  WARN root [0x000019a0] [2017-05-03 10:09:54,627] - TCPPacketReceiver::processPendingEvents: Throwing REASON_GENERAL_NETWORK - WSAECONNRESET
  WARN root [0x000019a0] [2017-05-03 10:09:54,627] - TCPPacketReceiver::processPendingEvents: Throwing REASON_GENERAL_NETWORK - WSAECONNRESET
  WARN root [0x000019a0] [2017-05-03 10:09:54,627] - TCPPacketReceiver::processPendingEvents: Throwing REASON_GENERAL_NETWORK - WSAECONNRESET
  WARN root [0x000019a0] [2017-05-03 10:09:54,627] - TCPPacketReceiver::processPendingEvents: Throwing REASON_GENERAL_NETWORK - WSAECONNRESET
  WARN root [0x000019a0] [2017-05-03 10:09:54,627] - TCPPacketReceiver::processPendingEvents: Throwing REASON_GENERAL_NETWORK - WSAECONNRESET
  WARN root [0x000019a0] [2017-05-03 10:09:54,627] - TCPPacketReceiver::processPendingEvents: Throwing REASON_GENERAL_NETWORK - WSAECONNRESET
  WARN root [0x000019a0] [2017-05-03 10:09:54,627] - TCPPacketReceiver::processPendingEvents: Throwing REASON_GENERAL_NETWORK - WSAECONNRESET
  WARN root [0x000019a0] [2017-05-03 10:09:54,627] - TCPPacketReceiver::processPendingEvents: Throwing REASON_GENERAL_NETWORK - WSAECONNRESET
  WARN root [0x000019a0] [2017-05-03 10:09:54,627] - TCPPacketReceiver::processPendingEvents: Throwing REASON_GENERAL_NETWORK - WSAECONNRESET
  WARN root [0x000019a0] [2017-05-03 10:09:54,627] - TCPPacketReceiver::processPendingEvents: Throwing REASON_GENERAL_NETWORK - WSAECONNRESET
  WARN root [0x000019a0] [2017-05-03 10:09:54,627] - TCPPacketReceiver::processPendingEvents: Throwing REASON_GENERAL_NETWORK - WSAECONNRESET
  WARN root [0x000019a0] [2017-05-03 10:09:54,627] - TCPPacketReceiver::processPendingEvents: Throwing REASON_GENERAL_NETWORK - WSAECONNRESET
  WARN root [0x000019a0] [2017-05-03 10:09:54,627] - TCPPacketReceiver::processPendingEvents: Throwing REASON_GENERAL_NETWORK - WSAECONNRESET
  WARN root [0x000019a0] [2017-05-03 10:09:54,627] - TCPPacketReceiver::processPendingEvents: Throwing REASON_GENERAL_NETWORK - WSAECONNRESET
  WARN root [0x000019a0] [2017-05-03 10:09:54,627] - TCPPacketReceiver::processPendingEvents: Throwing REASON_GENERAL_NETWORK - WSAECONNRESET
  WARN root [0x000019a0] [2017-05-03 10:09:54,627] - TCPPacketReceiver::processPendingEvents: Throwing REASON_GENERAL_NETWORK - WSAECONNRESET
  WARN root [0x000019a0] [2017-05-03 10:09:54,627] - TCPPacketReceiver::processPendingEvents: Throwing REASON_GENERAL_NETWORK - WSAECONNRESET
  WARN root [0x000019a0] [2017-05-03 10:09:54,627] - TCPPacketReceiver::processPendingEvents: Throwing REASON_GENERAL_NETWORK - WSAECONNRESET
  WARN root [0x000019a0] [2017-05-03 10:09:54,627] - TCPPacketReceiver::processPendingEvents: Throwing REASON_GENERAL_NETWORK - WSAECONNRESET
  WARN root [0x000019a0] [2017-05-03 10:09:54,627] - TCPPacketReceiver::processPendingEvents: Throwing REASON_GENERAL_NETWORK - WSAECONNRESET
  WARN root [0x000019a0] [2017-05-03 10:09:54,627] - TCPPacketReceiver::processPendingEvents: Throwing REASON_GENERAL_NETWORK - WSAECONNRESET
  WARN root [0x000019a0] [2017-05-03 10:09:54,627] - TCPPacketReceiver::processPendingEvents: Throwing REASON_GENERAL_NETWORK - WSAECONNRESET
  WARN root [0x000019a0] [2017-05-03 10:09:54,627] - TCPPacketReceiver::processPendingEvents: Throwing REASON_GENERAL_NETWORK - WSAECONNRESET
  WARN root [0x000019a0] [2017-05-03 10:09:54,627] - TCPPacketReceiver::processPendingEvents: Throwing REASON_GENERAL_NETWORK - WSAECONNRESET
  WARN root [0x000019a0] [2017-05-03 10:09:54,627] - TCPPacketReceiver::processPendingEvents: Throwing REASON_GENERAL_NETWORK - WSAECONNRESET
  WARN root [0x000019a0] [2017-05-03 10:09:54,627] - TCPPacketReceiver::processPendingEvents: Throwing REASON_GENERAL_NETWORK - WSAECONNRESET
  WARN root [0x000019a0] [2017-05-03 10:09:54,627] - TCPPacketReceiver::processPendingEvents: Throwing REASON_GENERAL_NETWORK - WSAECONNRESET
  WARN root [0x000019a0] [2017-05-03 10:09:54,627] - TCPPacketReceiver::processPendingEvents: Throwing REASON_GENERAL_NETWORK - WSAECONNRESET
  WARN root [0x000019a0] [2017-05-03 10:09:54,627] - TCPPacketReceiver::processPendingEvents: Throwing REASON_GENERAL_NETWORK - WSAECONNRESET
  WARN root [0x000019a0] [2017-05-03 10:09:54,627] - TCPPacketReceiver::processPendingEvents: Throwing REASON_GENERAL_NETWORK - WSAECONNRESET
  WARN root [0x000019a0] [2017-05-03 10:09:54,627] - TCPPacketReceiver::processPendingEvents: Throwing REASON_GENERAL_NETWORK - WSAECONNRESET
  WARN root [0x000019a0] [2017-05-03 10:09:54,627] - TCPPacketReceiver::processPendingEvents: Throwing REASON_GENERAL_NETWORK - WSAECONNRESET
  WARN root [0x000019a0] [2017-05-03 10:09:54,627] - TCPPacketReceiver::processPendingEvents: Throwing REASON_GENERAL_NETWORK - WSAECONNRESET
  WARN root [0x000019a0] [2017-05-03 10:09:54,627] - TCPPacketReceiver::processPendingEvents: Throwing REASON_GENERAL_NETWORK - WSAECONNRESET
  WARN root [0x000019a0] [2017-05-03 10:09:54,627] - TCPPacketReceiver::processPendingEvents: Throwing REASON_GENERAL_NETWORK - WSAECONNRESET
  WARN root [0x000019a0] [2017-05-03 10:09:54,627] - TCPPacketReceiver::processPendingEvents: Throwing REASON_GENERAL_NETWORK - WSAECONNRESET
  WARN root [0x000019a0] [2017-05-03 10:09:54,627] - TCPPacketReceiver::processPendingEvents: Throwing REASON_GENERAL_NETWORK - WSAECONNRESET
  WARN root [0x000019a0] [2017-05-03 10:09:54,627] - TCPPacketReceiver::processPendingEvents: Throwing REASON_GENERAL_NETWORK - WSAECONNRESET
  WARN root [0x000019a0] [2017-05-03 10:09:54,627] - TCPPacketReceiver::processPendingEvents: Throwing REASON_GENERAL_NETWORK - WSAECONNRESET
  WARN root [0x000019a0] [2017-05-03 10:09:54,627] - TCPPacketReceiver::processPendingEvents: Throwing REASON_GENERAL_NETWORK - WSAECONNRESET
  WARN root [0x000019a0] [2017-05-03 10:09:54,627] - TCPPacketReceiver::processPendingEvents: Throwing REASON_GENERAL_NETWORK - WSAECONNRESET
  WARN root [0x000019a0] [2017-05-03 10:09:54,627] - TCPPacketReceiver::processPendingEvents: Throwing REASON_GENERAL_NETWORK - WSAECONNRESET
  WARN root [0x000019a0] [2017-05-03 10:09:54,627] - TCPPacketReceiver::processPendingEvents: Throwing REASON_GENERAL_NETWORK - WSAECONNRESET
  WARN root [0x000019a0] [2017-05-03 10:09:54,627] - TCPPacketReceiver::processPendingEvents: Throwing REASON_GENERAL_NETWORK - WSAECONNRESET
  WARN root [0x000019a0] [2017-05-03 10:09:54,627] - TCPPacketReceiver::processPendingEvents: Throwing REASON_GENERAL_NETWORK - WSAECONNRESET
  WARN root [0x000019a0] [2017-05-03 10:09:54,627] - TCPPacketReceiver::processPendingEvents: Throwing REASON_GENERAL_NETWORK - WSAECONNRESET
  WARN root [0x000019a0] [2017-05-03 10:09:54,627] - TCPPacketReceiver::processPendingEvents: Throwing REASON_GENERAL_NETWORK - WSAECONNRESET
  WARN root [0x000019a0] [2017-05-03 10:09:54,627] - TCPPacketReceiver::processPendingEvents: Throwing REASON_GENERAL_NETWORK - WSAECONNRESET
  WARN root [0x000019a0] [2017-05-03 10:09:54,627] - TCPPacketReceiver::processPendingEvents: Throwing REASON_GENERAL_NETWORK - WSAECONNRESET
  WARN root [0x000019a0] [2017-05-03 10:09:54,627] - TCPPacketReceiver::processPendingEvents: Throwing REASON_GENERAL_NETWORK - WSAECONNRESET
  WARN root [0x000019a0] [2017-05-03 10:09:54,627] - TCPPacketReceiver::processPendingEvents: Throwing REASON_GENERAL_NETWORK - WSAECONNRESET
  WARN root [0x000019a0] [2017-05-03 10:09:54,627] - TCPPacketReceiver::processPendingEvents: Throwing REASON_GENERAL_NETWORK - WSAECONNRESET
  WARN root [0x000019a0] [2017-05-03 10:09:54,627] - TCPPacketReceiver::processPendingEvents: Throwing REASON_GENERAL_NETWORK - WSAECONNRESET
  WARN root [0x000019a0] [2017-05-03 10:09:54,627] - TCPPacketReceiver::processPendingEvents: Throwing REASON_GENERAL_NETWORK - WSAECONNRESET
  WARN root [0x000019a0] [2017-05-03 10:09:54,627] - TCPPacketReceiver::processPendingEvents: Throwing REASON_GENERAL_NETWORK - WSAECONNRESET
  WARN root [0x000019a0] [2017-05-03 10:09:54,627] - TCPPacketReceiver::processPendingEvents: Throwing REASON_GENERAL_NETWORK - WSAECONNRESET
  WARN root [0x000019a0] [2017-05-03 10:09:54,627] - TCPPacketReceiver::processPendingEvents: Throwing REASON_GENERAL_NETWORK - WSAECONNRESET
  WARN root [0x000019a0] [2017-05-03 10:09:54,627] - TCPPacketReceiver::processPendingEvents: Throwing REASON_GENERAL_NETWORK - WSAECONNRESET
  WARN root [0x000019a0] [2017-05-03 10:09:54,627] - TCPPacketReceiver::processPendingEvents: Throwing REASON_GENERAL_NETWORK - WSAECONNRESET
  WARN root [0x000019a0] [2017-05-03 10:09:54,627] - TCPPacketReceiver::processPendingEvents: Throwing REASON_GENERAL_NETWORK - WSAECONNRESET
  WARN root [0x000019a0] [2017-05-03 10:09:54,627] - TCPPacketReceiver::processPendingEvents: Throwing REASON_GENERAL_NETWORK - WSAECONNRESET
  WARN root [0x000019a0] [2017-05-03 10:09:54,627] - TCPPacketReceiver::processPendingEvents: Throwing REASON_GENERAL_NETWORK - WSAECONNRESET
  WARN root [0x000019a0] [2017-05-03 10:09:54,627] - TCPPacketReceiver::processPendingEvents: Throwing REASON_GENERAL_NETWORK - WSAECONNRESET
  WARN root [0x000019a0] [2017-05-03 10:09:54,627] - TCPPacketReceiver::processPendingEvents: Throwing REASON_GENERAL_NETWORK - WSAECONNRESET
  WARN root [0x000019a0] [2017-05-03 10:09:54,627] - TCPPacketReceiver::processPendingEvents: Throwing REASON_GENERAL_NETWORK - WSAECONNRESET
  WARN root [0x000019a0] [2017-05-03 10:09:54,627] - TCPPacketReceiver::processPendingEvents: Throwing REASON_GENERAL_NETWORK - WSAECONNRESET
  WARN root [0x000019a0] [2017-05-03 10:09:54,627] - TCPPacketReceiver::processPendingEvents: Throwing REASON_GENERAL_NETWORK - WSAECONNRESET
  WARN root [0x000019a0] [2017-05-03 10:09:54,627] - TCPPacketReceiver::processPendingEvents: Throwing REASON_GENERAL_NETWORK - WSAECONNRESET
  WARN root [0x000019a0] [2017-05-03 10:09:54,627] - TCPPacketReceiver::processPendingEvents: Throwing REASON_GENERAL_NETWORK - WSAECONNRESET
  WARN root [0x000019a0] [2017-05-03 10:09:54,627] - TCPPacketReceiver::processPendingEvents: Throwing REASON_GENERAL_NETWORK - WSAECONNRESET
  WARN root [0x000019a0] [2017-05-03 10:09:54,627] - TCPPacketReceiver::processPendingEvents: Throwing REASON_GENERAL_NETWORK - WSAECONNRESET
  WARN root [0x000019a0] [2017-05-03 10:09:54,627] - TCPPacketReceiver::processPendingEvents: Throwing REASON_GENERAL_NETWORK - WSAECONNRESET
  WARN root [0x000019a0] [2017-05-03 10:09:54,627] - TCPPacketReceiver::processPendingEvents: Throwing REASON_GENERAL_NETWORK - WSAECONNRESET
  WARN root [0x000019a0] [2017-05-03 10:09:54,627] - TCPPacketReceiver::processPendingEvents: Throwing REASON_GENERAL_NETWORK - WSAECONNRESET
  WARN root [0x000019a0] [2017-05-03 10:09:54,627] - TCPPacketReceiver::processPendingEvents: Throwing REASON_GENERAL_NETWORK - WSAECONNRESET
  WARN root [0x000019a0] [2017-05-03 10:09:54,627] - TCPPacketReceiver::processPendingEvents: Throwing REASON_GENERAL_NETWORK - WSAECONNRESET
  WARN root [0x000019a0] [2017-05-03 10:09:54,627] - TCPPacketReceiver::processPendingEvents: Throwing REASON_GENERAL_NETWORK - WSAECONNRESET
  WARN root [0x000019a0] [2017-05-03 10:09:54,627] - TCPPacketReceiver::processPendingEvents: Throwing REASON_GENERAL_NETWORK - WSAECONNRESET
  WARN root [0x000019a0] [2017-05-03 10:09:54,627] - TCPPacketReceiver::processPendingEvents: Throwing REASON_GENERAL_NETWORK - WSAECONNRESET
  WARN root [0x000019a0] [2017-05-03 10:09:54,627] - TCPPacketReceiver::processPendingEvents: Throwing REASON_GENERAL_NETWORK - WSAECONNRESET
  WARN root [0x000019a0] [2017-05-03 10:09:54,627] - TCPPacketReceiver::processPendingEvents: Throwing REASON_GENERAL_NETWORK - WSAECONNRESET
  WARN root [0x000019a0] [2017-05-03 10:09:54,627] - TCPPacketReceiver::processPendingEvents: Throwing REASON_GENERAL_NETWORK - WSAECONNRESET
  WARN root [0x000019a0] [2017-05-03 10:09:54,643] - TCPPacketReceiver::processPendingEvents: Throwing REASON_GENERAL_NETWORK - WSAECONNRESET
  WARN root [0x000019a0] [2017-05-03 10:09:54,643] - TCPPacketReceiver::processPendingEvents: Throwing REASON_GENERAL_NETWORK - WSAECONNRESET
  WARN root [0x000019a0] [2017-05-03 10:09:54,643] - TCPPacketReceiver::processPendingEvents: Throwing REASON_GENERAL_NETWORK - WSAECONNRESET
  WARN root [0x000019a0] [2017-05-03 10:09:54,643] - TCPPacketReceiver::processPendingEvents: Throwing REASON_GENERAL_NETWORK - WSAECONNRESET
  WARN root [0x000019a0] [2017-05-03 10:09:54,643] - TCPPacketReceiver::processPendingEvents: Throwing REASON_GENERAL_NETWORK - WSAECONNRESET
  WARN root [0x000019a0] [2017-05-03 10:09:54,643] - TCPPacketReceiver::processPendingEvents: Throwing REASON_GENERAL_NETWORK - WSAECONNRESET
  WARN root [0x000019a0] [2017-05-03 10:09:54,643] - TCPPacketReceiver::processPendingEvents: Throwing REASON_GENERAL_NETWORK - WSAECONNRESET
  WARN root [0x000019a0] [2017-05-03 10:09:54,643] - TCPPacketReceiver::processPendingEvents: Throwing REASON_GENERAL_NETWORK - WSAECONNRESET
  WARN root [0x000019a0] [2017-05-03 10:09:54,643] - TCPPacketReceiver::processPendingEvents: Throwing REASON_GENERAL_NETWORK - WSAECONNRESET
  WARN root [0x000019a0] [2017-05-03 10:09:54,643] - TCPPacketReceiver::processPendingEvents: Throwing REASON_GENERAL_NETWORK - WSAECONNRESET
 DEBUG root [0x000019a0] [2017-05-03 10:09:54,643] - PlayerAccount::~PlayerAccount(): 3
