  INFO root [0x00002270] [2017-05-02 17:53:27,488] - -----------------------------------------------------------------------------------------


  INFO root [0x00002270] [2017-05-02 17:53:27,534] - NetworkInterface::recreateListeningSocket(INTERNAL): bound to all interfaces with default route interface on 192.168.99.104 ( 192.168.99.104:57000 )
  INFO root [0x00002270] [2017-05-02 17:53:27,534] - NetworkInterface::recreateListeningSocket(INTERNAL): address 192.168.99.104:57000, SOMAXCONN=5.
 DEBUG root [0x00002270] [2017-05-02 17:53:27,566] - Script::install_py_dlls(): PyInit_pyexpat
 DEBUG root [0x00002270] [2017-05-02 17:53:27,566] - Script::install_py_dlls(): PyInit__socket
 DEBUG root [0x00002270] [2017-05-02 17:53:27,566] - Script::install_py_dlls(): PyInit__hashlib
 DEBUG root [0x00002270] [2017-05-02 17:53:27,566] - Script::install_py_dlls(): PyInit_select
 DEBUG root [0x00002270] [2017-05-02 17:53:27,566] - Script::install_py_dlls(): PyInit__ctypes
 DEBUG root [0x00002270] [2017-05-02 17:53:27,566] - Script::install_py_dlls(): PyInit__elementtree
 DEBUG root [0x00002270] [2017-05-02 17:53:27,597] - Script::install_py_dlls(): PyInit_unicodedata
  INFO root [0x00002270] [2017-05-02 17:53:27,628] - Script::install(): is successfully, Python=(3.4.2 (default, Mar 28 2017, 21:11:54) [MSC v.1800 32 bit (Intel)])!
  INFO root [0x00002270] [2017-05-02 17:53:27,628] - Script::install(): KBExtra is successfully!
  INFO root [0x00002270] [2017-05-02 17:53:27,628] - ---- bots Version: 0.9.12. ScriptVersion: 0.1.0. Protocol: 0A0C7DE03C7917F592D391CAD7A54761. Config: Debug. Built: 21:12:03 Mar 28 2017. AppID: 6415473426946326528. UID: 29585. PID: 15716 ----
  INFO root [0x00002270] [2017-05-02 17:53:27,628] - Server : Intel(R) Xeon(R) CPU E3-1230 v3 @ 3.30GHz with 4194303kB RAM
  INFO root [0x00002270] [2017-05-02 17:53:27,628] - ThreadPool::createThreadPool: creating  threadpool...
  INFO root [0x00002270] [2017-05-02 17:53:27,628] - ThreadPool::createThreadPool: successfully(1), newThreadCount=1, normalMaxThreadCount=1, maxThreadCount=4
 DEBUG root [0x00002270] [2017-05-02 17:53:27,737] - loaded script:Account(1).
  INFO root [0x00002270] [2017-05-02 17:53:27,737] - TelnetServer server is running on port 51000
 S_DBG root [0x00002270] [2017-05-02 17:53:27,737] - onInit::isReload:0
  INFO root [0x00002270] [2017-05-02 17:53:27,737] - ---- bots is running ----
 DEBUG root [0x00002270] [2017-05-02 17:53:27,737] - Components::process(): Request for the process of identity...
 DEBUG root [0x00002270] [2017-05-02 17:53:34,336] - KBEBlowfish::KBEBlowfish(): Using Blowfish key: FD 4F A7 6D 33 66 73 0B 6D 4A E0 9B E1 7E 87 33
  WARN root [0x00002270] [2017-05-02 17:53:34,336] - bots.cpp:284: Profile updateBots took 0.36 seconds
  INFO root [0x00002270] [2017-05-02 17:53:34,445] - ClientObjectBase::onHelloCB: verInfo=0.9.12, scriptVerInfo=0.1.0, protocolMD5=68AB0B61C4A3C03CD0C0349737585262, entityDefMD5=F7C6ED928DA2B54855D4E9E1C12FD81B, addr:127.0.0.1:20013/0/0/0
  INFO root [0x00002270] [2017-05-02 17:53:34,742] - ClientObject::onCreateAccountResult: bot_6415473426946326528_6477299161866798752 create is successfully!
  INFO root [0x00002270] [2017-05-02 17:53:35,147] - ClientObject::onLoginSuccessfully: bot_6415473426946326528_6477299161866798752 addr=192.168.99.104:20015!
 DEBUG root [0x00002270] [2017-05-02 17:53:35,147] - KBEBlowfish::KBEBlowfish(): Using Blowfish key: 2F D4 43 73 4F D1 67 D4 21 2F DE 56 66 AF 67 8D
  INFO root [0x00002270] [2017-05-02 17:53:35,350] - Components::findComponents: find logger(1)...
  INFO root [0x00002270] [2017-05-02 17:53:35,444] - Components::findComponents: found logger, addr:192.168.99.104:56913
  INFO root [0x00002270] [2017-05-02 17:53:35,444] - Components::addComponent: reset orderLog, uid=29585!
  INFO root [0x00002270] [2017-05-02 17:53:35,444] - Components::addComponent[logger], uid=29585, componentID=2000, globalorderid=1, grouporderid=1, totalcount=1
  INFO root [0x00002270] [2017-05-02 17:53:35,444] - ClientObjectBase::onHelloCB: verInfo=0.9.12, scriptVerInfo=0.1.0, protocolMD5=04DE5A563B306FEA37F19432189DFE1B, entityDefMD5=F7C6ED928DA2B54855D4E9E1C12FD81B, addr:192.168.99.104:20015/0/0/0
  INFO root [0x00002270] [2017-05-02 17:53:35,506] - Components::process(): Found all the components!
  INFO root [0x00002270] [2017-05-02 17:53:35,849] - ClientObject::onCreatedProxies(bot_6415473426946326528_6477299161866798752): rndUUID=6415473459845332992 eid=1035 entityType=Account!
 S_DBG root [0x00002270] [2017-05-02 17:53:35,849] - Account::__init__:{}.
  INFO root [0x00002270] [2017-05-02 17:53:35,849] - ClientObjectBase::createEntity: new Account (1035)
 DEBUG root [0x00002270] [2017-05-02 17:53:36,146] - ClientObjectBase::onPlayerEnterWorld: Account(1035), isOnGround(0), appID(2).
 DEBUG root [0x00002270] [2017-05-02 17:53:36,146] - ClientObjectBase::initSpaceData: spaceID(1), datasize=0.
 DEBUG root [0x00002270] [2017-05-02 17:53:36,146] - ClientObjectBase::onEntityEnterSpace: PlayerAccount(1035).
