  INFO root [2017-05-03 09:44:57,418] - -----------------------------------------------------------------------------------------


  INFO root [2017-05-03 09:44:57,418] - Resmgr::initialize: KBE_ROOT=F:/Server_Study/kbengine/
  INFO root [2017-05-03 09:44:57,418] - Resmgr::initialize: KBE_RES_PATH=F:/Server_Study/kbengine/kbe/res/;F:/Server_Study/kbengine/assets/;F:/Server_Study/kbengine/assets/scripts/;F:/Server_Study/kbengine/assets/res/
  INFO root [2017-05-03 09:44:57,418] - Resmgr::initialize: KBE_BIN_PATH=F:/Server_Study/kbengine/kbe/bin/server/
  INFO root [2017-05-03 09:44:57,465] - NetworkInterface::recreateListeningSocket(INTERNAL): bound to all interfaces with default route interface on 192.168.99.104 ( 192.168.99.104:50372 )
  INFO root [2017-05-03 09:44:57,465] - NetworkInterface::recreateListeningSocket(INTERNAL): address 192.168.99.104:50372, SOMAXCONN=5.
  INFO root [2017-05-03 09:44:57,465] - server-configs:
  INFO root [2017-05-03 09:44:57,465] - 	internalAddr : 192.168.99.104:50372
  INFO root [2017-05-03 09:44:57,465] - 	componentID : 4000
  INFO root [2017-05-03 09:44:57,574] - Components::findLogger: found logger, addr:192.168.99.104:50350
  INFO root [2017-05-03 09:44:57,574] - Components::addComponent: reset orderLog, uid=29585!
  INFO root [2017-05-03 09:44:57,574] - Components::addComponent[logger], uid=29585, componentID=2000, globalorderid=1, grouporderid=1, totalcount=1
  INFO root [2017-05-03 09:44:57,574] - ---- dbmgr Version: 0.9.12. ScriptVersion: 0.1.0. Protocol: E9EE36CFB63818B5BD522FB93AAAA4AE. Config: Debug X86. Built: 21:11:38 Mar 28 2017. AppID: 4000. UID: 29585. PID: 4628 ----
  INFO root [2017-05-03 09:44:57,574] - Server : Intel(R) Xeon(R) CPU E3-1230 v3 @ 3.30GHz with 4194303kB RAM
  INFO root [2017-05-03 09:44:57,574] - ThreadPool::createThreadPool: creating  threadpool...
  INFO root [2017-05-03 09:44:57,574] - ThreadPool::createThreadPool: successfully(2), newThreadCount=1, normalMaxThreadCount=2, maxThreadCount=8
 DEBUG root [2017-05-03 09:44:57,699] - Script::install_py_dlls(): PyInit_pyexpat
 DEBUG root [2017-05-03 09:44:57,699] - Script::install_py_dlls(): PyInit__socket
 DEBUG root [2017-05-03 09:44:57,699] - Script::install_py_dlls(): PyInit__hashlib
 DEBUG root [2017-05-03 09:44:57,715] - Script::install_py_dlls(): PyInit_select
 DEBUG root [2017-05-03 09:44:57,715] - Script::install_py_dlls(): PyInit__ctypes
 DEBUG root [2017-05-03 09:44:57,715] - Script::install_py_dlls(): PyInit__elementtree
 DEBUG root [2017-05-03 09:44:57,730] - Script::install_py_dlls(): PyInit_unicodedata
  INFO root [2017-05-03 09:44:57,762] - Script::install(): is successfully, Python=(3.4.2 (default, Mar 28 2017, 21:11:34) [MSC v.1800 32 bit (Intel)])!
  INFO root [2017-05-03 09:44:57,762] - Script::install(): KBExtra is successfully!
  INFO root [2017-05-03 09:44:57,793] - Dbmgr::initializeEnd: digest(F7C6ED928DA2B54855D4E9E1C12FD81B)
S_INFO root [2017-05-03 09:44:57,793] - onDBMgrReady: bootstrapGroupIndex=0, bootstrapGlobalIndex=0
  INFO root [2017-05-03 09:44:57,793] - TelnetServer server is running on port 32000
  INFO root [2017-05-03 09:44:57,793] - Dbmgr::initInterfacesHandler: interfaces addr(127.0.0.1:30099), accountType:(interfaces), chargeType:(interfaces).
  WARN root [2017-05-03 09:44:58,214] - DBUtil::initialize: db(default) password is not encrypted!
please use password(rsa):
751616789546AD8779147E99E5FF9B52F3B16B504BCA8B1D7F88E5A25DBE5F54B0FC3D8CF4109AD63343A4BB29B54FD772F555D78C0ABDA4266B23EBA56F113DF28A47CD56511F093DE47DC65A36F3B6BA5C024D7DC0087B4EC991D74E87DA7183E9111F42B3C971E6D9C2475C80C51380C0E209862540AFC5F3A8DE329A1722
 DEBUG root [2017-05-03 09:44:58,245] - DBInterfaceMysql::attach: connect: localhost:3306 starting...
 DEBUG root [2017-05-03 09:44:58,245] - DBInterfaceMysql::attach: successfully! addr: localhost:3306
  INFO root [2017-05-03 09:44:58,245] - DBUtil::createInterface[0x43ef94]: interface=default, dbtype=mysql, ip=localhost, port=3306, currdatabase=kbe, username=kbe, connected=yes.

  INFO root [2017-05-03 09:44:58,245] - ThreadPool::createThreadPool: creating  threadpool...
 DEBUG root [2017-05-03 09:44:58,245] - DBInterfaceMysql::attach: connect: localhost:3306 starting...
 DEBUG root [2017-05-03 09:44:58,245] - DBInterfaceMysql::attach: connect: localhost:3306 starting...
  INFO root [2017-05-03 09:44:58,245] - ThreadPool::createThreadPool: successfully(5), newThreadCount=5, normalMaxThreadCount=5, maxThreadCount=5
 DEBUG root [2017-05-03 09:44:58,245] - DBInterfaceMysql::attach: connect: localhost:3306 starting...
 DEBUG root [2017-05-03 09:44:58,245] - DBInterfaceMysql::attach: connect: localhost:3306 starting...
 DEBUG root [2017-05-03 09:44:58,245] - DBInterfaceMysql::attach: connect: localhost:3306 starting...
 DEBUG root [2017-05-03 09:44:58,245] - DBInterfaceMysql::attach: successfully! addr: localhost:3306
 DEBUG root [2017-05-03 09:44:58,245] - DBThread::onStart(): 0x25a408!
 DEBUG root [2017-05-03 09:44:58,245] - DBInterfaceMysql::attach: successfully! addr: localhost:3306
 DEBUG root [2017-05-03 09:44:58,245] - DBThread::onStart(): 0x25a380!
 DEBUG root [2017-05-03 09:44:58,245] - DBInterfaceMysql::attach: successfully! addr: localhost:3306
 DEBUG root [2017-05-03 09:44:58,245] - DBThread::onStart(): 0x25a490!
 DEBUG root [2017-05-03 09:44:58,245] - DBInterfaceMysql::attach: successfully! addr: localhost:3306
 DEBUG root [2017-05-03 09:44:58,245] - DBThread::onStart(): 0x25a518!
 DEBUG root [2017-05-03 09:44:58,245] - DBInterfaceMysql::attach: successfully! addr: localhost:3306
 DEBUG root [2017-05-03 09:44:58,245] - DBThread::onStart(): 0x25a5a0!
  INFO root [2017-05-03 09:44:58,354] - DBInterfaceMysql::query: successfully!
  INFO root [2017-05-03 09:44:58,354] - DBInterfaceMysql::query: successfully!
  INFO root [2017-05-03 09:44:58,713] - DBInterfaceMysql::query: successfully!
  INFO root [2017-05-03 09:44:58,713] - DBInterfaceMysql::query: successfully!
  WARN root [2017-05-03 09:44:58,713] - DBTask::process(): took 0.36 seconds
sql:(CREATE TABLE IF NOT EXISTS kbe_accountinfos (`accountName` varchar(128) not null, PRIMARY KEY idKey (`accountName`),`password` varchar(255),`bindata` blob,`email` varchar(255) not null, UNIQUE KEY `email` (`email`),`entityDBID` bigint(20) unsigned not null DEFAULT 0, UNIQUE KEY `entityDBID` (`entityDBID`),`flags` int unsigned not null DEFAULT 0,`deadline` bigint(20) not null DEFAULT 0,`regtime` bigint(20) not null DEFAULT 0,`lasttime` bigint(20) not null DEFAULT 0,`numlogin` int unsigned not null DEFAULT 0)ENGINE=InnoDB)
  INFO root [2017-05-03 09:44:58,854] - DBInterfaceMysql::query: successfully!
  INFO root [2017-05-03 09:44:58,854] - DBInterfaceMysql::query: successfully!
  INFO root [2017-05-03 09:44:58,854] - DBInterfaceMysql::query: successfully!
  WARN root [2017-05-03 09:44:58,854] - DBTask::process(): took 0.50 seconds
sql:(delete from kbe_email_verification where logtime<1493772298 and type=3)
  WARN root [2017-05-03 09:44:58,854] - DBTask::process(): took 0.50 seconds
sql:(show index from tbl_Account)
  WARN root [2017-05-03 09:44:58,854] - DBTask::process(): took 0.50 seconds
sql:(show index from tbl_Room)
  INFO root [2017-05-03 09:44:59,072] - DBInterfaceMysql::query: successfully!
  WARN root [2017-05-03 09:44:59,072] - DBTask::process(): took 0.73 seconds
sql:(CREATE TABLE IF NOT EXISTS kbe_entitylog (entityDBID bigint(20) unsigned not null DEFAULT 0,entityType int unsigned not null DEFAULT 0,entityID int unsigned not null DEFAULT 0,ip varchar(64),port int unsigned not null DEFAULT 0,componentID bigint unsigned not null DEFAULT 0,logger bigint unsigned not null DEFAULT 0,PRIMARY KEY (entityDBID, entityType))ENGINE=InnoDB)
  WARN root [2017-05-03 09:44:59,088] - DBTask::process(): took 0.38 seconds
sql:(show index from tbl_Hall)
  WARN root [2017-05-03 09:44:59,119] - dbmgr.cpp:264: Profile scriptCall took 1.32 seconds
  INFO root [2017-05-03 09:44:59,337] - ---- dbmgr is running ----
 DEBUG root [2017-05-03 09:44:59,337] - Components::process(): Request for the process of identity...
  WARN root [2017-05-03 09:45:05,540] - Forwarding logs to logger[192.168.99.104:50350/0/0/0]...
 ERROR root [2017-05-03 09:46:19,585] - Components::removeComponentByChannel: logger : 2000, Abnormal exit.
  INFO root [2017-05-03 09:47:19,723] - -----------------------------------------------------------------------------------------


  INFO root [2017-05-03 09:47:19,723] - Resmgr::initialize: KBE_ROOT=F:/Server_Study/kbengine/
  INFO root [2017-05-03 09:47:19,739] - Resmgr::initialize: KBE_RES_PATH=F:/Server_Study/kbengine/kbe/res/;F:/Server_Study/kbengine/assets/;F:/Server_Study/kbengine/assets/scripts/;F:/Server_Study/kbengine/assets/res/
  INFO root [2017-05-03 09:47:19,739] - Resmgr::initialize: KBE_BIN_PATH=F:/Server_Study/kbengine/kbe/bin/server/
  INFO root [2017-05-03 09:47:19,786] - NetworkInterface::recreateListeningSocket(INTERNAL): bound to all interfaces with default route interface on 192.168.99.104 ( 192.168.99.104:50582 )
  INFO root [2017-05-03 09:47:19,786] - NetworkInterface::recreateListeningSocket(INTERNAL): address 192.168.99.104:50582, SOMAXCONN=5.
  INFO root [2017-05-03 09:47:19,786] - server-configs:
  INFO root [2017-05-03 09:47:19,786] - 	internalAddr : 192.168.99.104:50582
  INFO root [2017-05-03 09:47:19,786] - 	componentID : 4000
  INFO root [2017-05-03 09:47:21,299] - ---- dbmgr Version: 0.9.12. ScriptVersion: 0.1.0. Protocol: E9EE36CFB63818B5BD522FB93AAAA4AE. Config: Debug X86. Built: 21:11:38 Mar 28 2017. AppID: 4000. UID: 29585. PID: 5072 ----
  INFO root [2017-05-03 09:47:21,299] - Server : Intel(R) Xeon(R) CPU E3-1230 v3 @ 3.30GHz with 4194303kB RAM
  INFO root [2017-05-03 09:47:21,299] - ThreadPool::createThreadPool: creating  threadpool...
  INFO root [2017-05-03 09:47:21,299] - ThreadPool::createThreadPool: successfully(2), newThreadCount=1, normalMaxThreadCount=2, maxThreadCount=8
 DEBUG root [2017-05-03 09:47:21,424] - Script::install_py_dlls(): PyInit_pyexpat
 DEBUG root [2017-05-03 09:47:21,424] - Script::install_py_dlls(): PyInit__socket
 DEBUG root [2017-05-03 09:47:21,424] - Script::install_py_dlls(): PyInit__hashlib
 DEBUG root [2017-05-03 09:47:21,439] - Script::install_py_dlls(): PyInit_select
 DEBUG root [2017-05-03 09:47:21,439] - Script::install_py_dlls(): PyInit__ctypes
 DEBUG root [2017-05-03 09:47:21,439] - Script::install_py_dlls(): PyInit__elementtree
 DEBUG root [2017-05-03 09:47:21,455] - Script::install_py_dlls(): PyInit_unicodedata
  INFO root [2017-05-03 09:47:21,486] - Script::install(): is successfully, Python=(3.4.2 (default, Mar 28 2017, 21:11:34) [MSC v.1800 32 bit (Intel)])!
  INFO root [2017-05-03 09:47:21,486] - Script::install(): KBExtra is successfully!
  INFO root [2017-05-03 09:47:21,486] - Dbmgr::initializeEnd: digest(F7C6ED928DA2B54855D4E9E1C12FD81B)
S_INFO root [2017-05-03 09:47:21,486] - onDBMgrReady: bootstrapGroupIndex=0, bootstrapGlobalIndex=0
  INFO root [2017-05-03 09:47:21,486] - TelnetServer server is running on port 32000
  INFO root [2017-05-03 09:47:21,486] - Dbmgr::initInterfacesHandler: interfaces addr(127.0.0.1:30099), accountType:(interfaces), chargeType:(interfaces).
  WARN root [2017-05-03 09:47:21,845] - DBUtil::initialize: db(default) password is not encrypted!
please use password(rsa):
58D542AF6AD80AED404602AC8A2C82E050B00DBB3714A9CCD20EFEAA4A6F74392761B7A7ADDB6EBFFC412DDCDC554909AE3BBDB2E3DDC409B84054E72F013C9609BC6C26E824E04521F0599606617CF43D64853E8852990DCB5CFD5D32085A90551216A786E3DC600B2BFB6464236C8D88C392E4D3FEF9F101B6FE9C09D580FD
 DEBUG root [2017-05-03 09:47:21,845] - DBInterfaceMysql::attach: connect: localhost:3306 starting...
 DEBUG root [2017-05-03 09:47:21,845] - DBInterfaceMysql::attach: successfully! addr: localhost:3306
  INFO root [2017-05-03 09:47:21,845] - DBUtil::createInterface[0x1bf478]: interface=default, dbtype=mysql, ip=localhost, port=3306, currdatabase=kbe, username=kbe, connected=yes.

  INFO root [2017-05-03 09:47:21,845] - ThreadPool::createThreadPool: creating  threadpool...
 DEBUG root [2017-05-03 09:47:21,845] - DBInterfaceMysql::attach: connect: localhost:3306 starting...
 DEBUG root [2017-05-03 09:47:21,845] - DBInterfaceMysql::attach: connect: localhost:3306 starting...
  INFO root [2017-05-03 09:47:21,845] - ThreadPool::createThreadPool: successfully(5), newThreadCount=5, normalMaxThreadCount=5, maxThreadCount=5
 DEBUG root [2017-05-03 09:47:21,861] - DBInterfaceMysql::attach: connect: localhost:3306 starting...
 DEBUG root [2017-05-03 09:47:21,861] - DBInterfaceMysql::attach: connect: localhost:3306 starting...
 DEBUG root [2017-05-03 09:47:21,861] - DBInterfaceMysql::attach: connect: localhost:3306 starting...
 DEBUG root [2017-05-03 09:47:21,861] - DBInterfaceMysql::attach: successfully! addr: localhost:3306
 DEBUG root [2017-05-03 09:47:21,861] - DBThread::onStart(): 0x44a270!
 DEBUG root [2017-05-03 09:47:21,861] - DBInterfaceMysql::attach: successfully! addr: localhost:3306
 DEBUG root [2017-05-03 09:47:21,861] - DBThread::onStart(): 0x44a2f8!
 DEBUG root [2017-05-03 09:47:21,861] - DBInterfaceMysql::attach: successfully! addr: localhost:3306
 DEBUG root [2017-05-03 09:47:21,861] - DBThread::onStart(): 0x44a408!
 DEBUG root [2017-05-03 09:47:21,861] - DBInterfaceMysql::attach: successfully! addr: localhost:3306
 DEBUG root [2017-05-03 09:47:21,861] - DBThread::onStart(): 0x44a490!
 DEBUG root [2017-05-03 09:47:21,861] - DBInterfaceMysql::attach: successfully! addr: localhost:3306
 DEBUG root [2017-05-03 09:47:21,861] - DBThread::onStart(): 0x44a380!
  INFO root [2017-05-03 09:47:21,954] - DBInterfaceMysql::query: successfully!
  INFO root [2017-05-03 09:47:21,954] - DBInterfaceMysql::query: successfully!
  INFO root [2017-05-03 09:47:21,954] - DBInterfaceMysql::query: successfully!
  INFO root [2017-05-03 09:47:21,954] - DBInterfaceMysql::query: successfully!
  INFO root [2017-05-03 09:47:21,954] - DBInterfaceMysql::query: successfully!
  INFO root [2017-05-03 09:47:21,954] - DBInterfaceMysql::query: successfully!
  INFO root [2017-05-03 09:47:21,954] - DBInterfaceMysql::query: successfully!
  INFO root [2017-05-03 09:47:22,360] - DBInterfaceMysql::query: successfully!
  WARN root [2017-05-03 09:47:22,360] - DBTask::process(): took 0.41 seconds
sql:(CREATE TABLE IF NOT EXISTS kbe_entitylog (entityDBID bigint(20) unsigned not null DEFAULT 0,entityType int unsigned not null DEFAULT 0,entityID int unsigned not null DEFAULT 0,ip varchar(64),port int unsigned not null DEFAULT 0,componentID bigint unsigned not null DEFAULT 0,logger bigint unsigned not null DEFAULT 0,PRIMARY KEY (entityDBID, entityType))ENGINE=InnoDB)
  WARN root [2017-05-03 09:47:22,391] - dbmgr.cpp:264: Profile scriptCall took 0.89 seconds
  INFO root [2017-05-03 09:47:22,609] - ---- dbmgr is running ----
 DEBUG root [2017-05-03 09:47:22,609] - Components::process(): Request for the process of identity...
  INFO root [2017-05-03 09:47:29,861] - Components::findComponents: find logger(1)...
  INFO root [2017-05-03 09:47:29,961] - Components::findComponents: found logger, addr:192.168.99.104:50581
  INFO root [2017-05-03 09:47:29,961] - Components::addComponent: reset orderLog, uid=29585!
  INFO root [2017-05-03 09:47:29,961] - Components::addComponent[logger], uid=29585, componentID=2000, globalorderid=1, grouporderid=1, totalcount=1
  WARN root [2017-05-03 09:47:29,961] - Forwarding logs to logger[192.168.99.104:50581/0/0/0]...
 ERROR root [2017-05-03 10:09:54,237] - Components::removeComponentByChannel: logger : 2000, Abnormal exit.
  INFO root [2017-05-03 10:10:00,743] - -----------------------------------------------------------------------------------------


  INFO root [2017-05-03 10:10:00,743] - Resmgr::initialize: KBE_ROOT=F:/Server_Study/kbengine/
  INFO root [2017-05-03 10:10:00,743] - Resmgr::initialize: KBE_RES_PATH=F:/Server_Study/kbengine/kbe/res/;F:/Server_Study/kbengine/assets/;F:/Server_Study/kbengine/assets/scripts/;F:/Server_Study/kbengine/assets/res/
  INFO root [2017-05-03 10:10:00,743] - Resmgr::initialize: KBE_BIN_PATH=F:/Server_Study/kbengine/kbe/bin/server/
  INFO root [2017-05-03 10:10:00,789] - NetworkInterface::recreateListeningSocket(INTERNAL): bound to all interfaces with default route interface on 192.168.99.104 ( 192.168.99.104:51259 )
  INFO root [2017-05-03 10:10:00,789] - NetworkInterface::recreateListeningSocket(INTERNAL): address 192.168.99.104:51259, SOMAXCONN=5.
  INFO root [2017-05-03 10:10:00,789] - server-configs:
  INFO root [2017-05-03 10:10:00,789] - 	internalAddr : 192.168.99.104:51259
  INFO root [2017-05-03 10:10:00,789] - 	componentID : 4000
  INFO root [2017-05-03 10:10:02,303] - ---- dbmgr Version: 0.9.12. ScriptVersion: 0.1.0. Protocol: E9EE36CFB63818B5BD522FB93AAAA4AE. Config: Debug X86. Built: 21:11:38 Mar 28 2017. AppID: 4000. UID: 29585. PID: 6172 ----
  INFO root [2017-05-03 10:10:02,303] - Server : Intel(R) Xeon(R) CPU E3-1230 v3 @ 3.30GHz with 4194303kB RAM
  INFO root [2017-05-03 10:10:02,303] - ThreadPool::createThreadPool: creating  threadpool...
  INFO root [2017-05-03 10:10:02,303] - ThreadPool::createThreadPool: successfully(2), newThreadCount=1, normalMaxThreadCount=2, maxThreadCount=8
 DEBUG root [2017-05-03 10:10:02,427] - Script::install_py_dlls(): PyInit_pyexpat
 DEBUG root [2017-05-03 10:10:02,427] - Script::install_py_dlls(): PyInit__socket
 DEBUG root [2017-05-03 10:10:02,427] - Script::install_py_dlls(): PyInit__hashlib
 DEBUG root [2017-05-03 10:10:02,443] - Script::install_py_dlls(): PyInit_select
 DEBUG root [2017-05-03 10:10:02,443] - Script::install_py_dlls(): PyInit__ctypes
 DEBUG root [2017-05-03 10:10:02,443] - Script::install_py_dlls(): PyInit__elementtree
 DEBUG root [2017-05-03 10:10:02,459] - Script::install_py_dlls(): PyInit_unicodedata
  INFO root [2017-05-03 10:10:02,490] - Script::install(): is successfully, Python=(3.4.2 (default, Mar 28 2017, 21:11:34) [MSC v.1800 32 bit (Intel)])!
  INFO root [2017-05-03 10:10:02,490] - Script::install(): KBExtra is successfully!
  INFO root [2017-05-03 10:10:02,490] - Dbmgr::initializeEnd: digest(F7C6ED928DA2B54855D4E9E1C12FD81B)
S_INFO root [2017-05-03 10:10:02,490] - onDBMgrReady: bootstrapGroupIndex=0, bootstrapGlobalIndex=0
  INFO root [2017-05-03 10:10:02,490] - TelnetServer server is running on port 32000
  INFO root [2017-05-03 10:10:02,490] - Dbmgr::initInterfacesHandler: interfaces addr(127.0.0.1:30099), accountType:(interfaces), chargeType:(interfaces).
  WARN root [2017-05-03 10:10:02,849] - DBUtil::initialize: db(default) password is not encrypted!
please use password(rsa):
4530AF22883EE398FF941FCC5B73DC49E8F955A56DAE17BC4329B62FBF0A0ECCE87828AC58FC782850C073158CF0FAAC924C580A06D408C25A2E41D119D37810FD264A70BDA600CB5DFDB63CBB61C535D1A0D2376A4739AD256B5F6ECBAADF7DA072B8FCB6793D66976EF2AB7759D37F88DDC798ECC31882F1E599DBC4F0461B
 DEBUG root [2017-05-03 10:10:02,849] - DBInterfaceMysql::attach: connect: localhost:3306 starting...
 DEBUG root [2017-05-03 10:10:02,849] - DBInterfaceMysql::attach: successfully! addr: localhost:3306
  INFO root [2017-05-03 10:10:02,849] - DBUtil::createInterface[0x3df104]: interface=default, dbtype=mysql, ip=localhost, port=3306, currdatabase=kbe, username=kbe, connected=yes.

  INFO root [2017-05-03 10:10:02,849] - ThreadPool::createThreadPool: creating  threadpool...
 DEBUG root [2017-05-03 10:10:02,849] - DBInterfaceMysql::attach: connect: localhost:3306 starting...
  INFO root [2017-05-03 10:10:02,849] - ThreadPool::createThreadPool: successfully(5), newThreadCount=5, normalMaxThreadCount=5, maxThreadCount=5
 DEBUG root [2017-05-03 10:10:02,849] - DBInterfaceMysql::attach: connect: localhost:3306 starting...
 DEBUG root [2017-05-03 10:10:02,849] - DBInterfaceMysql::attach: connect: localhost:3306 starting...
 DEBUG root [2017-05-03 10:10:02,849] - DBInterfaceMysql::attach: connect: localhost:3306 starting...
 DEBUG root [2017-05-03 10:10:02,849] - DBInterfaceMysql::attach: connect: localhost:3306 starting...
 DEBUG root [2017-05-03 10:10:02,849] - DBInterfaceMysql::attach: successfully! addr: localhost:3306
 DEBUG root [2017-05-03 10:10:02,849] - DBThread::onStart(): 0x58a380!
 DEBUG root [2017-05-03 10:10:02,849] - DBInterfaceMysql::attach: successfully! addr: localhost:3306
 DEBUG root [2017-05-03 10:10:02,849] - DBThread::onStart(): 0x58a408!
 DEBUG root [2017-05-03 10:10:02,849] - DBInterfaceMysql::attach: successfully! addr: localhost:3306
 DEBUG root [2017-05-03 10:10:02,849] - DBThread::onStart(): 0x58a490!
 DEBUG root [2017-05-03 10:10:02,849] - DBInterfaceMysql::attach: successfully! addr: localhost:3306
 DEBUG root [2017-05-03 10:10:02,849] - DBThread::onStart(): 0x58a518!
 DEBUG root [2017-05-03 10:10:02,849] - DBInterfaceMysql::attach: successfully! addr: localhost:3306
 DEBUG root [2017-05-03 10:10:02,849] - DBThread::onStart(): 0x58a5a0!
  INFO root [2017-05-03 10:10:02,958] - DBInterfaceMysql::query: successfully!
  INFO root [2017-05-03 10:10:02,958] - DBInterfaceMysql::query: successfully!
  INFO root [2017-05-03 10:10:02,958] - DBInterfaceMysql::query: successfully!
  INFO root [2017-05-03 10:10:02,958] - DBInterfaceMysql::query: successfully!
  INFO root [2017-05-03 10:10:02,958] - DBInterfaceMysql::query: successfully!
  INFO root [2017-05-03 10:10:02,958] - DBInterfaceMysql::query: successfully!
  INFO root [2017-05-03 10:10:02,958] - DBInterfaceMysql::query: successfully!
  INFO root [2017-05-03 10:10:03,285] - DBInterfaceMysql::query: successfully!
  WARN root [2017-05-03 10:10:03,285] - DBTask::process(): took 0.34 seconds
sql:(CREATE TABLE IF NOT EXISTS kbe_entitylog (entityDBID bigint(20) unsigned not null DEFAULT 0,entityType int unsigned not null DEFAULT 0,entityID int unsigned not null DEFAULT 0,ip varchar(64),port int unsigned not null DEFAULT 0,componentID bigint unsigned not null DEFAULT 0,logger bigint unsigned not null DEFAULT 0,PRIMARY KEY (entityDBID, entityType))ENGINE=InnoDB)
  WARN root [2017-05-03 10:10:03,332] - dbmgr.cpp:264: Profile scriptCall took 0.83 seconds
  INFO root [2017-05-03 10:10:03,551] - ---- dbmgr is running ----
 DEBUG root [2017-05-03 10:10:03,551] - Components::process(): Request for the process of identity...
  INFO root [2017-05-03 10:10:10,805] - Components::findComponents: find logger(1)...
  INFO root [2017-05-03 10:10:10,898] - Components::findComponents: found logger, addr:192.168.99.104:51258
  INFO root [2017-05-03 10:10:10,898] - Components::addComponent: reset orderLog, uid=29585!
  INFO root [2017-05-03 10:10:10,898] - Components::addComponent[logger], uid=29585, componentID=2000, globalorderid=1, grouporderid=1, totalcount=1
  WARN root [2017-05-03 10:10:10,898] - Forwarding logs to logger[192.168.99.104:51258/0/0/0]...
 ERROR root [2017-05-03 10:10:37,793] - Components::removeComponentByChannel: logger : 2000, Abnormal exit.
  INFO root [2017-05-03 10:11:45,840] - -----------------------------------------------------------------------------------------


  INFO root [2017-05-03 10:11:45,840] - Resmgr::initialize: KBE_ROOT=F:/Server_Study/kbengine/
  INFO root [2017-05-03 10:11:45,840] - Resmgr::initialize: KBE_RES_PATH=F:/Server_Study/kbengine/kbe/res/;F:/Server_Study/kbengine/assets/;F:/Server_Study/kbengine/assets/scripts/;F:/Server_Study/kbengine/assets/res/
  INFO root [2017-05-03 10:11:45,840] - Resmgr::initialize: KBE_BIN_PATH=F:/Server_Study/kbengine/kbe/bin/server/
  INFO root [2017-05-03 10:11:45,887] - NetworkInterface::recreateListeningSocket(INTERNAL): bound to all interfaces with default route interface on 192.168.99.104 ( 192.168.99.104:51354 )
  INFO root [2017-05-03 10:11:45,887] - NetworkInterface::recreateListeningSocket(INTERNAL): address 192.168.99.104:51354, SOMAXCONN=5.
  INFO root [2017-05-03 10:11:45,887] - server-configs:
  INFO root [2017-05-03 10:11:45,887] - 	internalAddr : 192.168.99.104:51354
  INFO root [2017-05-03 10:11:45,887] - 	componentID : 4000
  INFO root [2017-05-03 10:11:47,400] - ---- dbmgr Version: 0.9.12. ScriptVersion: 0.1.0. Protocol: E9EE36CFB63818B5BD522FB93AAAA4AE. Config: Debug X86. Built: 21:11:38 Mar 28 2017. AppID: 4000. UID: 29585. PID: 6688 ----
  INFO root [2017-05-03 10:11:47,400] - Server : Intel(R) Xeon(R) CPU E3-1230 v3 @ 3.30GHz with 4194303kB RAM
  INFO root [2017-05-03 10:11:47,400] - ThreadPool::createThreadPool: creating  threadpool...
  INFO root [2017-05-03 10:11:47,400] - ThreadPool::createThreadPool: successfully(2), newThreadCount=1, normalMaxThreadCount=2, maxThreadCount=8
 DEBUG root [2017-05-03 10:11:47,525] - Script::install_py_dlls(): PyInit_pyexpat
 DEBUG root [2017-05-03 10:11:47,525] - Script::install_py_dlls(): PyInit__socket
 DEBUG root [2017-05-03 10:11:47,525] - Script::install_py_dlls(): PyInit__hashlib
 DEBUG root [2017-05-03 10:11:47,540] - Script::install_py_dlls(): PyInit_select
 DEBUG root [2017-05-03 10:11:47,540] - Script::install_py_dlls(): PyInit__ctypes
 DEBUG root [2017-05-03 10:11:47,540] - Script::install_py_dlls(): PyInit__elementtree
 DEBUG root [2017-05-03 10:11:47,556] - Script::install_py_dlls(): PyInit_unicodedata
  INFO root [2017-05-03 10:11:47,587] - Script::install(): is successfully, Python=(3.4.2 (default, Mar 28 2017, 21:11:34) [MSC v.1800 32 bit (Intel)])!
  INFO root [2017-05-03 10:11:47,587] - Script::install(): KBExtra is successfully!
  INFO root [2017-05-03 10:11:47,587] - Dbmgr::initializeEnd: digest(F7C6ED928DA2B54855D4E9E1C12FD81B)
S_INFO root [2017-05-03 10:11:47,587] - onDBMgrReady: bootstrapGroupIndex=0, bootstrapGlobalIndex=0
  INFO root [2017-05-03 10:11:47,587] - TelnetServer server is running on port 32000
  INFO root [2017-05-03 10:11:47,587] - Dbmgr::initInterfacesHandler: interfaces addr(127.0.0.1:30099), accountType:(interfaces), chargeType:(interfaces).
  WARN root [2017-05-03 10:11:47,915] - DBUtil::initialize: db(default) password is not encrypted!
please use password(rsa):
3EA59E4815400930DD7C36CF040C6BB4E5ABEFF3C6417137B9CA03454E29491550211CC80DD6F3C77B009BDB29D0AC892A5B2B2A9178838AD495B262D6603153DAB15B313C318CF451BC44E32D7240CB9B8B00AA147C69EDCC35FC1D0CDC11F51470C59153B4E5E9958412B5D0B8E0D4C92E7962CDC10E657DBB112054922F7F
 DEBUG root [2017-05-03 10:11:47,915] - DBInterfaceMysql::attach: connect: localhost:3306 starting...
 DEBUG root [2017-05-03 10:11:47,915] - DBInterfaceMysql::attach: successfully! addr: localhost:3306
  INFO root [2017-05-03 10:11:47,915] - DBUtil::createInterface[0x16ef4c]: interface=default, dbtype=mysql, ip=localhost, port=3306, currdatabase=kbe, username=kbe, connected=yes.

  INFO root [2017-05-03 10:11:47,915] - ThreadPool::createThreadPool: creating  threadpool...
  INFO root [2017-05-03 10:11:47,915] - ThreadPool::createThreadPool: successfully(5), newThreadCount=5, normalMaxThreadCount=5, maxThreadCount=5
 DEBUG root [2017-05-03 10:11:47,915] - DBInterfaceMysql::attach: connect: localhost:3306 starting...
 DEBUG root [2017-05-03 10:11:47,915] - DBInterfaceMysql::attach: connect: localhost:3306 starting...
 DEBUG root [2017-05-03 10:11:47,915] - DBInterfaceMysql::attach: connect: localhost:3306 starting...
 DEBUG root [2017-05-03 10:11:47,915] - DBInterfaceMysql::attach: connect: localhost:3306 starting...
 DEBUG root [2017-05-03 10:11:47,915] - DBInterfaceMysql::attach: connect: localhost:3306 starting...
 DEBUG root [2017-05-03 10:11:47,930] - DBInterfaceMysql::attach: successfully! addr: localhost:3306
 DEBUG root [2017-05-03 10:11:47,930] - DBThread::onStart(): 0x60a380!
 DEBUG root [2017-05-03 10:11:47,930] - DBInterfaceMysql::attach: successfully! addr: localhost:3306
 DEBUG root [2017-05-03 10:11:47,930] - DBThread::onStart(): 0x60a490!
 DEBUG root [2017-05-03 10:11:47,930] - DBInterfaceMysql::attach: successfully! addr: localhost:3306
 DEBUG root [2017-05-03 10:11:47,930] - DBThread::onStart(): 0x60a408!
 DEBUG root [2017-05-03 10:11:47,930] - DBInterfaceMysql::attach: successfully! addr: localhost:3306
 DEBUG root [2017-05-03 10:11:47,930] - DBThread::onStart(): 0x60a5a0!
 DEBUG root [2017-05-03 10:11:47,930] - DBInterfaceMysql::attach: successfully! addr: localhost:3306
 DEBUG root [2017-05-03 10:11:47,930] - DBThread::onStart(): 0x60a518!
  INFO root [2017-05-03 10:11:48,024] - DBInterfaceMysql::query: successfully!
  INFO root [2017-05-03 10:11:48,024] - DBInterfaceMysql::query: successfully!
  INFO root [2017-05-03 10:11:48,024] - DBInterfaceMysql::query: successfully!
  INFO root [2017-05-03 10:11:48,024] - DBInterfaceMysql::query: successfully!
  INFO root [2017-05-03 10:11:48,024] - DBInterfaceMysql::query: successfully!
  INFO root [2017-05-03 10:11:48,024] - DBInterfaceMysql::query: successfully!
  INFO root [2017-05-03 10:11:48,024] - DBInterfaceMysql::query: successfully!
  INFO root [2017-05-03 10:11:48,352] - DBInterfaceMysql::query: successfully!
  WARN root [2017-05-03 10:11:48,352] - DBTask::process(): took 0.34 seconds
sql:(CREATE TABLE IF NOT EXISTS kbe_entitylog (entityDBID bigint(20) unsigned not null DEFAULT 0,entityType int unsigned not null DEFAULT 0,entityID int unsigned not null DEFAULT 0,ip varchar(64),port int unsigned not null DEFAULT 0,componentID bigint unsigned not null DEFAULT 0,logger bigint unsigned not null DEFAULT 0,PRIMARY KEY (entityDBID, entityType))ENGINE=InnoDB)
  WARN root [2017-05-03 10:11:48,383] - dbmgr.cpp:264: Profile scriptCall took 0.78 seconds
  INFO root [2017-05-03 10:11:48,601] - ---- dbmgr is running ----
 DEBUG root [2017-05-03 10:11:48,601] - Components::process(): Request for the process of identity...
  INFO root [2017-05-03 10:11:55,855] - Components::findComponents: find logger(1)...
  INFO root [2017-05-03 10:11:55,980] - Components::findComponents: found logger, addr:192.168.99.104:51353
  INFO root [2017-05-03 10:11:55,980] - Components::addComponent: reset orderLog, uid=29585!
  INFO root [2017-05-03 10:11:55,980] - Components::addComponent[logger], uid=29585, componentID=2000, globalorderid=1, grouporderid=1, totalcount=1
  WARN root [2017-05-03 10:11:55,980] - Forwarding logs to logger[192.168.99.104:51353/0/0/0]...
 ERROR root [2017-05-03 10:14:32,062] - Components::removeComponentByChannel: logger : 2000, Abnormal exit.
  INFO root [2017-05-03 10:19:13,207] - -----------------------------------------------------------------------------------------


  INFO root [2017-05-03 10:19:13,207] - Resmgr::initialize: KBE_ROOT=F:/Server_Study/kbengine/
  INFO root [2017-05-03 10:19:13,207] - Resmgr::initialize: KBE_RES_PATH=F:/Server_Study/kbengine/kbe/res/;F:/Server_Study/kbengine/assets/;F:/Server_Study/kbengine/assets/scripts/;F:/Server_Study/kbengine/assets/res/
  INFO root [2017-05-03 10:19:13,207] - Resmgr::initialize: KBE_BIN_PATH=F:/Server_Study/kbengine/kbe/bin/server/
  INFO root [2017-05-03 10:19:13,269] - NetworkInterface::recreateListeningSocket(INTERNAL): bound to all interfaces with default route interface on 192.168.99.104 ( 192.168.99.104:51544 )
  INFO root [2017-05-03 10:19:13,269] - NetworkInterface::recreateListeningSocket(INTERNAL): address 192.168.99.104:51544, SOMAXCONN=5.
  INFO root [2017-05-03 10:19:13,269] - server-configs:
  INFO root [2017-05-03 10:19:13,269] - 	internalAddr : 192.168.99.104:51544
  INFO root [2017-05-03 10:19:13,269] - 	componentID : 4000
  INFO root [2017-05-03 10:19:13,300] - Components::findLogger: found logger, addr:192.168.99.104:51538
  INFO root [2017-05-03 10:19:13,300] - Components::addComponent: reset orderLog, uid=29585!
  INFO root [2017-05-03 10:19:13,300] - Components::addComponent[logger], uid=29585, componentID=2000, globalorderid=1, grouporderid=1, totalcount=1
  INFO root [2017-05-03 10:19:13,300] - ---- dbmgr Version: 0.9.12. ScriptVersion: 0.1.0. Protocol: E9EE36CFB63818B5BD522FB93AAAA4AE. Config: Debug X86. Built: 21:11:38 Mar 28 2017. AppID: 4000. UID: 29585. PID: 6552 ----
  INFO root [2017-05-03 10:19:13,300] - Server : Intel(R) Xeon(R) CPU E3-1230 v3 @ 3.30GHz with 4194303kB RAM
  INFO root [2017-05-03 10:19:13,300] - ThreadPool::createThreadPool: creating  threadpool...
  INFO root [2017-05-03 10:19:13,300] - ThreadPool::createThreadPool: successfully(2), newThreadCount=1, normalMaxThreadCount=2, maxThreadCount=8
 DEBUG root [2017-05-03 10:19:13,425] - Script::install_py_dlls(): PyInit_pyexpat
 DEBUG root [2017-05-03 10:19:13,425] - Script::install_py_dlls(): PyInit__socket
 DEBUG root [2017-05-03 10:19:13,425] - Script::install_py_dlls(): PyInit__hashlib
 DEBUG root [2017-05-03 10:19:13,425] - Script::install_py_dlls(): PyInit_select
 DEBUG root [2017-05-03 10:19:13,425] - Script::install_py_dlls(): PyInit__ctypes
 DEBUG root [2017-05-03 10:19:13,425] - Script::install_py_dlls(): PyInit__elementtree
 DEBUG root [2017-05-03 10:19:13,456] - Script::install_py_dlls(): PyInit_unicodedata
  INFO root [2017-05-03 10:19:13,488] - Script::install(): is successfully, Python=(3.4.2 (default, Mar 28 2017, 21:11:34) [MSC v.1800 32 bit (Intel)])!
  INFO root [2017-05-03 10:19:13,488] - Script::install(): KBExtra is successfully!
  INFO root [2017-05-03 10:19:13,488] - Dbmgr::initializeEnd: digest(F7C6ED928DA2B54855D4E9E1C12FD81B)
S_INFO root [2017-05-03 10:19:13,488] - onDBMgrReady: bootstrapGroupIndex=0, bootstrapGlobalIndex=0
  INFO root [2017-05-03 10:19:13,488] - TelnetServer server is running on port 32000
  INFO root [2017-05-03 10:19:13,488] - Dbmgr::initInterfacesHandler: interfaces addr(127.0.0.1:30099), accountType:(interfaces), chargeType:(interfaces).
  WARN root [2017-05-03 10:19:13,909] - DBUtil::initialize: db(default) password is not encrypted!
please use password(rsa):
DB4AAE325F386DE1F39F6F1CD9413C268E6C46F3CE7D0006E28F7C813CA7301401F56CCCAEB0E83733541BC6F22656AFC86B5C53EA8574C62F52313937B05A382353FB11FE7ACA5E9F8FBCE2CCEBC2021F78F2EC55A893DC02EA2D05D9806766963F8B3A4BAC59F31BB5EA5A13F1ECB87EAC674198DC6B277557532E355BFCF2
 DEBUG root [2017-05-03 10:19:13,909] - DBInterfaceMysql::attach: connect: localhost:3306 starting...
 DEBUG root [2017-05-03 10:19:13,924] - DBInterfaceMysql::attach: successfully! addr: localhost:3306
  INFO root [2017-05-03 10:19:13,924] - DBUtil::createInterface[0x2ef004]: interface=default, dbtype=mysql, ip=localhost, port=3306, currdatabase=kbe, username=kbe, connected=yes.

  INFO root [2017-05-03 10:19:13,924] - ThreadPool::createThreadPool: creating  threadpool...
 DEBUG root [2017-05-03 10:19:13,924] - DBInterfaceMysql::attach: connect: localhost:3306 starting...
  INFO root [2017-05-03 10:19:13,924] - ThreadPool::createThreadPool: successfully(5), newThreadCount=5, normalMaxThreadCount=5, maxThreadCount=5
 DEBUG root [2017-05-03 10:19:13,924] - DBInterfaceMysql::attach: connect: localhost:3306 starting...
 DEBUG root [2017-05-03 10:19:13,924] - DBInterfaceMysql::attach: connect: localhost:3306 starting...
 DEBUG root [2017-05-03 10:19:13,924] - DBInterfaceMysql::attach: connect: localhost:3306 starting...
 DEBUG root [2017-05-03 10:19:13,924] - DBInterfaceMysql::attach: connect: localhost:3306 starting...
 DEBUG root [2017-05-03 10:19:13,924] - DBInterfaceMysql::attach: successfully! addr: localhost:3306
 DEBUG root [2017-05-03 10:19:13,924] - DBThread::onStart(): 0x7ba490!
 DEBUG root [2017-05-03 10:19:13,924] - DBInterfaceMysql::attach: successfully! addr: localhost:3306
 DEBUG root [2017-05-03 10:19:13,924] - DBThread::onStart(): 0x7ba518!
 DEBUG root [2017-05-03 10:19:13,924] - DBInterfaceMysql::attach: successfully! addr: localhost:3306
 DEBUG root [2017-05-03 10:19:13,924] - DBThread::onStart(): 0x7ba5a0!
 DEBUG root [2017-05-03 10:19:13,924] - DBInterfaceMysql::attach: successfully! addr: localhost:3306
 DEBUG root [2017-05-03 10:19:13,924] - DBThread::onStart(): 0x7ba628!
 DEBUG root [2017-05-03 10:19:13,924] - DBInterfaceMysql::attach: successfully! addr: localhost:3306
 DEBUG root [2017-05-03 10:19:13,924] - DBThread::onStart(): 0x7ba6b0!
  INFO root [2017-05-03 10:19:14,034] - DBInterfaceMysql::query: successfully!
  INFO root [2017-05-03 10:19:14,034] - DBInterfaceMysql::query: successfully!
  INFO root [2017-05-03 10:19:14,034] - DBInterfaceMysql::query: successfully!
  INFO root [2017-05-03 10:19:14,034] - DBInterfaceMysql::query: successfully!
  INFO root [2017-05-03 10:19:14,034] - DBInterfaceMysql::query: successfully!
  INFO root [2017-05-03 10:19:14,034] - DBInterfaceMysql::query: successfully!
  INFO root [2017-05-03 10:19:14,034] - DBInterfaceMysql::query: successfully!
  INFO root [2017-05-03 10:19:14,377] - DBInterfaceMysql::query: successfully!
  WARN root [2017-05-03 10:19:14,377] - DBTask::process(): took 0.34 seconds
sql:(CREATE TABLE IF NOT EXISTS kbe_entitylog (entityDBID bigint(20) unsigned not null DEFAULT 0,entityType int unsigned not null DEFAULT 0,entityID int unsigned not null DEFAULT 0,ip varchar(64),port int unsigned not null DEFAULT 0,componentID bigint unsigned not null DEFAULT 0,logger bigint unsigned not null DEFAULT 0,PRIMARY KEY (entityDBID, entityType))ENGINE=InnoDB)
  WARN root [2017-05-03 10:19:14,408] - dbmgr.cpp:264: Profile scriptCall took 0.91 seconds
  INFO root [2017-05-03 10:19:14,626] - ---- dbmgr is running ----
 DEBUG root [2017-05-03 10:19:14,626] - Components::process(): Request for the process of identity...
  WARN root [2017-05-03 10:19:20,882] - Forwarding logs to logger[192.168.99.104:51538/0/0/0]...
 ERROR root [2017-05-03 10:20:31,856] - Components::removeComponentByChannel: logger : 2000, Abnormal exit.
  INFO root [2017-05-03 10:25:59,791] - -----------------------------------------------------------------------------------------


  INFO root [2017-05-03 10:25:59,791] - Resmgr::initialize: KBE_ROOT=F:/Server_Study/kbengine/
  INFO root [2017-05-03 10:25:59,791] - Resmgr::initialize: KBE_RES_PATH=F:/Server_Study/kbengine/kbe/res/;F:/Server_Study/kbengine/assets/;F:/Server_Study/kbengine/assets/scripts/;F:/Server_Study/kbengine/assets/res/
  INFO root [2017-05-03 10:25:59,807] - Resmgr::initialize: KBE_BIN_PATH=F:/Server_Study/kbengine/kbe/bin/server/
  INFO root [2017-05-03 10:25:59,854] - NetworkInterface::recreateListeningSocket(INTERNAL): bound to all interfaces with default route interface on 192.168.99.104 ( 192.168.99.104:51799 )
  INFO root [2017-05-03 10:25:59,854] - NetworkInterface::recreateListeningSocket(INTERNAL): address 192.168.99.104:51799, SOMAXCONN=5.
  INFO root [2017-05-03 10:25:59,854] - server-configs:
  INFO root [2017-05-03 10:25:59,854] - 	internalAddr : 192.168.99.104:51799
  INFO root [2017-05-03 10:25:59,854] - 	componentID : 4000
  INFO root [2017-05-03 10:26:01,367] - ---- dbmgr Version: 0.9.12. ScriptVersion: 0.1.0. Protocol: E9EE36CFB63818B5BD522FB93AAAA4AE. Config: Debug X86. Built: 21:11:38 Mar 28 2017. AppID: 4000. UID: 29585. PID: 6988 ----
  INFO root [2017-05-03 10:26:01,367] - Server : Intel(R) Xeon(R) CPU E3-1230 v3 @ 3.30GHz with 4194303kB RAM
  INFO root [2017-05-03 10:26:01,367] - ThreadPool::createThreadPool: creating  threadpool...
  INFO root [2017-05-03 10:26:01,367] - ThreadPool::createThreadPool: successfully(2), newThreadCount=1, normalMaxThreadCount=2, maxThreadCount=8
 DEBUG root [2017-05-03 10:26:01,492] - Script::install_py_dlls(): PyInit_pyexpat
 DEBUG root [2017-05-03 10:26:01,492] - Script::install_py_dlls(): PyInit__socket
 DEBUG root [2017-05-03 10:26:01,492] - Script::install_py_dlls(): PyInit__hashlib
 DEBUG root [2017-05-03 10:26:01,507] - Script::install_py_dlls(): PyInit_select
 DEBUG root [2017-05-03 10:26:01,507] - Script::install_py_dlls(): PyInit__ctypes
 DEBUG root [2017-05-03 10:26:01,507] - Script::install_py_dlls(): PyInit__elementtree
 DEBUG root [2017-05-03 10:26:01,523] - Script::install_py_dlls(): PyInit_unicodedata
  INFO root [2017-05-03 10:26:01,554] - Script::install(): is successfully, Python=(3.4.2 (default, Mar 28 2017, 21:11:34) [MSC v.1800 32 bit (Intel)])!
  INFO root [2017-05-03 10:26:01,554] - Script::install(): KBExtra is successfully!
  INFO root [2017-05-03 10:26:01,554] - Dbmgr::initializeEnd: digest(F256FFDA37A3AD3D961D84D429352D01)
S_INFO root [2017-05-03 10:26:01,554] - onDBMgrReady: bootstrapGroupIndex=0, bootstrapGlobalIndex=0
  INFO root [2017-05-03 10:26:01,554] - TelnetServer server is running on port 32000
  INFO root [2017-05-03 10:26:01,554] - Dbmgr::initInterfacesHandler: interfaces addr(127.0.0.1:30099), accountType:(interfaces), chargeType:(interfaces).
  WARN root [2017-05-03 10:26:01,897] - DBUtil::initialize: db(default) password is not encrypted!
please use password(rsa):
599E2FA87A6127FA0458B5052F49AB6451F80CD0724A5DFFA42160BE2C69DEB90B10A2C7FE8619058A02662A33A17B2A55EB19C2E39C6E5E1D7B10A6D6973FE13ABDA4210E47BA34E733CDAD12875DD260DA947D584A27CD33BC76A9C594F01A8FCB4D7EAAF6D432AF190334F4DF8926EA7F2F4411ABFC5AD956126667B7C2BE
 DEBUG root [2017-05-03 10:26:01,897] - DBInterfaceMysql::attach: connect: localhost:3306 starting...
 DEBUG root [2017-05-03 10:26:01,897] - DBInterfaceMysql::attach: successfully! addr: localhost:3306
  INFO root [2017-05-03 10:26:01,897] - DBUtil::createInterface[0x33f3a4]: interface=default, dbtype=mysql, ip=localhost, port=3306, currdatabase=kbe, username=kbe, connected=yes.

  INFO root [2017-05-03 10:26:01,897] - ThreadPool::createThreadPool: creating  threadpool...
 DEBUG root [2017-05-03 10:26:01,897] - DBInterfaceMysql::attach: connect: localhost:3306 starting...
  INFO root [2017-05-03 10:26:01,897] - ThreadPool::createThreadPool: successfully(5), newThreadCount=5, normalMaxThreadCount=5, maxThreadCount=5
 DEBUG root [2017-05-03 10:26:01,897] - DBInterfaceMysql::attach: connect: localhost:3306 starting...
 DEBUG root [2017-05-03 10:26:01,897] - DBInterfaceMysql::attach: connect: localhost:3306 starting...
 DEBUG root [2017-05-03 10:26:01,897] - DBInterfaceMysql::attach: connect: localhost:3306 starting...
 DEBUG root [2017-05-03 10:26:01,897] - DBInterfaceMysql::attach: connect: localhost:3306 starting...
 DEBUG root [2017-05-03 10:26:01,897] - DBInterfaceMysql::attach: successfully! addr: localhost:3306
 DEBUG root [2017-05-03 10:26:01,897] - DBThread::onStart(): 0x68a270!
 DEBUG root [2017-05-03 10:26:01,897] - DBInterfaceMysql::attach: successfully! addr: localhost:3306
 DEBUG root [2017-05-03 10:26:01,897] - DBThread::onStart(): 0x68a380!
 DEBUG root [2017-05-03 10:26:01,897] - DBInterfaceMysql::attach: successfully! addr: localhost:3306
 DEBUG root [2017-05-03 10:26:01,897] - DBThread::onStart(): 0x68a2f8!
 DEBUG root [2017-05-03 10:26:01,897] - DBInterfaceMysql::attach: successfully! addr: localhost:3306
 DEBUG root [2017-05-03 10:26:01,897] - DBThread::onStart(): 0x68a490!
 DEBUG root [2017-05-03 10:26:01,897] - DBInterfaceMysql::attach: successfully! addr: localhost:3306
 DEBUG root [2017-05-03 10:26:01,897] - DBThread::onStart(): 0x68a408!
  INFO root [2017-05-03 10:26:02,006] - DBInterfaceMysql::query: successfully!
  INFO root [2017-05-03 10:26:02,006] - DBInterfaceMysql::query: successfully!
  INFO root [2017-05-03 10:26:02,006] - DBInterfaceMysql::query: successfully!
  INFO root [2017-05-03 10:26:02,006] - DBInterfaceMysql::query: successfully!
  INFO root [2017-05-03 10:26:02,006] - DBInterfaceMysql::query: successfully!
  INFO root [2017-05-03 10:26:02,006] - DBInterfaceMysql::query: successfully!
  INFO root [2017-05-03 10:26:02,006] - DBInterfaceMysql::query: successfully!
  INFO root [2017-05-03 10:26:02,365] - DBInterfaceMysql::query: successfully!
  WARN root [2017-05-03 10:26:02,365] - DBTask::process(): took 0.37 seconds
sql:(CREATE TABLE IF NOT EXISTS kbe_entitylog (entityDBID bigint(20) unsigned not null DEFAULT 0,entityType int unsigned not null DEFAULT 0,entityID int unsigned not null DEFAULT 0,ip varchar(64),port int unsigned not null DEFAULT 0,componentID bigint unsigned not null DEFAULT 0,logger bigint unsigned not null DEFAULT 0,PRIMARY KEY (entityDBID, entityType))ENGINE=InnoDB)
  WARN root [2017-05-03 10:26:02,396] - dbmgr.cpp:264: Profile scriptCall took 0.83 seconds
  INFO root [2017-05-03 10:26:02,615] - ---- dbmgr is running ----
 DEBUG root [2017-05-03 10:26:02,615] - Components::process(): Request for the process of identity...
  INFO root [2017-05-03 10:26:09,835] - Components::findComponents: find logger(1)...
  INFO root [2017-05-03 10:26:09,866] - Components::findComponents: found logger, addr:192.168.99.104:51798
  INFO root [2017-05-03 10:26:09,866] - Components::addComponent: reset orderLog, uid=29585!
  INFO root [2017-05-03 10:26:09,866] - Components::addComponent[logger], uid=29585, componentID=2000, globalorderid=1, grouporderid=1, totalcount=1
  INFO root [2017-05-03 10:26:09,913] - Components::process(): Found all the components!
  WARN root [2017-05-03 10:26:09,913] - Forwarding logs to logger[192.168.99.104:51798/0/0/0]...
 ERROR root [2017-05-03 10:27:57,553] - Components::removeComponentByChannel: logger : 2000, Abnormal exit.
  INFO root [2017-05-03 10:56:19,797] - -----------------------------------------------------------------------------------------


  INFO root [2017-05-03 10:56:19,797] - Resmgr::initialize: KBE_ROOT=F:/Server_Study/kbengine/
  INFO root [2017-05-03 10:56:19,797] - Resmgr::initialize: KBE_RES_PATH=F:/Server_Study/kbengine/kbe/res/;F:/Server_Study/kbengine/assets/;F:/Server_Study/kbengine/assets/scripts/;F:/Server_Study/kbengine/assets/res/
  INFO root [2017-05-03 10:56:19,797] - Resmgr::initialize: KBE_BIN_PATH=F:/Server_Study/kbengine/kbe/bin/server/
  INFO root [2017-05-03 10:56:19,844] - NetworkInterface::recreateListeningSocket(INTERNAL): bound to all interfaces with default route interface on 192.168.99.104 ( 192.168.99.104:52344 )
  INFO root [2017-05-03 10:56:19,844] - NetworkInterface::recreateListeningSocket(INTERNAL): address 192.168.99.104:52344, SOMAXCONN=5.
  INFO root [2017-05-03 10:56:19,844] - server-configs:
  INFO root [2017-05-03 10:56:19,844] - 	internalAddr : 192.168.99.104:52344
  INFO root [2017-05-03 10:56:19,844] - 	componentID : 4000
  INFO root [2017-05-03 10:56:19,937] - Components::findLogger: found logger, addr:192.168.99.104:52339
  INFO root [2017-05-03 10:56:19,937] - Components::addComponent: reset orderLog, uid=29585!
  INFO root [2017-05-03 10:56:19,937] - Components::addComponent[logger], uid=29585, componentID=2000, globalorderid=1, grouporderid=1, totalcount=1
  INFO root [2017-05-03 10:56:19,937] - ---- dbmgr Version: 0.9.12. ScriptVersion: 0.1.0. Protocol: E9EE36CFB63818B5BD522FB93AAAA4AE. Config: Debug X86. Built: 21:11:38 Mar 28 2017. AppID: 4000. UID: 29585. PID: 6336 ----
  INFO root [2017-05-03 10:56:19,937] - Server : Intel(R) Xeon(R) CPU E3-1230 v3 @ 3.30GHz with 4194303kB RAM
  INFO root [2017-05-03 10:56:19,937] - ThreadPool::createThreadPool: creating  threadpool...
  INFO root [2017-05-03 10:56:19,937] - ThreadPool::createThreadPool: successfully(2), newThreadCount=1, normalMaxThreadCount=2, maxThreadCount=8
 DEBUG root [2017-05-03 10:56:20,078] - Script::install_py_dlls(): PyInit_pyexpat
 DEBUG root [2017-05-03 10:56:20,078] - Script::install_py_dlls(): PyInit__socket
 DEBUG root [2017-05-03 10:56:20,078] - Script::install_py_dlls(): PyInit__hashlib
 DEBUG root [2017-05-03 10:56:20,078] - Script::install_py_dlls(): PyInit_select
 DEBUG root [2017-05-03 10:56:20,078] - Script::install_py_dlls(): PyInit__ctypes
 DEBUG root [2017-05-03 10:56:20,078] - Script::install_py_dlls(): PyInit__elementtree
 DEBUG root [2017-05-03 10:56:20,109] - Script::install_py_dlls(): PyInit_unicodedata
  INFO root [2017-05-03 10:56:20,140] - Script::install(): is successfully, Python=(3.4.2 (default, Mar 28 2017, 21:11:34) [MSC v.1800 32 bit (Intel)])!
  INFO root [2017-05-03 10:56:20,140] - Script::install(): KBExtra is successfully!
  INFO root [2017-05-03 10:56:20,156] - Dbmgr::initializeEnd: digest(F256FFDA37A3AD3D961D84D429352D01)
S_INFO root [2017-05-03 10:56:20,156] - onDBMgrReady: bootstrapGroupIndex=0, bootstrapGlobalIndex=0
  INFO root [2017-05-03 10:56:20,156] - TelnetServer server is running on port 32000
  INFO root [2017-05-03 10:56:20,156] - Dbmgr::initInterfacesHandler: interfaces addr(127.0.0.1:30099), accountType:(interfaces), chargeType:(interfaces).
  WARN root [2017-05-03 10:56:20,577] - DBUtil::initialize: db(default) password is not encrypted!
please use password(rsa):
B4A2364B6C644F191A760C07F4FE4E503474318080192C2ED0B420CFF1EAC9D0C6897F66EC7905C8C5E06FE761C4953062ACC7AC777F0E009F335C007A8F373F5427B84E10AB51136E8E0C739CB4FD4DA4FB3F09C0587CE4F8E9BE56AF206E458B7E759F76A255BD8A70A2C6ABCF7D0827E4B39BACA2ADD696F11F80C6ACAFA3
 DEBUG root [2017-05-03 10:56:20,577] - DBInterfaceMysql::attach: connect: localhost:3306 starting...
 DEBUG root [2017-05-03 10:56:20,593] - DBInterfaceMysql::attach: successfully! addr: localhost:3306
  INFO root [2017-05-03 10:56:20,593] - DBUtil::createInterface[0x16ff120]: interface=default, dbtype=mysql, ip=localhost, port=3306, currdatabase=kbe, username=kbe, connected=yes.

  INFO root [2017-05-03 10:56:20,593] - ThreadPool::createThreadPool: creating  threadpool...
  INFO root [2017-05-03 10:56:20,593] - ThreadPool::createThreadPool: successfully(5), newThreadCount=5, normalMaxThreadCount=5, maxThreadCount=5
 DEBUG root [2017-05-03 10:56:20,593] - DBInterfaceMysql::attach: connect: localhost:3306 starting...
 DEBUG root [2017-05-03 10:56:20,593] - DBInterfaceMysql::attach: connect: localhost:3306 starting...
 DEBUG root [2017-05-03 10:56:20,593] - DBInterfaceMysql::attach: connect: localhost:3306 starting...
 DEBUG root [2017-05-03 10:56:20,593] - DBInterfaceMysql::attach: connect: localhost:3306 starting...
 DEBUG root [2017-05-03 10:56:20,593] - DBInterfaceMysql::attach: connect: localhost:3306 starting...
 DEBUG root [2017-05-03 10:56:20,593] - DBInterfaceMysql::attach: successfully! addr: localhost:3306
 DEBUG root [2017-05-03 10:56:20,593] - DBThread::onStart(): 0x188a518!
 DEBUG root [2017-05-03 10:56:20,593] - DBInterfaceMysql::attach: successfully! addr: localhost:3306
 DEBUG root [2017-05-03 10:56:20,593] - DBThread::onStart(): 0x188a490!
 DEBUG root [2017-05-03 10:56:20,593] - DBInterfaceMysql::attach: successfully! addr: localhost:3306
 DEBUG root [2017-05-03 10:56:20,593] - DBThread::onStart(): 0x188a5a0!
 DEBUG root [2017-05-03 10:56:20,593] - DBInterfaceMysql::attach: successfully! addr: localhost:3306
 DEBUG root [2017-05-03 10:56:20,593] - DBThread::onStart(): 0x188a628!
 DEBUG root [2017-05-03 10:56:20,593] - DBInterfaceMysql::attach: successfully! addr: localhost:3306
 DEBUG root [2017-05-03 10:56:20,593] - DBThread::onStart(): 0x188a6b0!
  INFO root [2017-05-03 10:56:20,702] - DBInterfaceMysql::query: successfully!
  INFO root [2017-05-03 10:56:20,702] - DBInterfaceMysql::query: successfully!
  INFO root [2017-05-03 10:56:20,702] - DBInterfaceMysql::query: successfully!
  INFO root [2017-05-03 10:56:20,702] - DBInterfaceMysql::query: successfully!
  INFO root [2017-05-03 10:56:20,702] - DBInterfaceMysql::query: successfully!
  INFO root [2017-05-03 10:56:20,702] - DBInterfaceMysql::query: successfully!
  INFO root [2017-05-03 10:56:20,702] - DBInterfaceMysql::query: successfully!
  INFO root [2017-05-03 10:56:21,029] - DBInterfaceMysql::query: successfully!
  WARN root [2017-05-03 10:56:21,029] - DBTask::process(): took 0.33 seconds
sql:(CREATE TABLE IF NOT EXISTS kbe_entitylog (entityDBID bigint(20) unsigned not null DEFAULT 0,entityType int unsigned not null DEFAULT 0,entityID int unsigned not null DEFAULT 0,ip varchar(64),port int unsigned not null DEFAULT 0,componentID bigint unsigned not null DEFAULT 0,logger bigint unsigned not null DEFAULT 0,PRIMARY KEY (entityDBID, entityType))ENGINE=InnoDB)
  WARN root [2017-05-03 10:56:21,061] - dbmgr.cpp:264: Profile scriptCall took 0.90 seconds
  INFO root [2017-05-03 10:56:21,295] - ---- dbmgr is running ----
 DEBUG root [2017-05-03 10:56:21,295] - Components::process(): Request for the process of identity...
  WARN root [2017-05-03 10:56:27,519] - Forwarding logs to logger[192.168.99.104:52339/0/0/0]...
 ERROR root [2017-05-03 10:59:41,676] - Components::removeComponentByChannel: logger : 2000, Abnormal exit.
