  INFO root [2017-05-02 16:03:19,251] - -----------------------------------------------------------------------------------------


  INFO root [2017-05-02 16:03:19,251] - Resmgr::initialize: KBE_ROOT=F:/Server_Study/kbengine/
  INFO root [2017-05-02 16:03:19,251] - Resmgr::initialize: KBE_RES_PATH=F:/Server_Study/kbengine/kbe/res/;F:/Server_Study/kbengine/assets/;F:/Server_Study/kbengine/assets/scripts/;F:/Server_Study/kbengine/assets/res/
  INFO root [2017-05-02 16:03:19,251] - Resmgr::initialize: KBE_BIN_PATH=F:/Server_Study/kbengine/kbe/bin/server/
  INFO root [2017-05-02 16:03:19,298] - NetworkInterface::recreateListeningSocket(INTERNAL): bound to all interfaces with default route interface on 192.168.99.104 ( 192.168.99.104:30099 )
  INFO root [2017-05-02 16:03:19,298] - NetworkInterface::recreateListeningSocket(INTERNAL): address 192.168.99.104:30099, SOMAXCONN=5.
  INFO root [2017-05-02 16:03:19,298] - ---- interfaces Version: 0.9.12. ScriptVersion: 0.1.0. Protocol: F4697C602095C8BD3C136660102B7FD6. Config: Debug X86. Built: 21:11:38 Mar 28 2017. AppID: 3000. UID: 29585. PID: 6736 ----
  INFO root [2017-05-02 16:03:19,298] - Server : Intel(R) Xeon(R) CPU E3-1230 v3 @ 3.30GHz with 4194303kB RAM
  INFO root [2017-05-02 16:03:19,298] - ThreadPool::createThreadPool: creating  threadpool...
  INFO root [2017-05-02 16:03:19,298] - ThreadPool::createThreadPool: successfully(2), newThreadCount=1, normalMaxThreadCount=2, maxThreadCount=8
 DEBUG root [2017-05-02 16:03:19,422] - Script::install_py_dlls(): PyInit_pyexpat
 DEBUG root [2017-05-02 16:03:19,438] - Script::install_py_dlls(): PyInit__socket
 DEBUG root [2017-05-02 16:03:19,438] - Script::install_py_dlls(): PyInit__hashlib
 DEBUG root [2017-05-02 16:03:19,438] - Script::install_py_dlls(): PyInit_select
 DEBUG root [2017-05-02 16:03:19,438] - Script::install_py_dlls(): PyInit__ctypes
 DEBUG root [2017-05-02 16:03:19,438] - Script::install_py_dlls(): PyInit__elementtree
 DEBUG root [2017-05-02 16:03:19,469] - Script::install_py_dlls(): PyInit_unicodedata
  INFO root [2017-05-02 16:03:19,485] - Script::install(): is successfully, Python=(3.4.2 (default, Mar 28 2017, 21:11:34) [MSC v.1800 32 bit (Intel)])!
  INFO root [2017-05-02 16:03:19,485] - Script::install(): KBExtra is successfully!
S_INFO root [2017-05-02 16:03:19,547] - onInterfaceAppReady: bootstrapGroupIndex=0, bootstrapGlobalIndex=0
  INFO root [2017-05-02 16:03:19,578] - TelnetServer server is running on port 33000
  INFO root [2017-05-02 16:03:19,828] - ---- interfaces is running ----
 DEBUG root [2017-05-02 16:03:19,828] - Components::process(): Request for the process of identity...
  INFO root [2017-05-02 16:03:27,254] - Components::process(): Found all the components!
S_INFO root [2017-05-02 16:03:53,262] - onRequestCreateAccount: registerName=bot_6415445162043834368_3650808912650798752
S_INFO root [2017-05-02 16:03:53,558] - onRequestAccountLogin: registerName=bot_6415445162043834368_3650808912650798752
S_INFO root [2017-05-02 16:07:31,257] - onRequestCreateAccount: registerName=bot_6415446097752621056_3744379791319598752
S_INFO root [2017-05-02 16:07:31,554] - onRequestAccountLogin: registerName=bot_6415446097752621056_3744379791319598752
  WARN root [2017-05-02 16:08:23,565] - TCPPacketReceiver::processPendingEvents: Throwing REASON_GENERAL_NETWORK - WSAECONNRESET
  INFO root [2017-05-02 16:08:25,499] - -----------------------------------------------------------------------------------------


  INFO root [2017-05-02 16:08:25,499] - Resmgr::initialize: KBE_ROOT=F:/Server_Study/kbengine/
  INFO root [2017-05-02 16:08:25,499] - Resmgr::initialize: KBE_RES_PATH=F:/Server_Study/kbengine/kbe/res/;F:/Server_Study/kbengine/assets/;F:/Server_Study/kbengine/assets/scripts/;F:/Server_Study/kbengine/assets/res/
  INFO root [2017-05-02 16:08:25,499] - Resmgr::initialize: KBE_BIN_PATH=F:/Server_Study/kbengine/kbe/bin/server/
  INFO root [2017-05-02 16:08:25,562] - NetworkInterface::recreateListeningSocket(INTERNAL): bound to all interfaces with default route interface on 192.168.99.104 ( 192.168.99.104:30099 )
  INFO root [2017-05-02 16:08:25,562] - NetworkInterface::recreateListeningSocket(INTERNAL): address 192.168.99.104:30099, SOMAXCONN=5.
  INFO root [2017-05-02 16:08:25,562] - ---- interfaces Version: 0.9.12. ScriptVersion: 0.1.0. Protocol: F4697C602095C8BD3C136660102B7FD6. Config: Debug X86. Built: 21:11:38 Mar 28 2017. AppID: 3000. UID: 29585. PID: 17184 ----
  INFO root [2017-05-02 16:08:25,562] - Server : Intel(R) Xeon(R) CPU E3-1230 v3 @ 3.30GHz with 4194303kB RAM
  INFO root [2017-05-02 16:08:25,562] - ThreadPool::createThreadPool: creating  threadpool...
  INFO root [2017-05-02 16:08:25,562] - ThreadPool::createThreadPool: successfully(2), newThreadCount=1, normalMaxThreadCount=2, maxThreadCount=8
 DEBUG root [2017-05-02 16:08:25,702] - Script::install_py_dlls(): PyInit_pyexpat
 DEBUG root [2017-05-02 16:08:25,702] - Script::install_py_dlls(): PyInit__socket
 DEBUG root [2017-05-02 16:08:25,702] - Script::install_py_dlls(): PyInit__hashlib
 DEBUG root [2017-05-02 16:08:25,702] - Script::install_py_dlls(): PyInit_select
 DEBUG root [2017-05-02 16:08:25,702] - Script::install_py_dlls(): PyInit__ctypes
 DEBUG root [2017-05-02 16:08:25,702] - Script::install_py_dlls(): PyInit__elementtree
 DEBUG root [2017-05-02 16:08:25,733] - Script::install_py_dlls(): PyInit_unicodedata
  INFO root [2017-05-02 16:08:25,764] - Script::install(): is successfully, Python=(3.4.2 (default, Mar 28 2017, 21:11:34) [MSC v.1800 32 bit (Intel)])!
  INFO root [2017-05-02 16:08:25,764] - Script::install(): KBExtra is successfully!
S_INFO root [2017-05-02 16:08:25,780] - onInterfaceAppReady: bootstrapGroupIndex=0, bootstrapGlobalIndex=0
  INFO root [2017-05-02 16:08:25,796] - TelnetServer server is running on port 33000
  INFO root [2017-05-02 16:08:26,076] - ---- interfaces is running ----
 DEBUG root [2017-05-02 16:08:26,076] - Components::process(): Request for the process of identity...
  INFO root [2017-05-02 16:08:33,424] - Components::process(): Found all the components!
S_INFO root [2017-05-02 16:08:47,594] - onRequestCreateAccount: registerName=bot_6415446423362928640_3776940822077998752
S_INFO root [2017-05-02 16:08:47,890] - onRequestAccountLogin: registerName=bot_6415446423362928640_3776940822077998752
  WARN root [2017-05-02 16:10:40,304] - TCPPacketReceiver::processPendingEvents: Throwing REASON_GENERAL_NETWORK - WSAECONNRESET
  INFO root [2017-05-02 16:10:54,393] - -----------------------------------------------------------------------------------------


  INFO root [2017-05-02 16:10:54,393] - Resmgr::initialize: KBE_ROOT=F:/Server_Study/kbengine/
  INFO root [2017-05-02 16:10:54,393] - Resmgr::initialize: KBE_RES_PATH=F:/Server_Study/kbengine/kbe/res/;F:/Server_Study/kbengine/assets/;F:/Server_Study/kbengine/assets/scripts/;F:/Server_Study/kbengine/assets/res/
  INFO root [2017-05-02 16:10:54,393] - Resmgr::initialize: KBE_BIN_PATH=F:/Server_Study/kbengine/kbe/bin/server/
  INFO root [2017-05-02 16:10:54,439] - NetworkInterface::recreateListeningSocket(INTERNAL): bound to all interfaces with default route interface on 192.168.99.104 ( 192.168.99.104:30099 )
  INFO root [2017-05-02 16:10:54,439] - NetworkInterface::recreateListeningSocket(INTERNAL): address 192.168.99.104:30099, SOMAXCONN=5.
  INFO root [2017-05-02 16:10:54,455] - ---- interfaces Version: 0.9.12. ScriptVersion: 0.1.0. Protocol: F4697C602095C8BD3C136660102B7FD6. Config: Debug X86. Built: 21:11:38 Mar 28 2017. AppID: 3000. UID: 29585. PID: 17352 ----
  INFO root [2017-05-02 16:10:54,455] - Server : Intel(R) Xeon(R) CPU E3-1230 v3 @ 3.30GHz with 4194303kB RAM
  INFO root [2017-05-02 16:10:54,455] - ThreadPool::createThreadPool: creating  threadpool...
  INFO root [2017-05-02 16:10:54,455] - ThreadPool::createThreadPool: successfully(2), newThreadCount=1, normalMaxThreadCount=2, maxThreadCount=8
 DEBUG root [2017-05-02 16:10:54,611] - Script::install_py_dlls(): PyInit_pyexpat
 DEBUG root [2017-05-02 16:10:54,611] - Script::install_py_dlls(): PyInit__socket
 DEBUG root [2017-05-02 16:10:54,611] - Script::install_py_dlls(): PyInit__hashlib
 DEBUG root [2017-05-02 16:10:54,611] - Script::install_py_dlls(): PyInit_select
 DEBUG root [2017-05-02 16:10:54,611] - Script::install_py_dlls(): PyInit__ctypes
 DEBUG root [2017-05-02 16:10:54,611] - Script::install_py_dlls(): PyInit__elementtree
 DEBUG root [2017-05-02 16:10:54,658] - Script::install_py_dlls(): PyInit_unicodedata
  INFO root [2017-05-02 16:10:54,689] - Script::install(): is successfully, Python=(3.4.2 (default, Mar 28 2017, 21:11:34) [MSC v.1800 32 bit (Intel)])!
  INFO root [2017-05-02 16:10:54,689] - Script::install(): KBExtra is successfully!
S_INFO root [2017-05-02 16:10:54,705] - onInterfaceAppReady: bootstrapGroupIndex=0, bootstrapGlobalIndex=0
  INFO root [2017-05-02 16:10:54,705] - TelnetServer server is running on port 33000
  INFO root [2017-05-02 16:10:54,970] - ---- interfaces is running ----
 DEBUG root [2017-05-02 16:10:54,970] - Components::process(): Request for the process of identity...
  INFO root [2017-05-02 16:11:02,317] - Components::process(): Found all the components!
S_INFO root [2017-05-02 16:11:23,318] - onRequestCreateAccount: registerName=bot_6415447094471557120_3844051684925998752
S_INFO root [2017-05-02 16:11:23,614] - onRequestAccountLogin: registerName=bot_6415447094471557120_3844051684925998752
  WARN root [2017-05-02 16:13:03,103] - TCPPacketReceiver::processPendingEvents: Throwing REASON_GENERAL_NETWORK - WSAECONNRESET
  INFO root [2017-05-02 16:13:16,387] - -----------------------------------------------------------------------------------------


  INFO root [2017-05-02 16:13:16,387] - Resmgr::initialize: KBE_ROOT=F:/Server_Study/kbengine/
  INFO root [2017-05-02 16:13:16,387] - Resmgr::initialize: KBE_RES_PATH=F:/Server_Study/kbengine/kbe/res/;F:/Server_Study/kbengine/assets/;F:/Server_Study/kbengine/assets/scripts/;F:/Server_Study/kbengine/assets/res/
  INFO root [2017-05-02 16:13:16,387] - Resmgr::initialize: KBE_BIN_PATH=F:/Server_Study/kbengine/kbe/bin/server/
  INFO root [2017-05-02 16:13:16,434] - NetworkInterface::recreateListeningSocket(INTERNAL): bound to all interfaces with default route interface on 192.168.99.104 ( 192.168.99.104:30099 )
  INFO root [2017-05-02 16:13:16,434] - NetworkInterface::recreateListeningSocket(INTERNAL): address 192.168.99.104:30099, SOMAXCONN=5.
  INFO root [2017-05-02 16:13:16,449] - ---- interfaces Version: 0.9.12. ScriptVersion: 0.1.0. Protocol: F4697C602095C8BD3C136660102B7FD6. Config: Debug X86. Built: 21:11:38 Mar 28 2017. AppID: 3000. UID: 29585. PID: 9932 ----
  INFO root [2017-05-02 16:13:16,449] - Server : Intel(R) Xeon(R) CPU E3-1230 v3 @ 3.30GHz with 4194303kB RAM
  INFO root [2017-05-02 16:13:16,449] - ThreadPool::createThreadPool: creating  threadpool...
  INFO root [2017-05-02 16:13:16,449] - ThreadPool::createThreadPool: successfully(2), newThreadCount=1, normalMaxThreadCount=2, maxThreadCount=8
 DEBUG root [2017-05-02 16:13:16,574] - Script::install_py_dlls(): PyInit_pyexpat
 DEBUG root [2017-05-02 16:13:16,590] - Script::install_py_dlls(): PyInit__socket
 DEBUG root [2017-05-02 16:13:16,590] - Script::install_py_dlls(): PyInit__hashlib
 DEBUG root [2017-05-02 16:13:16,590] - Script::install_py_dlls(): PyInit_select
 DEBUG root [2017-05-02 16:13:16,590] - Script::install_py_dlls(): PyInit__ctypes
 DEBUG root [2017-05-02 16:13:16,590] - Script::install_py_dlls(): PyInit__elementtree
 DEBUG root [2017-05-02 16:13:16,621] - Script::install_py_dlls(): PyInit_unicodedata
  INFO root [2017-05-02 16:13:16,668] - Script::install(): is successfully, Python=(3.4.2 (default, Mar 28 2017, 21:11:34) [MSC v.1800 32 bit (Intel)])!
  INFO root [2017-05-02 16:13:16,668] - Script::install(): KBExtra is successfully!
S_INFO root [2017-05-02 16:13:16,668] - onInterfaceAppReady: bootstrapGroupIndex=0, bootstrapGlobalIndex=0
  INFO root [2017-05-02 16:13:16,683] - TelnetServer server is running on port 33000
  INFO root [2017-05-02 16:13:16,964] - ---- interfaces is running ----
 DEBUG root [2017-05-02 16:13:16,964] - Components::process(): Request for the process of identity...
  WARN root [2017-05-02 16:13:20,583] - BundleBroadcast::BundleBroadcast: Cannot bind to port 20086, errorno=10048
  INFO root [2017-05-02 16:13:21,691] - Components::process(): Found all the components!
S_INFO root [2017-05-02 16:13:41,583] - onRequestCreateAccount: registerName=bot_6415447686685851648_3903273114378798752
S_INFO root [2017-05-02 16:13:41,786] - onRequestAccountLogin: registerName=bot_6415447686685851648_3903273114378798752
  WARN root [2017-05-02 16:15:28,479] - TCPPacketReceiver::processPendingEvents: Throwing REASON_GENERAL_NETWORK - WSAECONNRESET
  INFO root [2017-05-02 16:17:43,723] - -----------------------------------------------------------------------------------------


  INFO root [2017-05-02 16:17:43,723] - Resmgr::initialize: KBE_ROOT=F:/Server_Study/kbengine/
  INFO root [2017-05-02 16:17:43,723] - Resmgr::initialize: KBE_RES_PATH=F:/Server_Study/kbengine/kbe/res/;F:/Server_Study/kbengine/assets/;F:/Server_Study/kbengine/assets/scripts/;F:/Server_Study/kbengine/assets/res/
  INFO root [2017-05-02 16:17:43,723] - Resmgr::initialize: KBE_BIN_PATH=F:/Server_Study/kbengine/kbe/bin/server/
  INFO root [2017-05-02 16:17:43,786] - NetworkInterface::recreateListeningSocket(INTERNAL): bound to all interfaces with default route interface on 192.168.99.104 ( 192.168.99.104:30099 )
  INFO root [2017-05-02 16:17:43,786] - NetworkInterface::recreateListeningSocket(INTERNAL): address 192.168.99.104:30099, SOMAXCONN=5.
  INFO root [2017-05-02 16:17:43,786] - ---- interfaces Version: 0.9.12. ScriptVersion: 0.1.0. Protocol: F4697C602095C8BD3C136660102B7FD6. Config: Debug X86. Built: 21:11:38 Mar 28 2017. AppID: 3000. UID: 29585. PID: 13132 ----
  INFO root [2017-05-02 16:17:43,786] - Server : Intel(R) Xeon(R) CPU E3-1230 v3 @ 3.30GHz with 4194303kB RAM
  INFO root [2017-05-02 16:17:43,786] - ThreadPool::createThreadPool: creating  threadpool...
  INFO root [2017-05-02 16:17:43,786] - ThreadPool::createThreadPool: successfully(2), newThreadCount=1, normalMaxThreadCount=2, maxThreadCount=8
 DEBUG root [2017-05-02 16:17:43,926] - Script::install_py_dlls(): PyInit_pyexpat
 DEBUG root [2017-05-02 16:17:43,926] - Script::install_py_dlls(): PyInit__socket
 DEBUG root [2017-05-02 16:17:43,926] - Script::install_py_dlls(): PyInit__hashlib
 DEBUG root [2017-05-02 16:17:43,926] - Script::install_py_dlls(): PyInit_select
 DEBUG root [2017-05-02 16:17:43,926] - Script::install_py_dlls(): PyInit__ctypes
 DEBUG root [2017-05-02 16:17:43,926] - Script::install_py_dlls(): PyInit__elementtree
 DEBUG root [2017-05-02 16:17:43,957] - Script::install_py_dlls(): PyInit_unicodedata
  INFO root [2017-05-02 16:17:44,004] - Script::install(): is successfully, Python=(3.4.2 (default, Mar 28 2017, 21:11:34) [MSC v.1800 32 bit (Intel)])!
  INFO root [2017-05-02 16:17:44,004] - Script::install(): KBExtra is successfully!
S_INFO root [2017-05-02 16:17:44,004] - onInterfaceAppReady: bootstrapGroupIndex=0, bootstrapGlobalIndex=0
  INFO root [2017-05-02 16:17:44,020] - TelnetServer server is running on port 33000
  INFO root [2017-05-02 16:17:44,254] - ---- interfaces is running ----
 DEBUG root [2017-05-02 16:17:44,254] - Components::process(): Request for the process of identity...
  INFO root [2017-05-02 16:17:51,527] - Components::process(): Found all the components!
  WARN root [2017-05-02 16:18:40,383] - TCPPacketReceiver::processPendingEvents: Throwing REASON_GENERAL_NETWORK - WSAECONNRESET
  INFO root [2017-05-02 16:56:22,280] - -----------------------------------------------------------------------------------------


  INFO root [2017-05-02 16:56:22,280] - Resmgr::initialize: KBE_ROOT=F:/Server_Study/kbengine/
  INFO root [2017-05-02 16:56:22,280] - Resmgr::initialize: KBE_RES_PATH=F:/Server_Study/kbengine/kbe/res/;F:/Server_Study/kbengine/assets/;F:/Server_Study/kbengine/assets/scripts/;F:/Server_Study/kbengine/assets/res/
  INFO root [2017-05-02 16:56:22,280] - Resmgr::initialize: KBE_BIN_PATH=F:/Server_Study/kbengine/kbe/bin/server/
  INFO root [2017-05-02 16:56:22,342] - NetworkInterface::recreateListeningSocket(INTERNAL): bound to all interfaces with default route interface on 192.168.99.104 ( 192.168.99.104:30099 )
  INFO root [2017-05-02 16:56:22,342] - NetworkInterface::recreateListeningSocket(INTERNAL): address 192.168.99.104:30099, SOMAXCONN=5.
  INFO root [2017-05-02 16:56:22,358] - ---- interfaces Version: 0.9.12. ScriptVersion: 0.1.0. Protocol: F4697C602095C8BD3C136660102B7FD6. Config: Debug X86. Built: 21:11:38 Mar 28 2017. AppID: 3000. UID: 29585. PID: 15732 ----
  INFO root [2017-05-02 16:56:22,358] - Server : Intel(R) Xeon(R) CPU E3-1230 v3 @ 3.30GHz with 4194303kB RAM
  INFO root [2017-05-02 16:56:22,358] - ThreadPool::createThreadPool: creating  threadpool...
  INFO root [2017-05-02 16:56:22,358] - ThreadPool::createThreadPool: successfully(2), newThreadCount=1, normalMaxThreadCount=2, maxThreadCount=8
 DEBUG root [2017-05-02 16:56:22,498] - Script::install_py_dlls(): PyInit_pyexpat
 DEBUG root [2017-05-02 16:56:22,498] - Script::install_py_dlls(): PyInit__socket
 DEBUG root [2017-05-02 16:56:22,498] - Script::install_py_dlls(): PyInit__hashlib
 DEBUG root [2017-05-02 16:56:22,498] - Script::install_py_dlls(): PyInit_select
 DEBUG root [2017-05-02 16:56:22,498] - Script::install_py_dlls(): PyInit__ctypes
 DEBUG root [2017-05-02 16:56:22,498] - Script::install_py_dlls(): PyInit__elementtree
 DEBUG root [2017-05-02 16:56:22,529] - Script::install_py_dlls(): PyInit_unicodedata
  INFO root [2017-05-02 16:56:22,561] - Script::install(): is successfully, Python=(3.4.2 (default, Mar 28 2017, 21:11:34) [MSC v.1800 32 bit (Intel)])!
  INFO root [2017-05-02 16:56:22,561] - Script::install(): KBExtra is successfully!
S_INFO root [2017-05-02 16:56:22,576] - onInterfaceAppReady: bootstrapGroupIndex=0, bootstrapGlobalIndex=0
  INFO root [2017-05-02 16:56:22,592] - TelnetServer server is running on port 33000
  INFO root [2017-05-02 16:56:22,841] - ---- interfaces is running ----
 DEBUG root [2017-05-02 16:56:22,841] - Components::process(): Request for the process of identity...
  INFO root [2017-05-02 16:56:30,104] - Components::process(): Found all the components!
S_INFO root [2017-05-02 16:57:07,298] - onRequestCreateAccount: registerName=bot_6415458878698684416_5022474397655598752
S_INFO root [2017-05-02 16:57:07,595] - onRequestAccountLogin: registerName=bot_6415458878698684416_5022474397655598752
  WARN root [2017-05-02 16:57:36,065] - TCPPacketReceiver::processPendingEvents: Throwing REASON_GENERAL_NETWORK - WSAECONNRESET
  INFO root [2017-05-02 17:00:04,929] - -----------------------------------------------------------------------------------------


  INFO root [2017-05-02 17:00:04,929] - Resmgr::initialize: KBE_ROOT=F:/Server_Study/kbengine/
  INFO root [2017-05-02 17:00:04,929] - Resmgr::initialize: KBE_RES_PATH=F:/Server_Study/kbengine/kbe/res/;F:/Server_Study/kbengine/assets/;F:/Server_Study/kbengine/assets/scripts/;F:/Server_Study/kbengine/assets/res/
  INFO root [2017-05-02 17:00:04,929] - Resmgr::initialize: KBE_BIN_PATH=F:/Server_Study/kbengine/kbe/bin/server/
  INFO root [2017-05-02 17:00:04,976] - NetworkInterface::recreateListeningSocket(INTERNAL): bound to all interfaces with default route interface on 192.168.99.104 ( 192.168.99.104:30099 )
  INFO root [2017-05-02 17:00:04,976] - NetworkInterface::recreateListeningSocket(INTERNAL): address 192.168.99.104:30099, SOMAXCONN=5.
  INFO root [2017-05-02 17:00:04,976] - ---- interfaces Version: 0.9.12. ScriptVersion: 0.1.0. Protocol: F4697C602095C8BD3C136660102B7FD6. Config: Debug X86. Built: 21:11:38 Mar 28 2017. AppID: 3000. UID: 29585. PID: 11844 ----
  INFO root [2017-05-02 17:00:04,976] - Server : Intel(R) Xeon(R) CPU E3-1230 v3 @ 3.30GHz with 4194303kB RAM
  INFO root [2017-05-02 17:00:04,976] - ThreadPool::createThreadPool: creating  threadpool...
  INFO root [2017-05-02 17:00:04,976] - ThreadPool::createThreadPool: successfully(2), newThreadCount=1, normalMaxThreadCount=2, maxThreadCount=8
 DEBUG root [2017-05-02 17:00:05,116] - Script::install_py_dlls(): PyInit_pyexpat
 DEBUG root [2017-05-02 17:00:05,116] - Script::install_py_dlls(): PyInit__socket
 DEBUG root [2017-05-02 17:00:05,116] - Script::install_py_dlls(): PyInit__hashlib
 DEBUG root [2017-05-02 17:00:05,116] - Script::install_py_dlls(): PyInit_select
 DEBUG root [2017-05-02 17:00:05,116] - Script::install_py_dlls(): PyInit__ctypes
 DEBUG root [2017-05-02 17:00:05,116] - Script::install_py_dlls(): PyInit__elementtree
 DEBUG root [2017-05-02 17:00:05,179] - Script::install_py_dlls(): PyInit_unicodedata
  INFO root [2017-05-02 17:00:05,210] - Script::install(): is successfully, Python=(3.4.2 (default, Mar 28 2017, 21:11:34) [MSC v.1800 32 bit (Intel)])!
  INFO root [2017-05-02 17:00:05,226] - Script::install(): KBExtra is successfully!
S_INFO root [2017-05-02 17:00:05,226] - onInterfaceAppReady: bootstrapGroupIndex=0, bootstrapGlobalIndex=0
  INFO root [2017-05-02 17:00:05,241] - TelnetServer server is running on port 33000
  INFO root [2017-05-02 17:00:05,522] - ---- interfaces is running ----
 DEBUG root [2017-05-02 17:00:05,522] - Components::process(): Request for the process of identity...
  INFO root [2017-05-02 17:00:12,750] - Components::process(): Found all the components!
S_INFO root [2017-05-02 17:01:21,146] - onRequestCreateAccount: registerName=bot_6415459970272657408_5131631794954798752
S_INFO root [2017-05-02 17:01:21,349] - onRequestAccountLogin: registerName=bot_6415459970272657408_5131631794954798752
  WARN root [2017-05-02 17:04:11,406] - TCPPacketReceiver::processPendingEvents: Throwing REASON_GENERAL_NETWORK - WSAECONNRESET
  INFO root [2017-05-02 17:18:52,309] - -----------------------------------------------------------------------------------------


  INFO root [2017-05-02 17:18:52,309] - Resmgr::initialize: KBE_ROOT=F:/Server_Study/kbengine/
  INFO root [2017-05-02 17:18:52,309] - Resmgr::initialize: KBE_RES_PATH=F:/Server_Study/kbengine/kbe/res/;F:/Server_Study/kbengine/assets/;F:/Server_Study/kbengine/assets/scripts/;F:/Server_Study/kbengine/assets/res/
  INFO root [2017-05-02 17:18:52,309] - Resmgr::initialize: KBE_BIN_PATH=F:/Server_Study/kbengine/kbe/bin/server/
  INFO root [2017-05-02 17:18:52,371] - NetworkInterface::recreateListeningSocket(INTERNAL): bound to all interfaces with default route interface on 192.168.99.104 ( 192.168.99.104:30099 )
  INFO root [2017-05-02 17:18:52,371] - NetworkInterface::recreateListeningSocket(INTERNAL): address 192.168.99.104:30099, SOMAXCONN=5.
  INFO root [2017-05-02 17:18:52,371] - ---- interfaces Version: 0.9.12. ScriptVersion: 0.1.0. Protocol: F4697C602095C8BD3C136660102B7FD6. Config: Debug X86. Built: 21:11:38 Mar 28 2017. AppID: 3000. UID: 29585. PID: 6804 ----
  INFO root [2017-05-02 17:18:52,371] - Server : Intel(R) Xeon(R) CPU E3-1230 v3 @ 3.30GHz with 4194303kB RAM
  INFO root [2017-05-02 17:18:52,371] - ThreadPool::createThreadPool: creating  threadpool...
  INFO root [2017-05-02 17:18:52,371] - ThreadPool::createThreadPool: successfully(2), newThreadCount=1, normalMaxThreadCount=2, maxThreadCount=8
 DEBUG root [2017-05-02 17:18:52,511] - Script::install_py_dlls(): PyInit_pyexpat
 DEBUG root [2017-05-02 17:18:52,511] - Script::install_py_dlls(): PyInit__socket
 DEBUG root [2017-05-02 17:18:52,511] - Script::install_py_dlls(): PyInit__hashlib
 DEBUG root [2017-05-02 17:18:52,527] - Script::install_py_dlls(): PyInit_select
 DEBUG root [2017-05-02 17:18:52,527] - Script::install_py_dlls(): PyInit__ctypes
 DEBUG root [2017-05-02 17:18:52,527] - Script::install_py_dlls(): PyInit__elementtree
 DEBUG root [2017-05-02 17:18:52,543] - Script::install_py_dlls(): PyInit_unicodedata
  INFO root [2017-05-02 17:18:52,589] - Script::install(): is successfully, Python=(3.4.2 (default, Mar 28 2017, 21:11:34) [MSC v.1800 32 bit (Intel)])!
  INFO root [2017-05-02 17:18:52,589] - Script::install(): KBExtra is successfully!
S_INFO root [2017-05-02 17:18:52,589] - onInterfaceAppReady: bootstrapGroupIndex=0, bootstrapGlobalIndex=0
  INFO root [2017-05-02 17:18:52,605] - TelnetServer server is running on port 33000
  INFO root [2017-05-02 17:18:52,855] - ---- interfaces is running ----
 DEBUG root [2017-05-02 17:18:52,855] - Components::process(): Request for the process of identity...
  INFO root [2017-05-02 17:19:00,140] - Components::process(): Found all the components!
S_INFO root [2017-05-02 17:19:16,802] - onRequestCreateAccount: registerName=bot_6415464587773280256_5593811353969098752
S_INFO root [2017-05-02 17:19:17,114] - onRequestAccountLogin: registerName=bot_6415464587773280256_5593811353969098752
  WARN root [2017-05-02 17:26:07,398] - TCPPacketReceiver::processPendingEvents: Throwing REASON_GENERAL_NETWORK - WSAECONNRESET
  INFO root [2017-05-02 17:26:13,497] - -----------------------------------------------------------------------------------------


  INFO root [2017-05-02 17:26:13,497] - Resmgr::initialize: KBE_ROOT=F:/Server_Study/kbengine/
  INFO root [2017-05-02 17:26:13,497] - Resmgr::initialize: KBE_RES_PATH=F:/Server_Study/kbengine/kbe/res/;F:/Server_Study/kbengine/assets/;F:/Server_Study/kbengine/assets/scripts/;F:/Server_Study/kbengine/assets/res/
  INFO root [2017-05-02 17:26:13,497] - Resmgr::initialize: KBE_BIN_PATH=F:/Server_Study/kbengine/kbe/bin/server/
  INFO root [2017-05-02 17:26:13,544] - NetworkInterface::recreateListeningSocket(INTERNAL): bound to all interfaces with default route interface on 192.168.99.104 ( 192.168.99.104:30099 )
  INFO root [2017-05-02 17:26:13,544] - NetworkInterface::recreateListeningSocket(INTERNAL): address 192.168.99.104:30099, SOMAXCONN=5.
  INFO root [2017-05-02 17:26:13,544] - ---- interfaces Version: 0.9.12. ScriptVersion: 0.1.0. Protocol: F4697C602095C8BD3C136660102B7FD6. Config: Debug X86. Built: 21:11:38 Mar 28 2017. AppID: 3000. UID: 29585. PID: 18668 ----
  INFO root [2017-05-02 17:26:13,544] - Server : Intel(R) Xeon(R) CPU E3-1230 v3 @ 3.30GHz with 4194303kB RAM
  INFO root [2017-05-02 17:26:13,544] - ThreadPool::createThreadPool: creating  threadpool...
  INFO root [2017-05-02 17:26:13,544] - ThreadPool::createThreadPool: successfully(2), newThreadCount=1, normalMaxThreadCount=2, maxThreadCount=8
 DEBUG root [2017-05-02 17:26:13,716] - Script::install_py_dlls(): PyInit_pyexpat
 DEBUG root [2017-05-02 17:26:13,716] - Script::install_py_dlls(): PyInit__socket
 DEBUG root [2017-05-02 17:26:13,716] - Script::install_py_dlls(): PyInit__hashlib
 DEBUG root [2017-05-02 17:26:13,731] - Script::install_py_dlls(): PyInit_select
 DEBUG root [2017-05-02 17:26:13,731] - Script::install_py_dlls(): PyInit__ctypes
 DEBUG root [2017-05-02 17:26:13,731] - Script::install_py_dlls(): PyInit__elementtree
 DEBUG root [2017-05-02 17:26:13,763] - Script::install_py_dlls(): PyInit_unicodedata
  INFO root [2017-05-02 17:26:13,809] - Script::install(): is successfully, Python=(3.4.2 (default, Mar 28 2017, 21:11:34) [MSC v.1800 32 bit (Intel)])!
  INFO root [2017-05-02 17:26:13,809] - Script::install(): KBExtra is successfully!
S_INFO root [2017-05-02 17:26:13,825] - onInterfaceAppReady: bootstrapGroupIndex=0, bootstrapGlobalIndex=0
  INFO root [2017-05-02 17:26:13,841] - TelnetServer server is running on port 33000
  INFO root [2017-05-02 17:26:14,106] - ---- interfaces is running ----
 DEBUG root [2017-05-02 17:26:14,106] - Components::process(): Request for the process of identity...
  INFO root [2017-05-02 17:26:21,439] - Components::process(): Found all the components!
  WARN root [2017-05-02 17:27:05,322] - TCPPacketReceiver::processPendingEvents: Throwing REASON_GENERAL_NETWORK - WSAECONNRESET
  INFO root [2017-05-02 17:27:07,323] - -----------------------------------------------------------------------------------------


  INFO root [2017-05-02 17:27:07,323] - Resmgr::initialize: KBE_ROOT=F:/Server_Study/kbengine/
  INFO root [2017-05-02 17:27:07,323] - Resmgr::initialize: KBE_RES_PATH=F:/Server_Study/kbengine/kbe/res/;F:/Server_Study/kbengine/assets/;F:/Server_Study/kbengine/assets/scripts/;F:/Server_Study/kbengine/assets/res/
  INFO root [2017-05-02 17:27:07,323] - Resmgr::initialize: KBE_BIN_PATH=F:/Server_Study/kbengine/kbe/bin/server/
  INFO root [2017-05-02 17:27:07,383] - NetworkInterface::recreateListeningSocket(INTERNAL): bound to all interfaces with default route interface on 192.168.99.104 ( 192.168.99.104:30099 )
  INFO root [2017-05-02 17:27:07,383] - NetworkInterface::recreateListeningSocket(INTERNAL): address 192.168.99.104:30099, SOMAXCONN=5.
  INFO root [2017-05-02 17:27:07,393] - ---- interfaces Version: 0.9.12. ScriptVersion: 0.1.0. Protocol: F4697C602095C8BD3C136660102B7FD6. Config: Debug X86. Built: 21:11:38 Mar 28 2017. AppID: 3000. UID: 29585. PID: 14236 ----
  INFO root [2017-05-02 17:27:07,393] - Server : Intel(R) Xeon(R) CPU E3-1230 v3 @ 3.30GHz with 4194303kB RAM
  INFO root [2017-05-02 17:27:07,393] - ThreadPool::createThreadPool: creating  threadpool...
  INFO root [2017-05-02 17:27:07,393] - ThreadPool::createThreadPool: successfully(2), newThreadCount=1, normalMaxThreadCount=2, maxThreadCount=8
 DEBUG root [2017-05-02 17:27:07,514] - Script::install_py_dlls(): PyInit_pyexpat
 DEBUG root [2017-05-02 17:27:07,514] - Script::install_py_dlls(): PyInit__socket
 DEBUG root [2017-05-02 17:27:07,514] - Script::install_py_dlls(): PyInit__hashlib
 DEBUG root [2017-05-02 17:27:07,530] - Script::install_py_dlls(): PyInit_select
 DEBUG root [2017-05-02 17:27:07,530] - Script::install_py_dlls(): PyInit__ctypes
 DEBUG root [2017-05-02 17:27:07,530] - Script::install_py_dlls(): PyInit__elementtree
 DEBUG root [2017-05-02 17:27:07,545] - Script::install_py_dlls(): PyInit_unicodedata
  INFO root [2017-05-02 17:27:07,577] - Script::install(): is successfully, Python=(3.4.2 (default, Mar 28 2017, 21:11:34) [MSC v.1800 32 bit (Intel)])!
  INFO root [2017-05-02 17:27:07,577] - Script::install(): KBExtra is successfully!
S_INFO root [2017-05-02 17:27:07,592] - onInterfaceAppReady: bootstrapGroupIndex=0, bootstrapGlobalIndex=0
  INFO root [2017-05-02 17:27:07,592] - TelnetServer server is running on port 33000
  INFO root [2017-05-02 17:27:07,889] - ---- interfaces is running ----
 DEBUG root [2017-05-02 17:27:07,889] - Components::process(): Request for the process of identity...
  INFO root [2017-05-02 17:27:15,242] - Components::process(): Found all the components!
  WARN root [2017-05-02 17:27:19,410] - TCPPacketReceiver::processPendingEvents: Throwing REASON_GENERAL_NETWORK - WSAECONNRESET
  INFO root [2017-05-02 17:28:55,566] - -----------------------------------------------------------------------------------------


  INFO root [2017-05-02 17:28:55,566] - Resmgr::initialize: KBE_ROOT=F:/Server_Study/kbengine/
  INFO root [2017-05-02 17:28:55,566] - Resmgr::initialize: KBE_RES_PATH=F:/Server_Study/kbengine/kbe/res/;F:/Server_Study/kbengine/assets/;F:/Server_Study/kbengine/assets/scripts/;F:/Server_Study/kbengine/assets/res/
  INFO root [2017-05-02 17:28:55,566] - Resmgr::initialize: KBE_BIN_PATH=F:/Server_Study/kbengine/kbe/bin/server/
  INFO root [2017-05-02 17:28:55,629] - NetworkInterface::recreateListeningSocket(INTERNAL): bound to all interfaces with default route interface on 192.168.99.104 ( 192.168.99.104:30099 )
  INFO root [2017-05-02 17:28:55,629] - NetworkInterface::recreateListeningSocket(INTERNAL): address 192.168.99.104:30099, SOMAXCONN=5.
  INFO root [2017-05-02 17:28:55,629] - ---- interfaces Version: 0.9.12. ScriptVersion: 0.1.0. Protocol: F4697C602095C8BD3C136660102B7FD6. Config: Debug X86. Built: 21:11:38 Mar 28 2017. AppID: 3000. UID: 29585. PID: 17904 ----
  INFO root [2017-05-02 17:28:55,629] - Server : Intel(R) Xeon(R) CPU E3-1230 v3 @ 3.30GHz with 4194303kB RAM
  INFO root [2017-05-02 17:28:55,629] - ThreadPool::createThreadPool: creating  threadpool...
  INFO root [2017-05-02 17:28:55,629] - ThreadPool::createThreadPool: successfully(2), newThreadCount=1, normalMaxThreadCount=2, maxThreadCount=8
 DEBUG root [2017-05-02 17:28:55,800] - Script::install_py_dlls(): PyInit_pyexpat
 DEBUG root [2017-05-02 17:28:55,800] - Script::install_py_dlls(): PyInit__socket
 DEBUG root [2017-05-02 17:28:55,800] - Script::install_py_dlls(): PyInit__hashlib
 DEBUG root [2017-05-02 17:28:55,800] - Script::install_py_dlls(): PyInit_select
 DEBUG root [2017-05-02 17:28:55,800] - Script::install_py_dlls(): PyInit__ctypes
 DEBUG root [2017-05-02 17:28:55,800] - Script::install_py_dlls(): PyInit__elementtree
 DEBUG root [2017-05-02 17:28:55,832] - Script::install_py_dlls(): PyInit_unicodedata
  INFO root [2017-05-02 17:28:55,878] - Script::install(): is successfully, Python=(3.4.2 (default, Mar 28 2017, 21:11:34) [MSC v.1800 32 bit (Intel)])!
  INFO root [2017-05-02 17:28:55,878] - Script::install(): KBExtra is successfully!
S_INFO root [2017-05-02 17:28:55,894] - onInterfaceAppReady: bootstrapGroupIndex=0, bootstrapGlobalIndex=0
  INFO root [2017-05-02 17:28:55,910] - TelnetServer server is running on port 33000
  INFO root [2017-05-02 17:28:56,175] - ---- interfaces is running ----
 DEBUG root [2017-05-02 17:28:56,175] - Components::process(): Request for the process of identity...
  INFO root [2017-05-02 17:29:03,405] - Components::process(): Found all the components!
  WARN root [2017-05-02 17:29:07,649] - TCPPacketReceiver::processPendingEvents: Throwing REASON_GENERAL_NETWORK - WSAECONNRESET
  INFO root [2017-05-02 17:31:07,056] - -----------------------------------------------------------------------------------------


  INFO root [2017-05-02 17:31:07,072] - Resmgr::initialize: KBE_ROOT=F:/Server_Study/kbengine/
  INFO root [2017-05-02 17:31:07,072] - Resmgr::initialize: KBE_RES_PATH=F:/Server_Study/kbengine/kbe/res/;F:/Server_Study/kbengine/assets/;F:/Server_Study/kbengine/assets/scripts/;F:/Server_Study/kbengine/assets/res/
  INFO root [2017-05-02 17:31:07,072] - Resmgr::initialize: KBE_BIN_PATH=F:/Server_Study/kbengine/kbe/bin/server/
  INFO root [2017-05-02 17:31:07,118] - NetworkInterface::recreateListeningSocket(INTERNAL): bound to all interfaces with default route interface on 192.168.99.104 ( 192.168.99.104:30099 )
  INFO root [2017-05-02 17:31:07,118] - NetworkInterface::recreateListeningSocket(INTERNAL): address 192.168.99.104:30099, SOMAXCONN=5.
  INFO root [2017-05-02 17:31:07,118] - ---- interfaces Version: 0.9.12. ScriptVersion: 0.1.0. Protocol: F4697C602095C8BD3C136660102B7FD6. Config: Debug X86. Built: 21:11:38 Mar 28 2017. AppID: 3000. UID: 29585. PID: 3688 ----
  INFO root [2017-05-02 17:31:07,118] - Server : Intel(R) Xeon(R) CPU E3-1230 v3 @ 3.30GHz with 4194303kB RAM
  INFO root [2017-05-02 17:31:07,118] - ThreadPool::createThreadPool: creating  threadpool...
  INFO root [2017-05-02 17:31:07,118] - ThreadPool::createThreadPool: successfully(2), newThreadCount=1, normalMaxThreadCount=2, maxThreadCount=8
 DEBUG root [2017-05-02 17:31:07,259] - Script::install_py_dlls(): PyInit_pyexpat
 DEBUG root [2017-05-02 17:31:07,259] - Script::install_py_dlls(): PyInit__socket
 DEBUG root [2017-05-02 17:31:07,259] - Script::install_py_dlls(): PyInit__hashlib
 DEBUG root [2017-05-02 17:31:07,259] - Script::install_py_dlls(): PyInit_select
 DEBUG root [2017-05-02 17:31:07,259] - Script::install_py_dlls(): PyInit__ctypes
 DEBUG root [2017-05-02 17:31:07,259] - Script::install_py_dlls(): PyInit__elementtree
 DEBUG root [2017-05-02 17:31:07,290] - Script::install_py_dlls(): PyInit_unicodedata
  INFO root [2017-05-02 17:31:07,337] - Script::install(): is successfully, Python=(3.4.2 (default, Mar 28 2017, 21:11:34) [MSC v.1800 32 bit (Intel)])!
  INFO root [2017-05-02 17:31:07,337] - Script::install(): KBExtra is successfully!
S_INFO root [2017-05-02 17:31:07,337] - onInterfaceAppReady: bootstrapGroupIndex=0, bootstrapGlobalIndex=0
  INFO root [2017-05-02 17:31:07,352] - TelnetServer server is running on port 33000
  INFO root [2017-05-02 17:31:07,618] - ---- interfaces is running ----
 DEBUG root [2017-05-02 17:31:07,618] - Components::process(): Request for the process of identity...
  WARN root [2017-05-02 17:31:14,248] - TCPPacketReceiver::processPendingEvents: Throwing REASON_GENERAL_NETWORK - WSAECONNRESET
  INFO root [2017-05-02 17:31:37,708] - -----------------------------------------------------------------------------------------


  INFO root [2017-05-02 17:31:37,708] - Resmgr::initialize: KBE_ROOT=F:/Server_Study/kbengine/
  INFO root [2017-05-02 17:31:37,708] - Resmgr::initialize: KBE_RES_PATH=F:/Server_Study/kbengine/kbe/res/;F:/Server_Study/kbengine/assets/;F:/Server_Study/kbengine/assets/scripts/;F:/Server_Study/kbengine/assets/res/
  INFO root [2017-05-02 17:31:37,708] - Resmgr::initialize: KBE_BIN_PATH=F:/Server_Study/kbengine/kbe/bin/server/
  INFO root [2017-05-02 17:31:37,771] - NetworkInterface::recreateListeningSocket(INTERNAL): bound to all interfaces with default route interface on 192.168.99.104 ( 192.168.99.104:30099 )
  INFO root [2017-05-02 17:31:37,771] - NetworkInterface::recreateListeningSocket(INTERNAL): address 192.168.99.104:30099, SOMAXCONN=5.
  INFO root [2017-05-02 17:31:37,771] - ---- interfaces Version: 0.9.12. ScriptVersion: 0.1.0. Protocol: F4697C602095C8BD3C136660102B7FD6. Config: Debug X86. Built: 21:11:38 Mar 28 2017. AppID: 3000. UID: 29585. PID: 13184 ----
  INFO root [2017-05-02 17:31:37,771] - Server : Intel(R) Xeon(R) CPU E3-1230 v3 @ 3.30GHz with 4194303kB RAM
  INFO root [2017-05-02 17:31:37,771] - ThreadPool::createThreadPool: creating  threadpool...
  INFO root [2017-05-02 17:31:37,771] - ThreadPool::createThreadPool: successfully(2), newThreadCount=1, normalMaxThreadCount=2, maxThreadCount=8
 DEBUG root [2017-05-02 17:31:37,895] - Script::install_py_dlls(): PyInit_pyexpat
 DEBUG root [2017-05-02 17:31:37,895] - Script::install_py_dlls(): PyInit__socket
 DEBUG root [2017-05-02 17:31:37,895] - Script::install_py_dlls(): PyInit__hashlib
 DEBUG root [2017-05-02 17:31:37,911] - Script::install_py_dlls(): PyInit_select
 DEBUG root [2017-05-02 17:31:37,911] - Script::install_py_dlls(): PyInit__ctypes
 DEBUG root [2017-05-02 17:31:37,911] - Script::install_py_dlls(): PyInit__elementtree
 DEBUG root [2017-05-02 17:31:37,942] - Script::install_py_dlls(): PyInit_unicodedata
  INFO root [2017-05-02 17:31:37,989] - Script::install(): is successfully, Python=(3.4.2 (default, Mar 28 2017, 21:11:34) [MSC v.1800 32 bit (Intel)])!
  INFO root [2017-05-02 17:31:37,989] - Script::install(): KBExtra is successfully!
S_INFO root [2017-05-02 17:31:37,989] - onInterfaceAppReady: bootstrapGroupIndex=0, bootstrapGlobalIndex=0
  INFO root [2017-05-02 17:31:38,005] - TelnetServer server is running on port 33000
  INFO root [2017-05-02 17:31:38,270] - ---- interfaces is running ----
 DEBUG root [2017-05-02 17:31:38,270] - Components::process(): Request for the process of identity...
  WARN root [2017-05-02 17:31:44,697] - TCPPacketReceiver::processPendingEvents: Throwing REASON_GENERAL_NETWORK - WSAECONNRESET
  INFO root [2017-05-02 17:31:53,215] - -----------------------------------------------------------------------------------------


  INFO root [2017-05-02 17:31:53,215] - Resmgr::initialize: KBE_ROOT=F:/Server_Study/kbengine/
  INFO root [2017-05-02 17:31:53,215] - Resmgr::initialize: KBE_RES_PATH=F:/Server_Study/kbengine/kbe/res/;F:/Server_Study/kbengine/assets/;F:/Server_Study/kbengine/assets/scripts/;F:/Server_Study/kbengine/assets/res/
  INFO root [2017-05-02 17:31:53,215] - Resmgr::initialize: KBE_BIN_PATH=F:/Server_Study/kbengine/kbe/bin/server/
  INFO root [2017-05-02 17:31:53,277] - NetworkInterface::recreateListeningSocket(INTERNAL): bound to all interfaces with default route interface on 192.168.99.104 ( 192.168.99.104:30099 )
  INFO root [2017-05-02 17:31:53,277] - NetworkInterface::recreateListeningSocket(INTERNAL): address 192.168.99.104:30099, SOMAXCONN=5.
  INFO root [2017-05-02 17:31:53,277] - ---- interfaces Version: 0.9.12. ScriptVersion: 0.1.0. Protocol: F4697C602095C8BD3C136660102B7FD6. Config: Debug X86. Built: 21:11:38 Mar 28 2017. AppID: 3000. UID: 29585. PID: 17368 ----
  INFO root [2017-05-02 17:31:53,277] - Server : Intel(R) Xeon(R) CPU E3-1230 v3 @ 3.30GHz with 4194303kB RAM
  INFO root [2017-05-02 17:31:53,277] - ThreadPool::createThreadPool: creating  threadpool...
  INFO root [2017-05-02 17:31:53,277] - ThreadPool::createThreadPool: successfully(2), newThreadCount=1, normalMaxThreadCount=2, maxThreadCount=8
 DEBUG root [2017-05-02 17:31:53,433] - Script::install_py_dlls(): PyInit_pyexpat
 DEBUG root [2017-05-02 17:31:53,433] - Script::install_py_dlls(): PyInit__socket
 DEBUG root [2017-05-02 17:31:53,433] - Script::install_py_dlls(): PyInit__hashlib
 DEBUG root [2017-05-02 17:31:53,449] - Script::install_py_dlls(): PyInit_select
 DEBUG root [2017-05-02 17:31:53,449] - Script::install_py_dlls(): PyInit__ctypes
 DEBUG root [2017-05-02 17:31:53,449] - Script::install_py_dlls(): PyInit__elementtree
 DEBUG root [2017-05-02 17:31:53,480] - Script::install_py_dlls(): PyInit_unicodedata
  INFO root [2017-05-02 17:31:53,511] - Script::install(): is successfully, Python=(3.4.2 (default, Mar 28 2017, 21:11:34) [MSC v.1800 32 bit (Intel)])!
  INFO root [2017-05-02 17:31:53,511] - Script::install(): KBExtra is successfully!
S_INFO root [2017-05-02 17:31:53,527] - onInterfaceAppReady: bootstrapGroupIndex=0, bootstrapGlobalIndex=0
  INFO root [2017-05-02 17:31:53,527] - TelnetServer server is running on port 33000
  INFO root [2017-05-02 17:31:53,807] - ---- interfaces is running ----
 DEBUG root [2017-05-02 17:31:53,807] - Components::process(): Request for the process of identity...
  INFO root [2017-05-02 17:32:01,036] - Components::process(): Found all the components!
  WARN root [2017-05-02 17:32:06,359] - TCPPacketReceiver::processPendingEvents: Throwing REASON_GENERAL_NETWORK - WSAECONNRESET
  INFO root [2017-05-02 17:32:31,147] - -----------------------------------------------------------------------------------------


  INFO root [2017-05-02 17:32:31,147] - Resmgr::initialize: KBE_ROOT=F:/Server_Study/kbengine/
  INFO root [2017-05-02 17:32:31,147] - Resmgr::initialize: KBE_RES_PATH=F:/Server_Study/kbengine/kbe/res/;F:/Server_Study/kbengine/assets/;F:/Server_Study/kbengine/assets/scripts/;F:/Server_Study/kbengine/assets/res/
  INFO root [2017-05-02 17:32:31,147] - Resmgr::initialize: KBE_BIN_PATH=F:/Server_Study/kbengine/kbe/bin/server/
  INFO root [2017-05-02 17:32:31,193] - NetworkInterface::recreateListeningSocket(INTERNAL): bound to all interfaces with default route interface on 192.168.99.104 ( 192.168.99.104:30099 )
  INFO root [2017-05-02 17:32:31,193] - NetworkInterface::recreateListeningSocket(INTERNAL): address 192.168.99.104:30099, SOMAXCONN=5.
  INFO root [2017-05-02 17:32:31,209] - ---- interfaces Version: 0.9.12. ScriptVersion: 0.1.0. Protocol: F4697C602095C8BD3C136660102B7FD6. Config: Debug X86. Built: 21:11:38 Mar 28 2017. AppID: 3000. UID: 29585. PID: 11424 ----
  INFO root [2017-05-02 17:32:31,209] - Server : Intel(R) Xeon(R) CPU E3-1230 v3 @ 3.30GHz with 4194303kB RAM
  INFO root [2017-05-02 17:32:31,209] - ThreadPool::createThreadPool: creating  threadpool...
  INFO root [2017-05-02 17:32:31,209] - ThreadPool::createThreadPool: successfully(2), newThreadCount=1, normalMaxThreadCount=2, maxThreadCount=8
 DEBUG root [2017-05-02 17:32:31,396] - Script::install_py_dlls(): PyInit_pyexpat
 DEBUG root [2017-05-02 17:32:31,396] - Script::install_py_dlls(): PyInit__socket
 DEBUG root [2017-05-02 17:32:31,396] - Script::install_py_dlls(): PyInit__hashlib
 DEBUG root [2017-05-02 17:32:31,396] - Script::install_py_dlls(): PyInit_select
 DEBUG root [2017-05-02 17:32:31,396] - Script::install_py_dlls(): PyInit__ctypes
 DEBUG root [2017-05-02 17:32:31,396] - Script::install_py_dlls(): PyInit__elementtree
 DEBUG root [2017-05-02 17:32:31,443] - Script::install_py_dlls(): PyInit_unicodedata
  INFO root [2017-05-02 17:32:31,459] - Script::install(): is successfully, Python=(3.4.2 (default, Mar 28 2017, 21:11:34) [MSC v.1800 32 bit (Intel)])!
  INFO root [2017-05-02 17:32:31,459] - Script::install(): KBExtra is successfully!
S_INFO root [2017-05-02 17:32:31,474] - onInterfaceAppReady: bootstrapGroupIndex=0, bootstrapGlobalIndex=0
  INFO root [2017-05-02 17:32:31,490] - TelnetServer server is running on port 33000
  INFO root [2017-05-02 17:32:31,755] - ---- interfaces is running ----
 DEBUG root [2017-05-02 17:32:31,755] - Components::process(): Request for the process of identity...
  WARN root [2017-05-02 17:32:38,590] - TCPPacketReceiver::processPendingEvents: Throwing REASON_GENERAL_NETWORK - WSAECONNRESET
  INFO root [2017-05-02 17:32:39,058] - Components::process(): Found all the components!
  INFO root [2017-05-02 17:32:52,023] - -----------------------------------------------------------------------------------------


  INFO root [2017-05-02 17:32:52,039] - Resmgr::initialize: KBE_ROOT=F:/Server_Study/kbengine/
  INFO root [2017-05-02 17:32:52,039] - Resmgr::initialize: KBE_RES_PATH=F:/Server_Study/kbengine/kbe/res/;F:/Server_Study/kbengine/assets/;F:/Server_Study/kbengine/assets/scripts/;F:/Server_Study/kbengine/assets/res/
  INFO root [2017-05-02 17:32:52,039] - Resmgr::initialize: KBE_BIN_PATH=F:/Server_Study/kbengine/kbe/bin/server/
  INFO root [2017-05-02 17:32:52,086] - NetworkInterface::recreateListeningSocket(INTERNAL): bound to all interfaces with default route interface on 192.168.99.104 ( 192.168.99.104:30099 )
  INFO root [2017-05-02 17:32:52,086] - NetworkInterface::recreateListeningSocket(INTERNAL): address 192.168.99.104:30099, SOMAXCONN=5.
  INFO root [2017-05-02 17:32:52,101] - ---- interfaces Version: 0.9.12. ScriptVersion: 0.1.0. Protocol: F4697C602095C8BD3C136660102B7FD6. Config: Debug X86. Built: 21:11:38 Mar 28 2017. AppID: 3000. UID: 29585. PID: 9908 ----
  INFO root [2017-05-02 17:32:52,101] - Server : Intel(R) Xeon(R) CPU E3-1230 v3 @ 3.30GHz with 4194303kB RAM
  INFO root [2017-05-02 17:32:52,101] - ThreadPool::createThreadPool: creating  threadpool...
  INFO root [2017-05-02 17:32:52,101] - ThreadPool::createThreadPool: successfully(2), newThreadCount=1, normalMaxThreadCount=2, maxThreadCount=8
 DEBUG root [2017-05-02 17:32:52,273] - Script::install_py_dlls(): PyInit_pyexpat
 DEBUG root [2017-05-02 17:32:52,273] - Script::install_py_dlls(): PyInit__socket
 DEBUG root [2017-05-02 17:32:52,273] - Script::install_py_dlls(): PyInit__hashlib
 DEBUG root [2017-05-02 17:32:52,273] - Script::install_py_dlls(): PyInit_select
 DEBUG root [2017-05-02 17:32:52,273] - Script::install_py_dlls(): PyInit__ctypes
 DEBUG root [2017-05-02 17:32:52,289] - Script::install_py_dlls(): PyInit__elementtree
 DEBUG root [2017-05-02 17:32:52,320] - Script::install_py_dlls(): PyInit_unicodedata
  INFO root [2017-05-02 17:32:52,367] - Script::install(): is successfully, Python=(3.4.2 (default, Mar 28 2017, 21:11:34) [MSC v.1800 32 bit (Intel)])!
  INFO root [2017-05-02 17:32:52,367] - Script::install(): KBExtra is successfully!
S_INFO root [2017-05-02 17:32:52,382] - onInterfaceAppReady: bootstrapGroupIndex=0, bootstrapGlobalIndex=0
  INFO root [2017-05-02 17:32:52,398] - TelnetServer server is running on port 33000
  INFO root [2017-05-02 17:32:52,694] - ---- interfaces is running ----
 DEBUG root [2017-05-02 17:32:52,694] - Components::process(): Request for the process of identity...
  INFO root [2017-05-02 17:33:00,042] - Components::process(): Found all the components!
S_INFO root [2017-05-02 17:33:16,003] - onRequestCreateAccount: registerName=bot_6415468194765078528_5954081037066798752
S_INFO root [2017-05-02 17:33:16,190] - onRequestAccountLogin: registerName=bot_6415468194765078528_5954081037066798752
  WARN root [2017-05-02 17:35:03,061] - TCPPacketReceiver::processPendingEvents: Throwing REASON_GENERAL_NETWORK - WSAECONNRESET
  INFO root [2017-05-02 17:35:18,704] - -----------------------------------------------------------------------------------------


  INFO root [2017-05-02 17:35:18,704] - Resmgr::initialize: KBE_ROOT=F:/Server_Study/kbengine/
  INFO root [2017-05-02 17:35:18,704] - Resmgr::initialize: KBE_RES_PATH=F:/Server_Study/kbengine/kbe/res/;F:/Server_Study/kbengine/assets/;F:/Server_Study/kbengine/assets/scripts/;F:/Server_Study/kbengine/assets/res/
  INFO root [2017-05-02 17:35:18,704] - Resmgr::initialize: KBE_BIN_PATH=F:/Server_Study/kbengine/kbe/bin/server/
  INFO root [2017-05-02 17:35:18,767] - NetworkInterface::recreateListeningSocket(INTERNAL): bound to all interfaces with default route interface on 192.168.99.104 ( 192.168.99.104:30099 )
  INFO root [2017-05-02 17:35:18,767] - NetworkInterface::recreateListeningSocket(INTERNAL): address 192.168.99.104:30099, SOMAXCONN=5.
  INFO root [2017-05-02 17:35:18,767] - ---- interfaces Version: 0.9.12. ScriptVersion: 0.1.0. Protocol: F4697C602095C8BD3C136660102B7FD6. Config: Debug X86. Built: 21:11:38 Mar 28 2017. AppID: 3000. UID: 29585. PID: 8360 ----
  INFO root [2017-05-02 17:35:18,767] - Server : Intel(R) Xeon(R) CPU E3-1230 v3 @ 3.30GHz with 4194303kB RAM
  INFO root [2017-05-02 17:35:18,767] - ThreadPool::createThreadPool: creating  threadpool...
  INFO root [2017-05-02 17:35:18,767] - ThreadPool::createThreadPool: successfully(2), newThreadCount=1, normalMaxThreadCount=2, maxThreadCount=8
 DEBUG root [2017-05-02 17:35:18,923] - Script::install_py_dlls(): PyInit_pyexpat
 DEBUG root [2017-05-02 17:35:18,923] - Script::install_py_dlls(): PyInit__socket
 DEBUG root [2017-05-02 17:35:18,923] - Script::install_py_dlls(): PyInit__hashlib
 DEBUG root [2017-05-02 17:35:18,923] - Script::install_py_dlls(): PyInit_select
 DEBUG root [2017-05-02 17:35:18,923] - Script::install_py_dlls(): PyInit__ctypes
 DEBUG root [2017-05-02 17:35:18,923] - Script::install_py_dlls(): PyInit__elementtree
 DEBUG root [2017-05-02 17:35:18,970] - Script::install_py_dlls(): PyInit_unicodedata
  INFO root [2017-05-02 17:35:19,001] - Script::install(): is successfully, Python=(3.4.2 (default, Mar 28 2017, 21:11:34) [MSC v.1800 32 bit (Intel)])!
  INFO root [2017-05-02 17:35:19,001] - Script::install(): KBExtra is successfully!
S_INFO root [2017-05-02 17:35:19,016] - onInterfaceAppReady: bootstrapGroupIndex=0, bootstrapGlobalIndex=0
  INFO root [2017-05-02 17:35:19,032] - TelnetServer server is running on port 33000
  INFO root [2017-05-02 17:35:19,282] - ---- interfaces is running ----
 DEBUG root [2017-05-02 17:35:19,282] - Components::process(): Request for the process of identity...
  INFO root [2017-05-02 17:35:26,629] - Components::process(): Found all the components!
S_INFO root [2017-05-02 17:36:34,181] - onRequestCreateAccount: registerName=bot_6415469046760210432_6039280550257198752
S_INFO root [2017-05-02 17:36:34,384] - onRequestAccountLogin: registerName=bot_6415469046760210432_6039280550257198752
  WARN root [2017-05-02 17:43:37,048] - TCPPacketReceiver::processPendingEvents: Throwing REASON_GENERAL_NETWORK - WSAECONNRESET
  INFO root [2017-05-02 17:43:44,317] - -----------------------------------------------------------------------------------------


  INFO root [2017-05-02 17:43:44,317] - Resmgr::initialize: KBE_ROOT=F:/Server_Study/kbengine/
  INFO root [2017-05-02 17:43:44,317] - Resmgr::initialize: KBE_RES_PATH=F:/Server_Study/kbengine/kbe/res/;F:/Server_Study/kbengine/assets/;F:/Server_Study/kbengine/assets/scripts/;F:/Server_Study/kbengine/assets/res/
  INFO root [2017-05-02 17:43:44,317] - Resmgr::initialize: KBE_BIN_PATH=F:/Server_Study/kbengine/kbe/bin/server/
  INFO root [2017-05-02 17:43:44,364] - NetworkInterface::recreateListeningSocket(INTERNAL): bound to all interfaces with default route interface on 192.168.99.104 ( 192.168.99.104:30099 )
  INFO root [2017-05-02 17:43:44,364] - NetworkInterface::recreateListeningSocket(INTERNAL): address 192.168.99.104:30099, SOMAXCONN=5.
  INFO root [2017-05-02 17:43:44,380] - ---- interfaces Version: 0.9.12. ScriptVersion: 0.1.0. Protocol: F4697C602095C8BD3C136660102B7FD6. Config: Debug X86. Built: 21:11:38 Mar 28 2017. AppID: 3000. UID: 29585. PID: 7140 ----
  INFO root [2017-05-02 17:43:44,380] - Server : Intel(R) Xeon(R) CPU E3-1230 v3 @ 3.30GHz with 4194303kB RAM
  INFO root [2017-05-02 17:43:44,380] - ThreadPool::createThreadPool: creating  threadpool...
  INFO root [2017-05-02 17:43:44,380] - ThreadPool::createThreadPool: successfully(2), newThreadCount=1, normalMaxThreadCount=2, maxThreadCount=8
 DEBUG root [2017-05-02 17:43:44,504] - Script::install_py_dlls(): PyInit_pyexpat
 DEBUG root [2017-05-02 17:43:44,504] - Script::install_py_dlls(): PyInit__socket
 DEBUG root [2017-05-02 17:43:44,504] - Script::install_py_dlls(): PyInit__hashlib
 DEBUG root [2017-05-02 17:43:44,520] - Script::install_py_dlls(): PyInit_select
 DEBUG root [2017-05-02 17:43:44,520] - Script::install_py_dlls(): PyInit__ctypes
 DEBUG root [2017-05-02 17:43:44,520] - Script::install_py_dlls(): PyInit__elementtree
 DEBUG root [2017-05-02 17:43:44,551] - Script::install_py_dlls(): PyInit_unicodedata
  INFO root [2017-05-02 17:43:44,598] - Script::install(): is successfully, Python=(3.4.2 (default, Mar 28 2017, 21:11:34) [MSC v.1800 32 bit (Intel)])!
  INFO root [2017-05-02 17:43:44,598] - Script::install(): KBExtra is successfully!
S_INFO root [2017-05-02 17:43:44,598] - onInterfaceAppReady: bootstrapGroupIndex=0, bootstrapGlobalIndex=0
  INFO root [2017-05-02 17:43:44,614] - TelnetServer server is running on port 33000
  INFO root [2017-05-02 17:43:44,879] - ---- interfaces is running ----
 DEBUG root [2017-05-02 17:43:44,879] - Components::process(): Request for the process of identity...
  INFO root [2017-05-02 17:43:52,226] - Components::process(): Found all the components!
S_INFO root [2017-05-02 17:46:20,725] - onRequestCreateAccount: registerName=bot_6415471562448502784_6291278876221898752
S_INFO root [2017-05-02 17:46:20,913] - onRequestAccountLogin: registerName=bot_6415471562448502784_6291278876221898752
  WARN root [2017-05-02 17:47:59,071] - TCPPacketReceiver::processPendingEvents: Throwing REASON_GENERAL_NETWORK - WSAECONNRESET
  INFO root [2017-05-02 17:52:42,722] - -----------------------------------------------------------------------------------------


  INFO root [2017-05-02 17:52:42,722] - Resmgr::initialize: KBE_ROOT=F:/Server_Study/kbengine/
  INFO root [2017-05-02 17:52:42,722] - Resmgr::initialize: KBE_RES_PATH=F:/Server_Study/kbengine/kbe/res/;F:/Server_Study/kbengine/assets/;F:/Server_Study/kbengine/assets/scripts/;F:/Server_Study/kbengine/assets/res/
  INFO root [2017-05-02 17:52:42,722] - Resmgr::initialize: KBE_BIN_PATH=F:/Server_Study/kbengine/kbe/bin/server/
  INFO root [2017-05-02 17:52:42,784] - NetworkInterface::recreateListeningSocket(INTERNAL): bound to all interfaces with default route interface on 192.168.99.104 ( 192.168.99.104:30099 )
  INFO root [2017-05-02 17:52:42,784] - NetworkInterface::recreateListeningSocket(INTERNAL): address 192.168.99.104:30099, SOMAXCONN=5.
  INFO root [2017-05-02 17:52:42,784] - ---- interfaces Version: 0.9.12. ScriptVersion: 0.1.0. Protocol: F4697C602095C8BD3C136660102B7FD6. Config: Debug X86. Built: 21:11:38 Mar 28 2017. AppID: 3000. UID: 29585. PID: 3612 ----
  INFO root [2017-05-02 17:52:42,784] - Server : Intel(R) Xeon(R) CPU E3-1230 v3 @ 3.30GHz with 4194303kB RAM
  INFO root [2017-05-02 17:52:42,784] - ThreadPool::createThreadPool: creating  threadpool...
  INFO root [2017-05-02 17:52:42,784] - ThreadPool::createThreadPool: successfully(2), newThreadCount=1, normalMaxThreadCount=2, maxThreadCount=8
 DEBUG root [2017-05-02 17:52:42,940] - Script::install_py_dlls(): PyInit_pyexpat
 DEBUG root [2017-05-02 17:52:42,940] - Script::install_py_dlls(): PyInit__socket
 DEBUG root [2017-05-02 17:52:42,940] - Script::install_py_dlls(): PyInit__hashlib
 DEBUG root [2017-05-02 17:52:42,956] - Script::install_py_dlls(): PyInit_select
 DEBUG root [2017-05-02 17:52:42,956] - Script::install_py_dlls(): PyInit__ctypes
 DEBUG root [2017-05-02 17:52:42,956] - Script::install_py_dlls(): PyInit__elementtree
 DEBUG root [2017-05-02 17:52:42,972] - Script::install_py_dlls(): PyInit_unicodedata
  INFO root [2017-05-02 17:52:43,003] - Script::install(): is successfully, Python=(3.4.2 (default, Mar 28 2017, 21:11:34) [MSC v.1800 32 bit (Intel)])!
  INFO root [2017-05-02 17:52:43,003] - Script::install(): KBExtra is successfully!
S_INFO root [2017-05-02 17:52:43,018] - onInterfaceAppReady: bootstrapGroupIndex=0, bootstrapGlobalIndex=0
  INFO root [2017-05-02 17:52:43,034] - TelnetServer server is running on port 33000
  INFO root [2017-05-02 17:52:43,330] - ---- interfaces is running ----
 DEBUG root [2017-05-02 17:52:43,330] - Components::process(): Request for the process of identity...
  INFO root [2017-05-02 17:52:50,730] - Components::process(): Found all the components!
S_INFO root [2017-05-02 17:53:34,539] - onRequestCreateAccount: registerName=bot_6415473426946326528_6477299161866798752
S_INFO root [2017-05-02 17:53:34,835] - onRequestAccountLogin: registerName=bot_6415473426946326528_6477299161866798752
  WARN root [2017-05-02 17:54:03,434] - TCPPacketReceiver::processPendingEvents: Throwing REASON_GENERAL_NETWORK - WSAECONNRESET
  INFO root [2017-05-02 17:54:35,137] - -----------------------------------------------------------------------------------------


  INFO root [2017-05-02 17:54:35,137] - Resmgr::initialize: KBE_ROOT=F:/Server_Study/kbengine/
  INFO root [2017-05-02 17:54:35,137] - Resmgr::initialize: KBE_RES_PATH=F:/Server_Study/kbengine/kbe/res/;F:/Server_Study/kbengine/assets/;F:/Server_Study/kbengine/assets/scripts/;F:/Server_Study/kbengine/assets/res/
  INFO root [2017-05-02 17:54:35,137] - Resmgr::initialize: KBE_BIN_PATH=F:/Server_Study/kbengine/kbe/bin/server/
  INFO root [2017-05-02 17:54:35,215] - NetworkInterface::recreateListeningSocket(INTERNAL): bound to all interfaces with default route interface on 192.168.99.104 ( 192.168.99.104:30099 )
  INFO root [2017-05-02 17:54:35,215] - NetworkInterface::recreateListeningSocket(INTERNAL): address 192.168.99.104:30099, SOMAXCONN=5.
  INFO root [2017-05-02 17:54:35,215] - ---- interfaces Version: 0.9.12. ScriptVersion: 0.1.0. Protocol: F4697C602095C8BD3C136660102B7FD6. Config: Debug X86. Built: 21:11:38 Mar 28 2017. AppID: 3000. UID: 29585. PID: 18348 ----
  INFO root [2017-05-02 17:54:35,215] - Server : Intel(R) Xeon(R) CPU E3-1230 v3 @ 3.30GHz with 4194303kB RAM
  INFO root [2017-05-02 17:54:35,215] - ThreadPool::createThreadPool: creating  threadpool...
  INFO root [2017-05-02 17:54:35,215] - ThreadPool::createThreadPool: successfully(2), newThreadCount=1, normalMaxThreadCount=2, maxThreadCount=8
 DEBUG root [2017-05-02 17:54:35,356] - Script::install_py_dlls(): PyInit_pyexpat
 DEBUG root [2017-05-02 17:54:35,356] - Script::install_py_dlls(): PyInit__socket
 DEBUG root [2017-05-02 17:54:35,356] - Script::install_py_dlls(): PyInit__hashlib
 DEBUG root [2017-05-02 17:54:35,356] - Script::install_py_dlls(): PyInit_select
 DEBUG root [2017-05-02 17:54:35,356] - Script::install_py_dlls(): PyInit__ctypes
 DEBUG root [2017-05-02 17:54:35,356] - Script::install_py_dlls(): PyInit__elementtree
 DEBUG root [2017-05-02 17:54:35,387] - Script::install_py_dlls(): PyInit_unicodedata
  INFO root [2017-05-02 17:54:35,434] - Script::install(): is successfully, Python=(3.4.2 (default, Mar 28 2017, 21:11:34) [MSC v.1800 32 bit (Intel)])!
  INFO root [2017-05-02 17:54:35,434] - Script::install(): KBExtra is successfully!
S_INFO root [2017-05-02 17:54:35,449] - onInterfaceAppReady: bootstrapGroupIndex=0, bootstrapGlobalIndex=0
  INFO root [2017-05-02 17:54:35,465] - TelnetServer server is running on port 33000
  INFO root [2017-05-02 17:54:35,777] - ---- interfaces is running ----
 DEBUG root [2017-05-02 17:54:35,777] - Components::process(): Request for the process of identity...
  INFO root [2017-05-02 17:54:43,156] - Components::process(): Found all the components!
S_INFO root [2017-05-02 17:55:38,566] - onRequestCreateAccount: registerName=bot_6415473958166986752_6530421227889198752
S_INFO root [2017-05-02 17:55:38,769] - onRequestAccountLogin: registerName=bot_6415473958166986752_6530421227889198752
  WARN root [2017-05-02 17:56:11,033] - TCPPacketReceiver::processPendingEvents: Throwing REASON_GENERAL_NETWORK - WSAECONNRESET
